running egg_info
writing ../../build/spatial_detector/spatial_detector.egg-info/PKG-INFO
writing dependency_links to ../../build/spatial_detector/spatial_detector.egg-info/dependency_links.txt
writing entry points to ../../build/spatial_detector/spatial_detector.egg-info/entry_points.txt
writing requirements to ../../build/spatial_detector/spatial_detector.egg-info/requires.txt
writing top-level names to ../../build/spatial_detector/spatial_detector.egg-info/top_level.txt
reading manifest file '../../build/spatial_detector/spatial_detector.egg-info/SOURCES.txt'
writing manifest file '../../build/spatial_detector/spatial_detector.egg-info/SOURCES.txt'
running build
running build_py
running install
running install_lib
running install_data
running install_egg_info
removing '/home/dev_computer/dai_ws/install/spatial_detector/lib/python3.12/site-packages/spatial_detector-0.0.0-py3.12.egg-info' (and everything under it)
Copying ../../build/spatial_detector/spatial_detector.egg-info to /home/dev_computer/dai_ws/install/spatial_detector/lib/python3.12/site-packages/spatial_detector-0.0.0-py3.12.egg-info
running install_scripts
Installing spatial_publisher_node script to /home/dev_computer/dai_ws/install/spatial_detector/lib/spatial_detector
Installing spatial_visualizer_node script to /home/dev_computer/dai_ws/install/spatial_detector/lib/spatial_detector
writing list of installed files to '/home/dev_computer/dai_ws/build/spatial_detector/install.log'
