/home/dev_computer/dai_ws/install/detector/lib/python3.12/site-packages/detector/__init__.py
/home/dev_computer/dai_ws/install/detector/lib/python3.12/site-packages/detector/aruco_detector_node.py
/home/dev_computer/dai_ws/install/detector/lib/python3.12/site-packages/detector/camera.launch.py
/home/dev_computer/dai_ws/install/detector/lib/python3.12/site-packages/detector/spatial_tracker_publisher.py
/home/dev_computer/dai_ws/install/detector/lib/python3.12/site-packages/detector/__pycache__/__init__.cpython-312.pyc
/home/dev_computer/dai_ws/install/detector/lib/python3.12/site-packages/detector/__pycache__/aruco_detector_node.cpython-312.pyc
/home/dev_computer/dai_ws/install/detector/lib/python3.12/site-packages/detector/__pycache__/camera.launch.cpython-312.pyc
/home/dev_computer/dai_ws/install/detector/lib/python3.12/site-packages/detector/__pycache__/spatial_tracker_publisher.cpython-312.pyc
/home/dev_computer/dai_ws/install/detector/share/ament_index/resource_index/packages/detector
/home/dev_computer/dai_ws/install/detector/share/detector/package.xml
/home/dev_computer/dai_ws/install/detector/share/detector/launch
/home/dev_computer/dai_ws/install/detector/lib/python3.12/site-packages/detector-0.0.0-py3.12.egg-info/entry_points.txt
/home/dev_computer/dai_ws/install/detector/lib/python3.12/site-packages/detector-0.0.0-py3.12.egg-info/SOURCES.txt
/home/dev_computer/dai_ws/install/detector/lib/python3.12/site-packages/detector-0.0.0-py3.12.egg-info/top_level.txt
/home/dev_computer/dai_ws/install/detector/lib/python3.12/site-packages/detector-0.0.0-py3.12.egg-info/zip-safe
/home/dev_computer/dai_ws/install/detector/lib/python3.12/site-packages/detector-0.0.0-py3.12.egg-info/PKG-INFO
/home/dev_computer/dai_ws/install/detector/lib/python3.12/site-packages/detector-0.0.0-py3.12.egg-info/requires.txt
/home/dev_computer/dai_ws/install/detector/lib/python3.12/site-packages/detector-0.0.0-py3.12.egg-info/dependency_links.txt
/home/dev_computer/dai_ws/install/detector/lib/detector/aruco_detector_node
/home/dev_computer/dai_ws/install/detector/lib/detector/spatial_tracker_node
