[2.066s] Invoking command in '/home/dev_computer/dai_ws/src/detector': DEBUGINFOD_URLS=https://debuginfod.ubuntu.com PYTHONPATH=/home/dev_computer/dai_ws/build/detector/prefix_override:/usr/lib/python3/dist-packages/colcon_core/task/python/colcon_distutils_commands:/home/dev_computer/dai_ws/install/detector/lib/python3.12/site-packages:${PYTHONPATH} /usr/bin/python3 -W ignore:setup.py install is deprecated -W ignore:easy_install command is deprecated setup.py egg_info --egg-base ../../build/detector build --build-base /home/dev_computer/dai_ws/build/detector/build install --record /home/dev_computer/dai_ws/build/detector/install.log --single-version-externally-managed install_data
[2.797s] running egg_info
[2.846s] writing ../../build/detector/detector.egg-info/PKG-INFO
[2.847s] writing dependency_links to ../../build/detector/detector.egg-info/dependency_links.txt
[2.847s] writing entry points to ../../build/detector/detector.egg-info/entry_points.txt
[2.848s] writing requirements to ../../build/detector/detector.egg-info/requires.txt
[2.848s] writing top-level names to ../../build/detector/detector.egg-info/top_level.txt
[2.942s] reading manifest file '../../build/detector/detector.egg-info/SOURCES.txt'
[2.943s] writing manifest file '../../build/detector/detector.egg-info/SOURCES.txt'
[2.944s] running build
[2.944s] running build_py
[2.944s] running install
[2.956s] running install_lib
[2.998s] running install_data
[2.999s] running install_egg_info
[3.049s] removing '/home/dev_computer/dai_ws/install/detector/lib/python3.12/site-packages/detector-0.0.0-py3.12.egg-info' (and everything under it)
[3.050s] Copying ../../build/detector/detector.egg-info to /home/dev_computer/dai_ws/install/detector/lib/python3.12/site-packages/detector-0.0.0-py3.12.egg-info
[3.051s] running install_scripts
[3.285s] Installing aruco_detector_node script to /home/dev_computer/dai_ws/install/detector/lib/detector
[3.285s] Installing spatial_tracker_node script to /home/dev_computer/dai_ws/install/detector/lib/detector
[3.285s] writing list of installed files to '/home/dev_computer/dai_ws/build/detector/install.log'
[3.340s] Invoked command in '/home/dev_computer/dai_ws/src/detector' returned '0': DEBUGINFOD_URLS=https://debuginfod.ubuntu.com PYTHONPATH=/home/dev_computer/dai_ws/build/detector/prefix_override:/usr/lib/python3/dist-packages/colcon_core/task/python/colcon_distutils_commands:/home/dev_computer/dai_ws/install/detector/lib/python3.12/site-packages:${PYTHONPATH} /usr/bin/python3 -W ignore:setup.py install is deprecated -W ignore:easy_install command is deprecated setup.py egg_info --egg-base ../../build/detector build --build-base /home/dev_computer/dai_ws/build/detector/build install --record /home/dev_computer/dai_ws/build/detector/install.log --single-version-externally-managed install_data
