[1.312s] Invoking command in '/home/dev_computer/dai_ws/build/detector': DEBUGINFOD_URLS=https://debuginfod.ubuntu.com PYTHONPATH=/home/dev_computer/dai_ws/build/detector/prefix_override:/usr/lib/python3/dist-packages/colcon_core/task/python/colcon_distutils_commands:/home/dev_computer/dai_ws/install/detector/lib/python3.12/site-packages:${PYTHONPATH} /usr/bin/python3 -W ignore:setup.py install is deprecated -W ignore:easy_install command is deprecated setup.py develop --editable --build-directory /home/dev_computer/dai_ws/build/detector/build --no-deps symlink_data --force
[1.835s] running develop
[2.172s] running egg_info
[2.207s] writing detector.egg-info/PKG-INFO
[2.207s] writing dependency_links to detector.egg-info/dependency_links.txt
[2.207s] writing entry points to detector.egg-info/entry_points.txt
[2.207s] writing requirements to detector.egg-info/requires.txt
[2.207s] writing top-level names to detector.egg-info/top_level.txt
[2.272s] reading manifest file 'detector.egg-info/SOURCES.txt'
[2.272s] writing manifest file 'detector.egg-info/SOURCES.txt'
[2.308s] running build_ext
[2.308s] Creating /home/dev_computer/dai_ws/install/detector/lib/python3.12/site-packages/detector.egg-link (link to .)
[2.309s] Installing aruco_detector_node script to /home/dev_computer/dai_ws/install/detector/lib/detector
[2.309s] Installing spatial_tracker_node script to /home/dev_computer/dai_ws/install/detector/lib/detector
[2.309s] 
[2.310s] Installed /home/dev_computer/dai_ws/build/detector
[2.310s] running symlink_data
[2.310s] symbolically linking /home/dev_computer/dai_ws/build/detector/resource/detector -> /home/dev_computer/dai_ws/install/detector/share/ament_index/resource_index/packages
[2.310s] symbolically linking /home/dev_computer/dai_ws/build/detector/package.xml -> /home/dev_computer/dai_ws/install/detector/share/detector
[2.355s] Invoked command in '/home/dev_computer/dai_ws/build/detector' returned '0': DEBUGINFOD_URLS=https://debuginfod.ubuntu.com PYTHONPATH=/home/dev_computer/dai_ws/build/detector/prefix_override:/usr/lib/python3/dist-packages/colcon_core/task/python/colcon_distutils_commands:/home/dev_computer/dai_ws/install/detector/lib/python3.12/site-packages:${PYTHONPATH} /usr/bin/python3 -W ignore:setup.py install is deprecated -W ignore:easy_install command is deprecated setup.py develop --editable --build-directory /home/dev_computer/dai_ws/build/detector/build --no-deps symlink_data --force
