[0.042s] Invoking command in '/home/dev_computer/dai_ws/build/depthai_ros_driver': CMAKE_PREFIX_PATH=/home/dev_computer/dai_ws/install/depthai_bridge:/home/dev_computer/dai_ws/install/depthai_ros_msgs:/home/dev_computer/dai_ws/install/depthai_descriptions:/home/dev_computer/dai_ws/install/depthai-ros:/home/dev_computer/dai_ws/install/depthai_ros_driver:/home/dev_computer/dai_ws/install/depthai_filters:/opt/ros/jazzy/opt/gz_sim_vendor:/opt/ros/jazzy/opt/gz_sensors_vendor:/opt/ros/jazzy/opt/gz_physics_vendor:/opt/ros/jazzy/opt/sdformat_vendor:/opt/ros/jazzy/opt/gz_gui_vendor:/opt/ros/jazzy/opt/gz_transport_vendor:/opt/ros/jazzy/opt/gz_rendering_vendor:/opt/ros/jazzy/opt/gz_plugin_vendor:/opt/ros/jazzy/opt/gz_fuel_tools_vendor:/opt/ros/jazzy/opt/gz_msgs_vendor:/opt/ros/jazzy/opt/gz_common_vendor:/opt/ros/jazzy/opt/gz_math_vendor:/opt/ros/jazzy/opt/gz_utils_vendor:/opt/ros/jazzy/opt/gz_tools_vendor:/opt/ros/jazzy/opt/gz_ogre_next_vendor:/opt/ros/jazzy/opt/gz_dartsim_vendor:/opt/ros/jazzy/opt/gz_cmake_vendor:/home/dev_computer/dai_ws/install/spatial_detector:/home/dev_computer/dai_ws/install/detector_subscriber:/home/dev_computer/dai_ws/install/detector:/opt/ros/jazzy DEBUGINFOD_URLS=https://debuginfod.ubuntu.com GAZEBO_MODEL_PATH=/home/dev_computer/dai_ws/install/depthai_descriptions:${GAZEBO_MODEL_PATH} GAZEBO_RESOURCE_PATH=/home/dev_computer/dai_ws/install/depthai_descriptions:${GAZEBO_RESOURCE_PATH} IGN_GAZEBO_MODEL_PATH=/home/dev_computer/dai_ws/install/depthai_descriptions:${IGN_GAZEBO_MODEL_PATH} IGN_GAZEBO_RESOURCE_PATH=/home/dev_computer/dai_ws/install/depthai_descriptions:${IGN_GAZEBO_RESOURCE_PATH} LD_LIBRARY_PATH=/home/dev_computer/dai_ws/install/depthai_bridge/lib:/home/dev_computer/dai_ws/install/depthai_ros_msgs/lib:/home/dev_computer/dai_ws/install/depthai_ros_driver/lib:/home/dev_computer/dai_ws/install/depthai_filters/lib:/opt/ros/jazzy/opt/gz_sim_vendor/lib:/opt/ros/jazzy/opt/gz_sensors_vendor/lib:/opt/ros/jazzy/opt/gz_physics_vendor/lib:/opt/ros/jazzy/opt/sdformat_vendor/lib:/opt/ros/jazzy/opt/rviz_ogre_vendor/lib:/opt/ros/jazzy/lib/x86_64-linux-gnu:/opt/ros/jazzy/opt/gz_gui_vendor/lib:/opt/ros/jazzy/opt/gz_transport_vendor/lib:/opt/ros/jazzy/opt/gz_rendering_vendor/lib:/opt/ros/jazzy/opt/gz_plugin_vendor/lib:/opt/ros/jazzy/opt/gz_fuel_tools_vendor/lib:/opt/ros/jazzy/opt/gz_msgs_vendor/lib:/opt/ros/jazzy/opt/gz_common_vendor/lib:/opt/ros/jazzy/opt/gz_math_vendor/lib:/opt/ros/jazzy/opt/gz_utils_vendor/lib:/opt/ros/jazzy/opt/gz_tools_vendor/lib:/opt/ros/jazzy/opt/gz_ogre_next_vendor/lib:/opt/ros/jazzy/opt/gz_dartsim_vendor/lib:/opt/ros/jazzy/opt/gz_cmake_vendor/lib:/opt/ros/jazzy/lib PYTHONPATH=/home/dev_computer/dai_ws/install/depthai_ros_msgs/lib/python3.12/site-packages:/home/dev_computer/dai_ws/install/spatial_detector/lib/python3.12/site-packages:/home/dev_computer/dai_ws/install/detector_subscriber/lib/python3.12/site-packages:/home/dev_computer/dai_ws/install/detector/lib/python3.12/site-packages:/home/dev_computer/dai_ws/install/depthai_ros_driver/lib/python3.12/site-packages:/opt/ros/jazzy/lib/python3.12/site-packages /usr/bin/cmake --build /home/dev_computer/dai_ws/build/depthai_ros_driver -- -j8 -l8
[0.198s] [  0%] Built target ament_cmake_python_symlink_depthai_ros_driver
[0.257s] [ 42%] Built target depthai_ros_driver_common
[0.385s] [ 54%] Built target depthai_ros_driver_nn_nodes
[0.390s] [ 82%] Built target depthai_ros_driver_sensor_nodes
[0.501s] [ 94%] Built target depthai_ros_driver
[0.578s] [100%] Built target camera_node
[0.900s] running egg_info
[0.989s] writing depthai_ros_driver.egg-info/PKG-INFO
[0.994s] writing dependency_links to depthai_ros_driver.egg-info/dependency_links.txt
[0.996s] writing top-level names to depthai_ros_driver.egg-info/top_level.txt
[1.220s] reading manifest file 'depthai_ros_driver.egg-info/SOURCES.txt'
[1.224s] writing manifest file 'depthai_ros_driver.egg-info/SOURCES.txt'
[1.311s] [100%] Built target ament_cmake_python_build_depthai_ros_driver_egg
[1.341s] Invoked command in '/home/dev_computer/dai_ws/build/depthai_ros_driver' returned '0': CMAKE_PREFIX_PATH=/home/dev_computer/dai_ws/install/depthai_bridge:/home/dev_computer/dai_ws/install/depthai_ros_msgs:/home/dev_computer/dai_ws/install/depthai_descriptions:/home/dev_computer/dai_ws/install/depthai-ros:/home/dev_computer/dai_ws/install/depthai_ros_driver:/home/dev_computer/dai_ws/install/depthai_filters:/opt/ros/jazzy/opt/gz_sim_vendor:/opt/ros/jazzy/opt/gz_sensors_vendor:/opt/ros/jazzy/opt/gz_physics_vendor:/opt/ros/jazzy/opt/sdformat_vendor:/opt/ros/jazzy/opt/gz_gui_vendor:/opt/ros/jazzy/opt/gz_transport_vendor:/opt/ros/jazzy/opt/gz_rendering_vendor:/opt/ros/jazzy/opt/gz_plugin_vendor:/opt/ros/jazzy/opt/gz_fuel_tools_vendor:/opt/ros/jazzy/opt/gz_msgs_vendor:/opt/ros/jazzy/opt/gz_common_vendor:/opt/ros/jazzy/opt/gz_math_vendor:/opt/ros/jazzy/opt/gz_utils_vendor:/opt/ros/jazzy/opt/gz_tools_vendor:/opt/ros/jazzy/opt/gz_ogre_next_vendor:/opt/ros/jazzy/opt/gz_dartsim_vendor:/opt/ros/jazzy/opt/gz_cmake_vendor:/home/dev_computer/dai_ws/install/spatial_detector:/home/dev_computer/dai_ws/install/detector_subscriber:/home/dev_computer/dai_ws/install/detector:/opt/ros/jazzy DEBUGINFOD_URLS=https://debuginfod.ubuntu.com GAZEBO_MODEL_PATH=/home/dev_computer/dai_ws/install/depthai_descriptions:${GAZEBO_MODEL_PATH} GAZEBO_RESOURCE_PATH=/home/dev_computer/dai_ws/install/depthai_descriptions:${GAZEBO_RESOURCE_PATH} IGN_GAZEBO_MODEL_PATH=/home/dev_computer/dai_ws/install/depthai_descriptions:${IGN_GAZEBO_MODEL_PATH} IGN_GAZEBO_RESOURCE_PATH=/home/dev_computer/dai_ws/install/depthai_descriptions:${IGN_GAZEBO_RESOURCE_PATH} LD_LIBRARY_PATH=/home/dev_computer/dai_ws/install/depthai_bridge/lib:/home/dev_computer/dai_ws/install/depthai_ros_msgs/lib:/home/dev_computer/dai_ws/install/depthai_ros_driver/lib:/home/dev_computer/dai_ws/install/depthai_filters/lib:/opt/ros/jazzy/opt/gz_sim_vendor/lib:/opt/ros/jazzy/opt/gz_sensors_vendor/lib:/opt/ros/jazzy/opt/gz_physics_vendor/lib:/opt/ros/jazzy/opt/sdformat_vendor/lib:/opt/ros/jazzy/opt/rviz_ogre_vendor/lib:/opt/ros/jazzy/lib/x86_64-linux-gnu:/opt/ros/jazzy/opt/gz_gui_vendor/lib:/opt/ros/jazzy/opt/gz_transport_vendor/lib:/opt/ros/jazzy/opt/gz_rendering_vendor/lib:/opt/ros/jazzy/opt/gz_plugin_vendor/lib:/opt/ros/jazzy/opt/gz_fuel_tools_vendor/lib:/opt/ros/jazzy/opt/gz_msgs_vendor/lib:/opt/ros/jazzy/opt/gz_common_vendor/lib:/opt/ros/jazzy/opt/gz_math_vendor/lib:/opt/ros/jazzy/opt/gz_utils_vendor/lib:/opt/ros/jazzy/opt/gz_tools_vendor/lib:/opt/ros/jazzy/opt/gz_ogre_next_vendor/lib:/opt/ros/jazzy/opt/gz_dartsim_vendor/lib:/opt/ros/jazzy/opt/gz_cmake_vendor/lib:/opt/ros/jazzy/lib PYTHONPATH=/home/dev_computer/dai_ws/install/depthai_ros_msgs/lib/python3.12/site-packages:/home/dev_computer/dai_ws/install/spatial_detector/lib/python3.12/site-packages:/home/dev_computer/dai_ws/install/detector_subscriber/lib/python3.12/site-packages:/home/dev_computer/dai_ws/install/detector/lib/python3.12/site-packages:/home/dev_computer/dai_ws/install/depthai_ros_driver/lib/python3.12/site-packages:/opt/ros/jazzy/lib/python3.12/site-packages /usr/bin/cmake --build /home/dev_computer/dai_ws/build/depthai_ros_driver -- -j8 -l8
[1.343s] Invoking command in '/home/dev_computer/dai_ws/build/depthai_ros_driver': CMAKE_PREFIX_PATH=/home/dev_computer/dai_ws/install/depthai_bridge:/home/dev_computer/dai_ws/install/depthai_ros_msgs:/home/dev_computer/dai_ws/install/depthai_descriptions:/home/dev_computer/dai_ws/install/depthai-ros:/home/dev_computer/dai_ws/install/depthai_ros_driver:/home/dev_computer/dai_ws/install/depthai_filters:/opt/ros/jazzy/opt/gz_sim_vendor:/opt/ros/jazzy/opt/gz_sensors_vendor:/opt/ros/jazzy/opt/gz_physics_vendor:/opt/ros/jazzy/opt/sdformat_vendor:/opt/ros/jazzy/opt/gz_gui_vendor:/opt/ros/jazzy/opt/gz_transport_vendor:/opt/ros/jazzy/opt/gz_rendering_vendor:/opt/ros/jazzy/opt/gz_plugin_vendor:/opt/ros/jazzy/opt/gz_fuel_tools_vendor:/opt/ros/jazzy/opt/gz_msgs_vendor:/opt/ros/jazzy/opt/gz_common_vendor:/opt/ros/jazzy/opt/gz_math_vendor:/opt/ros/jazzy/opt/gz_utils_vendor:/opt/ros/jazzy/opt/gz_tools_vendor:/opt/ros/jazzy/opt/gz_ogre_next_vendor:/opt/ros/jazzy/opt/gz_dartsim_vendor:/opt/ros/jazzy/opt/gz_cmake_vendor:/home/dev_computer/dai_ws/install/spatial_detector:/home/dev_computer/dai_ws/install/detector_subscriber:/home/dev_computer/dai_ws/install/detector:/opt/ros/jazzy DEBUGINFOD_URLS=https://debuginfod.ubuntu.com GAZEBO_MODEL_PATH=/home/dev_computer/dai_ws/install/depthai_descriptions:${GAZEBO_MODEL_PATH} GAZEBO_RESOURCE_PATH=/home/dev_computer/dai_ws/install/depthai_descriptions:${GAZEBO_RESOURCE_PATH} IGN_GAZEBO_MODEL_PATH=/home/dev_computer/dai_ws/install/depthai_descriptions:${IGN_GAZEBO_MODEL_PATH} IGN_GAZEBO_RESOURCE_PATH=/home/dev_computer/dai_ws/install/depthai_descriptions:${IGN_GAZEBO_RESOURCE_PATH} LD_LIBRARY_PATH=/home/dev_computer/dai_ws/install/depthai_bridge/lib:/home/dev_computer/dai_ws/install/depthai_ros_msgs/lib:/home/dev_computer/dai_ws/install/depthai_ros_driver/lib:/home/dev_computer/dai_ws/install/depthai_filters/lib:/opt/ros/jazzy/opt/gz_sim_vendor/lib:/opt/ros/jazzy/opt/gz_sensors_vendor/lib:/opt/ros/jazzy/opt/gz_physics_vendor/lib:/opt/ros/jazzy/opt/sdformat_vendor/lib:/opt/ros/jazzy/opt/rviz_ogre_vendor/lib:/opt/ros/jazzy/lib/x86_64-linux-gnu:/opt/ros/jazzy/opt/gz_gui_vendor/lib:/opt/ros/jazzy/opt/gz_transport_vendor/lib:/opt/ros/jazzy/opt/gz_rendering_vendor/lib:/opt/ros/jazzy/opt/gz_plugin_vendor/lib:/opt/ros/jazzy/opt/gz_fuel_tools_vendor/lib:/opt/ros/jazzy/opt/gz_msgs_vendor/lib:/opt/ros/jazzy/opt/gz_common_vendor/lib:/opt/ros/jazzy/opt/gz_math_vendor/lib:/opt/ros/jazzy/opt/gz_utils_vendor/lib:/opt/ros/jazzy/opt/gz_tools_vendor/lib:/opt/ros/jazzy/opt/gz_ogre_next_vendor/lib:/opt/ros/jazzy/opt/gz_dartsim_vendor/lib:/opt/ros/jazzy/opt/gz_cmake_vendor/lib:/opt/ros/jazzy/lib PYTHONPATH=/home/dev_computer/dai_ws/install/depthai_ros_msgs/lib/python3.12/site-packages:/home/dev_computer/dai_ws/install/spatial_detector/lib/python3.12/site-packages:/home/dev_computer/dai_ws/install/detector_subscriber/lib/python3.12/site-packages:/home/dev_computer/dai_ws/install/detector/lib/python3.12/site-packages:/home/dev_computer/dai_ws/install/depthai_ros_driver/lib/python3.12/site-packages:/opt/ros/jazzy/lib/python3.12/site-packages /usr/bin/cmake --install /home/dev_computer/dai_ws/build/depthai_ros_driver
[1.359s] -- Install configuration: ""
[1.361s] -- Execute custom install script
[1.364s] -- Up-to-date symlink: /home/dev_computer/dai_ws/install/depthai_ros_driver/share/depthai_ros_driver//plugins.xml
[1.366s] -- Up-to-date symlink: /home/dev_computer/dai_ws/install/depthai_ros_driver/share/depthai_ros_driver/environment/library_path.sh
[1.368s] -- Up-to-date symlink: /home/dev_computer/dai_ws/install/depthai_ros_driver/share/depthai_ros_driver/environment/library_path.dsv
[1.369s] -- Up-to-date symlink: /home/dev_computer/dai_ws/install/depthai_ros_driver/share/depthai_ros_driver/launch/calibration.launch.py
[1.370s] -- Up-to-date symlink: /home/dev_computer/dai_ws/install/depthai_ros_driver/share/depthai_ros_driver/launch/camera.launch.py
[1.370s] -- Up-to-date symlink: /home/dev_computer/dai_ws/install/depthai_ros_driver/share/depthai_ros_driver/launch/camera_as_part_of_a_robot.launch.py
[1.371s] -- Up-to-date symlink: /home/dev_computer/dai_ws/install/depthai_ros_driver/share/depthai_ros_driver/launch/example_marker_publish.launch.py
[1.371s] -- Up-to-date symlink: /home/dev_computer/dai_ws/install/depthai_ros_driver/share/depthai_ros_driver/launch/example_multicam.launch.py
[1.372s] -- Up-to-date symlink: /home/dev_computer/dai_ws/install/depthai_ros_driver/share/depthai_ros_driver/launch/example_segmentation.launch.py
[1.373s] -- Up-to-date symlink: /home/dev_computer/dai_ws/install/depthai_ros_driver/share/depthai_ros_driver/launch/oak_t.launch.py
[1.373s] -- Up-to-date symlink: /home/dev_computer/dai_ws/install/depthai_ros_driver/share/depthai_ros_driver/launch/pointcloud.launch.py
[1.373s] -- Up-to-date symlink: /home/dev_computer/dai_ws/install/depthai_ros_driver/share/depthai_ros_driver/launch/rgbd_pcl.launch.py
[1.374s] -- Up-to-date symlink: /home/dev_computer/dai_ws/install/depthai_ros_driver/share/depthai_ros_driver/launch/rtabmap.launch.py
[1.374s] -- Up-to-date symlink: /home/dev_computer/dai_ws/install/depthai_ros_driver/share/depthai_ros_driver/launch/sr_poe_rgbd_pcl.launch.py
[1.374s] -- Up-to-date symlink: /home/dev_computer/dai_ws/install/depthai_ros_driver/share/depthai_ros_driver/launch/sr_rgbd_pcl.launch.py
[1.375s] -- Up-to-date symlink: /home/dev_computer/dai_ws/install/depthai_ros_driver/share/depthai_ros_driver/launch/stereo_from_rosbag.launch.py
[1.378s] -- Up-to-date symlink: /home/dev_computer/dai_ws/install/depthai_ros_driver/share/depthai_ros_driver/config/calibration.yaml
[1.379s] -- Up-to-date symlink: /home/dev_computer/dai_ws/install/depthai_ros_driver/share/depthai_ros_driver/config/calibration/left.yaml
[1.381s] -- Up-to-date symlink: /home/dev_computer/dai_ws/install/depthai_ros_driver/share/depthai_ros_driver/config/calibration/rgb.yaml
[1.381s] -- Up-to-date symlink: /home/dev_computer/dai_ws/install/depthai_ros_driver/share/depthai_ros_driver/config/calibration/right.yaml
[1.382s] -- Up-to-date symlink: /home/dev_computer/dai_ws/install/depthai_ros_driver/share/depthai_ros_driver/config/camera.yaml
[1.383s] -- Up-to-date symlink: /home/dev_computer/dai_ws/install/depthai_ros_driver/share/depthai_ros_driver/config/isaac_vslam.yaml
[1.383s] -- Up-to-date symlink: /home/dev_computer/dai_ws/install/depthai_ros_driver/share/depthai_ros_driver/config/low_bandwidth.yaml
[1.384s] -- Up-to-date symlink: /home/dev_computer/dai_ws/install/depthai_ros_driver/share/depthai_ros_driver/config/multicam_example.yaml
[1.385s] -- Up-to-date symlink: /home/dev_computer/dai_ws/install/depthai_ros_driver/share/depthai_ros_driver/config/nn/backup/mobilenet.json
[1.385s] -- Up-to-date symlink: /home/dev_computer/dai_ws/install/depthai_ros_driver/share/depthai_ros_driver/config/nn/backup/segmentation.json
[1.388s] -- Up-to-date symlink: /home/dev_computer/dai_ws/install/depthai_ros_driver/share/depthai_ros_driver/config/nn/backup/yolo.json
[1.388s] -- Up-to-date symlink: /home/dev_computer/dai_ws/install/depthai_ros_driver/share/depthai_ros_driver/config/nn/my_yolo8s/camera_yolo8s.yaml
[1.389s] -- Up-to-date symlink: /home/dev_computer/dai_ws/install/depthai_ros_driver/share/depthai_ros_driver/config/nn/my_yolo8s/yolo8s.json
[1.389s] -- Up-to-date symlink: /home/dev_computer/dai_ws/install/depthai_ros_driver/share/depthai_ros_driver/config/nn/my_yolo8s/yolo8s_openvino_2022.1_5shave.blob
[1.390s] -- Up-to-date symlink: /home/dev_computer/dai_ws/install/depthai_ros_driver/share/depthai_ros_driver/config/oak_d_pro_w.yaml
[1.391s] -- Up-to-date symlink: /home/dev_computer/dai_ws/install/depthai_ros_driver/share/depthai_ros_driver/config/oak_d_sr.yaml
[1.393s] -- Up-to-date symlink: /home/dev_computer/dai_ws/install/depthai_ros_driver/share/depthai_ros_driver/config/oak_t.yaml
[1.396s] -- Up-to-date symlink: /home/dev_computer/dai_ws/install/depthai_ros_driver/share/depthai_ros_driver/config/pcl.yaml
[1.396s] -- Up-to-date symlink: /home/dev_computer/dai_ws/install/depthai_ros_driver/share/depthai_ros_driver/config/rgbd.yaml
[1.396s] -- Up-to-date symlink: /home/dev_computer/dai_ws/install/depthai_ros_driver/share/depthai_ros_driver/config/rviz/multicam.rviz
[1.397s] -- Up-to-date symlink: /home/dev_computer/dai_ws/install/depthai_ros_driver/share/depthai_ros_driver/config/rviz/rgbd.rviz
[1.397s] -- Up-to-date symlink: /home/dev_computer/dai_ws/install/depthai_ros_driver/share/depthai_ros_driver/config/rviz/segmentation.rviz
[1.399s] -- Up-to-date symlink: /home/dev_computer/dai_ws/install/depthai_ros_driver/share/depthai_ros_driver/config/segmentation.yaml
[1.400s] -- Up-to-date symlink: /home/dev_computer/dai_ws/install/depthai_ros_driver/share/depthai_ros_driver/config/spatial_yolo.yaml
[1.401s] -- Up-to-date symlink: /home/dev_computer/dai_ws/install/depthai_ros_driver/share/depthai_ros_driver/config/sr_poe_rgbd.yaml
[1.402s] -- Up-to-date symlink: /home/dev_computer/dai_ws/install/depthai_ros_driver/share/depthai_ros_driver/config/sr_rgbd.yaml
[1.404s] -- Up-to-date symlink: /home/dev_computer/dai_ws/install/depthai_ros_driver/share/depthai_ros_driver/config/stereo_from_rosbag.yaml
[1.406s] -- Up-to-date symlink: /home/dev_computer/dai_ws/install/depthai_ros_driver/lib/depthai_ros_driver/camera_node
[1.406s] -- Up-to-date symlink: /home/dev_computer/dai_ws/install/depthai_ros_driver/share/depthai_ros_driver/environment/pythonpath.sh
[1.406s] -- Up-to-date symlink: /home/dev_computer/dai_ws/install/depthai_ros_driver/share/depthai_ros_driver/environment/pythonpath.dsv
[1.407s] -- Up-to-date symlink: /home/dev_computer/dai_ws/install/depthai_ros_driver/lib/python3.12/site-packages/depthai_ros_driver-2.11.2-py3.12.egg-info/PKG-INFO
[1.407s] -- Up-to-date symlink: /home/dev_computer/dai_ws/install/depthai_ros_driver/lib/python3.12/site-packages/depthai_ros_driver-2.11.2-py3.12.egg-info/SOURCES.txt
[1.408s] -- Up-to-date symlink: /home/dev_computer/dai_ws/install/depthai_ros_driver/lib/python3.12/site-packages/depthai_ros_driver-2.11.2-py3.12.egg-info/dependency_links.txt
[1.408s] -- Up-to-date symlink: /home/dev_computer/dai_ws/install/depthai_ros_driver/lib/python3.12/site-packages/depthai_ros_driver-2.11.2-py3.12.egg-info/top_level.txt
[1.410s] -- Up-to-date symlink: /home/dev_computer/dai_ws/install/depthai_ros_driver/lib/python3.12/site-packages/depthai_ros_driver/__init__.py
[1.410s] -- Up-to-date symlink: /home/dev_computer/dai_ws/install/depthai_ros_driver/lib/depthai_ros_driver/obj_pub.py
[1.412s] -- Up-to-date symlink: /home/dev_computer/dai_ws/install/depthai_ros_driver/include/depthai_ros_driver/camera.hpp
[1.413s] -- Up-to-date symlink: /home/dev_computer/dai_ws/install/depthai_ros_driver/include/depthai_ros_driver/dai_nodes/base_node.hpp
[1.413s] -- Up-to-date symlink: /home/dev_computer/dai_ws/install/depthai_ros_driver/include/depthai_ros_driver/dai_nodes/nn/detection.hpp
[1.413s] -- Up-to-date symlink: /home/dev_computer/dai_ws/install/depthai_ros_driver/include/depthai_ros_driver/dai_nodes/nn/nn_helpers.hpp
[1.414s] -- Up-to-date symlink: /home/dev_computer/dai_ws/install/depthai_ros_driver/include/depthai_ros_driver/dai_nodes/nn/nn_wrapper.hpp
[1.415s] -- Up-to-date symlink: /home/dev_computer/dai_ws/install/depthai_ros_driver/include/depthai_ros_driver/dai_nodes/nn/segmentation.hpp
[1.415s] -- Up-to-date symlink: /home/dev_computer/dai_ws/install/depthai_ros_driver/include/depthai_ros_driver/dai_nodes/nn/spatial_detection.hpp
[1.415s] -- Up-to-date symlink: /home/dev_computer/dai_ws/install/depthai_ros_driver/include/depthai_ros_driver/dai_nodes/nn/spatial_nn_wrapper.hpp
[1.416s] -- Up-to-date symlink: /home/dev_computer/dai_ws/install/depthai_ros_driver/include/depthai_ros_driver/dai_nodes/sensors/feature_tracker.hpp
[1.416s] -- Up-to-date symlink: /home/dev_computer/dai_ws/install/depthai_ros_driver/include/depthai_ros_driver/dai_nodes/sensors/img_pub.hpp
[1.416s] -- Up-to-date symlink: /home/dev_computer/dai_ws/install/depthai_ros_driver/include/depthai_ros_driver/dai_nodes/sensors/imu.hpp
[1.417s] -- Up-to-date symlink: /home/dev_computer/dai_ws/install/depthai_ros_driver/include/depthai_ros_driver/dai_nodes/sensors/mono.hpp
[1.417s] -- Up-to-date symlink: /home/dev_computer/dai_ws/install/depthai_ros_driver/include/depthai_ros_driver/dai_nodes/sensors/rgb.hpp
[1.417s] -- Up-to-date symlink: /home/dev_computer/dai_ws/install/depthai_ros_driver/include/depthai_ros_driver/dai_nodes/sensors/sensor_helpers.hpp
[1.418s] -- Up-to-date symlink: /home/dev_computer/dai_ws/install/depthai_ros_driver/include/depthai_ros_driver/dai_nodes/sensors/sensor_wrapper.hpp
[1.419s] -- Up-to-date symlink: /home/dev_computer/dai_ws/install/depthai_ros_driver/include/depthai_ros_driver/dai_nodes/sensors/stereo.hpp
[1.419s] -- Up-to-date symlink: /home/dev_computer/dai_ws/install/depthai_ros_driver/include/depthai_ros_driver/dai_nodes/sensors/sync.hpp
[1.419s] -- Up-to-date symlink: /home/dev_computer/dai_ws/install/depthai_ros_driver/include/depthai_ros_driver/dai_nodes/sensors/thermal.hpp
[1.421s] -- Up-to-date symlink: /home/dev_computer/dai_ws/install/depthai_ros_driver/include/depthai_ros_driver/dai_nodes/sensors/tof.hpp
[1.421s] -- Up-to-date symlink: /home/dev_computer/dai_ws/install/depthai_ros_driver/include/depthai_ros_driver/dai_nodes/stereo.hpp
[1.423s] -- Up-to-date symlink: /home/dev_computer/dai_ws/install/depthai_ros_driver/include/depthai_ros_driver/dai_nodes/sys_logger.hpp
[1.424s] -- Up-to-date symlink: /home/dev_computer/dai_ws/install/depthai_ros_driver/include/depthai_ros_driver/param_handlers/base_param_handler.hpp
[1.426s] -- Up-to-date symlink: /home/dev_computer/dai_ws/install/depthai_ros_driver/include/depthai_ros_driver/param_handlers/camera_param_handler.hpp
[1.427s] -- Up-to-date symlink: /home/dev_computer/dai_ws/install/depthai_ros_driver/include/depthai_ros_driver/param_handlers/feature_tracker_param_handler.hpp
[1.428s] -- Up-to-date symlink: /home/dev_computer/dai_ws/install/depthai_ros_driver/include/depthai_ros_driver/param_handlers/imu_param_handler.hpp
[1.429s] -- Up-to-date symlink: /home/dev_computer/dai_ws/install/depthai_ros_driver/include/depthai_ros_driver/param_handlers/nn_param_handler.hpp
[1.430s] -- Up-to-date symlink: /home/dev_computer/dai_ws/install/depthai_ros_driver/include/depthai_ros_driver/param_handlers/pipeline_gen_param_handler.hpp
[1.430s] -- Up-to-date symlink: /home/dev_computer/dai_ws/install/depthai_ros_driver/include/depthai_ros_driver/param_handlers/sensor_param_handler.hpp
[1.431s] -- Up-to-date symlink: /home/dev_computer/dai_ws/install/depthai_ros_driver/include/depthai_ros_driver/param_handlers/stereo_param_handler.hpp
[1.431s] -- Up-to-date symlink: /home/dev_computer/dai_ws/install/depthai_ros_driver/include/depthai_ros_driver/param_handlers/sync_param_handler.hpp
[1.432s] -- Up-to-date symlink: /home/dev_computer/dai_ws/install/depthai_ros_driver/include/depthai_ros_driver/param_handlers/tof_param_handler.hpp
[1.433s] -- Up-to-date symlink: /home/dev_computer/dai_ws/install/depthai_ros_driver/include/depthai_ros_driver/pipeline/base_pipeline.hpp
[1.433s] -- Up-to-date symlink: /home/dev_computer/dai_ws/install/depthai_ros_driver/include/depthai_ros_driver/pipeline/base_types.hpp
[1.434s] -- Up-to-date symlink: /home/dev_computer/dai_ws/install/depthai_ros_driver/include/depthai_ros_driver/pipeline/pipeline_generator.hpp
[1.435s] -- Up-to-date symlink: /home/dev_computer/dai_ws/install/depthai_ros_driver/include/depthai_ros_driver/utils.hpp
[1.435s] -- Up-to-date symlink: /home/dev_computer/dai_ws/install/depthai_ros_driver/share/ament_index/resource_index/package_run_dependencies/depthai_ros_driver
[1.436s] -- Up-to-date symlink: /home/dev_computer/dai_ws/install/depthai_ros_driver/share/ament_index/resource_index/parent_prefix_path/depthai_ros_driver
[1.436s] -- Up-to-date symlink: /home/dev_computer/dai_ws/install/depthai_ros_driver/share/depthai_ros_driver/environment/ament_prefix_path.sh
[1.437s] -- Up-to-date symlink: /home/dev_computer/dai_ws/install/depthai_ros_driver/share/depthai_ros_driver/environment/ament_prefix_path.dsv
[1.437s] -- Up-to-date symlink: /home/dev_computer/dai_ws/install/depthai_ros_driver/share/depthai_ros_driver/environment/path.sh
[1.439s] -- Up-to-date symlink: /home/dev_computer/dai_ws/install/depthai_ros_driver/share/depthai_ros_driver/environment/path.dsv
[1.439s] -- Up-to-date symlink: /home/dev_computer/dai_ws/install/depthai_ros_driver/share/depthai_ros_driver/local_setup.bash
[1.439s] -- Up-to-date symlink: /home/dev_computer/dai_ws/install/depthai_ros_driver/share/depthai_ros_driver/local_setup.sh
[1.440s] -- Up-to-date symlink: /home/dev_computer/dai_ws/install/depthai_ros_driver/share/depthai_ros_driver/local_setup.zsh
[1.440s] -- Up-to-date symlink: /home/dev_computer/dai_ws/install/depthai_ros_driver/share/depthai_ros_driver/local_setup.dsv
[1.441s] -- Symlinking: /home/dev_computer/dai_ws/install/depthai_ros_driver/share/depthai_ros_driver/package.dsv
[1.470s] -- Up-to-date symlink: /home/dev_computer/dai_ws/install/depthai_ros_driver/share/ament_index/resource_index/packages/depthai_ros_driver
[1.471s] -- Up-to-date symlink: /home/dev_computer/dai_ws/install/depthai_ros_driver/share/ament_index/resource_index/depthai_ros_driver__pluginlib__plugin/depthai_ros_driver
[1.480s] -- Up-to-date symlink: /home/dev_computer/dai_ws/install/depthai_ros_driver/share/ament_index/resource_index/rclcpp_components/depthai_ros_driver
[1.480s] -- Up-to-date symlink: /home/dev_computer/dai_ws/install/depthai_ros_driver/share/depthai_ros_driver/cmake/ament_cmake_export_include_directories-extras.cmake
[1.482s] -- Up-to-date symlink: /home/dev_computer/dai_ws/install/depthai_ros_driver/share/depthai_ros_driver/cmake/ament_cmake_export_targets-extras.cmake
[1.482s] -- Up-to-date symlink: /home/dev_computer/dai_ws/install/depthai_ros_driver/share/depthai_ros_driver/cmake/ament_cmake_export_libraries-extras.cmake
[1.483s] -- Up-to-date symlink: /home/dev_computer/dai_ws/install/depthai_ros_driver/share/depthai_ros_driver/cmake/ament_cmake_export_dependencies-extras.cmake
[1.484s] -- Up-to-date symlink: /home/dev_computer/dai_ws/install/depthai_ros_driver/share/depthai_ros_driver/cmake/depthai_ros_driverConfig.cmake
[1.484s] -- Up-to-date symlink: /home/dev_computer/dai_ws/install/depthai_ros_driver/share/depthai_ros_driver/cmake/depthai_ros_driverConfig-version.cmake
[1.485s] -- Up-to-date symlink: /home/dev_computer/dai_ws/install/depthai_ros_driver/share/depthai_ros_driver/package.xml
[1.487s] -- Up-to-date: /home/dev_computer/dai_ws/install/depthai_ros_driver/lib/libdepthai_ros_driver.so
[1.494s] -- Up-to-date: /home/dev_computer/dai_ws/install/depthai_ros_driver/lib/libdepthai_ros_driver_sensor_nodes.so
[1.495s] -- Up-to-date: /home/dev_computer/dai_ws/install/depthai_ros_driver/lib/libdepthai_ros_driver_nn_nodes.so
[1.495s] -- Up-to-date: /home/dev_computer/dai_ws/install/depthai_ros_driver/lib/libdepthai_ros_driver_common.so
[1.495s] -- Up-to-date: /home/dev_computer/dai_ws/install/depthai_ros_driver/share/depthai_ros_driver/cmake/depthai_ros_driverTargets.cmake
[1.496s] -- Up-to-date: /home/dev_computer/dai_ws/install/depthai_ros_driver/share/depthai_ros_driver/cmake/depthai_ros_driverTargets-noconfig.cmake
[1.641s] Listing '/home/dev_computer/dai_ws/install/depthai_ros_driver/lib/python3.12/site-packages/depthai_ros_driver'...
[1.667s] -- Up-to-date: /home/dev_computer/dai_ws/install/depthai_ros_driver/share/depthai_ros_driver/cmake/depthai_ros_driverTargetsExport.cmake
[1.668s] -- Up-to-date: /home/dev_computer/dai_ws/install/depthai_ros_driver/share/depthai_ros_driver/cmake/depthai_ros_driverTargetsExport-noconfig.cmake
[1.671s] Invoked command in '/home/dev_computer/dai_ws/build/depthai_ros_driver' returned '0': CMAKE_PREFIX_PATH=/home/dev_computer/dai_ws/install/depthai_bridge:/home/dev_computer/dai_ws/install/depthai_ros_msgs:/home/dev_computer/dai_ws/install/depthai_descriptions:/home/dev_computer/dai_ws/install/depthai-ros:/home/dev_computer/dai_ws/install/depthai_ros_driver:/home/dev_computer/dai_ws/install/depthai_filters:/opt/ros/jazzy/opt/gz_sim_vendor:/opt/ros/jazzy/opt/gz_sensors_vendor:/opt/ros/jazzy/opt/gz_physics_vendor:/opt/ros/jazzy/opt/sdformat_vendor:/opt/ros/jazzy/opt/gz_gui_vendor:/opt/ros/jazzy/opt/gz_transport_vendor:/opt/ros/jazzy/opt/gz_rendering_vendor:/opt/ros/jazzy/opt/gz_plugin_vendor:/opt/ros/jazzy/opt/gz_fuel_tools_vendor:/opt/ros/jazzy/opt/gz_msgs_vendor:/opt/ros/jazzy/opt/gz_common_vendor:/opt/ros/jazzy/opt/gz_math_vendor:/opt/ros/jazzy/opt/gz_utils_vendor:/opt/ros/jazzy/opt/gz_tools_vendor:/opt/ros/jazzy/opt/gz_ogre_next_vendor:/opt/ros/jazzy/opt/gz_dartsim_vendor:/opt/ros/jazzy/opt/gz_cmake_vendor:/home/dev_computer/dai_ws/install/spatial_detector:/home/dev_computer/dai_ws/install/detector_subscriber:/home/dev_computer/dai_ws/install/detector:/opt/ros/jazzy DEBUGINFOD_URLS=https://debuginfod.ubuntu.com GAZEBO_MODEL_PATH=/home/dev_computer/dai_ws/install/depthai_descriptions:${GAZEBO_MODEL_PATH} GAZEBO_RESOURCE_PATH=/home/dev_computer/dai_ws/install/depthai_descriptions:${GAZEBO_RESOURCE_PATH} IGN_GAZEBO_MODEL_PATH=/home/dev_computer/dai_ws/install/depthai_descriptions:${IGN_GAZEBO_MODEL_PATH} IGN_GAZEBO_RESOURCE_PATH=/home/dev_computer/dai_ws/install/depthai_descriptions:${IGN_GAZEBO_RESOURCE_PATH} LD_LIBRARY_PATH=/home/dev_computer/dai_ws/install/depthai_bridge/lib:/home/dev_computer/dai_ws/install/depthai_ros_msgs/lib:/home/dev_computer/dai_ws/install/depthai_ros_driver/lib:/home/dev_computer/dai_ws/install/depthai_filters/lib:/opt/ros/jazzy/opt/gz_sim_vendor/lib:/opt/ros/jazzy/opt/gz_sensors_vendor/lib:/opt/ros/jazzy/opt/gz_physics_vendor/lib:/opt/ros/jazzy/opt/sdformat_vendor/lib:/opt/ros/jazzy/opt/rviz_ogre_vendor/lib:/opt/ros/jazzy/lib/x86_64-linux-gnu:/opt/ros/jazzy/opt/gz_gui_vendor/lib:/opt/ros/jazzy/opt/gz_transport_vendor/lib:/opt/ros/jazzy/opt/gz_rendering_vendor/lib:/opt/ros/jazzy/opt/gz_plugin_vendor/lib:/opt/ros/jazzy/opt/gz_fuel_tools_vendor/lib:/opt/ros/jazzy/opt/gz_msgs_vendor/lib:/opt/ros/jazzy/opt/gz_common_vendor/lib:/opt/ros/jazzy/opt/gz_math_vendor/lib:/opt/ros/jazzy/opt/gz_utils_vendor/lib:/opt/ros/jazzy/opt/gz_tools_vendor/lib:/opt/ros/jazzy/opt/gz_ogre_next_vendor/lib:/opt/ros/jazzy/opt/gz_dartsim_vendor/lib:/opt/ros/jazzy/opt/gz_cmake_vendor/lib:/opt/ros/jazzy/lib PYTHONPATH=/home/dev_computer/dai_ws/install/depthai_ros_msgs/lib/python3.12/site-packages:/home/dev_computer/dai_ws/install/spatial_detector/lib/python3.12/site-packages:/home/dev_computer/dai_ws/install/detector_subscriber/lib/python3.12/site-packages:/home/dev_computer/dai_ws/install/detector/lib/python3.12/site-packages:/home/dev_computer/dai_ws/install/depthai_ros_driver/lib/python3.12/site-packages:/opt/ros/jazzy/lib/python3.12/site-packages /usr/bin/cmake --install /home/dev_computer/dai_ws/build/depthai_ros_driver
