[2.033s] Invoking command in '/home/dev_computer/dai_ws/src/detector': DEBUGINFOD_URLS=https://debuginfod.ubuntu.com PYTHONPATH=/home/dev_computer/dai_ws/build/detector/prefix_override:/usr/lib/python3/dist-packages/colcon_core/task/python/colcon_distutils_commands:/home/dev_computer/dai_ws/install/detector/lib/python3.12/site-packages:${PYTHONPATH} /usr/bin/python3 -W ignore:setup.py install is deprecated -W ignore:easy_install command is deprecated setup.py egg_info --egg-base ../../build/detector build --build-base /home/dev_computer/dai_ws/build/detector/build install --record /home/dev_computer/dai_ws/build/detector/install.log --single-version-externally-managed install_data
[2.528s] running egg_info
[2.576s] writing ../../build/detector/detector.egg-info/PKG-INFO
[2.576s] writing dependency_links to ../../build/detector/detector.egg-info/dependency_links.txt
[2.576s] writing entry points to ../../build/detector/detector.egg-info/entry_points.txt
[2.576s] writing requirements to ../../build/detector/detector.egg-info/requires.txt
[2.576s] writing top-level names to ../../build/detector/detector.egg-info/top_level.txt
[2.672s] reading manifest file '../../build/detector/detector.egg-info/SOURCES.txt'
[2.674s] writing manifest file '../../build/detector/detector.egg-info/SOURCES.txt'
[2.674s] running build
[2.674s] running build_py
[2.675s] running install
[2.686s] running install_lib
[2.736s] running install_data
[2.736s] running install_egg_info
[2.784s] removing '/home/dev_computer/dai_ws/install/detector/lib/python3.12/site-packages/detector-0.0.0-py3.12.egg-info' (and everything under it)
[2.785s] Copying ../../build/detector/detector.egg-info to /home/dev_computer/dai_ws/install/detector/lib/python3.12/site-packages/detector-0.0.0-py3.12.egg-info
[2.786s] running install_scripts
[3.112s] Installing aruco_detector_node script to /home/dev_computer/dai_ws/install/detector/lib/detector
[3.113s] Installing spatial_tracker_node script to /home/dev_computer/dai_ws/install/detector/lib/detector
[3.115s] writing list of installed files to '/home/dev_computer/dai_ws/build/detector/install.log'
[3.171s] Invoked command in '/home/dev_computer/dai_ws/src/detector' returned '0': DEBUGINFOD_URLS=https://debuginfod.ubuntu.com PYTHONPATH=/home/dev_computer/dai_ws/build/detector/prefix_override:/usr/lib/python3/dist-packages/colcon_core/task/python/colcon_distutils_commands:/home/dev_computer/dai_ws/install/detector/lib/python3.12/site-packages:${PYTHONPATH} /usr/bin/python3 -W ignore:setup.py install is deprecated -W ignore:easy_install command is deprecated setup.py egg_info --egg-base ../../build/detector build --build-base /home/dev_computer/dai_ws/build/detector/build install --record /home/dev_computer/dai_ws/build/detector/install.log --single-version-externally-managed install_data
