[0.929s] Invoking command in '/home/dev_computer/dai_ws/build/detector': DEBUGINFOD_URLS=https://debuginfod.ubuntu.com PYTHONPATH=/home/dev_computer/dai_ws/build/detector/prefix_override:/usr/lib/python3/dist-packages/colcon_core/task/python/colcon_distutils_commands:/home/dev_computer/dai_ws/install/detector/lib/python3.12/site-packages:${PYTHONPATH} /usr/bin/python3 -W ignore:setup.py install is deprecated -W ignore:easy_install command is deprecated setup.py develop --editable --build-directory /home/dev_computer/dai_ws/build/detector/build --no-deps symlink_data --force
[1.297s] running develop
[1.532s] running egg_info
[1.555s] writing detector.egg-info/PKG-INFO
[1.555s] writing dependency_links to detector.egg-info/dependency_links.txt
[1.555s] writing entry points to detector.egg-info/entry_points.txt
[1.555s] writing requirements to detector.egg-info/requires.txt
[1.555s] writing top-level names to detector.egg-info/top_level.txt
[1.603s] reading manifest file 'detector.egg-info/SOURCES.txt'
[1.603s] writing manifest file 'detector.egg-info/SOURCES.txt'
[1.629s] running build_ext
[1.629s] Creating /home/dev_computer/dai_ws/install/detector/lib/python3.12/site-packages/detector.egg-link (link to .)
[1.630s] Installing aruco_detector_node script to /home/dev_computer/dai_ws/install/detector/lib/detector
[1.630s] Installing spatial_tracker_node script to /home/dev_computer/dai_ws/install/detector/lib/detector
[1.631s] 
[1.631s] Installed /home/dev_computer/dai_ws/build/detector
[1.631s] running symlink_data
[1.631s] symbolically linking /home/dev_computer/dai_ws/build/detector/resource/detector -> /home/dev_computer/dai_ws/install/detector/share/ament_index/resource_index/packages
[1.631s] symbolically linking /home/dev_computer/dai_ws/build/detector/package.xml -> /home/dev_computer/dai_ws/install/detector/share/detector
[1.666s] Invoked command in '/home/dev_computer/dai_ws/build/detector' returned '0': DEBUGINFOD_URLS=https://debuginfod.ubuntu.com PYTHONPATH=/home/dev_computer/dai_ws/build/detector/prefix_override:/usr/lib/python3/dist-packages/colcon_core/task/python/colcon_distutils_commands:/home/dev_computer/dai_ws/install/detector/lib/python3.12/site-packages:${PYTHONPATH} /usr/bin/python3 -W ignore:setup.py install is deprecated -W ignore:easy_install command is deprecated setup.py develop --editable --build-directory /home/dev_computer/dai_ws/build/detector/build --no-deps symlink_data --force
