/home/dev_computer/dai_ws/install/spatial_detector/lib/python3.12/site-packages/spatial_detector/__init__.py
/home/dev_computer/dai_ws/install/spatial_detector/lib/python3.12/site-packages/spatial_detector/spatial_visualizer_node.py
/home/dev_computer/dai_ws/install/spatial_detector/lib/python3.12/site-packages/spatial_detector/spatial_overlay_backup.py
/home/dev_computer/dai_ws/install/spatial_detector/lib/python3.12/site-packages/spatial_detector/spatial_publisher_node.py
/home/dev_computer/dai_ws/install/spatial_detector/lib/python3.12/site-packages/spatial_detector/spatial_overlay.py
/home/dev_computer/dai_ws/install/spatial_detector/lib/python3.12/site-packages/spatial_detector/spatial_publisher_node_backup.py
/home/dev_computer/dai_ws/install/spatial_detector/lib/python3.12/site-packages/spatial_detector/__pycache__/__init__.cpython-312.pyc
/home/dev_computer/dai_ws/install/spatial_detector/lib/python3.12/site-packages/spatial_detector/__pycache__/spatial_visualizer_node.cpython-312.pyc
/home/dev_computer/dai_ws/install/spatial_detector/lib/python3.12/site-packages/spatial_detector/__pycache__/spatial_overlay_backup.cpython-312.pyc
/home/dev_computer/dai_ws/install/spatial_detector/lib/python3.12/site-packages/spatial_detector/__pycache__/spatial_publisher_node.cpython-312.pyc
/home/dev_computer/dai_ws/install/spatial_detector/lib/python3.12/site-packages/spatial_detector/__pycache__/spatial_overlay.cpython-312.pyc
/home/dev_computer/dai_ws/install/spatial_detector/lib/python3.12/site-packages/spatial_detector/__pycache__/spatial_publisher_node_backup.cpython-312.pyc
/home/dev_computer/dai_ws/install/spatial_detector/share/ament_index/resource_index/packages/spatial_detector
/home/dev_computer/dai_ws/install/spatial_detector/share/spatial_detector/package.xml
/home/dev_computer/dai_ws/install/spatial_detector/lib/python3.12/site-packages/spatial_detector-0.0.0-py3.12.egg-info/entry_points.txt
/home/dev_computer/dai_ws/install/spatial_detector/lib/python3.12/site-packages/spatial_detector-0.0.0-py3.12.egg-info/SOURCES.txt
/home/dev_computer/dai_ws/install/spatial_detector/lib/python3.12/site-packages/spatial_detector-0.0.0-py3.12.egg-info/top_level.txt
/home/dev_computer/dai_ws/install/spatial_detector/lib/python3.12/site-packages/spatial_detector-0.0.0-py3.12.egg-info/zip-safe
/home/dev_computer/dai_ws/install/spatial_detector/lib/python3.12/site-packages/spatial_detector-0.0.0-py3.12.egg-info/PKG-INFO
/home/dev_computer/dai_ws/install/spatial_detector/lib/python3.12/site-packages/spatial_detector-0.0.0-py3.12.egg-info/requires.txt
/home/dev_computer/dai_ws/install/spatial_detector/lib/python3.12/site-packages/spatial_detector-0.0.0-py3.12.egg-info/dependency_links.txt
/home/dev_computer/dai_ws/install/spatial_detector/lib/spatial_detector/spatial_overlay.py
/home/dev_computer/dai_ws/install/spatial_detector/lib/spatial_detector/spatial_publisher_node.py
/home/dev_computer/dai_ws/install/spatial_detector/lib/spatial_detector/spatial_visualizer_node.py
