[0.017s] Invoking command in '/home/dev_computer/dai_ws/build/depthai_ros_driver': CMAKE_PREFIX_PATH=/home/dev_computer/dai_ws/install/depthai_bridge:/home/dev_computer/dai_ws/install/depthai_ros_msgs:/home/dev_computer/dai_ws/install/depthai_descriptions:/home/dev_computer/dai_ws/install/depthai-ros:/home/dev_computer/dai_ws/install/depthai_ros_driver:/home/dev_computer/dai_ws/install/depthai_filters:/opt/ros/jazzy/opt/gz_sim_vendor:/opt/ros/jazzy/opt/gz_sensors_vendor:/opt/ros/jazzy/opt/gz_physics_vendor:/opt/ros/jazzy/opt/sdformat_vendor:/opt/ros/jazzy/opt/gz_gui_vendor:/opt/ros/jazzy/opt/gz_transport_vendor:/opt/ros/jazzy/opt/gz_rendering_vendor:/opt/ros/jazzy/opt/gz_plugin_vendor:/opt/ros/jazzy/opt/gz_fuel_tools_vendor:/opt/ros/jazzy/opt/gz_msgs_vendor:/opt/ros/jazzy/opt/gz_common_vendor:/opt/ros/jazzy/opt/gz_math_vendor:/opt/ros/jazzy/opt/gz_utils_vendor:/opt/ros/jazzy/opt/gz_tools_vendor:/opt/ros/jazzy/opt/gz_ogre_next_vendor:/opt/ros/jazzy/opt/gz_dartsim_vendor:/opt/ros/jazzy/opt/gz_cmake_vendor:/home/dev_computer/dai_ws/install/spatial_detector:/home/dev_computer/dai_ws/install/detector_subscriber:/home/dev_computer/dai_ws/install/detector:/opt/ros/jazzy DEBUGINFOD_URLS=https://debuginfod.ubuntu.com GAZEBO_MODEL_PATH=/home/dev_computer/dai_ws/install/depthai_descriptions:${GAZEBO_MODEL_PATH} GAZEBO_RESOURCE_PATH=/home/dev_computer/dai_ws/install/depthai_descriptions:${GAZEBO_RESOURCE_PATH} IGN_GAZEBO_MODEL_PATH=/home/dev_computer/dai_ws/install/depthai_descriptions:${IGN_GAZEBO_MODEL_PATH} IGN_GAZEBO_RESOURCE_PATH=/home/dev_computer/dai_ws/install/depthai_descriptions:${IGN_GAZEBO_RESOURCE_PATH} LD_LIBRARY_PATH=/home/dev_computer/dai_ws/install/depthai_bridge/lib:/home/dev_computer/dai_ws/install/depthai_ros_msgs/lib:/home/dev_computer/dai_ws/install/depthai_ros_driver/lib:/home/dev_computer/dai_ws/install/depthai_filters/lib:/opt/ros/jazzy/opt/gz_sim_vendor/lib:/opt/ros/jazzy/opt/gz_sensors_vendor/lib:/opt/ros/jazzy/opt/gz_physics_vendor/lib:/opt/ros/jazzy/opt/sdformat_vendor/lib:/opt/ros/jazzy/opt/rviz_ogre_vendor/lib:/opt/ros/jazzy/lib/x86_64-linux-gnu:/opt/ros/jazzy/opt/gz_gui_vendor/lib:/opt/ros/jazzy/opt/gz_transport_vendor/lib:/opt/ros/jazzy/opt/gz_rendering_vendor/lib:/opt/ros/jazzy/opt/gz_plugin_vendor/lib:/opt/ros/jazzy/opt/gz_fuel_tools_vendor/lib:/opt/ros/jazzy/opt/gz_msgs_vendor/lib:/opt/ros/jazzy/opt/gz_common_vendor/lib:/opt/ros/jazzy/opt/gz_math_vendor/lib:/opt/ros/jazzy/opt/gz_utils_vendor/lib:/opt/ros/jazzy/opt/gz_tools_vendor/lib:/opt/ros/jazzy/opt/gz_ogre_next_vendor/lib:/opt/ros/jazzy/opt/gz_dartsim_vendor/lib:/opt/ros/jazzy/opt/gz_cmake_vendor/lib:/opt/ros/jazzy/lib PYTHONPATH=/home/dev_computer/dai_ws/install/depthai_ros_msgs/lib/python3.12/site-packages:/home/dev_computer/dai_ws/build/spatial_detector:/home/dev_computer/dai_ws/install/spatial_detector/lib/python3.12/site-packages:/home/dev_computer/dai_ws/build/detector_subscriber:/home/dev_computer/dai_ws/install/detector_subscriber/lib/python3.12/site-packages:/home/dev_computer/dai_ws/build/detector:/home/dev_computer/dai_ws/install/detector/lib/python3.12/site-packages:/home/dev_computer/dai_ws/install/depthai_ros_driver/lib/python3.12/site-packages:/opt/ros/jazzy/lib/python3.12/site-packages /usr/bin/cmake /home/dev_computer/dai_ws/src/depthai-ros/depthai_ros_driver -DAMENT_CMAKE_SYMLINK_INSTALL=1 -DCMAKE_INSTALL_PREFIX=/home/dev_computer/dai_ws/install/depthai_ros_driver
[0.032s] -- Found ament_cmake_auto: 2.5.3 (/opt/ros/jazzy/share/ament_cmake_auto/cmake)
[0.266s] -- Override CMake install command with custom implementation using symlinks instead of copying resources
[0.423s] -- Found rosidl_generator_c: 4.6.5 (/opt/ros/jazzy/share/rosidl_generator_c/cmake)
[0.433s] -- Found rosidl_generator_cpp: 4.6.5 (/opt/ros/jazzy/share/rosidl_generator_cpp/cmake)
[0.446s] -- Using all available rosidl_typesupport_c: rosidl_typesupport_fastrtps_c;rosidl_typesupport_introspection_c
[0.464s] -- Using all available rosidl_typesupport_cpp: rosidl_typesupport_fastrtps_cpp;rosidl_typesupport_introspection_cpp
[0.532s] -- Found rmw_implementation_cmake: 7.3.2 (/opt/ros/jazzy/share/rmw_implementation_cmake/cmake)
[0.534s] -- Found rmw_cyclonedds_cpp: 2.2.3 (/opt/ros/jazzy/share/rmw_cyclonedds_cpp/cmake)
[0.558s] -- Using RMW implementation 'rmw_cyclonedds_cpp' as default
[0.785s] -- Found TinyXML2 via Config file: /usr/lib/x86_64-linux-gnu/cmake/tinyxml2
[0.805s] -- Setting yaml-cpp_DIR to: '/opt/ros/jazzy/share/yaml_cpp_vendor/cmake/../../../opt/yaml_cpp_vendor/share/cmake/yaml-cpp'
[1.009s] -- Found eigen3_cmake_module: 0.3.0 (/opt/ros/jazzy/share/eigen3_cmake_module/cmake)
[1.010s] -- Ensuring Eigen3 include directory is part of orocos-kdl CMake target
[1.100s] -- Configuring done (1.1s)
[1.177s] -- Generating done (0.1s)
[1.198s] -- Build files have been written to: /home/dev_computer/dai_ws/build/depthai_ros_driver
[1.210s] Invoked command in '/home/dev_computer/dai_ws/build/depthai_ros_driver' returned '0': CMAKE_PREFIX_PATH=/home/dev_computer/dai_ws/install/depthai_bridge:/home/dev_computer/dai_ws/install/depthai_ros_msgs:/home/dev_computer/dai_ws/install/depthai_descriptions:/home/dev_computer/dai_ws/install/depthai-ros:/home/dev_computer/dai_ws/install/depthai_ros_driver:/home/dev_computer/dai_ws/install/depthai_filters:/opt/ros/jazzy/opt/gz_sim_vendor:/opt/ros/jazzy/opt/gz_sensors_vendor:/opt/ros/jazzy/opt/gz_physics_vendor:/opt/ros/jazzy/opt/sdformat_vendor:/opt/ros/jazzy/opt/gz_gui_vendor:/opt/ros/jazzy/opt/gz_transport_vendor:/opt/ros/jazzy/opt/gz_rendering_vendor:/opt/ros/jazzy/opt/gz_plugin_vendor:/opt/ros/jazzy/opt/gz_fuel_tools_vendor:/opt/ros/jazzy/opt/gz_msgs_vendor:/opt/ros/jazzy/opt/gz_common_vendor:/opt/ros/jazzy/opt/gz_math_vendor:/opt/ros/jazzy/opt/gz_utils_vendor:/opt/ros/jazzy/opt/gz_tools_vendor:/opt/ros/jazzy/opt/gz_ogre_next_vendor:/opt/ros/jazzy/opt/gz_dartsim_vendor:/opt/ros/jazzy/opt/gz_cmake_vendor:/home/dev_computer/dai_ws/install/spatial_detector:/home/dev_computer/dai_ws/install/detector_subscriber:/home/dev_computer/dai_ws/install/detector:/opt/ros/jazzy DEBUGINFOD_URLS=https://debuginfod.ubuntu.com GAZEBO_MODEL_PATH=/home/dev_computer/dai_ws/install/depthai_descriptions:${GAZEBO_MODEL_PATH} GAZEBO_RESOURCE_PATH=/home/dev_computer/dai_ws/install/depthai_descriptions:${GAZEBO_RESOURCE_PATH} IGN_GAZEBO_MODEL_PATH=/home/dev_computer/dai_ws/install/depthai_descriptions:${IGN_GAZEBO_MODEL_PATH} IGN_GAZEBO_RESOURCE_PATH=/home/dev_computer/dai_ws/install/depthai_descriptions:${IGN_GAZEBO_RESOURCE_PATH} LD_LIBRARY_PATH=/home/dev_computer/dai_ws/install/depthai_bridge/lib:/home/dev_computer/dai_ws/install/depthai_ros_msgs/lib:/home/dev_computer/dai_ws/install/depthai_ros_driver/lib:/home/dev_computer/dai_ws/install/depthai_filters/lib:/opt/ros/jazzy/opt/gz_sim_vendor/lib:/opt/ros/jazzy/opt/gz_sensors_vendor/lib:/opt/ros/jazzy/opt/gz_physics_vendor/lib:/opt/ros/jazzy/opt/sdformat_vendor/lib:/opt/ros/jazzy/opt/rviz_ogre_vendor/lib:/opt/ros/jazzy/lib/x86_64-linux-gnu:/opt/ros/jazzy/opt/gz_gui_vendor/lib:/opt/ros/jazzy/opt/gz_transport_vendor/lib:/opt/ros/jazzy/opt/gz_rendering_vendor/lib:/opt/ros/jazzy/opt/gz_plugin_vendor/lib:/opt/ros/jazzy/opt/gz_fuel_tools_vendor/lib:/opt/ros/jazzy/opt/gz_msgs_vendor/lib:/opt/ros/jazzy/opt/gz_common_vendor/lib:/opt/ros/jazzy/opt/gz_math_vendor/lib:/opt/ros/jazzy/opt/gz_utils_vendor/lib:/opt/ros/jazzy/opt/gz_tools_vendor/lib:/opt/ros/jazzy/opt/gz_ogre_next_vendor/lib:/opt/ros/jazzy/opt/gz_dartsim_vendor/lib:/opt/ros/jazzy/opt/gz_cmake_vendor/lib:/opt/ros/jazzy/lib PYTHONPATH=/home/dev_computer/dai_ws/install/depthai_ros_msgs/lib/python3.12/site-packages:/home/dev_computer/dai_ws/build/spatial_detector:/home/dev_computer/dai_ws/install/spatial_detector/lib/python3.12/site-packages:/home/dev_computer/dai_ws/build/detector_subscriber:/home/dev_computer/dai_ws/install/detector_subscriber/lib/python3.12/site-packages:/home/dev_computer/dai_ws/build/detector:/home/dev_computer/dai_ws/install/detector/lib/python3.12/site-packages:/home/dev_computer/dai_ws/install/depthai_ros_driver/lib/python3.12/site-packages:/opt/ros/jazzy/lib/python3.12/site-packages /usr/bin/cmake /home/dev_computer/dai_ws/src/depthai-ros/depthai_ros_driver -DAMENT_CMAKE_SYMLINK_INSTALL=1 -DCMAKE_INSTALL_PREFIX=/home/dev_computer/dai_ws/install/depthai_ros_driver
[1.211s] Invoking command in '/home/dev_computer/dai_ws/build/depthai_ros_driver': CMAKE_PREFIX_PATH=/home/dev_computer/dai_ws/install/depthai_bridge:/home/dev_computer/dai_ws/install/depthai_ros_msgs:/home/dev_computer/dai_ws/install/depthai_descriptions:/home/dev_computer/dai_ws/install/depthai-ros:/home/dev_computer/dai_ws/install/depthai_ros_driver:/home/dev_computer/dai_ws/install/depthai_filters:/opt/ros/jazzy/opt/gz_sim_vendor:/opt/ros/jazzy/opt/gz_sensors_vendor:/opt/ros/jazzy/opt/gz_physics_vendor:/opt/ros/jazzy/opt/sdformat_vendor:/opt/ros/jazzy/opt/gz_gui_vendor:/opt/ros/jazzy/opt/gz_transport_vendor:/opt/ros/jazzy/opt/gz_rendering_vendor:/opt/ros/jazzy/opt/gz_plugin_vendor:/opt/ros/jazzy/opt/gz_fuel_tools_vendor:/opt/ros/jazzy/opt/gz_msgs_vendor:/opt/ros/jazzy/opt/gz_common_vendor:/opt/ros/jazzy/opt/gz_math_vendor:/opt/ros/jazzy/opt/gz_utils_vendor:/opt/ros/jazzy/opt/gz_tools_vendor:/opt/ros/jazzy/opt/gz_ogre_next_vendor:/opt/ros/jazzy/opt/gz_dartsim_vendor:/opt/ros/jazzy/opt/gz_cmake_vendor:/home/dev_computer/dai_ws/install/spatial_detector:/home/dev_computer/dai_ws/install/detector_subscriber:/home/dev_computer/dai_ws/install/detector:/opt/ros/jazzy DEBUGINFOD_URLS=https://debuginfod.ubuntu.com GAZEBO_MODEL_PATH=/home/dev_computer/dai_ws/install/depthai_descriptions:${GAZEBO_MODEL_PATH} GAZEBO_RESOURCE_PATH=/home/dev_computer/dai_ws/install/depthai_descriptions:${GAZEBO_RESOURCE_PATH} IGN_GAZEBO_MODEL_PATH=/home/dev_computer/dai_ws/install/depthai_descriptions:${IGN_GAZEBO_MODEL_PATH} IGN_GAZEBO_RESOURCE_PATH=/home/dev_computer/dai_ws/install/depthai_descriptions:${IGN_GAZEBO_RESOURCE_PATH} LD_LIBRARY_PATH=/home/dev_computer/dai_ws/install/depthai_bridge/lib:/home/dev_computer/dai_ws/install/depthai_ros_msgs/lib:/home/dev_computer/dai_ws/install/depthai_ros_driver/lib:/home/dev_computer/dai_ws/install/depthai_filters/lib:/opt/ros/jazzy/opt/gz_sim_vendor/lib:/opt/ros/jazzy/opt/gz_sensors_vendor/lib:/opt/ros/jazzy/opt/gz_physics_vendor/lib:/opt/ros/jazzy/opt/sdformat_vendor/lib:/opt/ros/jazzy/opt/rviz_ogre_vendor/lib:/opt/ros/jazzy/lib/x86_64-linux-gnu:/opt/ros/jazzy/opt/gz_gui_vendor/lib:/opt/ros/jazzy/opt/gz_transport_vendor/lib:/opt/ros/jazzy/opt/gz_rendering_vendor/lib:/opt/ros/jazzy/opt/gz_plugin_vendor/lib:/opt/ros/jazzy/opt/gz_fuel_tools_vendor/lib:/opt/ros/jazzy/opt/gz_msgs_vendor/lib:/opt/ros/jazzy/opt/gz_common_vendor/lib:/opt/ros/jazzy/opt/gz_math_vendor/lib:/opt/ros/jazzy/opt/gz_utils_vendor/lib:/opt/ros/jazzy/opt/gz_tools_vendor/lib:/opt/ros/jazzy/opt/gz_ogre_next_vendor/lib:/opt/ros/jazzy/opt/gz_dartsim_vendor/lib:/opt/ros/jazzy/opt/gz_cmake_vendor/lib:/opt/ros/jazzy/lib PYTHONPATH=/home/dev_computer/dai_ws/install/depthai_ros_msgs/lib/python3.12/site-packages:/home/dev_computer/dai_ws/build/spatial_detector:/home/dev_computer/dai_ws/install/spatial_detector/lib/python3.12/site-packages:/home/dev_computer/dai_ws/build/detector_subscriber:/home/dev_computer/dai_ws/install/detector_subscriber/lib/python3.12/site-packages:/home/dev_computer/dai_ws/build/detector:/home/dev_computer/dai_ws/install/detector/lib/python3.12/site-packages:/home/dev_computer/dai_ws/install/depthai_ros_driver/lib/python3.12/site-packages:/opt/ros/jazzy/lib/python3.12/site-packages /usr/bin/cmake --build /home/dev_computer/dai_ws/build/depthai_ros_driver -- -j8 -l8
[1.279s] [  0%] Built target ament_cmake_python_symlink_depthai_ros_driver
[1.318s] [ 42%] Built target depthai_ros_driver_common
[1.360s] [ 54%] Built target depthai_ros_driver_nn_nodes
[1.379s] [ 82%] Built target depthai_ros_driver_sensor_nodes
[1.418s] [ 94%] Built target depthai_ros_driver
[1.450s] [100%] Built target camera_node
[1.573s] running egg_info
[1.599s] writing depthai_ros_driver.egg-info/PKG-INFO
[1.599s] writing dependency_links to depthai_ros_driver.egg-info/dependency_links.txt
[1.599s] writing top-level names to depthai_ros_driver.egg-info/top_level.txt
[1.677s] reading manifest file 'depthai_ros_driver.egg-info/SOURCES.txt'
[1.678s] writing manifest file 'depthai_ros_driver.egg-info/SOURCES.txt'
[1.708s] [100%] Built target ament_cmake_python_build_depthai_ros_driver_egg
[1.721s] Invoked command in '/home/dev_computer/dai_ws/build/depthai_ros_driver' returned '0': CMAKE_PREFIX_PATH=/home/dev_computer/dai_ws/install/depthai_bridge:/home/dev_computer/dai_ws/install/depthai_ros_msgs:/home/dev_computer/dai_ws/install/depthai_descriptions:/home/dev_computer/dai_ws/install/depthai-ros:/home/dev_computer/dai_ws/install/depthai_ros_driver:/home/dev_computer/dai_ws/install/depthai_filters:/opt/ros/jazzy/opt/gz_sim_vendor:/opt/ros/jazzy/opt/gz_sensors_vendor:/opt/ros/jazzy/opt/gz_physics_vendor:/opt/ros/jazzy/opt/sdformat_vendor:/opt/ros/jazzy/opt/gz_gui_vendor:/opt/ros/jazzy/opt/gz_transport_vendor:/opt/ros/jazzy/opt/gz_rendering_vendor:/opt/ros/jazzy/opt/gz_plugin_vendor:/opt/ros/jazzy/opt/gz_fuel_tools_vendor:/opt/ros/jazzy/opt/gz_msgs_vendor:/opt/ros/jazzy/opt/gz_common_vendor:/opt/ros/jazzy/opt/gz_math_vendor:/opt/ros/jazzy/opt/gz_utils_vendor:/opt/ros/jazzy/opt/gz_tools_vendor:/opt/ros/jazzy/opt/gz_ogre_next_vendor:/opt/ros/jazzy/opt/gz_dartsim_vendor:/opt/ros/jazzy/opt/gz_cmake_vendor:/home/dev_computer/dai_ws/install/spatial_detector:/home/dev_computer/dai_ws/install/detector_subscriber:/home/dev_computer/dai_ws/install/detector:/opt/ros/jazzy DEBUGINFOD_URLS=https://debuginfod.ubuntu.com GAZEBO_MODEL_PATH=/home/dev_computer/dai_ws/install/depthai_descriptions:${GAZEBO_MODEL_PATH} GAZEBO_RESOURCE_PATH=/home/dev_computer/dai_ws/install/depthai_descriptions:${GAZEBO_RESOURCE_PATH} IGN_GAZEBO_MODEL_PATH=/home/dev_computer/dai_ws/install/depthai_descriptions:${IGN_GAZEBO_MODEL_PATH} IGN_GAZEBO_RESOURCE_PATH=/home/dev_computer/dai_ws/install/depthai_descriptions:${IGN_GAZEBO_RESOURCE_PATH} LD_LIBRARY_PATH=/home/dev_computer/dai_ws/install/depthai_bridge/lib:/home/dev_computer/dai_ws/install/depthai_ros_msgs/lib:/home/dev_computer/dai_ws/install/depthai_ros_driver/lib:/home/dev_computer/dai_ws/install/depthai_filters/lib:/opt/ros/jazzy/opt/gz_sim_vendor/lib:/opt/ros/jazzy/opt/gz_sensors_vendor/lib:/opt/ros/jazzy/opt/gz_physics_vendor/lib:/opt/ros/jazzy/opt/sdformat_vendor/lib:/opt/ros/jazzy/opt/rviz_ogre_vendor/lib:/opt/ros/jazzy/lib/x86_64-linux-gnu:/opt/ros/jazzy/opt/gz_gui_vendor/lib:/opt/ros/jazzy/opt/gz_transport_vendor/lib:/opt/ros/jazzy/opt/gz_rendering_vendor/lib:/opt/ros/jazzy/opt/gz_plugin_vendor/lib:/opt/ros/jazzy/opt/gz_fuel_tools_vendor/lib:/opt/ros/jazzy/opt/gz_msgs_vendor/lib:/opt/ros/jazzy/opt/gz_common_vendor/lib:/opt/ros/jazzy/opt/gz_math_vendor/lib:/opt/ros/jazzy/opt/gz_utils_vendor/lib:/opt/ros/jazzy/opt/gz_tools_vendor/lib:/opt/ros/jazzy/opt/gz_ogre_next_vendor/lib:/opt/ros/jazzy/opt/gz_dartsim_vendor/lib:/opt/ros/jazzy/opt/gz_cmake_vendor/lib:/opt/ros/jazzy/lib PYTHONPATH=/home/dev_computer/dai_ws/install/depthai_ros_msgs/lib/python3.12/site-packages:/home/dev_computer/dai_ws/build/spatial_detector:/home/dev_computer/dai_ws/install/spatial_detector/lib/python3.12/site-packages:/home/dev_computer/dai_ws/build/detector_subscriber:/home/dev_computer/dai_ws/install/detector_subscriber/lib/python3.12/site-packages:/home/dev_computer/dai_ws/build/detector:/home/dev_computer/dai_ws/install/detector/lib/python3.12/site-packages:/home/dev_computer/dai_ws/install/depthai_ros_driver/lib/python3.12/site-packages:/opt/ros/jazzy/lib/python3.12/site-packages /usr/bin/cmake --build /home/dev_computer/dai_ws/build/depthai_ros_driver -- -j8 -l8
[1.722s] Invoking command in '/home/dev_computer/dai_ws/build/depthai_ros_driver': CMAKE_PREFIX_PATH=/home/dev_computer/dai_ws/install/depthai_bridge:/home/dev_computer/dai_ws/install/depthai_ros_msgs:/home/dev_computer/dai_ws/install/depthai_descriptions:/home/dev_computer/dai_ws/install/depthai-ros:/home/dev_computer/dai_ws/install/depthai_ros_driver:/home/dev_computer/dai_ws/install/depthai_filters:/opt/ros/jazzy/opt/gz_sim_vendor:/opt/ros/jazzy/opt/gz_sensors_vendor:/opt/ros/jazzy/opt/gz_physics_vendor:/opt/ros/jazzy/opt/sdformat_vendor:/opt/ros/jazzy/opt/gz_gui_vendor:/opt/ros/jazzy/opt/gz_transport_vendor:/opt/ros/jazzy/opt/gz_rendering_vendor:/opt/ros/jazzy/opt/gz_plugin_vendor:/opt/ros/jazzy/opt/gz_fuel_tools_vendor:/opt/ros/jazzy/opt/gz_msgs_vendor:/opt/ros/jazzy/opt/gz_common_vendor:/opt/ros/jazzy/opt/gz_math_vendor:/opt/ros/jazzy/opt/gz_utils_vendor:/opt/ros/jazzy/opt/gz_tools_vendor:/opt/ros/jazzy/opt/gz_ogre_next_vendor:/opt/ros/jazzy/opt/gz_dartsim_vendor:/opt/ros/jazzy/opt/gz_cmake_vendor:/home/dev_computer/dai_ws/install/spatial_detector:/home/dev_computer/dai_ws/install/detector_subscriber:/home/dev_computer/dai_ws/install/detector:/opt/ros/jazzy DEBUGINFOD_URLS=https://debuginfod.ubuntu.com GAZEBO_MODEL_PATH=/home/dev_computer/dai_ws/install/depthai_descriptions:${GAZEBO_MODEL_PATH} GAZEBO_RESOURCE_PATH=/home/dev_computer/dai_ws/install/depthai_descriptions:${GAZEBO_RESOURCE_PATH} IGN_GAZEBO_MODEL_PATH=/home/dev_computer/dai_ws/install/depthai_descriptions:${IGN_GAZEBO_MODEL_PATH} IGN_GAZEBO_RESOURCE_PATH=/home/dev_computer/dai_ws/install/depthai_descriptions:${IGN_GAZEBO_RESOURCE_PATH} LD_LIBRARY_PATH=/home/dev_computer/dai_ws/install/depthai_bridge/lib:/home/dev_computer/dai_ws/install/depthai_ros_msgs/lib:/home/dev_computer/dai_ws/install/depthai_ros_driver/lib:/home/dev_computer/dai_ws/install/depthai_filters/lib:/opt/ros/jazzy/opt/gz_sim_vendor/lib:/opt/ros/jazzy/opt/gz_sensors_vendor/lib:/opt/ros/jazzy/opt/gz_physics_vendor/lib:/opt/ros/jazzy/opt/sdformat_vendor/lib:/opt/ros/jazzy/opt/rviz_ogre_vendor/lib:/opt/ros/jazzy/lib/x86_64-linux-gnu:/opt/ros/jazzy/opt/gz_gui_vendor/lib:/opt/ros/jazzy/opt/gz_transport_vendor/lib:/opt/ros/jazzy/opt/gz_rendering_vendor/lib:/opt/ros/jazzy/opt/gz_plugin_vendor/lib:/opt/ros/jazzy/opt/gz_fuel_tools_vendor/lib:/opt/ros/jazzy/opt/gz_msgs_vendor/lib:/opt/ros/jazzy/opt/gz_common_vendor/lib:/opt/ros/jazzy/opt/gz_math_vendor/lib:/opt/ros/jazzy/opt/gz_utils_vendor/lib:/opt/ros/jazzy/opt/gz_tools_vendor/lib:/opt/ros/jazzy/opt/gz_ogre_next_vendor/lib:/opt/ros/jazzy/opt/gz_dartsim_vendor/lib:/opt/ros/jazzy/opt/gz_cmake_vendor/lib:/opt/ros/jazzy/lib PYTHONPATH=/home/dev_computer/dai_ws/install/depthai_ros_msgs/lib/python3.12/site-packages:/home/dev_computer/dai_ws/build/spatial_detector:/home/dev_computer/dai_ws/install/spatial_detector/lib/python3.12/site-packages:/home/dev_computer/dai_ws/build/detector_subscriber:/home/dev_computer/dai_ws/install/detector_subscriber/lib/python3.12/site-packages:/home/dev_computer/dai_ws/build/detector:/home/dev_computer/dai_ws/install/detector/lib/python3.12/site-packages:/home/dev_computer/dai_ws/install/depthai_ros_driver/lib/python3.12/site-packages:/opt/ros/jazzy/lib/python3.12/site-packages /usr/bin/cmake --install /home/dev_computer/dai_ws/build/depthai_ros_driver
[1.731s] -- Install configuration: ""
[1.731s] -- Execute custom install script
[1.731s] -- Up-to-date symlink: /home/dev_computer/dai_ws/install/depthai_ros_driver/share/depthai_ros_driver//plugins.xml
[1.732s] -- Up-to-date symlink: /home/dev_computer/dai_ws/install/depthai_ros_driver/share/depthai_ros_driver/environment/library_path.sh
[1.732s] -- Up-to-date symlink: /home/dev_computer/dai_ws/install/depthai_ros_driver/share/depthai_ros_driver/environment/library_path.dsv
[1.732s] -- Up-to-date symlink: /home/dev_computer/dai_ws/install/depthai_ros_driver/share/depthai_ros_driver/launch/calibration.launch.py
[1.732s] -- Up-to-date symlink: /home/dev_computer/dai_ws/install/depthai_ros_driver/share/depthai_ros_driver/launch/camera.launch.py
[1.733s] -- Up-to-date symlink: /home/dev_computer/dai_ws/install/depthai_ros_driver/share/depthai_ros_driver/launch/camera_as_part_of_a_robot.launch.py
[1.733s] -- Up-to-date symlink: /home/dev_computer/dai_ws/install/depthai_ros_driver/share/depthai_ros_driver/launch/example_marker_publish.launch.py
[1.733s] -- Up-to-date symlink: /home/dev_computer/dai_ws/install/depthai_ros_driver/share/depthai_ros_driver/launch/example_multicam.launch.py
[1.733s] -- Up-to-date symlink: /home/dev_computer/dai_ws/install/depthai_ros_driver/share/depthai_ros_driver/launch/example_segmentation.launch.py
[1.733s] -- Up-to-date symlink: /home/dev_computer/dai_ws/install/depthai_ros_driver/share/depthai_ros_driver/launch/oak_t.launch.py
[1.733s] -- Up-to-date symlink: /home/dev_computer/dai_ws/install/depthai_ros_driver/share/depthai_ros_driver/launch/pointcloud.launch.py
[1.733s] -- Up-to-date symlink: /home/dev_computer/dai_ws/install/depthai_ros_driver/share/depthai_ros_driver/launch/rgbd_pcl.launch.py
[1.733s] -- Up-to-date symlink: /home/dev_computer/dai_ws/install/depthai_ros_driver/share/depthai_ros_driver/launch/rtabmap.launch.py
[1.733s] -- Up-to-date symlink: /home/dev_computer/dai_ws/install/depthai_ros_driver/share/depthai_ros_driver/launch/sr_poe_rgbd_pcl.launch.py
[1.734s] -- Up-to-date symlink: /home/dev_computer/dai_ws/install/depthai_ros_driver/share/depthai_ros_driver/launch/sr_rgbd_pcl.launch.py
[1.734s] -- Up-to-date symlink: /home/dev_computer/dai_ws/install/depthai_ros_driver/share/depthai_ros_driver/launch/stereo_from_rosbag.launch.py
[1.734s] -- Up-to-date symlink: /home/dev_computer/dai_ws/install/depthai_ros_driver/share/depthai_ros_driver/config/calibration.yaml
[1.734s] -- Up-to-date symlink: /home/dev_computer/dai_ws/install/depthai_ros_driver/share/depthai_ros_driver/config/calibration/left.yaml
[1.734s] -- Up-to-date symlink: /home/dev_computer/dai_ws/install/depthai_ros_driver/share/depthai_ros_driver/config/calibration/rgb.yaml
[1.735s] -- Up-to-date symlink: /home/dev_computer/dai_ws/install/depthai_ros_driver/share/depthai_ros_driver/config/calibration/right.yaml
[1.735s] -- Up-to-date symlink: /home/dev_computer/dai_ws/install/depthai_ros_driver/share/depthai_ros_driver/config/camera.yaml
[1.735s] -- Up-to-date symlink: /home/dev_computer/dai_ws/install/depthai_ros_driver/share/depthai_ros_driver/config/isaac_vslam.yaml
[1.735s] -- Up-to-date symlink: /home/dev_computer/dai_ws/install/depthai_ros_driver/share/depthai_ros_driver/config/low_bandwidth.yaml
[1.735s] -- Up-to-date symlink: /home/dev_computer/dai_ws/install/depthai_ros_driver/share/depthai_ros_driver/config/multicam_example.yaml
[1.735s] -- Up-to-date symlink: /home/dev_computer/dai_ws/install/depthai_ros_driver/share/depthai_ros_driver/config/nn/backup/mobilenet.json
[1.735s] -- Up-to-date symlink: /home/dev_computer/dai_ws/install/depthai_ros_driver/share/depthai_ros_driver/config/nn/backup/segmentation.json
[1.735s] -- Up-to-date symlink: /home/dev_computer/dai_ws/install/depthai_ros_driver/share/depthai_ros_driver/config/nn/backup/yolo.json
[1.736s] -- Up-to-date symlink: /home/dev_computer/dai_ws/install/depthai_ros_driver/share/depthai_ros_driver/config/nn/my_yolo8s/camera_yolo8s.yaml
[1.736s] -- Up-to-date symlink: /home/dev_computer/dai_ws/install/depthai_ros_driver/share/depthai_ros_driver/config/nn/my_yolo8s/yolo8s.json
[1.736s] -- Up-to-date symlink: /home/dev_computer/dai_ws/install/depthai_ros_driver/share/depthai_ros_driver/config/nn/my_yolo8s/yolo8s_openvino_2022.1_5shave.blob
[1.736s] -- Up-to-date symlink: /home/dev_computer/dai_ws/install/depthai_ros_driver/share/depthai_ros_driver/config/oak_d_pro_w.yaml
[1.736s] -- Up-to-date symlink: /home/dev_computer/dai_ws/install/depthai_ros_driver/share/depthai_ros_driver/config/oak_d_sr.yaml
[1.736s] -- Up-to-date symlink: /home/dev_computer/dai_ws/install/depthai_ros_driver/share/depthai_ros_driver/config/oak_t.yaml
[1.736s] -- Up-to-date symlink: /home/dev_computer/dai_ws/install/depthai_ros_driver/share/depthai_ros_driver/config/pcl.yaml
[1.736s] -- Up-to-date symlink: /home/dev_computer/dai_ws/install/depthai_ros_driver/share/depthai_ros_driver/config/rgbd.yaml
[1.736s] -- Up-to-date symlink: /home/dev_computer/dai_ws/install/depthai_ros_driver/share/depthai_ros_driver/config/rviz/multicam.rviz
[1.736s] -- Up-to-date symlink: /home/dev_computer/dai_ws/install/depthai_ros_driver/share/depthai_ros_driver/config/rviz/rgbd.rviz
[1.737s] -- Up-to-date symlink: /home/dev_computer/dai_ws/install/depthai_ros_driver/share/depthai_ros_driver/config/rviz/segmentation.rviz
[1.737s] -- Up-to-date symlink: /home/dev_computer/dai_ws/install/depthai_ros_driver/share/depthai_ros_driver/config/segmentation.yaml
[1.737s] -- Up-to-date symlink: /home/dev_computer/dai_ws/install/depthai_ros_driver/share/depthai_ros_driver/config/spatial_yolo.yaml
[1.737s] -- Up-to-date symlink: /home/dev_computer/dai_ws/install/depthai_ros_driver/share/depthai_ros_driver/config/sr_poe_rgbd.yaml
[1.737s] -- Up-to-date symlink: /home/dev_computer/dai_ws/install/depthai_ros_driver/share/depthai_ros_driver/config/sr_rgbd.yaml
[1.737s] -- Up-to-date symlink: /home/dev_computer/dai_ws/install/depthai_ros_driver/share/depthai_ros_driver/config/stereo_from_rosbag.yaml
[1.737s] -- Up-to-date symlink: /home/dev_computer/dai_ws/install/depthai_ros_driver/lib/depthai_ros_driver/camera_node
[1.737s] -- Up-to-date symlink: /home/dev_computer/dai_ws/install/depthai_ros_driver/share/depthai_ros_driver/environment/pythonpath.sh
[1.738s] -- Up-to-date symlink: /home/dev_computer/dai_ws/install/depthai_ros_driver/share/depthai_ros_driver/environment/pythonpath.dsv
[1.738s] -- Up-to-date symlink: /home/dev_computer/dai_ws/install/depthai_ros_driver/lib/python3.12/site-packages/depthai_ros_driver-2.11.2-py3.12.egg-info/PKG-INFO
[1.738s] -- Up-to-date symlink: /home/dev_computer/dai_ws/install/depthai_ros_driver/lib/python3.12/site-packages/depthai_ros_driver-2.11.2-py3.12.egg-info/SOURCES.txt
[1.738s] -- Up-to-date symlink: /home/dev_computer/dai_ws/install/depthai_ros_driver/lib/python3.12/site-packages/depthai_ros_driver-2.11.2-py3.12.egg-info/dependency_links.txt
[1.738s] -- Up-to-date symlink: /home/dev_computer/dai_ws/install/depthai_ros_driver/lib/python3.12/site-packages/depthai_ros_driver-2.11.2-py3.12.egg-info/top_level.txt
[1.739s] -- Up-to-date symlink: /home/dev_computer/dai_ws/install/depthai_ros_driver/lib/python3.12/site-packages/depthai_ros_driver/__init__.py
[1.739s] -- Up-to-date symlink: /home/dev_computer/dai_ws/install/depthai_ros_driver/lib/depthai_ros_driver/obj_pub.py
[1.739s] -- Up-to-date symlink: /home/dev_computer/dai_ws/install/depthai_ros_driver/include/depthai_ros_driver/camera.hpp
[1.739s] -- Up-to-date symlink: /home/dev_computer/dai_ws/install/depthai_ros_driver/include/depthai_ros_driver/dai_nodes/base_node.hpp
[1.740s] -- Up-to-date symlink: /home/dev_computer/dai_ws/install/depthai_ros_driver/include/depthai_ros_driver/dai_nodes/nn/detection.hpp
[1.740s] -- Up-to-date symlink: /home/dev_computer/dai_ws/install/depthai_ros_driver/include/depthai_ros_driver/dai_nodes/nn/nn_helpers.hpp
[1.740s] -- Up-to-date symlink: /home/dev_computer/dai_ws/install/depthai_ros_driver/include/depthai_ros_driver/dai_nodes/nn/nn_wrapper.hpp
[1.740s] -- Up-to-date symlink: /home/dev_computer/dai_ws/install/depthai_ros_driver/include/depthai_ros_driver/dai_nodes/nn/segmentation.hpp
[1.740s] -- Up-to-date symlink: /home/dev_computer/dai_ws/install/depthai_ros_driver/include/depthai_ros_driver/dai_nodes/nn/spatial_detection.hpp
[1.740s] -- Up-to-date symlink: /home/dev_computer/dai_ws/install/depthai_ros_driver/include/depthai_ros_driver/dai_nodes/nn/spatial_nn_wrapper.hpp
[1.740s] -- Up-to-date symlink: /home/dev_computer/dai_ws/install/depthai_ros_driver/include/depthai_ros_driver/dai_nodes/sensors/feature_tracker.hpp
[1.740s] -- Up-to-date symlink: /home/dev_computer/dai_ws/install/depthai_ros_driver/include/depthai_ros_driver/dai_nodes/sensors/img_pub.hpp
[1.740s] -- Up-to-date symlink: /home/dev_computer/dai_ws/install/depthai_ros_driver/include/depthai_ros_driver/dai_nodes/sensors/imu.hpp
[1.740s] -- Up-to-date symlink: /home/dev_computer/dai_ws/install/depthai_ros_driver/include/depthai_ros_driver/dai_nodes/sensors/mono.hpp
[1.741s] -- Up-to-date symlink: /home/dev_computer/dai_ws/install/depthai_ros_driver/include/depthai_ros_driver/dai_nodes/sensors/rgb.hpp
[1.741s] -- Up-to-date symlink: /home/dev_computer/dai_ws/install/depthai_ros_driver/include/depthai_ros_driver/dai_nodes/sensors/sensor_helpers.hpp
[1.741s] -- Up-to-date symlink: /home/dev_computer/dai_ws/install/depthai_ros_driver/include/depthai_ros_driver/dai_nodes/sensors/sensor_wrapper.hpp
[1.741s] -- Up-to-date symlink: /home/dev_computer/dai_ws/install/depthai_ros_driver/include/depthai_ros_driver/dai_nodes/sensors/stereo.hpp
[1.741s] -- Up-to-date symlink: /home/dev_computer/dai_ws/install/depthai_ros_driver/include/depthai_ros_driver/dai_nodes/sensors/sync.hpp
[1.741s] -- Up-to-date symlink: /home/dev_computer/dai_ws/install/depthai_ros_driver/include/depthai_ros_driver/dai_nodes/sensors/thermal.hpp
[1.741s] -- Up-to-date symlink: /home/dev_computer/dai_ws/install/depthai_ros_driver/include/depthai_ros_driver/dai_nodes/sensors/tof.hpp
[1.741s] -- Up-to-date symlink: /home/dev_computer/dai_ws/install/depthai_ros_driver/include/depthai_ros_driver/dai_nodes/stereo.hpp
[1.741s] -- Up-to-date symlink: /home/dev_computer/dai_ws/install/depthai_ros_driver/include/depthai_ros_driver/dai_nodes/sys_logger.hpp
[1.741s] -- Up-to-date symlink: /home/dev_computer/dai_ws/install/depthai_ros_driver/include/depthai_ros_driver/param_handlers/base_param_handler.hpp
[1.742s] -- Up-to-date symlink: /home/dev_computer/dai_ws/install/depthai_ros_driver/include/depthai_ros_driver/param_handlers/camera_param_handler.hpp
[1.742s] -- Up-to-date symlink: /home/dev_computer/dai_ws/install/depthai_ros_driver/include/depthai_ros_driver/param_handlers/feature_tracker_param_handler.hpp
[1.742s] -- Up-to-date symlink: /home/dev_computer/dai_ws/install/depthai_ros_driver/include/depthai_ros_driver/param_handlers/imu_param_handler.hpp
[1.742s] -- Up-to-date symlink: /home/dev_computer/dai_ws/install/depthai_ros_driver/include/depthai_ros_driver/param_handlers/nn_param_handler.hpp
[1.742s] -- Up-to-date symlink: /home/dev_computer/dai_ws/install/depthai_ros_driver/include/depthai_ros_driver/param_handlers/pipeline_gen_param_handler.hpp
[1.742s] -- Up-to-date symlink: /home/dev_computer/dai_ws/install/depthai_ros_driver/include/depthai_ros_driver/param_handlers/sensor_param_handler.hpp
[1.742s] -- Up-to-date symlink: /home/dev_computer/dai_ws/install/depthai_ros_driver/include/depthai_ros_driver/param_handlers/stereo_param_handler.hpp
[1.742s] -- Up-to-date symlink: /home/dev_computer/dai_ws/install/depthai_ros_driver/include/depthai_ros_driver/param_handlers/sync_param_handler.hpp
[1.742s] -- Up-to-date symlink: /home/dev_computer/dai_ws/install/depthai_ros_driver/include/depthai_ros_driver/param_handlers/tof_param_handler.hpp
[1.742s] -- Up-to-date symlink: /home/dev_computer/dai_ws/install/depthai_ros_driver/include/depthai_ros_driver/pipeline/base_pipeline.hpp
[1.743s] -- Up-to-date symlink: /home/dev_computer/dai_ws/install/depthai_ros_driver/include/depthai_ros_driver/pipeline/base_types.hpp
[1.743s] -- Up-to-date symlink: /home/dev_computer/dai_ws/install/depthai_ros_driver/include/depthai_ros_driver/pipeline/pipeline_generator.hpp
[1.743s] -- Up-to-date symlink: /home/dev_computer/dai_ws/install/depthai_ros_driver/include/depthai_ros_driver/utils.hpp
[1.743s] -- Up-to-date symlink: /home/dev_computer/dai_ws/install/depthai_ros_driver/share/ament_index/resource_index/package_run_dependencies/depthai_ros_driver
[1.743s] -- Up-to-date symlink: /home/dev_computer/dai_ws/install/depthai_ros_driver/share/ament_index/resource_index/parent_prefix_path/depthai_ros_driver
[1.743s] -- Up-to-date symlink: /home/dev_computer/dai_ws/install/depthai_ros_driver/share/depthai_ros_driver/environment/ament_prefix_path.sh
[1.743s] -- Up-to-date symlink: /home/dev_computer/dai_ws/install/depthai_ros_driver/share/depthai_ros_driver/environment/ament_prefix_path.dsv
[1.744s] -- Up-to-date symlink: /home/dev_computer/dai_ws/install/depthai_ros_driver/share/depthai_ros_driver/environment/path.sh
[1.744s] -- Up-to-date symlink: /home/dev_computer/dai_ws/install/depthai_ros_driver/share/depthai_ros_driver/environment/path.dsv
[1.744s] -- Up-to-date symlink: /home/dev_computer/dai_ws/install/depthai_ros_driver/share/depthai_ros_driver/local_setup.bash
[1.744s] -- Up-to-date symlink: /home/dev_computer/dai_ws/install/depthai_ros_driver/share/depthai_ros_driver/local_setup.sh
[1.744s] -- Up-to-date symlink: /home/dev_computer/dai_ws/install/depthai_ros_driver/share/depthai_ros_driver/local_setup.zsh
[1.744s] -- Up-to-date symlink: /home/dev_computer/dai_ws/install/depthai_ros_driver/share/depthai_ros_driver/local_setup.dsv
[1.744s] -- Symlinking: /home/dev_computer/dai_ws/install/depthai_ros_driver/share/depthai_ros_driver/package.dsv
[1.754s] -- Up-to-date symlink: /home/dev_computer/dai_ws/install/depthai_ros_driver/share/ament_index/resource_index/packages/depthai_ros_driver
[1.755s] -- Up-to-date symlink: /home/dev_computer/dai_ws/install/depthai_ros_driver/share/ament_index/resource_index/depthai_ros_driver__pluginlib__plugin/depthai_ros_driver
[1.755s] -- Up-to-date symlink: /home/dev_computer/dai_ws/install/depthai_ros_driver/share/ament_index/resource_index/rclcpp_components/depthai_ros_driver
[1.755s] -- Up-to-date symlink: /home/dev_computer/dai_ws/install/depthai_ros_driver/share/depthai_ros_driver/cmake/ament_cmake_export_include_directories-extras.cmake
[1.755s] -- Up-to-date symlink: /home/dev_computer/dai_ws/install/depthai_ros_driver/share/depthai_ros_driver/cmake/ament_cmake_export_targets-extras.cmake
[1.755s] -- Up-to-date symlink: /home/dev_computer/dai_ws/install/depthai_ros_driver/share/depthai_ros_driver/cmake/ament_cmake_export_libraries-extras.cmake
[1.755s] -- Up-to-date symlink: /home/dev_computer/dai_ws/install/depthai_ros_driver/share/depthai_ros_driver/cmake/ament_cmake_export_dependencies-extras.cmake
[1.755s] -- Up-to-date symlink: /home/dev_computer/dai_ws/install/depthai_ros_driver/share/depthai_ros_driver/cmake/depthai_ros_driverConfig.cmake
[1.756s] -- Up-to-date symlink: /home/dev_computer/dai_ws/install/depthai_ros_driver/share/depthai_ros_driver/cmake/depthai_ros_driverConfig-version.cmake
[1.756s] -- Up-to-date symlink: /home/dev_computer/dai_ws/install/depthai_ros_driver/share/depthai_ros_driver/package.xml
[1.756s] -- Up-to-date: /home/dev_computer/dai_ws/install/depthai_ros_driver/lib/libdepthai_ros_driver.so
[1.756s] -- Up-to-date: /home/dev_computer/dai_ws/install/depthai_ros_driver/lib/libdepthai_ros_driver_sensor_nodes.so
[1.756s] -- Up-to-date: /home/dev_computer/dai_ws/install/depthai_ros_driver/lib/libdepthai_ros_driver_nn_nodes.so
[1.757s] -- Up-to-date: /home/dev_computer/dai_ws/install/depthai_ros_driver/lib/libdepthai_ros_driver_common.so
[1.757s] -- Up-to-date: /home/dev_computer/dai_ws/install/depthai_ros_driver/share/depthai_ros_driver/cmake/depthai_ros_driverTargets.cmake
[1.757s] -- Up-to-date: /home/dev_computer/dai_ws/install/depthai_ros_driver/share/depthai_ros_driver/cmake/depthai_ros_driverTargets-noconfig.cmake
[1.798s] Listing '/home/dev_computer/dai_ws/install/depthai_ros_driver/lib/python3.12/site-packages/depthai_ros_driver'...
[1.804s] -- Up-to-date: /home/dev_computer/dai_ws/install/depthai_ros_driver/share/depthai_ros_driver/cmake/depthai_ros_driverTargetsExport.cmake
[1.804s] -- Up-to-date: /home/dev_computer/dai_ws/install/depthai_ros_driver/share/depthai_ros_driver/cmake/depthai_ros_driverTargetsExport-noconfig.cmake
[1.806s] Invoked command in '/home/dev_computer/dai_ws/build/depthai_ros_driver' returned '0': CMAKE_PREFIX_PATH=/home/dev_computer/dai_ws/install/depthai_bridge:/home/dev_computer/dai_ws/install/depthai_ros_msgs:/home/dev_computer/dai_ws/install/depthai_descriptions:/home/dev_computer/dai_ws/install/depthai-ros:/home/dev_computer/dai_ws/install/depthai_ros_driver:/home/dev_computer/dai_ws/install/depthai_filters:/opt/ros/jazzy/opt/gz_sim_vendor:/opt/ros/jazzy/opt/gz_sensors_vendor:/opt/ros/jazzy/opt/gz_physics_vendor:/opt/ros/jazzy/opt/sdformat_vendor:/opt/ros/jazzy/opt/gz_gui_vendor:/opt/ros/jazzy/opt/gz_transport_vendor:/opt/ros/jazzy/opt/gz_rendering_vendor:/opt/ros/jazzy/opt/gz_plugin_vendor:/opt/ros/jazzy/opt/gz_fuel_tools_vendor:/opt/ros/jazzy/opt/gz_msgs_vendor:/opt/ros/jazzy/opt/gz_common_vendor:/opt/ros/jazzy/opt/gz_math_vendor:/opt/ros/jazzy/opt/gz_utils_vendor:/opt/ros/jazzy/opt/gz_tools_vendor:/opt/ros/jazzy/opt/gz_ogre_next_vendor:/opt/ros/jazzy/opt/gz_dartsim_vendor:/opt/ros/jazzy/opt/gz_cmake_vendor:/home/dev_computer/dai_ws/install/spatial_detector:/home/dev_computer/dai_ws/install/detector_subscriber:/home/dev_computer/dai_ws/install/detector:/opt/ros/jazzy DEBUGINFOD_URLS=https://debuginfod.ubuntu.com GAZEBO_MODEL_PATH=/home/dev_computer/dai_ws/install/depthai_descriptions:${GAZEBO_MODEL_PATH} GAZEBO_RESOURCE_PATH=/home/dev_computer/dai_ws/install/depthai_descriptions:${GAZEBO_RESOURCE_PATH} IGN_GAZEBO_MODEL_PATH=/home/dev_computer/dai_ws/install/depthai_descriptions:${IGN_GAZEBO_MODEL_PATH} IGN_GAZEBO_RESOURCE_PATH=/home/dev_computer/dai_ws/install/depthai_descriptions:${IGN_GAZEBO_RESOURCE_PATH} LD_LIBRARY_PATH=/home/dev_computer/dai_ws/install/depthai_bridge/lib:/home/dev_computer/dai_ws/install/depthai_ros_msgs/lib:/home/dev_computer/dai_ws/install/depthai_ros_driver/lib:/home/dev_computer/dai_ws/install/depthai_filters/lib:/opt/ros/jazzy/opt/gz_sim_vendor/lib:/opt/ros/jazzy/opt/gz_sensors_vendor/lib:/opt/ros/jazzy/opt/gz_physics_vendor/lib:/opt/ros/jazzy/opt/sdformat_vendor/lib:/opt/ros/jazzy/opt/rviz_ogre_vendor/lib:/opt/ros/jazzy/lib/x86_64-linux-gnu:/opt/ros/jazzy/opt/gz_gui_vendor/lib:/opt/ros/jazzy/opt/gz_transport_vendor/lib:/opt/ros/jazzy/opt/gz_rendering_vendor/lib:/opt/ros/jazzy/opt/gz_plugin_vendor/lib:/opt/ros/jazzy/opt/gz_fuel_tools_vendor/lib:/opt/ros/jazzy/opt/gz_msgs_vendor/lib:/opt/ros/jazzy/opt/gz_common_vendor/lib:/opt/ros/jazzy/opt/gz_math_vendor/lib:/opt/ros/jazzy/opt/gz_utils_vendor/lib:/opt/ros/jazzy/opt/gz_tools_vendor/lib:/opt/ros/jazzy/opt/gz_ogre_next_vendor/lib:/opt/ros/jazzy/opt/gz_dartsim_vendor/lib:/opt/ros/jazzy/opt/gz_cmake_vendor/lib:/opt/ros/jazzy/lib PYTHONPATH=/home/dev_computer/dai_ws/install/depthai_ros_msgs/lib/python3.12/site-packages:/home/dev_computer/dai_ws/build/spatial_detector:/home/dev_computer/dai_ws/install/spatial_detector/lib/python3.12/site-packages:/home/dev_computer/dai_ws/build/detector_subscriber:/home/dev_computer/dai_ws/install/detector_subscriber/lib/python3.12/site-packages:/home/dev_computer/dai_ws/build/detector:/home/dev_computer/dai_ws/install/detector/lib/python3.12/site-packages:/home/dev_computer/dai_ws/install/depthai_ros_driver/lib/python3.12/site-packages:/opt/ros/jazzy/lib/python3.12/site-packages /usr/bin/cmake --install /home/dev_computer/dai_ws/build/depthai_ros_driver
