[0.041s] Invoking command in '/home/dev_computer/dai_ws/build/depthai_descriptions': CMAKE_PREFIX_PATH=${CMAKE_PREFIX_PATH}:/home/dev_computer/dai_ws/install/spatial_detector:/home/dev_computer/dai_ws/install/detector_subscriber:/home/dev_computer/dai_ws/install/detector:/opt/ros/jazzy DEBUGINFOD_URLS=https://debuginfod.ubuntu.com /usr/bin/cmake --build /home/dev_computer/dai_ws/build/depthai_descriptions -- -j8 -l8
[0.499s] Invoked command in '/home/dev_computer/dai_ws/build/depthai_descriptions' returned '0': CMAKE_PREFIX_PATH=${CMAKE_PREFIX_PATH}:/home/dev_computer/dai_ws/install/spatial_detector:/home/dev_computer/dai_ws/install/detector_subscriber:/home/dev_computer/dai_ws/install/detector:/opt/ros/jazzy DEBUGINFOD_URLS=https://debuginfod.ubuntu.com /usr/bin/cmake --build /home/dev_computer/dai_ws/build/depthai_descriptions -- -j8 -l8
[0.514s] Invoking command in '/home/dev_computer/dai_ws/build/depthai_descriptions': CMAKE_PREFIX_PATH=${CMAKE_PREFIX_PATH}:/home/dev_computer/dai_ws/install/spatial_detector:/home/dev_computer/dai_ws/install/detector_subscriber:/home/dev_computer/dai_ws/install/detector:/opt/ros/jazzy DEBUGINFOD_URLS=https://debuginfod.ubuntu.com /usr/bin/cmake --install /home/dev_computer/dai_ws/build/depthai_descriptions
[0.905s] -- Install configuration: ""
[0.906s] -- Execute custom install script
[0.906s] -- Up-to-date symlink: /home/dev_computer/dai_ws/install/depthai_descriptions/share/depthai_descriptions/urdf/base_descr.urdf.xacro
[0.906s] -- Up-to-date symlink: /home/dev_computer/dai_ws/install/depthai_descriptions/share/depthai_descriptions/urdf/depthai_descr.urdf.xacro
[0.906s] -- Up-to-date symlink: /home/dev_computer/dai_ws/install/depthai_descriptions/share/depthai_descriptions/urdf/include/base_macro.urdf.xacro
[0.906s] -- Up-to-date symlink: /home/dev_computer/dai_ws/install/depthai_descriptions/share/depthai_descriptions/urdf/include/depthai_macro.urdf.xacro
[0.907s] -- Up-to-date symlink: /home/dev_computer/dai_ws/install/depthai_descriptions/share/depthai_descriptions/urdf/models/OAK-D-CM4-POE.stl
[0.907s] -- Up-to-date symlink: /home/dev_computer/dai_ws/install/depthai_descriptions/share/depthai_descriptions/urdf/models/OAK-D-IOT-75.stl
[0.907s] -- Up-to-date symlink: /home/dev_computer/dai_ws/install/depthai_descriptions/share/depthai_descriptions/urdf/models/OAK-D-LITE.stl
[0.907s] -- Up-to-date symlink: /home/dev_computer/dai_ws/install/depthai_descriptions/share/depthai_descriptions/urdf/models/OAK-D-LR.stl
[0.907s] -- Up-to-date symlink: /home/dev_computer/dai_ws/install/depthai_descriptions/share/depthai_descriptions/urdf/models/OAK-D-POE.stl
[0.907s] -- Up-to-date symlink: /home/dev_computer/dai_ws/install/depthai_descriptions/share/depthai_descriptions/urdf/models/OAK-D-PRO-W.stl
[0.907s] -- Up-to-date symlink: /home/dev_computer/dai_ws/install/depthai_descriptions/share/depthai_descriptions/urdf/models/OAK-D-PRO.stl
[0.907s] -- Up-to-date symlink: /home/dev_computer/dai_ws/install/depthai_descriptions/share/depthai_descriptions/urdf/models/OAK-D-S2-POE.stl
[0.907s] -- Up-to-date symlink: /home/dev_computer/dai_ws/install/depthai_descriptions/share/depthai_descriptions/urdf/models/OAK-D-S2.stl
[0.908s] -- Up-to-date symlink: /home/dev_computer/dai_ws/install/depthai_descriptions/share/depthai_descriptions/urdf/models/OAK-D-SR-POE.stl
[0.908s] -- Up-to-date symlink: /home/dev_computer/dai_ws/install/depthai_descriptions/share/depthai_descriptions/urdf/models/OAK-D-SR.stl
[0.908s] -- Up-to-date symlink: /home/dev_computer/dai_ws/install/depthai_descriptions/share/depthai_descriptions/urdf/models/OAK-D.stl
[0.908s] -- Up-to-date symlink: /home/dev_computer/dai_ws/install/depthai_descriptions/share/depthai_descriptions/urdf/models/OAK-T.stl
[0.908s] -- Up-to-date symlink: /home/dev_computer/dai_ws/install/depthai_descriptions/share/depthai_descriptions/environment/depthai_descriptions.sh
[0.908s] -- Up-to-date symlink: /home/dev_computer/dai_ws/install/depthai_descriptions/share/depthai_descriptions/environment/depthai_descriptions.dsv
[0.908s] -- Up-to-date symlink: /home/dev_computer/dai_ws/install/depthai_descriptions/share/ament_index/resource_index/package_run_dependencies/depthai_descriptions
[0.909s] -- Up-to-date symlink: /home/dev_computer/dai_ws/install/depthai_descriptions/share/ament_index/resource_index/parent_prefix_path/depthai_descriptions
[0.909s] -- Up-to-date symlink: /home/dev_computer/dai_ws/install/depthai_descriptions/share/depthai_descriptions/environment/ament_prefix_path.sh
[0.909s] -- Up-to-date symlink: /home/dev_computer/dai_ws/install/depthai_descriptions/share/depthai_descriptions/environment/ament_prefix_path.dsv
[0.909s] -- Up-to-date symlink: /home/dev_computer/dai_ws/install/depthai_descriptions/share/depthai_descriptions/environment/path.sh
[0.909s] -- Up-to-date symlink: /home/dev_computer/dai_ws/install/depthai_descriptions/share/depthai_descriptions/environment/path.dsv
[0.909s] -- Up-to-date symlink: /home/dev_computer/dai_ws/install/depthai_descriptions/share/depthai_descriptions/local_setup.bash
[0.909s] -- Up-to-date symlink: /home/dev_computer/dai_ws/install/depthai_descriptions/share/depthai_descriptions/local_setup.sh
[0.909s] -- Up-to-date symlink: /home/dev_computer/dai_ws/install/depthai_descriptions/share/depthai_descriptions/local_setup.zsh
[0.909s] -- Up-to-date symlink: /home/dev_computer/dai_ws/install/depthai_descriptions/share/depthai_descriptions/local_setup.dsv
[0.910s] -- Symlinking: /home/dev_computer/dai_ws/install/depthai_descriptions/share/depthai_descriptions/package.dsv
[0.910s] -- Up-to-date symlink: /home/dev_computer/dai_ws/install/depthai_descriptions/share/ament_index/resource_index/packages/depthai_descriptions
[0.910s] -- Up-to-date symlink: /home/dev_computer/dai_ws/install/depthai_descriptions/share/depthai_descriptions/cmake/depthai_descriptionsConfig.cmake
[0.910s] -- Up-to-date symlink: /home/dev_computer/dai_ws/install/depthai_descriptions/share/depthai_descriptions/cmake/depthai_descriptionsConfig-version.cmake
[0.910s] -- Up-to-date symlink: /home/dev_computer/dai_ws/install/depthai_descriptions/share/depthai_descriptions/package.xml
[0.910s] -- Up-to-date: /home/dev_computer/dai_ws/install/depthai_descriptions/share/depthai_descriptions/launch
[0.910s] -- Up-to-date: /home/dev_computer/dai_ws/install/depthai_descriptions/share/depthai_descriptions/launch/urdf_launch.py
[0.913s] Invoked command in '/home/dev_computer/dai_ws/build/depthai_descriptions' returned '0': CMAKE_PREFIX_PATH=${CMAKE_PREFIX_PATH}:/home/dev_computer/dai_ws/install/spatial_detector:/home/dev_computer/dai_ws/install/detector_subscriber:/home/dev_computer/dai_ws/install/detector:/opt/ros/jazzy DEBUGINFOD_URLS=https://debuginfod.ubuntu.com /usr/bin/cmake --install /home/dev_computer/dai_ws/build/depthai_descriptions
