[0.060s] Invoking command in '/home/dev_computer/dai_ws/build/depthai_ros_msgs': CMAKE_PREFIX_PATH=${CMAKE_PREFIX_PATH}:/home/dev_computer/dai_ws/install/spatial_detector:/home/dev_computer/dai_ws/install/detector_subscriber:/home/dev_computer/dai_ws/install/detector:/opt/ros/jazzy DEBUGINFOD_URLS=https://debuginfod.ubuntu.com /usr/bin/cmake /home/dev_computer/dai_ws/src/depthai-ros/depthai_ros_msgs -DAMENT_CMAKE_SYMLINK_INSTALL=1 -DCMAKE_INSTALL_PREFIX=/home/dev_computer/dai_ws/install/depthai_ros_msgs
[0.114s] -- Found ament_cmake: 2.5.3 (/opt/ros/jazzy/share/ament_cmake/cmake)
[0.221s] -- Found Python3: /usr/bin/python3 (found version "3.12.3") found components: Interpreter 
[0.395s] -- Override CMake install command with custom implementation using symlinks instead of copying resources
[0.405s] -- ------------------------------------------
[0.405s] -- Depthai ROS MSGS/INTERFACES is being built using AMENT.
[0.405s] -- ------------------------------------------
[0.406s] -- Found geometry_msgs: 5.3.6 (/opt/ros/jazzy/share/geometry_msgs/cmake)
[0.448s] -- Found rosidl_generator_c: 4.6.5 (/opt/ros/jazzy/share/rosidl_generator_c/cmake)
[0.463s] -- Found rosidl_generator_cpp: 4.6.5 (/opt/ros/jazzy/share/rosidl_generator_cpp/cmake)
[0.483s] -- Using all available rosidl_typesupport_c: rosidl_typesupport_fastrtps_c;rosidl_typesupport_introspection_c
[0.506s] -- Using all available rosidl_typesupport_cpp: rosidl_typesupport_fastrtps_cpp;rosidl_typesupport_introspection_cpp
[0.574s] -- Found vision_msgs: 4.1.1 (/opt/ros/jazzy/share/vision_msgs/cmake)
[0.603s] -- Found sensor_msgs: 5.3.6 (/opt/ros/jazzy/share/sensor_msgs/cmake)
[0.655s] -- Found rosidl_default_generators: 1.6.0 (/opt/ros/jazzy/share/rosidl_default_generators/cmake)
[0.668s] -- Found rosidl_adapter: 4.6.5 (/opt/ros/jazzy/share/rosidl_adapter/cmake)
[1.312s] -- Found ament_cmake_ros: 0.12.0 (/opt/ros/jazzy/share/ament_cmake_ros/cmake)
[1.918s] -- Using all available rosidl_typesupport_c: rosidl_typesupport_fastrtps_c;rosidl_typesupport_introspection_c
[2.151s] -- Using all available rosidl_typesupport_cpp: rosidl_typesupport_fastrtps_cpp;rosidl_typesupport_introspection_cpp
[2.153s] -- Found python_cmake_module: 0.11.1 (/opt/ros/jazzy/share/python_cmake_module/cmake)
[2.611s] -- Found Python3: /usr/bin/python3 (found version "3.12.3") found components: Interpreter Development NumPy Development.Module Development.Embed 
[2.731s] -- Configuring done (2.6s)
[2.830s] -- Generating done (0.1s)
[2.850s] -- Build files have been written to: /home/dev_computer/dai_ws/build/depthai_ros_msgs
[2.862s] Invoked command in '/home/dev_computer/dai_ws/build/depthai_ros_msgs' returned '0': CMAKE_PREFIX_PATH=${CMAKE_PREFIX_PATH}:/home/dev_computer/dai_ws/install/spatial_detector:/home/dev_computer/dai_ws/install/detector_subscriber:/home/dev_computer/dai_ws/install/detector:/opt/ros/jazzy DEBUGINFOD_URLS=https://debuginfod.ubuntu.com /usr/bin/cmake /home/dev_computer/dai_ws/src/depthai-ros/depthai_ros_msgs -DAMENT_CMAKE_SYMLINK_INSTALL=1 -DCMAKE_INSTALL_PREFIX=/home/dev_computer/dai_ws/install/depthai_ros_msgs
[2.864s] Invoking command in '/home/dev_computer/dai_ws/build/depthai_ros_msgs': CMAKE_PREFIX_PATH=${CMAKE_PREFIX_PATH}:/home/dev_computer/dai_ws/install/spatial_detector:/home/dev_computer/dai_ws/install/detector_subscriber:/home/dev_computer/dai_ws/install/detector:/opt/ros/jazzy DEBUGINFOD_URLS=https://debuginfod.ubuntu.com /usr/bin/cmake --build /home/dev_computer/dai_ws/build/depthai_ros_msgs -- -j8 -l8
[2.943s] [  1%] Built target depthai_ros_msgs__rosidl_generator_type_description
[2.956s] [  1%] Built target ament_cmake_python_symlink_depthai_ros_msgs
[2.977s] [  1%] Built target depthai_ros_msgs__cpp
[3.005s] [ 27%] Built target depthai_ros_msgs__rosidl_generator_c
[3.051s] [ 37%] Built target depthai_ros_msgs__rosidl_typesupport_c
[3.069s] [ 47%] Built target depthai_ros_msgs__rosidl_typesupport_introspection_c
[3.078s] [ 59%] Built target depthai_ros_msgs__rosidl_typesupport_cpp
[3.078s] [ 65%] Built target depthai_ros_msgs__rosidl_typesupport_introspection_cpp
[3.082s] [ 75%] Built target depthai_ros_msgs__rosidl_typesupport_fastrtps_c
[3.089s] [ 85%] Built target depthai_ros_msgs__rosidl_typesupport_fastrtps_cpp
[3.120s] [ 85%] Built target depthai_ros_msgs
[3.152s] [ 86%] Built target depthai_ros_msgs__py
[3.208s] [ 95%] Built target depthai_ros_msgs__rosidl_generator_py
[3.243s] [100%] Built target depthai_ros_msgs_s__rosidl_typesupport_fastrtps_c
[3.243s] [100%] Built target depthai_ros_msgs_s__rosidl_typesupport_introspection_c
[3.243s] [100%] Built target depthai_ros_msgs_s__rosidl_typesupport_c
[3.362s] running egg_info
[3.398s] writing depthai_ros_msgs.egg-info/PKG-INFO
[3.398s] writing dependency_links to depthai_ros_msgs.egg-info/dependency_links.txt
[3.398s] writing top-level names to depthai_ros_msgs.egg-info/top_level.txt
[3.500s] reading manifest file 'depthai_ros_msgs.egg-info/SOURCES.txt'
[3.501s] writing manifest file 'depthai_ros_msgs.egg-info/SOURCES.txt'
[3.539s] [100%] Built target ament_cmake_python_build_depthai_ros_msgs_egg
[3.557s] Invoked command in '/home/dev_computer/dai_ws/build/depthai_ros_msgs' returned '0': CMAKE_PREFIX_PATH=${CMAKE_PREFIX_PATH}:/home/dev_computer/dai_ws/install/spatial_detector:/home/dev_computer/dai_ws/install/detector_subscriber:/home/dev_computer/dai_ws/install/detector:/opt/ros/jazzy DEBUGINFOD_URLS=https://debuginfod.ubuntu.com /usr/bin/cmake --build /home/dev_computer/dai_ws/build/depthai_ros_msgs -- -j8 -l8
[3.559s] Invoking command in '/home/dev_computer/dai_ws/build/depthai_ros_msgs': CMAKE_PREFIX_PATH=${CMAKE_PREFIX_PATH}:/home/dev_computer/dai_ws/install/spatial_detector:/home/dev_computer/dai_ws/install/detector_subscriber:/home/dev_computer/dai_ws/install/detector:/opt/ros/jazzy DEBUGINFOD_URLS=https://debuginfod.ubuntu.com /usr/bin/cmake --install /home/dev_computer/dai_ws/build/depthai_ros_msgs
[3.571s] -- Install configuration: ""
[3.572s] -- Execute custom install script
[3.572s] -- Up-to-date symlink: /home/dev_computer/dai_ws/install/depthai_ros_msgs/share/ament_index/resource_index/rosidl_interfaces/depthai_ros_msgs
[3.572s] -- Up-to-date symlink: /home/dev_computer/dai_ws/install/depthai_ros_msgs/share/depthai_ros_msgs/msg/AutoFocusCtrl.json
[3.573s] -- Up-to-date symlink: /home/dev_computer/dai_ws/install/depthai_ros_msgs/share/depthai_ros_msgs/msg/HandLandmark.json
[3.573s] -- Up-to-date symlink: /home/dev_computer/dai_ws/install/depthai_ros_msgs/share/depthai_ros_msgs/msg/HandLandmarkArray.json
[3.573s] -- Up-to-date symlink: /home/dev_computer/dai_ws/install/depthai_ros_msgs/share/depthai_ros_msgs/msg/ImuWithMagneticField.json
[3.574s] -- Up-to-date symlink: /home/dev_computer/dai_ws/install/depthai_ros_msgs/share/depthai_ros_msgs/msg/TrackedFeature.json
[3.574s] -- Up-to-date symlink: /home/dev_computer/dai_ws/install/depthai_ros_msgs/share/depthai_ros_msgs/msg/TrackedFeatures.json
[3.574s] -- Up-to-date symlink: /home/dev_computer/dai_ws/install/depthai_ros_msgs/share/depthai_ros_msgs/msg/SpatialDetection.json
[3.574s] -- Up-to-date symlink: /home/dev_computer/dai_ws/install/depthai_ros_msgs/share/depthai_ros_msgs/msg/SpatialDetectionArray.json
[3.574s] -- Up-to-date symlink: /home/dev_computer/dai_ws/install/depthai_ros_msgs/share/depthai_ros_msgs/msg/TrackDetection2D.json
[3.575s] -- Up-to-date symlink: /home/dev_computer/dai_ws/install/depthai_ros_msgs/share/depthai_ros_msgs/msg/TrackDetection2DArray.json
[3.575s] -- Up-to-date symlink: /home/dev_computer/dai_ws/install/depthai_ros_msgs/share/depthai_ros_msgs/srv/TriggerNamed.json
[3.575s] -- Up-to-date symlink: /home/dev_computer/dai_ws/install/depthai_ros_msgs/share/depthai_ros_msgs/srv/NormalizedImageCrop.json
[3.577s] -- Up-to-date symlink: /home/dev_computer/dai_ws/install/depthai_ros_msgs/include/depthai_ros_msgs/depthai_ros_msgs/msg/auto_focus_ctrl.h
[3.577s] -- Up-to-date symlink: /home/dev_computer/dai_ws/install/depthai_ros_msgs/include/depthai_ros_msgs/depthai_ros_msgs/msg/detail/auto_focus_ctrl__functions.h
[3.577s] -- Up-to-date symlink: /home/dev_computer/dai_ws/install/depthai_ros_msgs/include/depthai_ros_msgs/depthai_ros_msgs/msg/detail/auto_focus_ctrl__struct.h
[3.578s] -- Up-to-date symlink: /home/dev_computer/dai_ws/install/depthai_ros_msgs/include/depthai_ros_msgs/depthai_ros_msgs/msg/detail/auto_focus_ctrl__type_support.h
[3.578s] -- Up-to-date symlink: /home/dev_computer/dai_ws/install/depthai_ros_msgs/include/depthai_ros_msgs/depthai_ros_msgs/msg/detail/hand_landmark__functions.h
[3.578s] -- Up-to-date symlink: /home/dev_computer/dai_ws/install/depthai_ros_msgs/include/depthai_ros_msgs/depthai_ros_msgs/msg/detail/hand_landmark__struct.h
[3.578s] -- Up-to-date symlink: /home/dev_computer/dai_ws/install/depthai_ros_msgs/include/depthai_ros_msgs/depthai_ros_msgs/msg/detail/hand_landmark__type_support.h
[3.578s] -- Up-to-date symlink: /home/dev_computer/dai_ws/install/depthai_ros_msgs/include/depthai_ros_msgs/depthai_ros_msgs/msg/detail/hand_landmark_array__functions.h
[3.579s] -- Up-to-date symlink: /home/dev_computer/dai_ws/install/depthai_ros_msgs/include/depthai_ros_msgs/depthai_ros_msgs/msg/detail/hand_landmark_array__struct.h
[3.579s] -- Up-to-date symlink: /home/dev_computer/dai_ws/install/depthai_ros_msgs/include/depthai_ros_msgs/depthai_ros_msgs/msg/detail/hand_landmark_array__type_support.h
[3.579s] -- Up-to-date symlink: /home/dev_computer/dai_ws/install/depthai_ros_msgs/include/depthai_ros_msgs/depthai_ros_msgs/msg/detail/imu_with_magnetic_field__functions.h
[3.579s] -- Up-to-date symlink: /home/dev_computer/dai_ws/install/depthai_ros_msgs/include/depthai_ros_msgs/depthai_ros_msgs/msg/detail/imu_with_magnetic_field__struct.h
[3.579s] -- Up-to-date symlink: /home/dev_computer/dai_ws/install/depthai_ros_msgs/include/depthai_ros_msgs/depthai_ros_msgs/msg/detail/imu_with_magnetic_field__type_support.h
[3.579s] -- Up-to-date symlink: /home/dev_computer/dai_ws/install/depthai_ros_msgs/include/depthai_ros_msgs/depthai_ros_msgs/msg/detail/spatial_detection__functions.h
[3.580s] -- Up-to-date symlink: /home/dev_computer/dai_ws/install/depthai_ros_msgs/include/depthai_ros_msgs/depthai_ros_msgs/msg/detail/spatial_detection__struct.h
[3.580s] -- Up-to-date symlink: /home/dev_computer/dai_ws/install/depthai_ros_msgs/include/depthai_ros_msgs/depthai_ros_msgs/msg/detail/spatial_detection__type_support.h
[3.580s] -- Up-to-date symlink: /home/dev_computer/dai_ws/install/depthai_ros_msgs/include/depthai_ros_msgs/depthai_ros_msgs/msg/detail/spatial_detection_array__functions.h
[3.580s] -- Up-to-date symlink: /home/dev_computer/dai_ws/install/depthai_ros_msgs/include/depthai_ros_msgs/depthai_ros_msgs/msg/detail/spatial_detection_array__struct.h
[3.580s] -- Up-to-date symlink: /home/dev_computer/dai_ws/install/depthai_ros_msgs/include/depthai_ros_msgs/depthai_ros_msgs/msg/detail/spatial_detection_array__type_support.h
[3.581s] -- Up-to-date symlink: /home/dev_computer/dai_ws/install/depthai_ros_msgs/include/depthai_ros_msgs/depthai_ros_msgs/msg/detail/track_detection2_d__functions.h
[3.581s] -- Up-to-date symlink: /home/dev_computer/dai_ws/install/depthai_ros_msgs/include/depthai_ros_msgs/depthai_ros_msgs/msg/detail/track_detection2_d__struct.h
[3.581s] -- Up-to-date symlink: /home/dev_computer/dai_ws/install/depthai_ros_msgs/include/depthai_ros_msgs/depthai_ros_msgs/msg/detail/track_detection2_d__type_support.h
[3.581s] -- Up-to-date symlink: /home/dev_computer/dai_ws/install/depthai_ros_msgs/include/depthai_ros_msgs/depthai_ros_msgs/msg/detail/track_detection2_d_array__functions.h
[3.582s] -- Up-to-date symlink: /home/dev_computer/dai_ws/install/depthai_ros_msgs/include/depthai_ros_msgs/depthai_ros_msgs/msg/detail/track_detection2_d_array__struct.h
[3.582s] -- Up-to-date symlink: /home/dev_computer/dai_ws/install/depthai_ros_msgs/include/depthai_ros_msgs/depthai_ros_msgs/msg/detail/track_detection2_d_array__type_support.h
[3.582s] -- Up-to-date symlink: /home/dev_computer/dai_ws/install/depthai_ros_msgs/include/depthai_ros_msgs/depthai_ros_msgs/msg/detail/tracked_feature__functions.h
[3.583s] -- Up-to-date symlink: /home/dev_computer/dai_ws/install/depthai_ros_msgs/include/depthai_ros_msgs/depthai_ros_msgs/msg/detail/tracked_feature__struct.h
[3.583s] -- Up-to-date symlink: /home/dev_computer/dai_ws/install/depthai_ros_msgs/include/depthai_ros_msgs/depthai_ros_msgs/msg/detail/tracked_feature__type_support.h
[3.583s] -- Up-to-date symlink: /home/dev_computer/dai_ws/install/depthai_ros_msgs/include/depthai_ros_msgs/depthai_ros_msgs/msg/detail/tracked_features__functions.h
[3.583s] -- Up-to-date symlink: /home/dev_computer/dai_ws/install/depthai_ros_msgs/include/depthai_ros_msgs/depthai_ros_msgs/msg/detail/tracked_features__struct.h
[3.584s] -- Up-to-date symlink: /home/dev_computer/dai_ws/install/depthai_ros_msgs/include/depthai_ros_msgs/depthai_ros_msgs/msg/detail/tracked_features__type_support.h
[3.584s] -- Up-to-date symlink: /home/dev_computer/dai_ws/install/depthai_ros_msgs/include/depthai_ros_msgs/depthai_ros_msgs/msg/hand_landmark.h
[3.584s] -- Up-to-date symlink: /home/dev_computer/dai_ws/install/depthai_ros_msgs/include/depthai_ros_msgs/depthai_ros_msgs/msg/hand_landmark_array.h
[3.584s] -- Up-to-date symlink: /home/dev_computer/dai_ws/install/depthai_ros_msgs/include/depthai_ros_msgs/depthai_ros_msgs/msg/imu_with_magnetic_field.h
[3.584s] -- Up-to-date symlink: /home/dev_computer/dai_ws/install/depthai_ros_msgs/include/depthai_ros_msgs/depthai_ros_msgs/msg/rosidl_generator_c__visibility_control.h
[3.584s] -- Up-to-date symlink: /home/dev_computer/dai_ws/install/depthai_ros_msgs/include/depthai_ros_msgs/depthai_ros_msgs/msg/spatial_detection.h
[3.585s] -- Up-to-date symlink: /home/dev_computer/dai_ws/install/depthai_ros_msgs/include/depthai_ros_msgs/depthai_ros_msgs/msg/spatial_detection_array.h
[3.585s] -- Up-to-date symlink: /home/dev_computer/dai_ws/install/depthai_ros_msgs/include/depthai_ros_msgs/depthai_ros_msgs/msg/track_detection2_d.h
[3.585s] -- Up-to-date symlink: /home/dev_computer/dai_ws/install/depthai_ros_msgs/include/depthai_ros_msgs/depthai_ros_msgs/msg/track_detection2_d_array.h
[3.585s] -- Up-to-date symlink: /home/dev_computer/dai_ws/install/depthai_ros_msgs/include/depthai_ros_msgs/depthai_ros_msgs/msg/tracked_feature.h
[3.586s] -- Up-to-date symlink: /home/dev_computer/dai_ws/install/depthai_ros_msgs/include/depthai_ros_msgs/depthai_ros_msgs/msg/tracked_features.h
[3.586s] -- Up-to-date symlink: /home/dev_computer/dai_ws/install/depthai_ros_msgs/include/depthai_ros_msgs/depthai_ros_msgs/srv/detail/normalized_image_crop__functions.h
[3.586s] -- Up-to-date symlink: /home/dev_computer/dai_ws/install/depthai_ros_msgs/include/depthai_ros_msgs/depthai_ros_msgs/srv/detail/normalized_image_crop__struct.h
[3.586s] -- Up-to-date symlink: /home/dev_computer/dai_ws/install/depthai_ros_msgs/include/depthai_ros_msgs/depthai_ros_msgs/srv/detail/normalized_image_crop__type_support.h
[3.586s] -- Up-to-date symlink: /home/dev_computer/dai_ws/install/depthai_ros_msgs/include/depthai_ros_msgs/depthai_ros_msgs/srv/detail/trigger_named__functions.h
[3.587s] -- Up-to-date symlink: /home/dev_computer/dai_ws/install/depthai_ros_msgs/include/depthai_ros_msgs/depthai_ros_msgs/srv/detail/trigger_named__struct.h
[3.587s] -- Up-to-date symlink: /home/dev_computer/dai_ws/install/depthai_ros_msgs/include/depthai_ros_msgs/depthai_ros_msgs/srv/detail/trigger_named__type_support.h
[3.587s] -- Up-to-date symlink: /home/dev_computer/dai_ws/install/depthai_ros_msgs/include/depthai_ros_msgs/depthai_ros_msgs/srv/normalized_image_crop.h
[3.587s] -- Up-to-date symlink: /home/dev_computer/dai_ws/install/depthai_ros_msgs/include/depthai_ros_msgs/depthai_ros_msgs/srv/trigger_named.h
[3.587s] -- Up-to-date symlink: /home/dev_computer/dai_ws/install/depthai_ros_msgs/share/depthai_ros_msgs/environment/library_path.sh
[3.587s] -- Up-to-date symlink: /home/dev_computer/dai_ws/install/depthai_ros_msgs/share/depthai_ros_msgs/environment/library_path.dsv
[3.588s] -- Up-to-date symlink: /home/dev_computer/dai_ws/install/depthai_ros_msgs/include/depthai_ros_msgs/depthai_ros_msgs/msg/detail/auto_focus_ctrl__rosidl_typesupport_fastrtps_c.h
[3.588s] -- Up-to-date symlink: /home/dev_computer/dai_ws/install/depthai_ros_msgs/include/depthai_ros_msgs/depthai_ros_msgs/msg/detail/hand_landmark__rosidl_typesupport_fastrtps_c.h
[3.589s] -- Up-to-date symlink: /home/dev_computer/dai_ws/install/depthai_ros_msgs/include/depthai_ros_msgs/depthai_ros_msgs/msg/detail/hand_landmark_array__rosidl_typesupport_fastrtps_c.h
[3.589s] -- Up-to-date symlink: /home/dev_computer/dai_ws/install/depthai_ros_msgs/include/depthai_ros_msgs/depthai_ros_msgs/msg/detail/imu_with_magnetic_field__rosidl_typesupport_fastrtps_c.h
[3.589s] -- Up-to-date symlink: /home/dev_computer/dai_ws/install/depthai_ros_msgs/include/depthai_ros_msgs/depthai_ros_msgs/msg/detail/spatial_detection__rosidl_typesupport_fastrtps_c.h
[3.589s] -- Up-to-date symlink: /home/dev_computer/dai_ws/install/depthai_ros_msgs/include/depthai_ros_msgs/depthai_ros_msgs/msg/detail/spatial_detection_array__rosidl_typesupport_fastrtps_c.h
[3.590s] -- Up-to-date symlink: /home/dev_computer/dai_ws/install/depthai_ros_msgs/include/depthai_ros_msgs/depthai_ros_msgs/msg/detail/track_detection2_d__rosidl_typesupport_fastrtps_c.h
[3.590s] -- Up-to-date symlink: /home/dev_computer/dai_ws/install/depthai_ros_msgs/include/depthai_ros_msgs/depthai_ros_msgs/msg/detail/track_detection2_d_array__rosidl_typesupport_fastrtps_c.h
[3.590s] -- Up-to-date symlink: /home/dev_computer/dai_ws/install/depthai_ros_msgs/include/depthai_ros_msgs/depthai_ros_msgs/msg/detail/tracked_feature__rosidl_typesupport_fastrtps_c.h
[3.590s] -- Up-to-date symlink: /home/dev_computer/dai_ws/install/depthai_ros_msgs/include/depthai_ros_msgs/depthai_ros_msgs/msg/detail/tracked_features__rosidl_typesupport_fastrtps_c.h
[3.591s] -- Up-to-date symlink: /home/dev_computer/dai_ws/install/depthai_ros_msgs/include/depthai_ros_msgs/depthai_ros_msgs/msg/rosidl_typesupport_fastrtps_c__visibility_control.h
[3.591s] -- Up-to-date symlink: /home/dev_computer/dai_ws/install/depthai_ros_msgs/include/depthai_ros_msgs/depthai_ros_msgs/srv/detail/normalized_image_crop__rosidl_typesupport_fastrtps_c.h
[3.591s] -- Up-to-date symlink: /home/dev_computer/dai_ws/install/depthai_ros_msgs/include/depthai_ros_msgs/depthai_ros_msgs/srv/detail/trigger_named__rosidl_typesupport_fastrtps_c.h
[3.592s] -- Up-to-date symlink: /home/dev_computer/dai_ws/install/depthai_ros_msgs/include/depthai_ros_msgs/depthai_ros_msgs/msg/auto_focus_ctrl.hpp
[3.593s] -- Up-to-date symlink: /home/dev_computer/dai_ws/install/depthai_ros_msgs/include/depthai_ros_msgs/depthai_ros_msgs/msg/detail/auto_focus_ctrl__builder.hpp
[3.593s] -- Up-to-date symlink: /home/dev_computer/dai_ws/install/depthai_ros_msgs/include/depthai_ros_msgs/depthai_ros_msgs/msg/detail/auto_focus_ctrl__struct.hpp
[3.593s] -- Up-to-date symlink: /home/dev_computer/dai_ws/install/depthai_ros_msgs/include/depthai_ros_msgs/depthai_ros_msgs/msg/detail/auto_focus_ctrl__traits.hpp
[3.593s] -- Up-to-date symlink: /home/dev_computer/dai_ws/install/depthai_ros_msgs/include/depthai_ros_msgs/depthai_ros_msgs/msg/detail/auto_focus_ctrl__type_support.hpp
[3.594s] -- Up-to-date symlink: /home/dev_computer/dai_ws/install/depthai_ros_msgs/include/depthai_ros_msgs/depthai_ros_msgs/msg/detail/hand_landmark__builder.hpp
[3.594s] -- Up-to-date symlink: /home/dev_computer/dai_ws/install/depthai_ros_msgs/include/depthai_ros_msgs/depthai_ros_msgs/msg/detail/hand_landmark__struct.hpp
[3.594s] -- Up-to-date symlink: /home/dev_computer/dai_ws/install/depthai_ros_msgs/include/depthai_ros_msgs/depthai_ros_msgs/msg/detail/hand_landmark__traits.hpp
[3.595s] -- Up-to-date symlink: /home/dev_computer/dai_ws/install/depthai_ros_msgs/include/depthai_ros_msgs/depthai_ros_msgs/msg/detail/hand_landmark__type_support.hpp
[3.595s] -- Up-to-date symlink: /home/dev_computer/dai_ws/install/depthai_ros_msgs/include/depthai_ros_msgs/depthai_ros_msgs/msg/detail/hand_landmark_array__builder.hpp
[3.595s] -- Up-to-date symlink: /home/dev_computer/dai_ws/install/depthai_ros_msgs/include/depthai_ros_msgs/depthai_ros_msgs/msg/detail/hand_landmark_array__struct.hpp
[3.596s] -- Up-to-date symlink: /home/dev_computer/dai_ws/install/depthai_ros_msgs/include/depthai_ros_msgs/depthai_ros_msgs/msg/detail/hand_landmark_array__traits.hpp
[3.596s] -- Up-to-date symlink: /home/dev_computer/dai_ws/install/depthai_ros_msgs/include/depthai_ros_msgs/depthai_ros_msgs/msg/detail/hand_landmark_array__type_support.hpp
[3.596s] -- Up-to-date symlink: /home/dev_computer/dai_ws/install/depthai_ros_msgs/include/depthai_ros_msgs/depthai_ros_msgs/msg/detail/imu_with_magnetic_field__builder.hpp
[3.596s] -- Up-to-date symlink: /home/dev_computer/dai_ws/install/depthai_ros_msgs/include/depthai_ros_msgs/depthai_ros_msgs/msg/detail/imu_with_magnetic_field__struct.hpp
[3.597s] -- Up-to-date symlink: /home/dev_computer/dai_ws/install/depthai_ros_msgs/include/depthai_ros_msgs/depthai_ros_msgs/msg/detail/imu_with_magnetic_field__traits.hpp
[3.597s] -- Up-to-date symlink: /home/dev_computer/dai_ws/install/depthai_ros_msgs/include/depthai_ros_msgs/depthai_ros_msgs/msg/detail/imu_with_magnetic_field__type_support.hpp
[3.597s] -- Up-to-date symlink: /home/dev_computer/dai_ws/install/depthai_ros_msgs/include/depthai_ros_msgs/depthai_ros_msgs/msg/detail/spatial_detection__builder.hpp
[3.598s] -- Up-to-date symlink: /home/dev_computer/dai_ws/install/depthai_ros_msgs/include/depthai_ros_msgs/depthai_ros_msgs/msg/detail/spatial_detection__struct.hpp
[3.598s] -- Up-to-date symlink: /home/dev_computer/dai_ws/install/depthai_ros_msgs/include/depthai_ros_msgs/depthai_ros_msgs/msg/detail/spatial_detection__traits.hpp
[3.598s] -- Up-to-date symlink: /home/dev_computer/dai_ws/install/depthai_ros_msgs/include/depthai_ros_msgs/depthai_ros_msgs/msg/detail/spatial_detection__type_support.hpp
[3.598s] -- Up-to-date symlink: /home/dev_computer/dai_ws/install/depthai_ros_msgs/include/depthai_ros_msgs/depthai_ros_msgs/msg/detail/spatial_detection_array__builder.hpp
[3.599s] -- Up-to-date symlink: /home/dev_computer/dai_ws/install/depthai_ros_msgs/include/depthai_ros_msgs/depthai_ros_msgs/msg/detail/spatial_detection_array__struct.hpp
[3.599s] -- Up-to-date symlink: /home/dev_computer/dai_ws/install/depthai_ros_msgs/include/depthai_ros_msgs/depthai_ros_msgs/msg/detail/spatial_detection_array__traits.hpp
[3.599s] -- Up-to-date symlink: /home/dev_computer/dai_ws/install/depthai_ros_msgs/include/depthai_ros_msgs/depthai_ros_msgs/msg/detail/spatial_detection_array__type_support.hpp
[3.599s] -- Up-to-date symlink: /home/dev_computer/dai_ws/install/depthai_ros_msgs/include/depthai_ros_msgs/depthai_ros_msgs/msg/detail/track_detection2_d__builder.hpp
[3.600s] -- Up-to-date symlink: /home/dev_computer/dai_ws/install/depthai_ros_msgs/include/depthai_ros_msgs/depthai_ros_msgs/msg/detail/track_detection2_d__struct.hpp
[3.600s] -- Up-to-date symlink: /home/dev_computer/dai_ws/install/depthai_ros_msgs/include/depthai_ros_msgs/depthai_ros_msgs/msg/detail/track_detection2_d__traits.hpp
[3.600s] -- Up-to-date symlink: /home/dev_computer/dai_ws/install/depthai_ros_msgs/include/depthai_ros_msgs/depthai_ros_msgs/msg/detail/track_detection2_d__type_support.hpp
[3.601s] -- Up-to-date symlink: /home/dev_computer/dai_ws/install/depthai_ros_msgs/include/depthai_ros_msgs/depthai_ros_msgs/msg/detail/track_detection2_d_array__builder.hpp
[3.601s] -- Up-to-date symlink: /home/dev_computer/dai_ws/install/depthai_ros_msgs/include/depthai_ros_msgs/depthai_ros_msgs/msg/detail/track_detection2_d_array__struct.hpp
[3.601s] -- Up-to-date symlink: /home/dev_computer/dai_ws/install/depthai_ros_msgs/include/depthai_ros_msgs/depthai_ros_msgs/msg/detail/track_detection2_d_array__traits.hpp
[3.601s] -- Up-to-date symlink: /home/dev_computer/dai_ws/install/depthai_ros_msgs/include/depthai_ros_msgs/depthai_ros_msgs/msg/detail/track_detection2_d_array__type_support.hpp
[3.602s] -- Up-to-date symlink: /home/dev_computer/dai_ws/install/depthai_ros_msgs/include/depthai_ros_msgs/depthai_ros_msgs/msg/detail/tracked_feature__builder.hpp
[3.602s] -- Up-to-date symlink: /home/dev_computer/dai_ws/install/depthai_ros_msgs/include/depthai_ros_msgs/depthai_ros_msgs/msg/detail/tracked_feature__struct.hpp
[3.602s] -- Up-to-date symlink: /home/dev_computer/dai_ws/install/depthai_ros_msgs/include/depthai_ros_msgs/depthai_ros_msgs/msg/detail/tracked_feature__traits.hpp
[3.602s] -- Up-to-date symlink: /home/dev_computer/dai_ws/install/depthai_ros_msgs/include/depthai_ros_msgs/depthai_ros_msgs/msg/detail/tracked_feature__type_support.hpp
[3.603s] -- Up-to-date symlink: /home/dev_computer/dai_ws/install/depthai_ros_msgs/include/depthai_ros_msgs/depthai_ros_msgs/msg/detail/tracked_features__builder.hpp
[3.603s] -- Up-to-date symlink: /home/dev_computer/dai_ws/install/depthai_ros_msgs/include/depthai_ros_msgs/depthai_ros_msgs/msg/detail/tracked_features__struct.hpp
[3.603s] -- Up-to-date symlink: /home/dev_computer/dai_ws/install/depthai_ros_msgs/include/depthai_ros_msgs/depthai_ros_msgs/msg/detail/tracked_features__traits.hpp
[3.603s] -- Up-to-date symlink: /home/dev_computer/dai_ws/install/depthai_ros_msgs/include/depthai_ros_msgs/depthai_ros_msgs/msg/detail/tracked_features__type_support.hpp
[3.604s] -- Up-to-date symlink: /home/dev_computer/dai_ws/install/depthai_ros_msgs/include/depthai_ros_msgs/depthai_ros_msgs/msg/hand_landmark.hpp
[3.604s] -- Up-to-date symlink: /home/dev_computer/dai_ws/install/depthai_ros_msgs/include/depthai_ros_msgs/depthai_ros_msgs/msg/hand_landmark_array.hpp
[3.604s] -- Up-to-date symlink: /home/dev_computer/dai_ws/install/depthai_ros_msgs/include/depthai_ros_msgs/depthai_ros_msgs/msg/imu_with_magnetic_field.hpp
[3.605s] -- Up-to-date symlink: /home/dev_computer/dai_ws/install/depthai_ros_msgs/include/depthai_ros_msgs/depthai_ros_msgs/msg/rosidl_generator_cpp__visibility_control.hpp
[3.605s] -- Up-to-date symlink: /home/dev_computer/dai_ws/install/depthai_ros_msgs/include/depthai_ros_msgs/depthai_ros_msgs/msg/spatial_detection.hpp
[3.605s] -- Up-to-date symlink: /home/dev_computer/dai_ws/install/depthai_ros_msgs/include/depthai_ros_msgs/depthai_ros_msgs/msg/spatial_detection_array.hpp
[3.606s] -- Up-to-date symlink: /home/dev_computer/dai_ws/install/depthai_ros_msgs/include/depthai_ros_msgs/depthai_ros_msgs/msg/track_detection2_d.hpp
[3.606s] -- Up-to-date symlink: /home/dev_computer/dai_ws/install/depthai_ros_msgs/include/depthai_ros_msgs/depthai_ros_msgs/msg/track_detection2_d_array.hpp
[3.606s] -- Up-to-date symlink: /home/dev_computer/dai_ws/install/depthai_ros_msgs/include/depthai_ros_msgs/depthai_ros_msgs/msg/tracked_feature.hpp
[3.606s] -- Up-to-date symlink: /home/dev_computer/dai_ws/install/depthai_ros_msgs/include/depthai_ros_msgs/depthai_ros_msgs/msg/tracked_features.hpp
[3.607s] -- Up-to-date symlink: /home/dev_computer/dai_ws/install/depthai_ros_msgs/include/depthai_ros_msgs/depthai_ros_msgs/srv/detail/normalized_image_crop__builder.hpp
[3.607s] -- Up-to-date symlink: /home/dev_computer/dai_ws/install/depthai_ros_msgs/include/depthai_ros_msgs/depthai_ros_msgs/srv/detail/normalized_image_crop__struct.hpp
[3.607s] -- Up-to-date symlink: /home/dev_computer/dai_ws/install/depthai_ros_msgs/include/depthai_ros_msgs/depthai_ros_msgs/srv/detail/normalized_image_crop__traits.hpp
[3.607s] -- Up-to-date symlink: /home/dev_computer/dai_ws/install/depthai_ros_msgs/include/depthai_ros_msgs/depthai_ros_msgs/srv/detail/normalized_image_crop__type_support.hpp
[3.608s] -- Up-to-date symlink: /home/dev_computer/dai_ws/install/depthai_ros_msgs/include/depthai_ros_msgs/depthai_ros_msgs/srv/detail/trigger_named__builder.hpp
[3.608s] -- Up-to-date symlink: /home/dev_computer/dai_ws/install/depthai_ros_msgs/include/depthai_ros_msgs/depthai_ros_msgs/srv/detail/trigger_named__struct.hpp
[3.608s] -- Up-to-date symlink: /home/dev_computer/dai_ws/install/depthai_ros_msgs/include/depthai_ros_msgs/depthai_ros_msgs/srv/detail/trigger_named__traits.hpp
[3.608s] -- Up-to-date symlink: /home/dev_computer/dai_ws/install/depthai_ros_msgs/include/depthai_ros_msgs/depthai_ros_msgs/srv/detail/trigger_named__type_support.hpp
[3.608s] -- Up-to-date symlink: /home/dev_computer/dai_ws/install/depthai_ros_msgs/include/depthai_ros_msgs/depthai_ros_msgs/srv/normalized_image_crop.hpp
[3.609s] -- Up-to-date symlink: /home/dev_computer/dai_ws/install/depthai_ros_msgs/include/depthai_ros_msgs/depthai_ros_msgs/srv/trigger_named.hpp
[3.610s] -- Up-to-date symlink: /home/dev_computer/dai_ws/install/depthai_ros_msgs/include/depthai_ros_msgs/depthai_ros_msgs/msg/detail/auto_focus_ctrl__rosidl_typesupport_fastrtps_cpp.hpp
[3.610s] -- Up-to-date symlink: /home/dev_computer/dai_ws/install/depthai_ros_msgs/include/depthai_ros_msgs/depthai_ros_msgs/msg/detail/hand_landmark__rosidl_typesupport_fastrtps_cpp.hpp
[3.610s] -- Up-to-date symlink: /home/dev_computer/dai_ws/install/depthai_ros_msgs/include/depthai_ros_msgs/depthai_ros_msgs/msg/detail/hand_landmark_array__rosidl_typesupport_fastrtps_cpp.hpp
[3.610s] -- Up-to-date symlink: /home/dev_computer/dai_ws/install/depthai_ros_msgs/include/depthai_ros_msgs/depthai_ros_msgs/msg/detail/imu_with_magnetic_field__rosidl_typesupport_fastrtps_cpp.hpp
[3.611s] -- Up-to-date symlink: /home/dev_computer/dai_ws/install/depthai_ros_msgs/include/depthai_ros_msgs/depthai_ros_msgs/msg/detail/spatial_detection__rosidl_typesupport_fastrtps_cpp.hpp
[3.611s] -- Up-to-date symlink: /home/dev_computer/dai_ws/install/depthai_ros_msgs/include/depthai_ros_msgs/depthai_ros_msgs/msg/detail/spatial_detection_array__rosidl_typesupport_fastrtps_cpp.hpp
[3.611s] -- Up-to-date symlink: /home/dev_computer/dai_ws/install/depthai_ros_msgs/include/depthai_ros_msgs/depthai_ros_msgs/msg/detail/track_detection2_d__rosidl_typesupport_fastrtps_cpp.hpp
[3.612s] -- Up-to-date symlink: /home/dev_computer/dai_ws/install/depthai_ros_msgs/include/depthai_ros_msgs/depthai_ros_msgs/msg/detail/track_detection2_d_array__rosidl_typesupport_fastrtps_cpp.hpp
[3.612s] -- Up-to-date symlink: /home/dev_computer/dai_ws/install/depthai_ros_msgs/include/depthai_ros_msgs/depthai_ros_msgs/msg/detail/tracked_feature__rosidl_typesupport_fastrtps_cpp.hpp
[3.612s] -- Up-to-date symlink: /home/dev_computer/dai_ws/install/depthai_ros_msgs/include/depthai_ros_msgs/depthai_ros_msgs/msg/detail/tracked_features__rosidl_typesupport_fastrtps_cpp.hpp
[3.613s] -- Up-to-date symlink: /home/dev_computer/dai_ws/install/depthai_ros_msgs/include/depthai_ros_msgs/depthai_ros_msgs/msg/rosidl_typesupport_fastrtps_cpp__visibility_control.h
[3.613s] -- Up-to-date symlink: /home/dev_computer/dai_ws/install/depthai_ros_msgs/include/depthai_ros_msgs/depthai_ros_msgs/srv/detail/normalized_image_crop__rosidl_typesupport_fastrtps_cpp.hpp
[3.613s] -- Up-to-date symlink: /home/dev_computer/dai_ws/install/depthai_ros_msgs/include/depthai_ros_msgs/depthai_ros_msgs/srv/detail/trigger_named__rosidl_typesupport_fastrtps_cpp.hpp
[3.614s] -- Up-to-date symlink: /home/dev_computer/dai_ws/install/depthai_ros_msgs/include/depthai_ros_msgs/depthai_ros_msgs/msg/detail/auto_focus_ctrl__rosidl_typesupport_introspection_c.h
[3.614s] -- Up-to-date symlink: /home/dev_computer/dai_ws/install/depthai_ros_msgs/include/depthai_ros_msgs/depthai_ros_msgs/msg/detail/hand_landmark__rosidl_typesupport_introspection_c.h
[3.615s] -- Up-to-date symlink: /home/dev_computer/dai_ws/install/depthai_ros_msgs/include/depthai_ros_msgs/depthai_ros_msgs/msg/detail/hand_landmark_array__rosidl_typesupport_introspection_c.h
[3.615s] -- Up-to-date symlink: /home/dev_computer/dai_ws/install/depthai_ros_msgs/include/depthai_ros_msgs/depthai_ros_msgs/msg/detail/imu_with_magnetic_field__rosidl_typesupport_introspection_c.h
[3.615s] -- Up-to-date symlink: /home/dev_computer/dai_ws/install/depthai_ros_msgs/include/depthai_ros_msgs/depthai_ros_msgs/msg/detail/spatial_detection__rosidl_typesupport_introspection_c.h
[3.616s] -- Up-to-date symlink: /home/dev_computer/dai_ws/install/depthai_ros_msgs/include/depthai_ros_msgs/depthai_ros_msgs/msg/detail/spatial_detection_array__rosidl_typesupport_introspection_c.h
[3.616s] -- Up-to-date symlink: /home/dev_computer/dai_ws/install/depthai_ros_msgs/include/depthai_ros_msgs/depthai_ros_msgs/msg/detail/track_detection2_d__rosidl_typesupport_introspection_c.h
[3.616s] -- Up-to-date symlink: /home/dev_computer/dai_ws/install/depthai_ros_msgs/include/depthai_ros_msgs/depthai_ros_msgs/msg/detail/track_detection2_d_array__rosidl_typesupport_introspection_c.h
[3.617s] -- Up-to-date symlink: /home/dev_computer/dai_ws/install/depthai_ros_msgs/include/depthai_ros_msgs/depthai_ros_msgs/msg/detail/tracked_feature__rosidl_typesupport_introspection_c.h
[3.617s] -- Up-to-date symlink: /home/dev_computer/dai_ws/install/depthai_ros_msgs/include/depthai_ros_msgs/depthai_ros_msgs/msg/detail/tracked_features__rosidl_typesupport_introspection_c.h
[3.617s] -- Up-to-date symlink: /home/dev_computer/dai_ws/install/depthai_ros_msgs/include/depthai_ros_msgs/depthai_ros_msgs/msg/rosidl_typesupport_introspection_c__visibility_control.h
[3.618s] -- Up-to-date symlink: /home/dev_computer/dai_ws/install/depthai_ros_msgs/include/depthai_ros_msgs/depthai_ros_msgs/srv/detail/normalized_image_crop__rosidl_typesupport_introspection_c.h
[3.618s] -- Up-to-date symlink: /home/dev_computer/dai_ws/install/depthai_ros_msgs/include/depthai_ros_msgs/depthai_ros_msgs/srv/detail/trigger_named__rosidl_typesupport_introspection_c.h
[3.619s] -- Up-to-date symlink: /home/dev_computer/dai_ws/install/depthai_ros_msgs/include/depthai_ros_msgs/depthai_ros_msgs/msg/detail/auto_focus_ctrl__rosidl_typesupport_introspection_cpp.hpp
[3.619s] -- Up-to-date symlink: /home/dev_computer/dai_ws/install/depthai_ros_msgs/include/depthai_ros_msgs/depthai_ros_msgs/msg/detail/hand_landmark__rosidl_typesupport_introspection_cpp.hpp
[3.619s] -- Up-to-date symlink: /home/dev_computer/dai_ws/install/depthai_ros_msgs/include/depthai_ros_msgs/depthai_ros_msgs/msg/detail/hand_landmark_array__rosidl_typesupport_introspection_cpp.hpp
[3.620s] -- Up-to-date symlink: /home/dev_computer/dai_ws/install/depthai_ros_msgs/include/depthai_ros_msgs/depthai_ros_msgs/msg/detail/imu_with_magnetic_field__rosidl_typesupport_introspection_cpp.hpp
[3.620s] -- Up-to-date symlink: /home/dev_computer/dai_ws/install/depthai_ros_msgs/include/depthai_ros_msgs/depthai_ros_msgs/msg/detail/spatial_detection__rosidl_typesupport_introspection_cpp.hpp
[3.620s] -- Up-to-date symlink: /home/dev_computer/dai_ws/install/depthai_ros_msgs/include/depthai_ros_msgs/depthai_ros_msgs/msg/detail/spatial_detection_array__rosidl_typesupport_introspection_cpp.hpp
[3.621s] -- Up-to-date symlink: /home/dev_computer/dai_ws/install/depthai_ros_msgs/include/depthai_ros_msgs/depthai_ros_msgs/msg/detail/track_detection2_d__rosidl_typesupport_introspection_cpp.hpp
[3.621s] -- Up-to-date symlink: /home/dev_computer/dai_ws/install/depthai_ros_msgs/include/depthai_ros_msgs/depthai_ros_msgs/msg/detail/track_detection2_d_array__rosidl_typesupport_introspection_cpp.hpp
[3.621s] -- Up-to-date symlink: /home/dev_computer/dai_ws/install/depthai_ros_msgs/include/depthai_ros_msgs/depthai_ros_msgs/msg/detail/tracked_feature__rosidl_typesupport_introspection_cpp.hpp
[3.622s] -- Up-to-date symlink: /home/dev_computer/dai_ws/install/depthai_ros_msgs/include/depthai_ros_msgs/depthai_ros_msgs/msg/detail/tracked_features__rosidl_typesupport_introspection_cpp.hpp
[3.622s] -- Up-to-date symlink: /home/dev_computer/dai_ws/install/depthai_ros_msgs/include/depthai_ros_msgs/depthai_ros_msgs/srv/detail/normalized_image_crop__rosidl_typesupport_introspection_cpp.hpp
[3.622s] -- Up-to-date symlink: /home/dev_computer/dai_ws/install/depthai_ros_msgs/include/depthai_ros_msgs/depthai_ros_msgs/srv/detail/trigger_named__rosidl_typesupport_introspection_cpp.hpp
[3.622s] -- Up-to-date symlink: /home/dev_computer/dai_ws/install/depthai_ros_msgs/share/depthai_ros_msgs/environment/pythonpath.sh
[3.623s] -- Up-to-date symlink: /home/dev_computer/dai_ws/install/depthai_ros_msgs/share/depthai_ros_msgs/environment/pythonpath.dsv
[3.623s] -- Up-to-date symlink: /home/dev_computer/dai_ws/install/depthai_ros_msgs/lib/python3.12/site-packages/depthai_ros_msgs-2.11.2-py3.12.egg-info/PKG-INFO
[3.624s] -- Up-to-date symlink: /home/dev_computer/dai_ws/install/depthai_ros_msgs/lib/python3.12/site-packages/depthai_ros_msgs-2.11.2-py3.12.egg-info/SOURCES.txt
[3.624s] -- Up-to-date symlink: /home/dev_computer/dai_ws/install/depthai_ros_msgs/lib/python3.12/site-packages/depthai_ros_msgs-2.11.2-py3.12.egg-info/dependency_links.txt
[3.624s] -- Up-to-date symlink: /home/dev_computer/dai_ws/install/depthai_ros_msgs/lib/python3.12/site-packages/depthai_ros_msgs-2.11.2-py3.12.egg-info/top_level.txt
[3.626s] -- Up-to-date symlink: /home/dev_computer/dai_ws/install/depthai_ros_msgs/lib/python3.12/site-packages/depthai_ros_msgs/__init__.py
[3.627s] -- Up-to-date symlink: /home/dev_computer/dai_ws/install/depthai_ros_msgs/lib/python3.12/site-packages/depthai_ros_msgs/_depthai_ros_msgs_s.ep.rosidl_typesupport_c.c
[3.627s] -- Up-to-date symlink: /home/dev_computer/dai_ws/install/depthai_ros_msgs/lib/python3.12/site-packages/depthai_ros_msgs/_depthai_ros_msgs_s.ep.rosidl_typesupport_fastrtps_c.c
[3.627s] -- Up-to-date symlink: /home/dev_computer/dai_ws/install/depthai_ros_msgs/lib/python3.12/site-packages/depthai_ros_msgs/_depthai_ros_msgs_s.ep.rosidl_typesupport_introspection_c.c
[3.628s] -- Up-to-date symlink: /home/dev_computer/dai_ws/install/depthai_ros_msgs/lib/python3.12/site-packages/depthai_ros_msgs/depthai_ros_msgs_s__rosidl_typesupport_c.so
[3.628s] -- Up-to-date symlink: /home/dev_computer/dai_ws/install/depthai_ros_msgs/lib/python3.12/site-packages/depthai_ros_msgs/depthai_ros_msgs_s__rosidl_typesupport_fastrtps_c.so
[3.628s] -- Up-to-date symlink: /home/dev_computer/dai_ws/install/depthai_ros_msgs/lib/python3.12/site-packages/depthai_ros_msgs/depthai_ros_msgs_s__rosidl_typesupport_introspection_c.so
[3.628s] -- Up-to-date symlink: /home/dev_computer/dai_ws/install/depthai_ros_msgs/lib/python3.12/site-packages/depthai_ros_msgs/msg/__init__.py
[3.629s] -- Up-to-date symlink: /home/dev_computer/dai_ws/install/depthai_ros_msgs/lib/python3.12/site-packages/depthai_ros_msgs/msg/_auto_focus_ctrl.py
[3.629s] -- Up-to-date symlink: /home/dev_computer/dai_ws/install/depthai_ros_msgs/lib/python3.12/site-packages/depthai_ros_msgs/msg/_auto_focus_ctrl_s.c
[3.629s] -- Up-to-date symlink: /home/dev_computer/dai_ws/install/depthai_ros_msgs/lib/python3.12/site-packages/depthai_ros_msgs/msg/_hand_landmark.py
[3.630s] -- Up-to-date symlink: /home/dev_computer/dai_ws/install/depthai_ros_msgs/lib/python3.12/site-packages/depthai_ros_msgs/msg/_hand_landmark_array.py
[3.630s] -- Up-to-date symlink: /home/dev_computer/dai_ws/install/depthai_ros_msgs/lib/python3.12/site-packages/depthai_ros_msgs/msg/_hand_landmark_array_s.c
[3.630s] -- Up-to-date symlink: /home/dev_computer/dai_ws/install/depthai_ros_msgs/lib/python3.12/site-packages/depthai_ros_msgs/msg/_hand_landmark_s.c
[3.631s] -- Up-to-date symlink: /home/dev_computer/dai_ws/install/depthai_ros_msgs/lib/python3.12/site-packages/depthai_ros_msgs/msg/_imu_with_magnetic_field.py
[3.631s] -- Up-to-date symlink: /home/dev_computer/dai_ws/install/depthai_ros_msgs/lib/python3.12/site-packages/depthai_ros_msgs/msg/_imu_with_magnetic_field_s.c
[3.631s] -- Up-to-date symlink: /home/dev_computer/dai_ws/install/depthai_ros_msgs/lib/python3.12/site-packages/depthai_ros_msgs/msg/_spatial_detection.py
[3.631s] -- Up-to-date symlink: /home/dev_computer/dai_ws/install/depthai_ros_msgs/lib/python3.12/site-packages/depthai_ros_msgs/msg/_spatial_detection_array.py
[3.632s] -- Up-to-date symlink: /home/dev_computer/dai_ws/install/depthai_ros_msgs/lib/python3.12/site-packages/depthai_ros_msgs/msg/_spatial_detection_array_s.c
[3.632s] -- Up-to-date symlink: /home/dev_computer/dai_ws/install/depthai_ros_msgs/lib/python3.12/site-packages/depthai_ros_msgs/msg/_spatial_detection_s.c
[3.632s] -- Up-to-date symlink: /home/dev_computer/dai_ws/install/depthai_ros_msgs/lib/python3.12/site-packages/depthai_ros_msgs/msg/_track_detection2_d.py
[3.632s] -- Up-to-date symlink: /home/dev_computer/dai_ws/install/depthai_ros_msgs/lib/python3.12/site-packages/depthai_ros_msgs/msg/_track_detection2_d_array.py
[3.633s] -- Up-to-date symlink: /home/dev_computer/dai_ws/install/depthai_ros_msgs/lib/python3.12/site-packages/depthai_ros_msgs/msg/_track_detection2_d_array_s.c
[3.633s] -- Up-to-date symlink: /home/dev_computer/dai_ws/install/depthai_ros_msgs/lib/python3.12/site-packages/depthai_ros_msgs/msg/_track_detection2_d_s.c
[3.633s] -- Up-to-date symlink: /home/dev_computer/dai_ws/install/depthai_ros_msgs/lib/python3.12/site-packages/depthai_ros_msgs/msg/_tracked_feature.py
[3.634s] -- Up-to-date symlink: /home/dev_computer/dai_ws/install/depthai_ros_msgs/lib/python3.12/site-packages/depthai_ros_msgs/msg/_tracked_feature_s.c
[3.634s] -- Up-to-date symlink: /home/dev_computer/dai_ws/install/depthai_ros_msgs/lib/python3.12/site-packages/depthai_ros_msgs/msg/_tracked_features.py
[3.634s] -- Up-to-date symlink: /home/dev_computer/dai_ws/install/depthai_ros_msgs/lib/python3.12/site-packages/depthai_ros_msgs/msg/_tracked_features_s.c
[3.634s] -- Up-to-date symlink: /home/dev_computer/dai_ws/install/depthai_ros_msgs/lib/python3.12/site-packages/depthai_ros_msgs/srv/__init__.py
[3.635s] -- Up-to-date symlink: /home/dev_computer/dai_ws/install/depthai_ros_msgs/lib/python3.12/site-packages/depthai_ros_msgs/srv/_normalized_image_crop.py
[3.635s] -- Up-to-date symlink: /home/dev_computer/dai_ws/install/depthai_ros_msgs/lib/python3.12/site-packages/depthai_ros_msgs/srv/_normalized_image_crop_s.c
[3.635s] -- Up-to-date symlink: /home/dev_computer/dai_ws/install/depthai_ros_msgs/lib/python3.12/site-packages/depthai_ros_msgs/srv/_trigger_named.py
[3.635s] -- Up-to-date symlink: /home/dev_computer/dai_ws/install/depthai_ros_msgs/lib/python3.12/site-packages/depthai_ros_msgs/srv/_trigger_named_s.c
[3.636s] -- Up-to-date symlink: /home/dev_computer/dai_ws/install/depthai_ros_msgs/lib/python3.12/site-packages/depthai_ros_msgs/depthai_ros_msgs_s__rosidl_typesupport_fastrtps_c.so
[3.636s] -- Up-to-date symlink: /home/dev_computer/dai_ws/install/depthai_ros_msgs/lib/python3.12/site-packages/depthai_ros_msgs/depthai_ros_msgs_s__rosidl_typesupport_introspection_c.so
[3.636s] -- Up-to-date symlink: /home/dev_computer/dai_ws/install/depthai_ros_msgs/lib/python3.12/site-packages/depthai_ros_msgs/depthai_ros_msgs_s__rosidl_typesupport_c.so
[3.637s] -- Up-to-date symlink: /home/dev_computer/dai_ws/install/depthai_ros_msgs/share/depthai_ros_msgs/msg/AutoFocusCtrl.idl
[3.637s] -- Up-to-date symlink: /home/dev_computer/dai_ws/install/depthai_ros_msgs/share/depthai_ros_msgs/msg/HandLandmark.idl
[3.637s] -- Up-to-date symlink: /home/dev_computer/dai_ws/install/depthai_ros_msgs/share/depthai_ros_msgs/msg/HandLandmarkArray.idl
[3.638s] -- Up-to-date symlink: /home/dev_computer/dai_ws/install/depthai_ros_msgs/share/depthai_ros_msgs/msg/ImuWithMagneticField.idl
[3.638s] -- Up-to-date symlink: /home/dev_computer/dai_ws/install/depthai_ros_msgs/share/depthai_ros_msgs/msg/TrackedFeature.idl
[3.638s] -- Up-to-date symlink: /home/dev_computer/dai_ws/install/depthai_ros_msgs/share/depthai_ros_msgs/msg/TrackedFeatures.idl
[3.639s] -- Up-to-date symlink: /home/dev_computer/dai_ws/install/depthai_ros_msgs/share/depthai_ros_msgs/msg/SpatialDetection.idl
[3.639s] -- Up-to-date symlink: /home/dev_computer/dai_ws/install/depthai_ros_msgs/share/depthai_ros_msgs/msg/SpatialDetectionArray.idl
[3.640s] -- Up-to-date symlink: /home/dev_computer/dai_ws/install/depthai_ros_msgs/share/depthai_ros_msgs/msg/TrackDetection2D.idl
[3.640s] -- Up-to-date symlink: /home/dev_computer/dai_ws/install/depthai_ros_msgs/share/depthai_ros_msgs/msg/TrackDetection2DArray.idl
[3.640s] -- Up-to-date symlink: /home/dev_computer/dai_ws/install/depthai_ros_msgs/share/depthai_ros_msgs/srv/TriggerNamed.idl
[3.641s] -- Up-to-date symlink: /home/dev_computer/dai_ws/install/depthai_ros_msgs/share/depthai_ros_msgs/srv/NormalizedImageCrop.idl
[3.641s] -- Up-to-date symlink: /home/dev_computer/dai_ws/install/depthai_ros_msgs/share/depthai_ros_msgs/msg/AutoFocusCtrl.msg
[3.642s] -- Up-to-date symlink: /home/dev_computer/dai_ws/install/depthai_ros_msgs/share/depthai_ros_msgs/msg/HandLandmark.msg
[3.642s] -- Up-to-date symlink: /home/dev_computer/dai_ws/install/depthai_ros_msgs/share/depthai_ros_msgs/msg/HandLandmarkArray.msg
[3.642s] -- Up-to-date symlink: /home/dev_computer/dai_ws/install/depthai_ros_msgs/share/depthai_ros_msgs/msg/ImuWithMagneticField.msg
[3.643s] -- Up-to-date symlink: /home/dev_computer/dai_ws/install/depthai_ros_msgs/share/depthai_ros_msgs/msg/TrackedFeature.msg
[3.643s] -- Up-to-date symlink: /home/dev_computer/dai_ws/install/depthai_ros_msgs/share/depthai_ros_msgs/msg/TrackedFeatures.msg
[3.643s] -- Up-to-date symlink: /home/dev_computer/dai_ws/install/depthai_ros_msgs/share/depthai_ros_msgs/msg/SpatialDetection.msg
[3.644s] -- Up-to-date symlink: /home/dev_computer/dai_ws/install/depthai_ros_msgs/share/depthai_ros_msgs/msg/SpatialDetectionArray.msg
[3.644s] -- Up-to-date symlink: /home/dev_computer/dai_ws/install/depthai_ros_msgs/share/depthai_ros_msgs/msg/TrackDetection2D.msg
[3.645s] -- Up-to-date symlink: /home/dev_computer/dai_ws/install/depthai_ros_msgs/share/depthai_ros_msgs/msg/TrackDetection2DArray.msg
[3.645s] -- Up-to-date symlink: /home/dev_computer/dai_ws/install/depthai_ros_msgs/share/depthai_ros_msgs/srv/TriggerNamed.srv
[3.646s] -- Up-to-date symlink: /home/dev_computer/dai_ws/install/depthai_ros_msgs/share/depthai_ros_msgs/srv/NormalizedImageCrop.srv
[3.646s] -- Up-to-date symlink: /home/dev_computer/dai_ws/install/depthai_ros_msgs/share/ament_index/resource_index/package_run_dependencies/depthai_ros_msgs
[3.646s] -- Up-to-date symlink: /home/dev_computer/dai_ws/install/depthai_ros_msgs/share/ament_index/resource_index/parent_prefix_path/depthai_ros_msgs
[3.647s] -- Up-to-date symlink: /home/dev_computer/dai_ws/install/depthai_ros_msgs/share/depthai_ros_msgs/environment/ament_prefix_path.sh
[3.647s] -- Up-to-date symlink: /home/dev_computer/dai_ws/install/depthai_ros_msgs/share/depthai_ros_msgs/environment/ament_prefix_path.dsv
[3.648s] -- Up-to-date symlink: /home/dev_computer/dai_ws/install/depthai_ros_msgs/share/depthai_ros_msgs/environment/path.sh
[3.648s] -- Up-to-date symlink: /home/dev_computer/dai_ws/install/depthai_ros_msgs/share/depthai_ros_msgs/environment/path.dsv
[3.648s] -- Up-to-date symlink: /home/dev_computer/dai_ws/install/depthai_ros_msgs/share/depthai_ros_msgs/local_setup.bash
[3.649s] -- Up-to-date symlink: /home/dev_computer/dai_ws/install/depthai_ros_msgs/share/depthai_ros_msgs/local_setup.sh
[3.649s] -- Up-to-date symlink: /home/dev_computer/dai_ws/install/depthai_ros_msgs/share/depthai_ros_msgs/local_setup.zsh
[3.650s] -- Up-to-date symlink: /home/dev_computer/dai_ws/install/depthai_ros_msgs/share/depthai_ros_msgs/local_setup.dsv
[3.650s] -- Symlinking: /home/dev_computer/dai_ws/install/depthai_ros_msgs/share/depthai_ros_msgs/package.dsv
[3.672s] -- Up-to-date symlink: /home/dev_computer/dai_ws/install/depthai_ros_msgs/share/ament_index/resource_index/packages/depthai_ros_msgs
[3.672s] -- Up-to-date symlink: /home/dev_computer/dai_ws/install/depthai_ros_msgs/share/depthai_ros_msgs/cmake/rosidl_cmake-extras.cmake
[3.673s] -- Up-to-date symlink: /home/dev_computer/dai_ws/install/depthai_ros_msgs/share/depthai_ros_msgs/cmake/ament_cmake_export_dependencies-extras.cmake
[3.673s] -- Up-to-date symlink: /home/dev_computer/dai_ws/install/depthai_ros_msgs/share/depthai_ros_msgs/cmake/ament_cmake_export_include_directories-extras.cmake
[3.673s] -- Up-to-date symlink: /home/dev_computer/dai_ws/install/depthai_ros_msgs/share/depthai_ros_msgs/cmake/ament_cmake_export_libraries-extras.cmake
[3.674s] -- Up-to-date symlink: /home/dev_computer/dai_ws/install/depthai_ros_msgs/share/depthai_ros_msgs/cmake/ament_cmake_export_targets-extras.cmake
[3.674s] -- Up-to-date symlink: /home/dev_computer/dai_ws/install/depthai_ros_msgs/share/depthai_ros_msgs/cmake/rosidl_cmake_export_typesupport_targets-extras.cmake
[3.674s] -- Up-to-date symlink: /home/dev_computer/dai_ws/install/depthai_ros_msgs/share/depthai_ros_msgs/cmake/rosidl_cmake_export_typesupport_libraries-extras.cmake
[3.675s] -- Up-to-date symlink: /home/dev_computer/dai_ws/install/depthai_ros_msgs/share/depthai_ros_msgs/cmake/depthai_ros_msgsConfig.cmake
[3.675s] -- Up-to-date symlink: /home/dev_computer/dai_ws/install/depthai_ros_msgs/share/depthai_ros_msgs/cmake/depthai_ros_msgsConfig-version.cmake
[3.675s] -- Up-to-date symlink: /home/dev_computer/dai_ws/install/depthai_ros_msgs/share/depthai_ros_msgs/package.xml
[3.676s] -- Up-to-date: /home/dev_computer/dai_ws/install/depthai_ros_msgs/lib/libdepthai_ros_msgs__rosidl_generator_c.so
[3.676s] -- Up-to-date: /home/dev_computer/dai_ws/install/depthai_ros_msgs/lib/libdepthai_ros_msgs__rosidl_typesupport_fastrtps_c.so
[3.677s] -- Up-to-date: /home/dev_computer/dai_ws/install/depthai_ros_msgs/lib/libdepthai_ros_msgs__rosidl_typesupport_fastrtps_cpp.so
[3.678s] -- Up-to-date: /home/dev_computer/dai_ws/install/depthai_ros_msgs/lib/libdepthai_ros_msgs__rosidl_typesupport_introspection_c.so
[3.678s] -- Up-to-date: /home/dev_computer/dai_ws/install/depthai_ros_msgs/lib/libdepthai_ros_msgs__rosidl_typesupport_c.so
[3.679s] -- Up-to-date: /home/dev_computer/dai_ws/install/depthai_ros_msgs/lib/libdepthai_ros_msgs__rosidl_typesupport_introspection_cpp.so
[3.679s] -- Up-to-date: /home/dev_computer/dai_ws/install/depthai_ros_msgs/lib/libdepthai_ros_msgs__rosidl_typesupport_cpp.so
[3.777s] Listing '/home/dev_computer/dai_ws/install/depthai_ros_msgs/lib/python3.12/site-packages/depthai_ros_msgs'...
[3.778s] Compiling '/home/dev_computer/dai_ws/install/depthai_ros_msgs/lib/python3.12/site-packages/depthai_ros_msgs/__init__.py'...
[3.778s] Listing '/home/dev_computer/dai_ws/install/depthai_ros_msgs/lib/python3.12/site-packages/depthai_ros_msgs/msg'...
[3.778s] Listing '/home/dev_computer/dai_ws/install/depthai_ros_msgs/lib/python3.12/site-packages/depthai_ros_msgs/srv'...
[3.787s] -- Up-to-date: /home/dev_computer/dai_ws/install/depthai_ros_msgs/lib/libdepthai_ros_msgs__rosidl_generator_py.so
[3.787s] -- Up-to-date: /home/dev_computer/dai_ws/install/depthai_ros_msgs/share/depthai_ros_msgs/cmake/export_depthai_ros_msgs__rosidl_generator_cExport.cmake
[3.788s] -- Up-to-date: /home/dev_computer/dai_ws/install/depthai_ros_msgs/share/depthai_ros_msgs/cmake/export_depthai_ros_msgs__rosidl_generator_cExport-noconfig.cmake
[3.788s] -- Up-to-date: /home/dev_computer/dai_ws/install/depthai_ros_msgs/share/depthai_ros_msgs/cmake/export_depthai_ros_msgs__rosidl_typesupport_fastrtps_cExport.cmake
[3.788s] -- Up-to-date: /home/dev_computer/dai_ws/install/depthai_ros_msgs/share/depthai_ros_msgs/cmake/export_depthai_ros_msgs__rosidl_typesupport_fastrtps_cExport-noconfig.cmake
[3.788s] -- Up-to-date: /home/dev_computer/dai_ws/install/depthai_ros_msgs/share/depthai_ros_msgs/cmake/export_depthai_ros_msgs__rosidl_generator_cppExport.cmake
[3.788s] -- Up-to-date: /home/dev_computer/dai_ws/install/depthai_ros_msgs/share/depthai_ros_msgs/cmake/export_depthai_ros_msgs__rosidl_typesupport_fastrtps_cppExport.cmake
[3.788s] -- Up-to-date: /home/dev_computer/dai_ws/install/depthai_ros_msgs/share/depthai_ros_msgs/cmake/export_depthai_ros_msgs__rosidl_typesupport_fastrtps_cppExport-noconfig.cmake
[3.789s] -- Up-to-date: /home/dev_computer/dai_ws/install/depthai_ros_msgs/share/depthai_ros_msgs/cmake/depthai_ros_msgs__rosidl_typesupport_introspection_cExport.cmake
[3.789s] -- Up-to-date: /home/dev_computer/dai_ws/install/depthai_ros_msgs/share/depthai_ros_msgs/cmake/depthai_ros_msgs__rosidl_typesupport_introspection_cExport-noconfig.cmake
[3.789s] -- Up-to-date: /home/dev_computer/dai_ws/install/depthai_ros_msgs/share/depthai_ros_msgs/cmake/depthai_ros_msgs__rosidl_typesupport_cExport.cmake
[3.789s] -- Up-to-date: /home/dev_computer/dai_ws/install/depthai_ros_msgs/share/depthai_ros_msgs/cmake/depthai_ros_msgs__rosidl_typesupport_cExport-noconfig.cmake
[3.789s] -- Up-to-date: /home/dev_computer/dai_ws/install/depthai_ros_msgs/share/depthai_ros_msgs/cmake/depthai_ros_msgs__rosidl_typesupport_introspection_cppExport.cmake
[3.789s] -- Up-to-date: /home/dev_computer/dai_ws/install/depthai_ros_msgs/share/depthai_ros_msgs/cmake/depthai_ros_msgs__rosidl_typesupport_introspection_cppExport-noconfig.cmake
[3.789s] -- Up-to-date: /home/dev_computer/dai_ws/install/depthai_ros_msgs/share/depthai_ros_msgs/cmake/depthai_ros_msgs__rosidl_typesupport_cppExport.cmake
[3.790s] -- Up-to-date: /home/dev_computer/dai_ws/install/depthai_ros_msgs/share/depthai_ros_msgs/cmake/depthai_ros_msgs__rosidl_typesupport_cppExport-noconfig.cmake
[3.790s] -- Up-to-date: /home/dev_computer/dai_ws/install/depthai_ros_msgs/share/depthai_ros_msgs/cmake/export_depthai_ros_msgs__rosidl_generator_pyExport.cmake
[3.790s] -- Up-to-date: /home/dev_computer/dai_ws/install/depthai_ros_msgs/share/depthai_ros_msgs/cmake/export_depthai_ros_msgs__rosidl_generator_pyExport-noconfig.cmake
[3.792s] Invoked command in '/home/dev_computer/dai_ws/build/depthai_ros_msgs' returned '0': CMAKE_PREFIX_PATH=${CMAKE_PREFIX_PATH}:/home/dev_computer/dai_ws/install/spatial_detector:/home/dev_computer/dai_ws/install/detector_subscriber:/home/dev_computer/dai_ws/install/detector:/opt/ros/jazzy DEBUGINFOD_URLS=https://debuginfod.ubuntu.com /usr/bin/cmake --install /home/dev_computer/dai_ws/build/depthai_ros_msgs
