[2.046s] Invoking command in '/home/dev_computer/dai_ws/src/detector': DEBUGINFOD_URLS=https://debuginfod.ubuntu.com PYTHONPATH=/home/dev_computer/dai_ws/build/detector/prefix_override:/usr/lib/python3/dist-packages/colcon_core/task/python/colcon_distutils_commands:/home/dev_computer/dai_ws/install/detector/lib/python3.12/site-packages:${PYTHONPATH} /usr/bin/python3 -W ignore:setup.py install is deprecated -W ignore:easy_install command is deprecated setup.py egg_info --egg-base ../../build/detector build --build-base /home/dev_computer/dai_ws/build/detector/build install --record /home/dev_computer/dai_ws/build/detector/install.log --single-version-externally-managed install_data
[2.633s] running egg_info
[2.681s] writing ../../build/detector/detector.egg-info/PKG-INFO
[2.681s] writing dependency_links to ../../build/detector/detector.egg-info/dependency_links.txt
[2.681s] writing entry points to ../../build/detector/detector.egg-info/entry_points.txt
[2.681s] writing requirements to ../../build/detector/detector.egg-info/requires.txt
[2.682s] writing top-level names to ../../build/detector/detector.egg-info/top_level.txt
[2.786s] reading manifest file '../../build/detector/detector.egg-info/SOURCES.txt'
[2.787s] writing manifest file '../../build/detector/detector.egg-info/SOURCES.txt'
[2.787s] running build
[2.788s] running build_py
[2.791s] running install
[2.799s] running install_lib
[2.843s] running install_data
[2.844s] running install_egg_info
[2.882s] removing '/home/dev_computer/dai_ws/install/detector/lib/python3.12/site-packages/detector-0.0.0-py3.12.egg-info' (and everything under it)
[2.885s] Copying ../../build/detector/detector.egg-info to /home/dev_computer/dai_ws/install/detector/lib/python3.12/site-packages/detector-0.0.0-py3.12.egg-info
[2.885s] running install_scripts
[3.102s] Installing aruco_detector_node script to /home/dev_computer/dai_ws/install/detector/lib/detector
[3.103s] Installing spatial_tracker_node script to /home/dev_computer/dai_ws/install/detector/lib/detector
[3.103s] writing list of installed files to '/home/dev_computer/dai_ws/build/detector/install.log'
[3.182s] Invoked command in '/home/dev_computer/dai_ws/src/detector' returned '0': DEBUGINFOD_URLS=https://debuginfod.ubuntu.com PYTHONPATH=/home/dev_computer/dai_ws/build/detector/prefix_override:/usr/lib/python3/dist-packages/colcon_core/task/python/colcon_distutils_commands:/home/dev_computer/dai_ws/install/detector/lib/python3.12/site-packages:${PYTHONPATH} /usr/bin/python3 -W ignore:setup.py install is deprecated -W ignore:easy_install command is deprecated setup.py egg_info --egg-base ../../build/detector build --build-base /home/dev_computer/dai_ws/build/detector/build install --record /home/dev_computer/dai_ws/build/detector/install.log --single-version-externally-managed install_data
