[0.038s] Invoking command in '/home/dev_computer/dai_ws/build/depthai_ros_msgs': CMAKE_PREFIX_PATH=${CMAKE_PREFIX_PATH}:/home/dev_computer/dai_ws/install/spatial_detector:/home/dev_computer/dai_ws/install/detector_subscriber:/home/dev_computer/dai_ws/install/detector:/opt/ros/jazzy DEBUGINFOD_URLS=https://debuginfod.ubuntu.com /usr/bin/cmake --build /home/dev_computer/dai_ws/build/depthai_ros_msgs -- -j8 -l8
[0.405s] [  1%] Built target depthai_ros_msgs__rosidl_generator_type_description
[0.405s] [  1%] Built target ament_cmake_python_symlink_depthai_ros_msgs
[0.405s] [  1%] Built target depthai_ros_msgs__cpp
[0.405s] [ 27%] Built target depthai_ros_msgs__rosidl_generator_c
[0.405s] [ 38%] Built target depthai_ros_msgs__rosidl_typesupport_introspection_c
[0.405s] [ 47%] Built target depthai_ros_msgs__rosidl_typesupport_c
[0.405s] [ 56%] Built target depthai_ros_msgs__rosidl_typesupport_cpp
[0.406s] [ 78%] Built target depthai_ros_msgs__rosidl_typesupport_introspection_cpp
[0.406s] [ 85%] Built target depthai_ros_msgs__rosidl_typesupport_fastrtps_c
[0.406s] [ 85%] Built target depthai_ros_msgs__rosidl_typesupport_fastrtps_cpp
[0.406s] [ 85%] Built target depthai_ros_msgs
[0.406s] [ 86%] Built target depthai_ros_msgs__py
[0.406s] [ 95%] Built target depthai_ros_msgs__rosidl_generator_py
[0.406s] [ 96%] Built target depthai_ros_msgs_s__rosidl_typesupport_fastrtps_c
[0.406s] [ 98%] Built target depthai_ros_msgs_s__rosidl_typesupport_c
[0.406s] [100%] Built target depthai_ros_msgs_s__rosidl_typesupport_introspection_c
[0.494s] running egg_info
[0.524s] writing depthai_ros_msgs.egg-info/PKG-INFO
[0.524s] writing dependency_links to depthai_ros_msgs.egg-info/dependency_links.txt
[0.524s] writing top-level names to depthai_ros_msgs.egg-info/top_level.txt
[0.627s] reading manifest file 'depthai_ros_msgs.egg-info/SOURCES.txt'
[0.628s] writing manifest file 'depthai_ros_msgs.egg-info/SOURCES.txt'
[0.687s] [100%] Built target ament_cmake_python_build_depthai_ros_msgs_egg
[0.889s] Invoked command in '/home/dev_computer/dai_ws/build/depthai_ros_msgs' returned '0': CMAKE_PREFIX_PATH=${CMAKE_PREFIX_PATH}:/home/dev_computer/dai_ws/install/spatial_detector:/home/dev_computer/dai_ws/install/detector_subscriber:/home/dev_computer/dai_ws/install/detector:/opt/ros/jazzy DEBUGINFOD_URLS=https://debuginfod.ubuntu.com /usr/bin/cmake --build /home/dev_computer/dai_ws/build/depthai_ros_msgs -- -j8 -l8
[0.889s] Invoking command in '/home/dev_computer/dai_ws/build/depthai_ros_msgs': CMAKE_PREFIX_PATH=${CMAKE_PREFIX_PATH}:/home/dev_computer/dai_ws/install/spatial_detector:/home/dev_computer/dai_ws/install/detector_subscriber:/home/dev_computer/dai_ws/install/detector:/opt/ros/jazzy DEBUGINFOD_URLS=https://debuginfod.ubuntu.com /usr/bin/cmake --install /home/dev_computer/dai_ws/build/depthai_ros_msgs
[0.904s] -- Install configuration: ""
[0.904s] -- Execute custom install script
[0.905s] -- Up-to-date symlink: /home/dev_computer/dai_ws/install/depthai_ros_msgs/share/ament_index/resource_index/rosidl_interfaces/depthai_ros_msgs
[0.905s] -- Up-to-date symlink: /home/dev_computer/dai_ws/install/depthai_ros_msgs/share/depthai_ros_msgs/msg/AutoFocusCtrl.json
[0.905s] -- Up-to-date symlink: /home/dev_computer/dai_ws/install/depthai_ros_msgs/share/depthai_ros_msgs/msg/HandLandmark.json
[0.910s] -- Up-to-date symlink: /home/dev_computer/dai_ws/install/depthai_ros_msgs/share/depthai_ros_msgs/msg/HandLandmarkArray.json
[0.910s] -- Up-to-date symlink: /home/dev_computer/dai_ws/install/depthai_ros_msgs/share/depthai_ros_msgs/msg/ImuWithMagneticField.json
[0.910s] -- Up-to-date symlink: /home/dev_computer/dai_ws/install/depthai_ros_msgs/share/depthai_ros_msgs/msg/TrackedFeature.json
[0.910s] -- Up-to-date symlink: /home/dev_computer/dai_ws/install/depthai_ros_msgs/share/depthai_ros_msgs/msg/TrackedFeatures.json
[0.911s] -- Up-to-date symlink: /home/dev_computer/dai_ws/install/depthai_ros_msgs/share/depthai_ros_msgs/msg/SpatialDetection.json
[0.911s] -- Up-to-date symlink: /home/dev_computer/dai_ws/install/depthai_ros_msgs/share/depthai_ros_msgs/msg/SpatialDetectionArray.json
[0.911s] -- Up-to-date symlink: /home/dev_computer/dai_ws/install/depthai_ros_msgs/share/depthai_ros_msgs/msg/TrackDetection2D.json
[0.911s] -- Up-to-date symlink: /home/dev_computer/dai_ws/install/depthai_ros_msgs/share/depthai_ros_msgs/msg/TrackDetection2DArray.json
[0.911s] -- Up-to-date symlink: /home/dev_computer/dai_ws/install/depthai_ros_msgs/share/depthai_ros_msgs/srv/TriggerNamed.json
[0.911s] -- Up-to-date symlink: /home/dev_computer/dai_ws/install/depthai_ros_msgs/share/depthai_ros_msgs/srv/NormalizedImageCrop.json
[0.912s] -- Up-to-date symlink: /home/dev_computer/dai_ws/install/depthai_ros_msgs/include/depthai_ros_msgs/depthai_ros_msgs/msg/auto_focus_ctrl.h
[0.912s] -- Up-to-date symlink: /home/dev_computer/dai_ws/install/depthai_ros_msgs/include/depthai_ros_msgs/depthai_ros_msgs/msg/detail/auto_focus_ctrl__functions.h
[0.912s] -- Up-to-date symlink: /home/dev_computer/dai_ws/install/depthai_ros_msgs/include/depthai_ros_msgs/depthai_ros_msgs/msg/detail/auto_focus_ctrl__struct.h
[0.912s] -- Up-to-date symlink: /home/dev_computer/dai_ws/install/depthai_ros_msgs/include/depthai_ros_msgs/depthai_ros_msgs/msg/detail/auto_focus_ctrl__type_support.h
[0.913s] -- Up-to-date symlink: /home/dev_computer/dai_ws/install/depthai_ros_msgs/include/depthai_ros_msgs/depthai_ros_msgs/msg/detail/hand_landmark__functions.h
[0.913s] -- Up-to-date symlink: /home/dev_computer/dai_ws/install/depthai_ros_msgs/include/depthai_ros_msgs/depthai_ros_msgs/msg/detail/hand_landmark__struct.h
[0.914s] -- Up-to-date symlink: /home/dev_computer/dai_ws/install/depthai_ros_msgs/include/depthai_ros_msgs/depthai_ros_msgs/msg/detail/hand_landmark__type_support.h
[0.914s] -- Up-to-date symlink: /home/dev_computer/dai_ws/install/depthai_ros_msgs/include/depthai_ros_msgs/depthai_ros_msgs/msg/detail/hand_landmark_array__functions.h
[0.914s] -- Up-to-date symlink: /home/dev_computer/dai_ws/install/depthai_ros_msgs/include/depthai_ros_msgs/depthai_ros_msgs/msg/detail/hand_landmark_array__struct.h
[0.915s] -- Up-to-date symlink: /home/dev_computer/dai_ws/install/depthai_ros_msgs/include/depthai_ros_msgs/depthai_ros_msgs/msg/detail/hand_landmark_array__type_support.h
[0.915s] -- Up-to-date symlink: /home/dev_computer/dai_ws/install/depthai_ros_msgs/include/depthai_ros_msgs/depthai_ros_msgs/msg/detail/imu_with_magnetic_field__functions.h
[0.915s] -- Up-to-date symlink: /home/dev_computer/dai_ws/install/depthai_ros_msgs/include/depthai_ros_msgs/depthai_ros_msgs/msg/detail/imu_with_magnetic_field__struct.h
[0.915s] -- Up-to-date symlink: /home/dev_computer/dai_ws/install/depthai_ros_msgs/include/depthai_ros_msgs/depthai_ros_msgs/msg/detail/imu_with_magnetic_field__type_support.h
[0.916s] -- Up-to-date symlink: /home/dev_computer/dai_ws/install/depthai_ros_msgs/include/depthai_ros_msgs/depthai_ros_msgs/msg/detail/spatial_detection__functions.h
[0.916s] -- Up-to-date symlink: /home/dev_computer/dai_ws/install/depthai_ros_msgs/include/depthai_ros_msgs/depthai_ros_msgs/msg/detail/spatial_detection__struct.h
[0.916s] -- Up-to-date symlink: /home/dev_computer/dai_ws/install/depthai_ros_msgs/include/depthai_ros_msgs/depthai_ros_msgs/msg/detail/spatial_detection__type_support.h
[0.916s] -- Up-to-date symlink: /home/dev_computer/dai_ws/install/depthai_ros_msgs/include/depthai_ros_msgs/depthai_ros_msgs/msg/detail/spatial_detection_array__functions.h
[0.917s] -- Up-to-date symlink: /home/dev_computer/dai_ws/install/depthai_ros_msgs/include/depthai_ros_msgs/depthai_ros_msgs/msg/detail/spatial_detection_array__struct.h
[0.917s] -- Up-to-date symlink: /home/dev_computer/dai_ws/install/depthai_ros_msgs/include/depthai_ros_msgs/depthai_ros_msgs/msg/detail/spatial_detection_array__type_support.h
[0.917s] -- Up-to-date symlink: /home/dev_computer/dai_ws/install/depthai_ros_msgs/include/depthai_ros_msgs/depthai_ros_msgs/msg/detail/track_detection2_d__functions.h
[0.917s] -- Up-to-date symlink: /home/dev_computer/dai_ws/install/depthai_ros_msgs/include/depthai_ros_msgs/depthai_ros_msgs/msg/detail/track_detection2_d__struct.h
[0.918s] -- Up-to-date symlink: /home/dev_computer/dai_ws/install/depthai_ros_msgs/include/depthai_ros_msgs/depthai_ros_msgs/msg/detail/track_detection2_d__type_support.h
[0.918s] -- Up-to-date symlink: /home/dev_computer/dai_ws/install/depthai_ros_msgs/include/depthai_ros_msgs/depthai_ros_msgs/msg/detail/track_detection2_d_array__functions.h
[0.918s] -- Up-to-date symlink: /home/dev_computer/dai_ws/install/depthai_ros_msgs/include/depthai_ros_msgs/depthai_ros_msgs/msg/detail/track_detection2_d_array__struct.h
[0.918s] -- Up-to-date symlink: /home/dev_computer/dai_ws/install/depthai_ros_msgs/include/depthai_ros_msgs/depthai_ros_msgs/msg/detail/track_detection2_d_array__type_support.h
[0.918s] -- Up-to-date symlink: /home/dev_computer/dai_ws/install/depthai_ros_msgs/include/depthai_ros_msgs/depthai_ros_msgs/msg/detail/tracked_feature__functions.h
[0.919s] -- Up-to-date symlink: /home/dev_computer/dai_ws/install/depthai_ros_msgs/include/depthai_ros_msgs/depthai_ros_msgs/msg/detail/tracked_feature__struct.h
[0.919s] -- Up-to-date symlink: /home/dev_computer/dai_ws/install/depthai_ros_msgs/include/depthai_ros_msgs/depthai_ros_msgs/msg/detail/tracked_feature__type_support.h
[0.919s] -- Up-to-date symlink: /home/dev_computer/dai_ws/install/depthai_ros_msgs/include/depthai_ros_msgs/depthai_ros_msgs/msg/detail/tracked_features__functions.h
[0.919s] -- Up-to-date symlink: /home/dev_computer/dai_ws/install/depthai_ros_msgs/include/depthai_ros_msgs/depthai_ros_msgs/msg/detail/tracked_features__struct.h
[0.920s] -- Up-to-date symlink: /home/dev_computer/dai_ws/install/depthai_ros_msgs/include/depthai_ros_msgs/depthai_ros_msgs/msg/detail/tracked_features__type_support.h
[0.920s] -- Up-to-date symlink: /home/dev_computer/dai_ws/install/depthai_ros_msgs/include/depthai_ros_msgs/depthai_ros_msgs/msg/hand_landmark.h
[0.920s] -- Up-to-date symlink: /home/dev_computer/dai_ws/install/depthai_ros_msgs/include/depthai_ros_msgs/depthai_ros_msgs/msg/hand_landmark_array.h
[0.920s] -- Up-to-date symlink: /home/dev_computer/dai_ws/install/depthai_ros_msgs/include/depthai_ros_msgs/depthai_ros_msgs/msg/imu_with_magnetic_field.h
[0.920s] -- Up-to-date symlink: /home/dev_computer/dai_ws/install/depthai_ros_msgs/include/depthai_ros_msgs/depthai_ros_msgs/msg/rosidl_generator_c__visibility_control.h
[0.921s] -- Up-to-date symlink: /home/dev_computer/dai_ws/install/depthai_ros_msgs/include/depthai_ros_msgs/depthai_ros_msgs/msg/spatial_detection.h
[0.921s] -- Up-to-date symlink: /home/dev_computer/dai_ws/install/depthai_ros_msgs/include/depthai_ros_msgs/depthai_ros_msgs/msg/spatial_detection_array.h
[0.921s] -- Up-to-date symlink: /home/dev_computer/dai_ws/install/depthai_ros_msgs/include/depthai_ros_msgs/depthai_ros_msgs/msg/track_detection2_d.h
[0.921s] -- Up-to-date symlink: /home/dev_computer/dai_ws/install/depthai_ros_msgs/include/depthai_ros_msgs/depthai_ros_msgs/msg/track_detection2_d_array.h
[0.922s] -- Up-to-date symlink: /home/dev_computer/dai_ws/install/depthai_ros_msgs/include/depthai_ros_msgs/depthai_ros_msgs/msg/tracked_feature.h
[0.922s] -- Up-to-date symlink: /home/dev_computer/dai_ws/install/depthai_ros_msgs/include/depthai_ros_msgs/depthai_ros_msgs/msg/tracked_features.h
[0.922s] -- Up-to-date symlink: /home/dev_computer/dai_ws/install/depthai_ros_msgs/include/depthai_ros_msgs/depthai_ros_msgs/srv/detail/normalized_image_crop__functions.h
[0.922s] -- Up-to-date symlink: /home/dev_computer/dai_ws/install/depthai_ros_msgs/include/depthai_ros_msgs/depthai_ros_msgs/srv/detail/normalized_image_crop__struct.h
[0.922s] -- Up-to-date symlink: /home/dev_computer/dai_ws/install/depthai_ros_msgs/include/depthai_ros_msgs/depthai_ros_msgs/srv/detail/normalized_image_crop__type_support.h
[0.922s] -- Up-to-date symlink: /home/dev_computer/dai_ws/install/depthai_ros_msgs/include/depthai_ros_msgs/depthai_ros_msgs/srv/detail/trigger_named__functions.h
[0.922s] -- Up-to-date symlink: /home/dev_computer/dai_ws/install/depthai_ros_msgs/include/depthai_ros_msgs/depthai_ros_msgs/srv/detail/trigger_named__struct.h
[0.923s] -- Up-to-date symlink: /home/dev_computer/dai_ws/install/depthai_ros_msgs/include/depthai_ros_msgs/depthai_ros_msgs/srv/detail/trigger_named__type_support.h
[0.923s] -- Up-to-date symlink: /home/dev_computer/dai_ws/install/depthai_ros_msgs/include/depthai_ros_msgs/depthai_ros_msgs/srv/normalized_image_crop.h
[0.923s] -- Up-to-date symlink: /home/dev_computer/dai_ws/install/depthai_ros_msgs/include/depthai_ros_msgs/depthai_ros_msgs/srv/trigger_named.h
[0.923s] -- Up-to-date symlink: /home/dev_computer/dai_ws/install/depthai_ros_msgs/share/depthai_ros_msgs/environment/library_path.sh
[0.923s] -- Up-to-date symlink: /home/dev_computer/dai_ws/install/depthai_ros_msgs/share/depthai_ros_msgs/environment/library_path.dsv
[0.924s] -- Up-to-date symlink: /home/dev_computer/dai_ws/install/depthai_ros_msgs/include/depthai_ros_msgs/depthai_ros_msgs/msg/detail/auto_focus_ctrl__rosidl_typesupport_fastrtps_c.h
[0.924s] -- Up-to-date symlink: /home/dev_computer/dai_ws/install/depthai_ros_msgs/include/depthai_ros_msgs/depthai_ros_msgs/msg/detail/hand_landmark__rosidl_typesupport_fastrtps_c.h
[0.924s] -- Up-to-date symlink: /home/dev_computer/dai_ws/install/depthai_ros_msgs/include/depthai_ros_msgs/depthai_ros_msgs/msg/detail/hand_landmark_array__rosidl_typesupport_fastrtps_c.h
[0.924s] -- Up-to-date symlink: /home/dev_computer/dai_ws/install/depthai_ros_msgs/include/depthai_ros_msgs/depthai_ros_msgs/msg/detail/imu_with_magnetic_field__rosidl_typesupport_fastrtps_c.h
[0.924s] -- Up-to-date symlink: /home/dev_computer/dai_ws/install/depthai_ros_msgs/include/depthai_ros_msgs/depthai_ros_msgs/msg/detail/spatial_detection__rosidl_typesupport_fastrtps_c.h
[0.925s] -- Up-to-date symlink: /home/dev_computer/dai_ws/install/depthai_ros_msgs/include/depthai_ros_msgs/depthai_ros_msgs/msg/detail/spatial_detection_array__rosidl_typesupport_fastrtps_c.h
[0.925s] -- Up-to-date symlink: /home/dev_computer/dai_ws/install/depthai_ros_msgs/include/depthai_ros_msgs/depthai_ros_msgs/msg/detail/track_detection2_d__rosidl_typesupport_fastrtps_c.h
[0.925s] -- Up-to-date symlink: /home/dev_computer/dai_ws/install/depthai_ros_msgs/include/depthai_ros_msgs/depthai_ros_msgs/msg/detail/track_detection2_d_array__rosidl_typesupport_fastrtps_c.h
[0.925s] -- Up-to-date symlink: /home/dev_computer/dai_ws/install/depthai_ros_msgs/include/depthai_ros_msgs/depthai_ros_msgs/msg/detail/tracked_feature__rosidl_typesupport_fastrtps_c.h
[0.926s] -- Up-to-date symlink: /home/dev_computer/dai_ws/install/depthai_ros_msgs/include/depthai_ros_msgs/depthai_ros_msgs/msg/detail/tracked_features__rosidl_typesupport_fastrtps_c.h
[0.926s] -- Up-to-date symlink: /home/dev_computer/dai_ws/install/depthai_ros_msgs/include/depthai_ros_msgs/depthai_ros_msgs/msg/rosidl_typesupport_fastrtps_c__visibility_control.h
[0.926s] -- Up-to-date symlink: /home/dev_computer/dai_ws/install/depthai_ros_msgs/include/depthai_ros_msgs/depthai_ros_msgs/srv/detail/normalized_image_crop__rosidl_typesupport_fastrtps_c.h
[0.926s] -- Up-to-date symlink: /home/dev_computer/dai_ws/install/depthai_ros_msgs/include/depthai_ros_msgs/depthai_ros_msgs/srv/detail/trigger_named__rosidl_typesupport_fastrtps_c.h
[0.934s] -- Up-to-date symlink: /home/dev_computer/dai_ws/install/depthai_ros_msgs/include/depthai_ros_msgs/depthai_ros_msgs/msg/auto_focus_ctrl.hpp
[0.934s] -- Up-to-date symlink: /home/dev_computer/dai_ws/install/depthai_ros_msgs/include/depthai_ros_msgs/depthai_ros_msgs/msg/detail/auto_focus_ctrl__builder.hpp
[0.934s] -- Up-to-date symlink: /home/dev_computer/dai_ws/install/depthai_ros_msgs/include/depthai_ros_msgs/depthai_ros_msgs/msg/detail/auto_focus_ctrl__struct.hpp
[0.935s] -- Up-to-date symlink: /home/dev_computer/dai_ws/install/depthai_ros_msgs/include/depthai_ros_msgs/depthai_ros_msgs/msg/detail/auto_focus_ctrl__traits.hpp
[0.935s] -- Up-to-date symlink: /home/dev_computer/dai_ws/install/depthai_ros_msgs/include/depthai_ros_msgs/depthai_ros_msgs/msg/detail/auto_focus_ctrl__type_support.hpp
[0.935s] -- Up-to-date symlink: /home/dev_computer/dai_ws/install/depthai_ros_msgs/include/depthai_ros_msgs/depthai_ros_msgs/msg/detail/hand_landmark__builder.hpp
[0.935s] -- Up-to-date symlink: /home/dev_computer/dai_ws/install/depthai_ros_msgs/include/depthai_ros_msgs/depthai_ros_msgs/msg/detail/hand_landmark__struct.hpp
[0.935s] -- Up-to-date symlink: /home/dev_computer/dai_ws/install/depthai_ros_msgs/include/depthai_ros_msgs/depthai_ros_msgs/msg/detail/hand_landmark__traits.hpp
[0.935s] -- Up-to-date symlink: /home/dev_computer/dai_ws/install/depthai_ros_msgs/include/depthai_ros_msgs/depthai_ros_msgs/msg/detail/hand_landmark__type_support.hpp
[0.935s] -- Up-to-date symlink: /home/dev_computer/dai_ws/install/depthai_ros_msgs/include/depthai_ros_msgs/depthai_ros_msgs/msg/detail/hand_landmark_array__builder.hpp
[0.936s] -- Up-to-date symlink: /home/dev_computer/dai_ws/install/depthai_ros_msgs/include/depthai_ros_msgs/depthai_ros_msgs/msg/detail/hand_landmark_array__struct.hpp
[0.936s] -- Up-to-date symlink: /home/dev_computer/dai_ws/install/depthai_ros_msgs/include/depthai_ros_msgs/depthai_ros_msgs/msg/detail/hand_landmark_array__traits.hpp
[0.936s] -- Up-to-date symlink: /home/dev_computer/dai_ws/install/depthai_ros_msgs/include/depthai_ros_msgs/depthai_ros_msgs/msg/detail/hand_landmark_array__type_support.hpp
[0.936s] -- Up-to-date symlink: /home/dev_computer/dai_ws/install/depthai_ros_msgs/include/depthai_ros_msgs/depthai_ros_msgs/msg/detail/imu_with_magnetic_field__builder.hpp
[0.936s] -- Up-to-date symlink: /home/dev_computer/dai_ws/install/depthai_ros_msgs/include/depthai_ros_msgs/depthai_ros_msgs/msg/detail/imu_with_magnetic_field__struct.hpp
[0.936s] -- Up-to-date symlink: /home/dev_computer/dai_ws/install/depthai_ros_msgs/include/depthai_ros_msgs/depthai_ros_msgs/msg/detail/imu_with_magnetic_field__traits.hpp
[0.936s] -- Up-to-date symlink: /home/dev_computer/dai_ws/install/depthai_ros_msgs/include/depthai_ros_msgs/depthai_ros_msgs/msg/detail/imu_with_magnetic_field__type_support.hpp
[0.937s] -- Up-to-date symlink: /home/dev_computer/dai_ws/install/depthai_ros_msgs/include/depthai_ros_msgs/depthai_ros_msgs/msg/detail/spatial_detection__builder.hpp
[0.937s] -- Up-to-date symlink: /home/dev_computer/dai_ws/install/depthai_ros_msgs/include/depthai_ros_msgs/depthai_ros_msgs/msg/detail/spatial_detection__struct.hpp
[0.937s] -- Up-to-date symlink: /home/dev_computer/dai_ws/install/depthai_ros_msgs/include/depthai_ros_msgs/depthai_ros_msgs/msg/detail/spatial_detection__traits.hpp
[0.937s] -- Up-to-date symlink: /home/dev_computer/dai_ws/install/depthai_ros_msgs/include/depthai_ros_msgs/depthai_ros_msgs/msg/detail/spatial_detection__type_support.hpp
[0.937s] -- Up-to-date symlink: /home/dev_computer/dai_ws/install/depthai_ros_msgs/include/depthai_ros_msgs/depthai_ros_msgs/msg/detail/spatial_detection_array__builder.hpp
[0.937s] -- Up-to-date symlink: /home/dev_computer/dai_ws/install/depthai_ros_msgs/include/depthai_ros_msgs/depthai_ros_msgs/msg/detail/spatial_detection_array__struct.hpp
[0.938s] -- Up-to-date symlink: /home/dev_computer/dai_ws/install/depthai_ros_msgs/include/depthai_ros_msgs/depthai_ros_msgs/msg/detail/spatial_detection_array__traits.hpp
[0.938s] -- Up-to-date symlink: /home/dev_computer/dai_ws/install/depthai_ros_msgs/include/depthai_ros_msgs/depthai_ros_msgs/msg/detail/spatial_detection_array__type_support.hpp
[0.939s] -- Up-to-date symlink: /home/dev_computer/dai_ws/install/depthai_ros_msgs/include/depthai_ros_msgs/depthai_ros_msgs/msg/detail/track_detection2_d__builder.hpp
[0.939s] -- Up-to-date symlink: /home/dev_computer/dai_ws/install/depthai_ros_msgs/include/depthai_ros_msgs/depthai_ros_msgs/msg/detail/track_detection2_d__struct.hpp
[0.940s] -- Up-to-date symlink: /home/dev_computer/dai_ws/install/depthai_ros_msgs/include/depthai_ros_msgs/depthai_ros_msgs/msg/detail/track_detection2_d__traits.hpp
[0.940s] -- Up-to-date symlink: /home/dev_computer/dai_ws/install/depthai_ros_msgs/include/depthai_ros_msgs/depthai_ros_msgs/msg/detail/track_detection2_d__type_support.hpp
[0.941s] -- Up-to-date symlink: /home/dev_computer/dai_ws/install/depthai_ros_msgs/include/depthai_ros_msgs/depthai_ros_msgs/msg/detail/track_detection2_d_array__builder.hpp
[0.942s] -- Up-to-date symlink: /home/dev_computer/dai_ws/install/depthai_ros_msgs/include/depthai_ros_msgs/depthai_ros_msgs/msg/detail/track_detection2_d_array__struct.hpp
[0.942s] -- Up-to-date symlink: /home/dev_computer/dai_ws/install/depthai_ros_msgs/include/depthai_ros_msgs/depthai_ros_msgs/msg/detail/track_detection2_d_array__traits.hpp
[0.943s] -- Up-to-date symlink: /home/dev_computer/dai_ws/install/depthai_ros_msgs/include/depthai_ros_msgs/depthai_ros_msgs/msg/detail/track_detection2_d_array__type_support.hpp
[0.943s] -- Up-to-date symlink: /home/dev_computer/dai_ws/install/depthai_ros_msgs/include/depthai_ros_msgs/depthai_ros_msgs/msg/detail/tracked_feature__builder.hpp
[0.943s] -- Up-to-date symlink: /home/dev_computer/dai_ws/install/depthai_ros_msgs/include/depthai_ros_msgs/depthai_ros_msgs/msg/detail/tracked_feature__struct.hpp
[0.944s] -- Up-to-date symlink: /home/dev_computer/dai_ws/install/depthai_ros_msgs/include/depthai_ros_msgs/depthai_ros_msgs/msg/detail/tracked_feature__traits.hpp
[0.944s] -- Up-to-date symlink: /home/dev_computer/dai_ws/install/depthai_ros_msgs/include/depthai_ros_msgs/depthai_ros_msgs/msg/detail/tracked_feature__type_support.hpp
[0.945s] -- Up-to-date symlink: /home/dev_computer/dai_ws/install/depthai_ros_msgs/include/depthai_ros_msgs/depthai_ros_msgs/msg/detail/tracked_features__builder.hpp
[0.945s] -- Up-to-date symlink: /home/dev_computer/dai_ws/install/depthai_ros_msgs/include/depthai_ros_msgs/depthai_ros_msgs/msg/detail/tracked_features__struct.hpp
[0.946s] -- Up-to-date symlink: /home/dev_computer/dai_ws/install/depthai_ros_msgs/include/depthai_ros_msgs/depthai_ros_msgs/msg/detail/tracked_features__traits.hpp
[0.947s] -- Up-to-date symlink: /home/dev_computer/dai_ws/install/depthai_ros_msgs/include/depthai_ros_msgs/depthai_ros_msgs/msg/detail/tracked_features__type_support.hpp
[0.947s] -- Up-to-date symlink: /home/dev_computer/dai_ws/install/depthai_ros_msgs/include/depthai_ros_msgs/depthai_ros_msgs/msg/hand_landmark.hpp
[0.948s] -- Up-to-date symlink: /home/dev_computer/dai_ws/install/depthai_ros_msgs/include/depthai_ros_msgs/depthai_ros_msgs/msg/hand_landmark_array.hpp
[0.948s] -- Up-to-date symlink: /home/dev_computer/dai_ws/install/depthai_ros_msgs/include/depthai_ros_msgs/depthai_ros_msgs/msg/imu_with_magnetic_field.hpp
[0.948s] -- Up-to-date symlink: /home/dev_computer/dai_ws/install/depthai_ros_msgs/include/depthai_ros_msgs/depthai_ros_msgs/msg/rosidl_generator_cpp__visibility_control.hpp
[0.949s] -- Up-to-date symlink: /home/dev_computer/dai_ws/install/depthai_ros_msgs/include/depthai_ros_msgs/depthai_ros_msgs/msg/spatial_detection.hpp
[0.949s] -- Up-to-date symlink: /home/dev_computer/dai_ws/install/depthai_ros_msgs/include/depthai_ros_msgs/depthai_ros_msgs/msg/spatial_detection_array.hpp
[0.950s] -- Up-to-date symlink: /home/dev_computer/dai_ws/install/depthai_ros_msgs/include/depthai_ros_msgs/depthai_ros_msgs/msg/track_detection2_d.hpp
[0.950s] -- Up-to-date symlink: /home/dev_computer/dai_ws/install/depthai_ros_msgs/include/depthai_ros_msgs/depthai_ros_msgs/msg/track_detection2_d_array.hpp
[0.951s] -- Up-to-date symlink: /home/dev_computer/dai_ws/install/depthai_ros_msgs/include/depthai_ros_msgs/depthai_ros_msgs/msg/tracked_feature.hpp
[0.951s] -- Up-to-date symlink: /home/dev_computer/dai_ws/install/depthai_ros_msgs/include/depthai_ros_msgs/depthai_ros_msgs/msg/tracked_features.hpp
[0.952s] -- Up-to-date symlink: /home/dev_computer/dai_ws/install/depthai_ros_msgs/include/depthai_ros_msgs/depthai_ros_msgs/srv/detail/normalized_image_crop__builder.hpp
[0.952s] -- Up-to-date symlink: /home/dev_computer/dai_ws/install/depthai_ros_msgs/include/depthai_ros_msgs/depthai_ros_msgs/srv/detail/normalized_image_crop__struct.hpp
[0.953s] -- Up-to-date symlink: /home/dev_computer/dai_ws/install/depthai_ros_msgs/include/depthai_ros_msgs/depthai_ros_msgs/srv/detail/normalized_image_crop__traits.hpp
[0.953s] -- Up-to-date symlink: /home/dev_computer/dai_ws/install/depthai_ros_msgs/include/depthai_ros_msgs/depthai_ros_msgs/srv/detail/normalized_image_crop__type_support.hpp
[0.954s] -- Up-to-date symlink: /home/dev_computer/dai_ws/install/depthai_ros_msgs/include/depthai_ros_msgs/depthai_ros_msgs/srv/detail/trigger_named__builder.hpp
[0.954s] -- Up-to-date symlink: /home/dev_computer/dai_ws/install/depthai_ros_msgs/include/depthai_ros_msgs/depthai_ros_msgs/srv/detail/trigger_named__struct.hpp
[0.954s] -- Up-to-date symlink: /home/dev_computer/dai_ws/install/depthai_ros_msgs/include/depthai_ros_msgs/depthai_ros_msgs/srv/detail/trigger_named__traits.hpp
[0.955s] -- Up-to-date symlink: /home/dev_computer/dai_ws/install/depthai_ros_msgs/include/depthai_ros_msgs/depthai_ros_msgs/srv/detail/trigger_named__type_support.hpp
[0.956s] -- Up-to-date symlink: /home/dev_computer/dai_ws/install/depthai_ros_msgs/include/depthai_ros_msgs/depthai_ros_msgs/srv/normalized_image_crop.hpp
[0.958s] -- Up-to-date symlink: /home/dev_computer/dai_ws/install/depthai_ros_msgs/include/depthai_ros_msgs/depthai_ros_msgs/srv/trigger_named.hpp
[0.959s] -- Up-to-date symlink: /home/dev_computer/dai_ws/install/depthai_ros_msgs/include/depthai_ros_msgs/depthai_ros_msgs/msg/detail/auto_focus_ctrl__rosidl_typesupport_fastrtps_cpp.hpp
[0.960s] -- Up-to-date symlink: /home/dev_computer/dai_ws/install/depthai_ros_msgs/include/depthai_ros_msgs/depthai_ros_msgs/msg/detail/hand_landmark__rosidl_typesupport_fastrtps_cpp.hpp
[0.961s] -- Up-to-date symlink: /home/dev_computer/dai_ws/install/depthai_ros_msgs/include/depthai_ros_msgs/depthai_ros_msgs/msg/detail/hand_landmark_array__rosidl_typesupport_fastrtps_cpp.hpp
[0.961s] -- Up-to-date symlink: /home/dev_computer/dai_ws/install/depthai_ros_msgs/include/depthai_ros_msgs/depthai_ros_msgs/msg/detail/imu_with_magnetic_field__rosidl_typesupport_fastrtps_cpp.hpp
[0.962s] -- Up-to-date symlink: /home/dev_computer/dai_ws/install/depthai_ros_msgs/include/depthai_ros_msgs/depthai_ros_msgs/msg/detail/spatial_detection__rosidl_typesupport_fastrtps_cpp.hpp
[0.963s] -- Up-to-date symlink: /home/dev_computer/dai_ws/install/depthai_ros_msgs/include/depthai_ros_msgs/depthai_ros_msgs/msg/detail/spatial_detection_array__rosidl_typesupport_fastrtps_cpp.hpp
[0.963s] -- Up-to-date symlink: /home/dev_computer/dai_ws/install/depthai_ros_msgs/include/depthai_ros_msgs/depthai_ros_msgs/msg/detail/track_detection2_d__rosidl_typesupport_fastrtps_cpp.hpp
[0.963s] -- Up-to-date symlink: /home/dev_computer/dai_ws/install/depthai_ros_msgs/include/depthai_ros_msgs/depthai_ros_msgs/msg/detail/track_detection2_d_array__rosidl_typesupport_fastrtps_cpp.hpp
[0.964s] -- Up-to-date symlink: /home/dev_computer/dai_ws/install/depthai_ros_msgs/include/depthai_ros_msgs/depthai_ros_msgs/msg/detail/tracked_feature__rosidl_typesupport_fastrtps_cpp.hpp
[0.964s] -- Up-to-date symlink: /home/dev_computer/dai_ws/install/depthai_ros_msgs/include/depthai_ros_msgs/depthai_ros_msgs/msg/detail/tracked_features__rosidl_typesupport_fastrtps_cpp.hpp
[0.965s] -- Up-to-date symlink: /home/dev_computer/dai_ws/install/depthai_ros_msgs/include/depthai_ros_msgs/depthai_ros_msgs/msg/rosidl_typesupport_fastrtps_cpp__visibility_control.h
[0.965s] -- Up-to-date symlink: /home/dev_computer/dai_ws/install/depthai_ros_msgs/include/depthai_ros_msgs/depthai_ros_msgs/srv/detail/normalized_image_crop__rosidl_typesupport_fastrtps_cpp.hpp
[0.967s] -- Up-to-date symlink: /home/dev_computer/dai_ws/install/depthai_ros_msgs/include/depthai_ros_msgs/depthai_ros_msgs/srv/detail/trigger_named__rosidl_typesupport_fastrtps_cpp.hpp
[0.967s] -- Up-to-date symlink: /home/dev_computer/dai_ws/install/depthai_ros_msgs/include/depthai_ros_msgs/depthai_ros_msgs/msg/detail/auto_focus_ctrl__rosidl_typesupport_introspection_c.h
[0.967s] -- Up-to-date symlink: /home/dev_computer/dai_ws/install/depthai_ros_msgs/include/depthai_ros_msgs/depthai_ros_msgs/msg/detail/hand_landmark__rosidl_typesupport_introspection_c.h
[0.968s] -- Up-to-date symlink: /home/dev_computer/dai_ws/install/depthai_ros_msgs/include/depthai_ros_msgs/depthai_ros_msgs/msg/detail/hand_landmark_array__rosidl_typesupport_introspection_c.h
[0.969s] -- Up-to-date symlink: /home/dev_computer/dai_ws/install/depthai_ros_msgs/include/depthai_ros_msgs/depthai_ros_msgs/msg/detail/imu_with_magnetic_field__rosidl_typesupport_introspection_c.h
[0.969s] -- Up-to-date symlink: /home/dev_computer/dai_ws/install/depthai_ros_msgs/include/depthai_ros_msgs/depthai_ros_msgs/msg/detail/spatial_detection__rosidl_typesupport_introspection_c.h
[0.969s] -- Up-to-date symlink: /home/dev_computer/dai_ws/install/depthai_ros_msgs/include/depthai_ros_msgs/depthai_ros_msgs/msg/detail/spatial_detection_array__rosidl_typesupport_introspection_c.h
[0.970s] -- Up-to-date symlink: /home/dev_computer/dai_ws/install/depthai_ros_msgs/include/depthai_ros_msgs/depthai_ros_msgs/msg/detail/track_detection2_d__rosidl_typesupport_introspection_c.h
[0.970s] -- Up-to-date symlink: /home/dev_computer/dai_ws/install/depthai_ros_msgs/include/depthai_ros_msgs/depthai_ros_msgs/msg/detail/track_detection2_d_array__rosidl_typesupport_introspection_c.h
[0.971s] -- Up-to-date symlink: /home/dev_computer/dai_ws/install/depthai_ros_msgs/include/depthai_ros_msgs/depthai_ros_msgs/msg/detail/tracked_feature__rosidl_typesupport_introspection_c.h
[0.971s] -- Up-to-date symlink: /home/dev_computer/dai_ws/install/depthai_ros_msgs/include/depthai_ros_msgs/depthai_ros_msgs/msg/detail/tracked_features__rosidl_typesupport_introspection_c.h
[0.972s] -- Up-to-date symlink: /home/dev_computer/dai_ws/install/depthai_ros_msgs/include/depthai_ros_msgs/depthai_ros_msgs/msg/rosidl_typesupport_introspection_c__visibility_control.h
[0.973s] -- Up-to-date symlink: /home/dev_computer/dai_ws/install/depthai_ros_msgs/include/depthai_ros_msgs/depthai_ros_msgs/srv/detail/normalized_image_crop__rosidl_typesupport_introspection_c.h
[0.973s] -- Up-to-date symlink: /home/dev_computer/dai_ws/install/depthai_ros_msgs/include/depthai_ros_msgs/depthai_ros_msgs/srv/detail/trigger_named__rosidl_typesupport_introspection_c.h
[0.974s] -- Up-to-date symlink: /home/dev_computer/dai_ws/install/depthai_ros_msgs/include/depthai_ros_msgs/depthai_ros_msgs/msg/detail/auto_focus_ctrl__rosidl_typesupport_introspection_cpp.hpp
[0.975s] -- Up-to-date symlink: /home/dev_computer/dai_ws/install/depthai_ros_msgs/include/depthai_ros_msgs/depthai_ros_msgs/msg/detail/hand_landmark__rosidl_typesupport_introspection_cpp.hpp
[0.975s] -- Up-to-date symlink: /home/dev_computer/dai_ws/install/depthai_ros_msgs/include/depthai_ros_msgs/depthai_ros_msgs/msg/detail/hand_landmark_array__rosidl_typesupport_introspection_cpp.hpp
[0.976s] -- Up-to-date symlink: /home/dev_computer/dai_ws/install/depthai_ros_msgs/include/depthai_ros_msgs/depthai_ros_msgs/msg/detail/imu_with_magnetic_field__rosidl_typesupport_introspection_cpp.hpp
[0.976s] -- Up-to-date symlink: /home/dev_computer/dai_ws/install/depthai_ros_msgs/include/depthai_ros_msgs/depthai_ros_msgs/msg/detail/spatial_detection__rosidl_typesupport_introspection_cpp.hpp
[0.976s] -- Up-to-date symlink: /home/dev_computer/dai_ws/install/depthai_ros_msgs/include/depthai_ros_msgs/depthai_ros_msgs/msg/detail/spatial_detection_array__rosidl_typesupport_introspection_cpp.hpp
[0.977s] -- Up-to-date symlink: /home/dev_computer/dai_ws/install/depthai_ros_msgs/include/depthai_ros_msgs/depthai_ros_msgs/msg/detail/track_detection2_d__rosidl_typesupport_introspection_cpp.hpp
[0.977s] -- Up-to-date symlink: /home/dev_computer/dai_ws/install/depthai_ros_msgs/include/depthai_ros_msgs/depthai_ros_msgs/msg/detail/track_detection2_d_array__rosidl_typesupport_introspection_cpp.hpp
[0.978s] -- Up-to-date symlink: /home/dev_computer/dai_ws/install/depthai_ros_msgs/include/depthai_ros_msgs/depthai_ros_msgs/msg/detail/tracked_feature__rosidl_typesupport_introspection_cpp.hpp
[0.979s] -- Up-to-date symlink: /home/dev_computer/dai_ws/install/depthai_ros_msgs/include/depthai_ros_msgs/depthai_ros_msgs/msg/detail/tracked_features__rosidl_typesupport_introspection_cpp.hpp
[0.979s] -- Up-to-date symlink: /home/dev_computer/dai_ws/install/depthai_ros_msgs/include/depthai_ros_msgs/depthai_ros_msgs/srv/detail/normalized_image_crop__rosidl_typesupport_introspection_cpp.hpp
[0.979s] -- Up-to-date symlink: /home/dev_computer/dai_ws/install/depthai_ros_msgs/include/depthai_ros_msgs/depthai_ros_msgs/srv/detail/trigger_named__rosidl_typesupport_introspection_cpp.hpp
[0.981s] -- Up-to-date symlink: /home/dev_computer/dai_ws/install/depthai_ros_msgs/share/depthai_ros_msgs/environment/pythonpath.sh
[0.981s] -- Up-to-date symlink: /home/dev_computer/dai_ws/install/depthai_ros_msgs/share/depthai_ros_msgs/environment/pythonpath.dsv
[0.981s] -- Up-to-date symlink: /home/dev_computer/dai_ws/install/depthai_ros_msgs/lib/python3.12/site-packages/depthai_ros_msgs-2.11.2-py3.12.egg-info/PKG-INFO
[0.982s] -- Up-to-date symlink: /home/dev_computer/dai_ws/install/depthai_ros_msgs/lib/python3.12/site-packages/depthai_ros_msgs-2.11.2-py3.12.egg-info/SOURCES.txt
[0.983s] -- Up-to-date symlink: /home/dev_computer/dai_ws/install/depthai_ros_msgs/lib/python3.12/site-packages/depthai_ros_msgs-2.11.2-py3.12.egg-info/dependency_links.txt
[0.983s] -- Up-to-date symlink: /home/dev_computer/dai_ws/install/depthai_ros_msgs/lib/python3.12/site-packages/depthai_ros_msgs-2.11.2-py3.12.egg-info/top_level.txt
[0.985s] -- Up-to-date symlink: /home/dev_computer/dai_ws/install/depthai_ros_msgs/lib/python3.12/site-packages/depthai_ros_msgs/__init__.py
[0.985s] -- Up-to-date symlink: /home/dev_computer/dai_ws/install/depthai_ros_msgs/lib/python3.12/site-packages/depthai_ros_msgs/_depthai_ros_msgs_s.ep.rosidl_typesupport_c.c
[0.986s] -- Up-to-date symlink: /home/dev_computer/dai_ws/install/depthai_ros_msgs/lib/python3.12/site-packages/depthai_ros_msgs/_depthai_ros_msgs_s.ep.rosidl_typesupport_fastrtps_c.c
[0.986s] -- Up-to-date symlink: /home/dev_computer/dai_ws/install/depthai_ros_msgs/lib/python3.12/site-packages/depthai_ros_msgs/_depthai_ros_msgs_s.ep.rosidl_typesupport_introspection_c.c
[0.987s] -- Up-to-date symlink: /home/dev_computer/dai_ws/install/depthai_ros_msgs/lib/python3.12/site-packages/depthai_ros_msgs/depthai_ros_msgs_s__rosidl_typesupport_c.so
[0.987s] -- Up-to-date symlink: /home/dev_computer/dai_ws/install/depthai_ros_msgs/lib/python3.12/site-packages/depthai_ros_msgs/depthai_ros_msgs_s__rosidl_typesupport_fastrtps_c.so
[0.988s] -- Up-to-date symlink: /home/dev_computer/dai_ws/install/depthai_ros_msgs/lib/python3.12/site-packages/depthai_ros_msgs/depthai_ros_msgs_s__rosidl_typesupport_introspection_c.so
[0.988s] -- Up-to-date symlink: /home/dev_computer/dai_ws/install/depthai_ros_msgs/lib/python3.12/site-packages/depthai_ros_msgs/msg/__init__.py
[0.988s] -- Up-to-date symlink: /home/dev_computer/dai_ws/install/depthai_ros_msgs/lib/python3.12/site-packages/depthai_ros_msgs/msg/_auto_focus_ctrl.py
[0.988s] -- Up-to-date symlink: /home/dev_computer/dai_ws/install/depthai_ros_msgs/lib/python3.12/site-packages/depthai_ros_msgs/msg/_auto_focus_ctrl_s.c
[0.988s] -- Up-to-date symlink: /home/dev_computer/dai_ws/install/depthai_ros_msgs/lib/python3.12/site-packages/depthai_ros_msgs/msg/_hand_landmark.py
[0.989s] -- Up-to-date symlink: /home/dev_computer/dai_ws/install/depthai_ros_msgs/lib/python3.12/site-packages/depthai_ros_msgs/msg/_hand_landmark_array.py
[0.991s] -- Up-to-date symlink: /home/dev_computer/dai_ws/install/depthai_ros_msgs/lib/python3.12/site-packages/depthai_ros_msgs/msg/_hand_landmark_array_s.c
[0.991s] -- Up-to-date symlink: /home/dev_computer/dai_ws/install/depthai_ros_msgs/lib/python3.12/site-packages/depthai_ros_msgs/msg/_hand_landmark_s.c
[0.991s] -- Up-to-date symlink: /home/dev_computer/dai_ws/install/depthai_ros_msgs/lib/python3.12/site-packages/depthai_ros_msgs/msg/_imu_with_magnetic_field.py
[0.991s] -- Up-to-date symlink: /home/dev_computer/dai_ws/install/depthai_ros_msgs/lib/python3.12/site-packages/depthai_ros_msgs/msg/_imu_with_magnetic_field_s.c
[0.991s] -- Up-to-date symlink: /home/dev_computer/dai_ws/install/depthai_ros_msgs/lib/python3.12/site-packages/depthai_ros_msgs/msg/_spatial_detection.py
[0.992s] -- Up-to-date symlink: /home/dev_computer/dai_ws/install/depthai_ros_msgs/lib/python3.12/site-packages/depthai_ros_msgs/msg/_spatial_detection_array.py
[0.992s] -- Up-to-date symlink: /home/dev_computer/dai_ws/install/depthai_ros_msgs/lib/python3.12/site-packages/depthai_ros_msgs/msg/_spatial_detection_array_s.c
[0.992s] -- Up-to-date symlink: /home/dev_computer/dai_ws/install/depthai_ros_msgs/lib/python3.12/site-packages/depthai_ros_msgs/msg/_spatial_detection_s.c
[0.992s] -- Up-to-date symlink: /home/dev_computer/dai_ws/install/depthai_ros_msgs/lib/python3.12/site-packages/depthai_ros_msgs/msg/_track_detection2_d.py
[0.992s] -- Up-to-date symlink: /home/dev_computer/dai_ws/install/depthai_ros_msgs/lib/python3.12/site-packages/depthai_ros_msgs/msg/_track_detection2_d_array.py
[0.993s] -- Up-to-date symlink: /home/dev_computer/dai_ws/install/depthai_ros_msgs/lib/python3.12/site-packages/depthai_ros_msgs/msg/_track_detection2_d_array_s.c
[0.993s] -- Up-to-date symlink: /home/dev_computer/dai_ws/install/depthai_ros_msgs/lib/python3.12/site-packages/depthai_ros_msgs/msg/_track_detection2_d_s.c
[0.993s] -- Up-to-date symlink: /home/dev_computer/dai_ws/install/depthai_ros_msgs/lib/python3.12/site-packages/depthai_ros_msgs/msg/_tracked_feature.py
[0.993s] -- Up-to-date symlink: /home/dev_computer/dai_ws/install/depthai_ros_msgs/lib/python3.12/site-packages/depthai_ros_msgs/msg/_tracked_feature_s.c
[0.993s] -- Up-to-date symlink: /home/dev_computer/dai_ws/install/depthai_ros_msgs/lib/python3.12/site-packages/depthai_ros_msgs/msg/_tracked_features.py
[0.993s] -- Up-to-date symlink: /home/dev_computer/dai_ws/install/depthai_ros_msgs/lib/python3.12/site-packages/depthai_ros_msgs/msg/_tracked_features_s.c
[0.994s] -- Up-to-date symlink: /home/dev_computer/dai_ws/install/depthai_ros_msgs/lib/python3.12/site-packages/depthai_ros_msgs/srv/__init__.py
[0.994s] -- Up-to-date symlink: /home/dev_computer/dai_ws/install/depthai_ros_msgs/lib/python3.12/site-packages/depthai_ros_msgs/srv/_normalized_image_crop.py
[0.994s] -- Up-to-date symlink: /home/dev_computer/dai_ws/install/depthai_ros_msgs/lib/python3.12/site-packages/depthai_ros_msgs/srv/_normalized_image_crop_s.c
[0.994s] -- Up-to-date symlink: /home/dev_computer/dai_ws/install/depthai_ros_msgs/lib/python3.12/site-packages/depthai_ros_msgs/srv/_trigger_named.py
[0.994s] -- Up-to-date symlink: /home/dev_computer/dai_ws/install/depthai_ros_msgs/lib/python3.12/site-packages/depthai_ros_msgs/srv/_trigger_named_s.c
[0.994s] -- Up-to-date symlink: /home/dev_computer/dai_ws/install/depthai_ros_msgs/lib/python3.12/site-packages/depthai_ros_msgs/depthai_ros_msgs_s__rosidl_typesupport_fastrtps_c.so
[0.995s] -- Up-to-date symlink: /home/dev_computer/dai_ws/install/depthai_ros_msgs/lib/python3.12/site-packages/depthai_ros_msgs/depthai_ros_msgs_s__rosidl_typesupport_introspection_c.so
[0.996s] -- Up-to-date symlink: /home/dev_computer/dai_ws/install/depthai_ros_msgs/lib/python3.12/site-packages/depthai_ros_msgs/depthai_ros_msgs_s__rosidl_typesupport_c.so
[0.996s] -- Up-to-date symlink: /home/dev_computer/dai_ws/install/depthai_ros_msgs/share/depthai_ros_msgs/msg/AutoFocusCtrl.idl
[0.997s] -- Up-to-date symlink: /home/dev_computer/dai_ws/install/depthai_ros_msgs/share/depthai_ros_msgs/msg/HandLandmark.idl
[0.997s] -- Up-to-date symlink: /home/dev_computer/dai_ws/install/depthai_ros_msgs/share/depthai_ros_msgs/msg/HandLandmarkArray.idl
[0.998s] -- Up-to-date symlink: /home/dev_computer/dai_ws/install/depthai_ros_msgs/share/depthai_ros_msgs/msg/ImuWithMagneticField.idl
[0.998s] -- Up-to-date symlink: /home/dev_computer/dai_ws/install/depthai_ros_msgs/share/depthai_ros_msgs/msg/TrackedFeature.idl
[0.999s] -- Up-to-date symlink: /home/dev_computer/dai_ws/install/depthai_ros_msgs/share/depthai_ros_msgs/msg/TrackedFeatures.idl
[1.000s] -- Up-to-date symlink: /home/dev_computer/dai_ws/install/depthai_ros_msgs/share/depthai_ros_msgs/msg/SpatialDetection.idl
[1.000s] -- Up-to-date symlink: /home/dev_computer/dai_ws/install/depthai_ros_msgs/share/depthai_ros_msgs/msg/SpatialDetectionArray.idl
[1.001s] -- Up-to-date symlink: /home/dev_computer/dai_ws/install/depthai_ros_msgs/share/depthai_ros_msgs/msg/TrackDetection2D.idl
[1.001s] -- Up-to-date symlink: /home/dev_computer/dai_ws/install/depthai_ros_msgs/share/depthai_ros_msgs/msg/TrackDetection2DArray.idl
[1.002s] -- Up-to-date symlink: /home/dev_computer/dai_ws/install/depthai_ros_msgs/share/depthai_ros_msgs/srv/TriggerNamed.idl
[1.002s] -- Up-to-date symlink: /home/dev_computer/dai_ws/install/depthai_ros_msgs/share/depthai_ros_msgs/srv/NormalizedImageCrop.idl
[1.003s] -- Up-to-date symlink: /home/dev_computer/dai_ws/install/depthai_ros_msgs/share/depthai_ros_msgs/msg/AutoFocusCtrl.msg
[1.004s] -- Up-to-date symlink: /home/dev_computer/dai_ws/install/depthai_ros_msgs/share/depthai_ros_msgs/msg/HandLandmark.msg
[1.005s] -- Up-to-date symlink: /home/dev_computer/dai_ws/install/depthai_ros_msgs/share/depthai_ros_msgs/msg/HandLandmarkArray.msg
[1.006s] -- Up-to-date symlink: /home/dev_computer/dai_ws/install/depthai_ros_msgs/share/depthai_ros_msgs/msg/ImuWithMagneticField.msg
[1.006s] -- Up-to-date symlink: /home/dev_computer/dai_ws/install/depthai_ros_msgs/share/depthai_ros_msgs/msg/TrackedFeature.msg
[1.007s] -- Up-to-date symlink: /home/dev_computer/dai_ws/install/depthai_ros_msgs/share/depthai_ros_msgs/msg/TrackedFeatures.msg
[1.007s] -- Up-to-date symlink: /home/dev_computer/dai_ws/install/depthai_ros_msgs/share/depthai_ros_msgs/msg/SpatialDetection.msg
[1.007s] -- Up-to-date symlink: /home/dev_computer/dai_ws/install/depthai_ros_msgs/share/depthai_ros_msgs/msg/SpatialDetectionArray.msg
[1.011s] -- Up-to-date symlink: /home/dev_computer/dai_ws/install/depthai_ros_msgs/share/depthai_ros_msgs/msg/TrackDetection2D.msg
[1.011s] -- Up-to-date symlink: /home/dev_computer/dai_ws/install/depthai_ros_msgs/share/depthai_ros_msgs/msg/TrackDetection2DArray.msg
[1.012s] -- Up-to-date symlink: /home/dev_computer/dai_ws/install/depthai_ros_msgs/share/depthai_ros_msgs/srv/TriggerNamed.srv
[1.012s] -- Up-to-date symlink: /home/dev_computer/dai_ws/install/depthai_ros_msgs/share/depthai_ros_msgs/srv/NormalizedImageCrop.srv
[1.012s] -- Up-to-date symlink: /home/dev_computer/dai_ws/install/depthai_ros_msgs/share/ament_index/resource_index/package_run_dependencies/depthai_ros_msgs
[1.012s] -- Up-to-date symlink: /home/dev_computer/dai_ws/install/depthai_ros_msgs/share/ament_index/resource_index/parent_prefix_path/depthai_ros_msgs
[1.012s] -- Up-to-date symlink: /home/dev_computer/dai_ws/install/depthai_ros_msgs/share/depthai_ros_msgs/environment/ament_prefix_path.sh
[1.012s] -- Up-to-date symlink: /home/dev_computer/dai_ws/install/depthai_ros_msgs/share/depthai_ros_msgs/environment/ament_prefix_path.dsv
[1.012s] -- Up-to-date symlink: /home/dev_computer/dai_ws/install/depthai_ros_msgs/share/depthai_ros_msgs/environment/path.sh
[1.012s] -- Up-to-date symlink: /home/dev_computer/dai_ws/install/depthai_ros_msgs/share/depthai_ros_msgs/environment/path.dsv
[1.013s] -- Up-to-date symlink: /home/dev_computer/dai_ws/install/depthai_ros_msgs/share/depthai_ros_msgs/local_setup.bash
[1.013s] -- Up-to-date symlink: /home/dev_computer/dai_ws/install/depthai_ros_msgs/share/depthai_ros_msgs/local_setup.sh
[1.013s] -- Up-to-date symlink: /home/dev_computer/dai_ws/install/depthai_ros_msgs/share/depthai_ros_msgs/local_setup.zsh
[1.014s] -- Up-to-date symlink: /home/dev_computer/dai_ws/install/depthai_ros_msgs/share/depthai_ros_msgs/local_setup.dsv
[1.014s] -- Symlinking: /home/dev_computer/dai_ws/install/depthai_ros_msgs/share/depthai_ros_msgs/package.dsv
[1.040s] -- Up-to-date symlink: /home/dev_computer/dai_ws/install/depthai_ros_msgs/share/ament_index/resource_index/packages/depthai_ros_msgs
[1.040s] -- Up-to-date symlink: /home/dev_computer/dai_ws/install/depthai_ros_msgs/share/depthai_ros_msgs/cmake/rosidl_cmake-extras.cmake
[1.041s] -- Up-to-date symlink: /home/dev_computer/dai_ws/install/depthai_ros_msgs/share/depthai_ros_msgs/cmake/ament_cmake_export_dependencies-extras.cmake
[1.041s] -- Up-to-date symlink: /home/dev_computer/dai_ws/install/depthai_ros_msgs/share/depthai_ros_msgs/cmake/ament_cmake_export_include_directories-extras.cmake
[1.042s] -- Up-to-date symlink: /home/dev_computer/dai_ws/install/depthai_ros_msgs/share/depthai_ros_msgs/cmake/ament_cmake_export_libraries-extras.cmake
[1.043s] -- Up-to-date symlink: /home/dev_computer/dai_ws/install/depthai_ros_msgs/share/depthai_ros_msgs/cmake/ament_cmake_export_targets-extras.cmake
[1.043s] -- Up-to-date symlink: /home/dev_computer/dai_ws/install/depthai_ros_msgs/share/depthai_ros_msgs/cmake/rosidl_cmake_export_typesupport_targets-extras.cmake
[1.044s] -- Up-to-date symlink: /home/dev_computer/dai_ws/install/depthai_ros_msgs/share/depthai_ros_msgs/cmake/rosidl_cmake_export_typesupport_libraries-extras.cmake
[1.045s] -- Up-to-date symlink: /home/dev_computer/dai_ws/install/depthai_ros_msgs/share/depthai_ros_msgs/cmake/depthai_ros_msgsConfig.cmake
[1.046s] -- Up-to-date symlink: /home/dev_computer/dai_ws/install/depthai_ros_msgs/share/depthai_ros_msgs/cmake/depthai_ros_msgsConfig-version.cmake
[1.046s] -- Up-to-date symlink: /home/dev_computer/dai_ws/install/depthai_ros_msgs/share/depthai_ros_msgs/package.xml
[1.047s] -- Up-to-date: /home/dev_computer/dai_ws/install/depthai_ros_msgs/lib/libdepthai_ros_msgs__rosidl_generator_c.so
[1.047s] -- Up-to-date: /home/dev_computer/dai_ws/install/depthai_ros_msgs/lib/libdepthai_ros_msgs__rosidl_typesupport_fastrtps_c.so
[1.048s] -- Up-to-date: /home/dev_computer/dai_ws/install/depthai_ros_msgs/lib/libdepthai_ros_msgs__rosidl_typesupport_fastrtps_cpp.so
[1.049s] -- Up-to-date: /home/dev_computer/dai_ws/install/depthai_ros_msgs/lib/libdepthai_ros_msgs__rosidl_typesupport_introspection_c.so
[1.050s] -- Up-to-date: /home/dev_computer/dai_ws/install/depthai_ros_msgs/lib/libdepthai_ros_msgs__rosidl_typesupport_c.so
[1.050s] -- Up-to-date: /home/dev_computer/dai_ws/install/depthai_ros_msgs/lib/libdepthai_ros_msgs__rosidl_typesupport_introspection_cpp.so
[1.052s] -- Up-to-date: /home/dev_computer/dai_ws/install/depthai_ros_msgs/lib/libdepthai_ros_msgs__rosidl_typesupport_cpp.so
[1.155s] Listing '/home/dev_computer/dai_ws/install/depthai_ros_msgs/lib/python3.12/site-packages/depthai_ros_msgs'...
[1.155s] Listing '/home/dev_computer/dai_ws/install/depthai_ros_msgs/lib/python3.12/site-packages/depthai_ros_msgs/msg'...
[1.155s] Listing '/home/dev_computer/dai_ws/install/depthai_ros_msgs/lib/python3.12/site-packages/depthai_ros_msgs/srv'...
[1.165s] -- Up-to-date: /home/dev_computer/dai_ws/install/depthai_ros_msgs/lib/libdepthai_ros_msgs__rosidl_generator_py.so
[1.165s] -- Up-to-date: /home/dev_computer/dai_ws/install/depthai_ros_msgs/share/depthai_ros_msgs/cmake/export_depthai_ros_msgs__rosidl_generator_cExport.cmake
[1.166s] -- Up-to-date: /home/dev_computer/dai_ws/install/depthai_ros_msgs/share/depthai_ros_msgs/cmake/export_depthai_ros_msgs__rosidl_generator_cExport-noconfig.cmake
[1.166s] -- Up-to-date: /home/dev_computer/dai_ws/install/depthai_ros_msgs/share/depthai_ros_msgs/cmake/export_depthai_ros_msgs__rosidl_typesupport_fastrtps_cExport.cmake
[1.166s] -- Up-to-date: /home/dev_computer/dai_ws/install/depthai_ros_msgs/share/depthai_ros_msgs/cmake/export_depthai_ros_msgs__rosidl_typesupport_fastrtps_cExport-noconfig.cmake
[1.166s] -- Up-to-date: /home/dev_computer/dai_ws/install/depthai_ros_msgs/share/depthai_ros_msgs/cmake/export_depthai_ros_msgs__rosidl_generator_cppExport.cmake
[1.166s] -- Up-to-date: /home/dev_computer/dai_ws/install/depthai_ros_msgs/share/depthai_ros_msgs/cmake/export_depthai_ros_msgs__rosidl_typesupport_fastrtps_cppExport.cmake
[1.167s] -- Up-to-date: /home/dev_computer/dai_ws/install/depthai_ros_msgs/share/depthai_ros_msgs/cmake/export_depthai_ros_msgs__rosidl_typesupport_fastrtps_cppExport-noconfig.cmake
[1.167s] -- Up-to-date: /home/dev_computer/dai_ws/install/depthai_ros_msgs/share/depthai_ros_msgs/cmake/depthai_ros_msgs__rosidl_typesupport_introspection_cExport.cmake
[1.167s] -- Up-to-date: /home/dev_computer/dai_ws/install/depthai_ros_msgs/share/depthai_ros_msgs/cmake/depthai_ros_msgs__rosidl_typesupport_introspection_cExport-noconfig.cmake
[1.167s] -- Up-to-date: /home/dev_computer/dai_ws/install/depthai_ros_msgs/share/depthai_ros_msgs/cmake/depthai_ros_msgs__rosidl_typesupport_cExport.cmake
[1.167s] -- Up-to-date: /home/dev_computer/dai_ws/install/depthai_ros_msgs/share/depthai_ros_msgs/cmake/depthai_ros_msgs__rosidl_typesupport_cExport-noconfig.cmake
[1.167s] -- Up-to-date: /home/dev_computer/dai_ws/install/depthai_ros_msgs/share/depthai_ros_msgs/cmake/depthai_ros_msgs__rosidl_typesupport_introspection_cppExport.cmake
[1.168s] -- Up-to-date: /home/dev_computer/dai_ws/install/depthai_ros_msgs/share/depthai_ros_msgs/cmake/depthai_ros_msgs__rosidl_typesupport_introspection_cppExport-noconfig.cmake
[1.168s] -- Up-to-date: /home/dev_computer/dai_ws/install/depthai_ros_msgs/share/depthai_ros_msgs/cmake/depthai_ros_msgs__rosidl_typesupport_cppExport.cmake
[1.168s] -- Up-to-date: /home/dev_computer/dai_ws/install/depthai_ros_msgs/share/depthai_ros_msgs/cmake/depthai_ros_msgs__rosidl_typesupport_cppExport-noconfig.cmake
[1.168s] -- Up-to-date: /home/dev_computer/dai_ws/install/depthai_ros_msgs/share/depthai_ros_msgs/cmake/export_depthai_ros_msgs__rosidl_generator_pyExport.cmake
[1.168s] -- Up-to-date: /home/dev_computer/dai_ws/install/depthai_ros_msgs/share/depthai_ros_msgs/cmake/export_depthai_ros_msgs__rosidl_generator_pyExport-noconfig.cmake
[1.171s] Invoked command in '/home/dev_computer/dai_ws/build/depthai_ros_msgs' returned '0': CMAKE_PREFIX_PATH=${CMAKE_PREFIX_PATH}:/home/dev_computer/dai_ws/install/spatial_detector:/home/dev_computer/dai_ws/install/detector_subscriber:/home/dev_computer/dai_ws/install/detector:/opt/ros/jazzy DEBUGINFOD_URLS=https://debuginfod.ubuntu.com /usr/bin/cmake --install /home/dev_computer/dai_ws/build/depthai_ros_msgs
