[0.022s] Invoking command in '/home/dev_computer/dai_ws/build/depthai_ros_msgs': CMAKE_PREFIX_PATH=${CMAKE_PREFIX_PATH}:/home/dev_computer/dai_ws/install/spatial_detector:/home/dev_computer/dai_ws/install/detector_subscriber:/home/dev_computer/dai_ws/install/detector:/opt/ros/jazzy DEBUGINFOD_URLS=https://debuginfod.ubuntu.com /usr/bin/cmake /home/dev_computer/dai_ws/src/depthai-ros/depthai_ros_msgs -DAMENT_CMAKE_SYMLINK_INSTALL=1 -DCMAKE_INSTALL_PREFIX=/home/dev_computer/dai_ws/install/depthai_ros_msgs
[0.036s] -- Found ament_cmake: 2.5.3 (/opt/ros/jazzy/share/ament_cmake/cmake)
[0.066s] -- Found Python3: /usr/bin/python3 (found version "3.12.3") found components: Interpreter 
[0.147s] -- Override CMake install command with custom implementation using symlinks instead of copying resources
[0.155s] -- ------------------------------------------
[0.155s] -- Depthai ROS MSGS/INTERFACES is being built using AMENT.
[0.155s] -- ------------------------------------------
[0.155s] -- Found geometry_msgs: 5.3.6 (/opt/ros/jazzy/share/geometry_msgs/cmake)
[0.185s] -- Found rosidl_generator_c: 4.6.5 (/opt/ros/jazzy/share/rosidl_generator_c/cmake)
[0.194s] -- Found rosidl_generator_cpp: 4.6.5 (/opt/ros/jazzy/share/rosidl_generator_cpp/cmake)
[0.205s] -- Using all available rosidl_typesupport_c: rosidl_typesupport_fastrtps_c;rosidl_typesupport_introspection_c
[0.219s] -- Using all available rosidl_typesupport_cpp: rosidl_typesupport_fastrtps_cpp;rosidl_typesupport_introspection_cpp
[0.262s] -- Found vision_msgs: 4.1.1 (/opt/ros/jazzy/share/vision_msgs/cmake)
[0.281s] -- Found sensor_msgs: 5.3.6 (/opt/ros/jazzy/share/sensor_msgs/cmake)
[0.315s] -- Found rosidl_default_generators: 1.6.0 (/opt/ros/jazzy/share/rosidl_default_generators/cmake)
[0.324s] -- Found rosidl_adapter: 4.6.5 (/opt/ros/jazzy/share/rosidl_adapter/cmake)
[0.730s] -- Found ament_cmake_ros: 0.12.0 (/opt/ros/jazzy/share/ament_cmake_ros/cmake)
[1.134s] -- Using all available rosidl_typesupport_c: rosidl_typesupport_fastrtps_c;rosidl_typesupport_introspection_c
[1.291s] -- Using all available rosidl_typesupport_cpp: rosidl_typesupport_fastrtps_cpp;rosidl_typesupport_introspection_cpp
[1.293s] -- Found python_cmake_module: 0.11.1 (/opt/ros/jazzy/share/python_cmake_module/cmake)
[1.581s] -- Found Python3: /usr/bin/python3 (found version "3.12.3") found components: Interpreter Development NumPy Development.Module Development.Embed 
[1.653s] -- Configuring done (1.6s)
[1.719s] -- Generating done (0.1s)
[1.733s] -- Build files have been written to: /home/dev_computer/dai_ws/build/depthai_ros_msgs
[1.742s] Invoked command in '/home/dev_computer/dai_ws/build/depthai_ros_msgs' returned '0': CMAKE_PREFIX_PATH=${CMAKE_PREFIX_PATH}:/home/dev_computer/dai_ws/install/spatial_detector:/home/dev_computer/dai_ws/install/detector_subscriber:/home/dev_computer/dai_ws/install/detector:/opt/ros/jazzy DEBUGINFOD_URLS=https://debuginfod.ubuntu.com /usr/bin/cmake /home/dev_computer/dai_ws/src/depthai-ros/depthai_ros_msgs -DAMENT_CMAKE_SYMLINK_INSTALL=1 -DCMAKE_INSTALL_PREFIX=/home/dev_computer/dai_ws/install/depthai_ros_msgs
[1.742s] Invoking command in '/home/dev_computer/dai_ws/build/depthai_ros_msgs': CMAKE_PREFIX_PATH=${CMAKE_PREFIX_PATH}:/home/dev_computer/dai_ws/install/spatial_detector:/home/dev_computer/dai_ws/install/detector_subscriber:/home/dev_computer/dai_ws/install/detector:/opt/ros/jazzy DEBUGINFOD_URLS=https://debuginfod.ubuntu.com /usr/bin/cmake --build /home/dev_computer/dai_ws/build/depthai_ros_msgs -- -j8 -l8
[1.801s] [  1%] Built target depthai_ros_msgs__rosidl_generator_type_description
[1.810s] [  1%] Built target ament_cmake_python_symlink_depthai_ros_msgs
[1.824s] [  1%] Built target depthai_ros_msgs__cpp
[1.841s] [ 27%] Built target depthai_ros_msgs__rosidl_generator_c
[1.892s] [ 55%] Built target depthai_ros_msgs__rosidl_typesupport_introspection_c
[1.892s] [ 55%] Built target depthai_ros_msgs__rosidl_typesupport_introspection_cpp
[1.892s] [ 56%] Built target depthai_ros_msgs__rosidl_typesupport_c
[1.896s] [ 65%] Built target depthai_ros_msgs__rosidl_typesupport_cpp
[1.898s] [ 75%] Built target depthai_ros_msgs__rosidl_typesupport_fastrtps_c
[1.900s] [ 85%] Built target depthai_ros_msgs__rosidl_typesupport_fastrtps_cpp
[1.922s] [ 85%] Built target depthai_ros_msgs
[1.946s] [ 86%] Built target depthai_ros_msgs__py
[1.983s] [ 95%] Built target depthai_ros_msgs__rosidl_generator_py
[2.009s] [100%] Built target depthai_ros_msgs_s__rosidl_typesupport_c
[2.009s] [ 99%] Built target depthai_ros_msgs_s__rosidl_typesupport_fastrtps_c
[2.009s] [100%] Built target depthai_ros_msgs_s__rosidl_typesupport_introspection_c
[2.093s] running egg_info
[2.117s] writing depthai_ros_msgs.egg-info/PKG-INFO
[2.117s] writing dependency_links to depthai_ros_msgs.egg-info/dependency_links.txt
[2.117s] writing top-level names to depthai_ros_msgs.egg-info/top_level.txt
[2.186s] reading manifest file 'depthai_ros_msgs.egg-info/SOURCES.txt'
[2.187s] writing manifest file 'depthai_ros_msgs.egg-info/SOURCES.txt'
[2.216s] [100%] Built target ament_cmake_python_build_depthai_ros_msgs_egg
[2.229s] Invoked command in '/home/dev_computer/dai_ws/build/depthai_ros_msgs' returned '0': CMAKE_PREFIX_PATH=${CMAKE_PREFIX_PATH}:/home/dev_computer/dai_ws/install/spatial_detector:/home/dev_computer/dai_ws/install/detector_subscriber:/home/dev_computer/dai_ws/install/detector:/opt/ros/jazzy DEBUGINFOD_URLS=https://debuginfod.ubuntu.com /usr/bin/cmake --build /home/dev_computer/dai_ws/build/depthai_ros_msgs -- -j8 -l8
[2.230s] Invoking command in '/home/dev_computer/dai_ws/build/depthai_ros_msgs': CMAKE_PREFIX_PATH=${CMAKE_PREFIX_PATH}:/home/dev_computer/dai_ws/install/spatial_detector:/home/dev_computer/dai_ws/install/detector_subscriber:/home/dev_computer/dai_ws/install/detector:/opt/ros/jazzy DEBUGINFOD_URLS=https://debuginfod.ubuntu.com /usr/bin/cmake --install /home/dev_computer/dai_ws/build/depthai_ros_msgs
[2.239s] -- Install configuration: ""
[2.239s] -- Execute custom install script
[2.239s] -- Up-to-date symlink: /home/dev_computer/dai_ws/install/depthai_ros_msgs/share/ament_index/resource_index/rosidl_interfaces/depthai_ros_msgs
[2.240s] -- Up-to-date symlink: /home/dev_computer/dai_ws/install/depthai_ros_msgs/share/depthai_ros_msgs/msg/AutoFocusCtrl.json
[2.240s] -- Up-to-date symlink: /home/dev_computer/dai_ws/install/depthai_ros_msgs/share/depthai_ros_msgs/msg/HandLandmark.json
[2.240s] -- Up-to-date symlink: /home/dev_computer/dai_ws/install/depthai_ros_msgs/share/depthai_ros_msgs/msg/HandLandmarkArray.json
[2.240s] -- Up-to-date symlink: /home/dev_computer/dai_ws/install/depthai_ros_msgs/share/depthai_ros_msgs/msg/ImuWithMagneticField.json
[2.240s] -- Up-to-date symlink: /home/dev_computer/dai_ws/install/depthai_ros_msgs/share/depthai_ros_msgs/msg/TrackedFeature.json
[2.240s] -- Up-to-date symlink: /home/dev_computer/dai_ws/install/depthai_ros_msgs/share/depthai_ros_msgs/msg/TrackedFeatures.json
[2.241s] -- Up-to-date symlink: /home/dev_computer/dai_ws/install/depthai_ros_msgs/share/depthai_ros_msgs/msg/SpatialDetection.json
[2.241s] -- Up-to-date symlink: /home/dev_computer/dai_ws/install/depthai_ros_msgs/share/depthai_ros_msgs/msg/SpatialDetectionArray.json
[2.241s] -- Up-to-date symlink: /home/dev_computer/dai_ws/install/depthai_ros_msgs/share/depthai_ros_msgs/msg/TrackDetection2D.json
[2.241s] -- Up-to-date symlink: /home/dev_computer/dai_ws/install/depthai_ros_msgs/share/depthai_ros_msgs/msg/TrackDetection2DArray.json
[2.241s] -- Up-to-date symlink: /home/dev_computer/dai_ws/install/depthai_ros_msgs/share/depthai_ros_msgs/srv/TriggerNamed.json
[2.241s] -- Up-to-date symlink: /home/dev_computer/dai_ws/install/depthai_ros_msgs/share/depthai_ros_msgs/srv/NormalizedImageCrop.json
[2.242s] -- Up-to-date symlink: /home/dev_computer/dai_ws/install/depthai_ros_msgs/include/depthai_ros_msgs/depthai_ros_msgs/msg/auto_focus_ctrl.h
[2.242s] -- Up-to-date symlink: /home/dev_computer/dai_ws/install/depthai_ros_msgs/include/depthai_ros_msgs/depthai_ros_msgs/msg/detail/auto_focus_ctrl__functions.h
[2.243s] -- Up-to-date symlink: /home/dev_computer/dai_ws/install/depthai_ros_msgs/include/depthai_ros_msgs/depthai_ros_msgs/msg/detail/auto_focus_ctrl__struct.h
[2.243s] -- Up-to-date symlink: /home/dev_computer/dai_ws/install/depthai_ros_msgs/include/depthai_ros_msgs/depthai_ros_msgs/msg/detail/auto_focus_ctrl__type_support.h
[2.243s] -- Up-to-date symlink: /home/dev_computer/dai_ws/install/depthai_ros_msgs/include/depthai_ros_msgs/depthai_ros_msgs/msg/detail/hand_landmark__functions.h
[2.243s] -- Up-to-date symlink: /home/dev_computer/dai_ws/install/depthai_ros_msgs/include/depthai_ros_msgs/depthai_ros_msgs/msg/detail/hand_landmark__struct.h
[2.243s] -- Up-to-date symlink: /home/dev_computer/dai_ws/install/depthai_ros_msgs/include/depthai_ros_msgs/depthai_ros_msgs/msg/detail/hand_landmark__type_support.h
[2.243s] -- Up-to-date symlink: /home/dev_computer/dai_ws/install/depthai_ros_msgs/include/depthai_ros_msgs/depthai_ros_msgs/msg/detail/hand_landmark_array__functions.h
[2.243s] -- Up-to-date symlink: /home/dev_computer/dai_ws/install/depthai_ros_msgs/include/depthai_ros_msgs/depthai_ros_msgs/msg/detail/hand_landmark_array__struct.h
[2.243s] -- Up-to-date symlink: /home/dev_computer/dai_ws/install/depthai_ros_msgs/include/depthai_ros_msgs/depthai_ros_msgs/msg/detail/hand_landmark_array__type_support.h
[2.243s] -- Up-to-date symlink: /home/dev_computer/dai_ws/install/depthai_ros_msgs/include/depthai_ros_msgs/depthai_ros_msgs/msg/detail/imu_with_magnetic_field__functions.h
[2.244s] -- Up-to-date symlink: /home/dev_computer/dai_ws/install/depthai_ros_msgs/include/depthai_ros_msgs/depthai_ros_msgs/msg/detail/imu_with_magnetic_field__struct.h
[2.244s] -- Up-to-date symlink: /home/dev_computer/dai_ws/install/depthai_ros_msgs/include/depthai_ros_msgs/depthai_ros_msgs/msg/detail/imu_with_magnetic_field__type_support.h
[2.244s] -- Up-to-date symlink: /home/dev_computer/dai_ws/install/depthai_ros_msgs/include/depthai_ros_msgs/depthai_ros_msgs/msg/detail/spatial_detection__functions.h
[2.244s] -- Up-to-date symlink: /home/dev_computer/dai_ws/install/depthai_ros_msgs/include/depthai_ros_msgs/depthai_ros_msgs/msg/detail/spatial_detection__struct.h
[2.244s] -- Up-to-date symlink: /home/dev_computer/dai_ws/install/depthai_ros_msgs/include/depthai_ros_msgs/depthai_ros_msgs/msg/detail/spatial_detection__type_support.h
[2.244s] -- Up-to-date symlink: /home/dev_computer/dai_ws/install/depthai_ros_msgs/include/depthai_ros_msgs/depthai_ros_msgs/msg/detail/spatial_detection_array__functions.h
[2.244s] -- Up-to-date symlink: /home/dev_computer/dai_ws/install/depthai_ros_msgs/include/depthai_ros_msgs/depthai_ros_msgs/msg/detail/spatial_detection_array__struct.h
[2.244s] -- Up-to-date symlink: /home/dev_computer/dai_ws/install/depthai_ros_msgs/include/depthai_ros_msgs/depthai_ros_msgs/msg/detail/spatial_detection_array__type_support.h
[2.244s] -- Up-to-date symlink: /home/dev_computer/dai_ws/install/depthai_ros_msgs/include/depthai_ros_msgs/depthai_ros_msgs/msg/detail/track_detection2_d__functions.h
[2.245s] -- Up-to-date symlink: /home/dev_computer/dai_ws/install/depthai_ros_msgs/include/depthai_ros_msgs/depthai_ros_msgs/msg/detail/track_detection2_d__struct.h
[2.245s] -- Up-to-date symlink: /home/dev_computer/dai_ws/install/depthai_ros_msgs/include/depthai_ros_msgs/depthai_ros_msgs/msg/detail/track_detection2_d__type_support.h
[2.245s] -- Up-to-date symlink: /home/dev_computer/dai_ws/install/depthai_ros_msgs/include/depthai_ros_msgs/depthai_ros_msgs/msg/detail/track_detection2_d_array__functions.h
[2.245s] -- Up-to-date symlink: /home/dev_computer/dai_ws/install/depthai_ros_msgs/include/depthai_ros_msgs/depthai_ros_msgs/msg/detail/track_detection2_d_array__struct.h
[2.245s] -- Up-to-date symlink: /home/dev_computer/dai_ws/install/depthai_ros_msgs/include/depthai_ros_msgs/depthai_ros_msgs/msg/detail/track_detection2_d_array__type_support.h
[2.245s] -- Up-to-date symlink: /home/dev_computer/dai_ws/install/depthai_ros_msgs/include/depthai_ros_msgs/depthai_ros_msgs/msg/detail/tracked_feature__functions.h
[2.245s] -- Up-to-date symlink: /home/dev_computer/dai_ws/install/depthai_ros_msgs/include/depthai_ros_msgs/depthai_ros_msgs/msg/detail/tracked_feature__struct.h
[2.245s] -- Up-to-date symlink: /home/dev_computer/dai_ws/install/depthai_ros_msgs/include/depthai_ros_msgs/depthai_ros_msgs/msg/detail/tracked_feature__type_support.h
[2.246s] -- Up-to-date symlink: /home/dev_computer/dai_ws/install/depthai_ros_msgs/include/depthai_ros_msgs/depthai_ros_msgs/msg/detail/tracked_features__functions.h
[2.246s] -- Up-to-date symlink: /home/dev_computer/dai_ws/install/depthai_ros_msgs/include/depthai_ros_msgs/depthai_ros_msgs/msg/detail/tracked_features__struct.h
[2.246s] -- Up-to-date symlink: /home/dev_computer/dai_ws/install/depthai_ros_msgs/include/depthai_ros_msgs/depthai_ros_msgs/msg/detail/tracked_features__type_support.h
[2.246s] -- Up-to-date symlink: /home/dev_computer/dai_ws/install/depthai_ros_msgs/include/depthai_ros_msgs/depthai_ros_msgs/msg/hand_landmark.h
[2.246s] -- Up-to-date symlink: /home/dev_computer/dai_ws/install/depthai_ros_msgs/include/depthai_ros_msgs/depthai_ros_msgs/msg/hand_landmark_array.h
[2.246s] -- Up-to-date symlink: /home/dev_computer/dai_ws/install/depthai_ros_msgs/include/depthai_ros_msgs/depthai_ros_msgs/msg/imu_with_magnetic_field.h
[2.246s] -- Up-to-date symlink: /home/dev_computer/dai_ws/install/depthai_ros_msgs/include/depthai_ros_msgs/depthai_ros_msgs/msg/rosidl_generator_c__visibility_control.h
[2.246s] -- Up-to-date symlink: /home/dev_computer/dai_ws/install/depthai_ros_msgs/include/depthai_ros_msgs/depthai_ros_msgs/msg/spatial_detection.h
[2.246s] -- Up-to-date symlink: /home/dev_computer/dai_ws/install/depthai_ros_msgs/include/depthai_ros_msgs/depthai_ros_msgs/msg/spatial_detection_array.h
[2.246s] -- Up-to-date symlink: /home/dev_computer/dai_ws/install/depthai_ros_msgs/include/depthai_ros_msgs/depthai_ros_msgs/msg/track_detection2_d.h
[2.247s] -- Up-to-date symlink: /home/dev_computer/dai_ws/install/depthai_ros_msgs/include/depthai_ros_msgs/depthai_ros_msgs/msg/track_detection2_d_array.h
[2.247s] -- Up-to-date symlink: /home/dev_computer/dai_ws/install/depthai_ros_msgs/include/depthai_ros_msgs/depthai_ros_msgs/msg/tracked_feature.h
[2.247s] -- Up-to-date symlink: /home/dev_computer/dai_ws/install/depthai_ros_msgs/include/depthai_ros_msgs/depthai_ros_msgs/msg/tracked_features.h
[2.247s] -- Up-to-date symlink: /home/dev_computer/dai_ws/install/depthai_ros_msgs/include/depthai_ros_msgs/depthai_ros_msgs/srv/detail/normalized_image_crop__functions.h
[2.247s] -- Up-to-date symlink: /home/dev_computer/dai_ws/install/depthai_ros_msgs/include/depthai_ros_msgs/depthai_ros_msgs/srv/detail/normalized_image_crop__struct.h
[2.247s] -- Up-to-date symlink: /home/dev_computer/dai_ws/install/depthai_ros_msgs/include/depthai_ros_msgs/depthai_ros_msgs/srv/detail/normalized_image_crop__type_support.h
[2.247s] -- Up-to-date symlink: /home/dev_computer/dai_ws/install/depthai_ros_msgs/include/depthai_ros_msgs/depthai_ros_msgs/srv/detail/trigger_named__functions.h
[2.248s] -- Up-to-date symlink: /home/dev_computer/dai_ws/install/depthai_ros_msgs/include/depthai_ros_msgs/depthai_ros_msgs/srv/detail/trigger_named__struct.h
[2.248s] -- Up-to-date symlink: /home/dev_computer/dai_ws/install/depthai_ros_msgs/include/depthai_ros_msgs/depthai_ros_msgs/srv/detail/trigger_named__type_support.h
[2.248s] -- Up-to-date symlink: /home/dev_computer/dai_ws/install/depthai_ros_msgs/include/depthai_ros_msgs/depthai_ros_msgs/srv/normalized_image_crop.h
[2.248s] -- Up-to-date symlink: /home/dev_computer/dai_ws/install/depthai_ros_msgs/include/depthai_ros_msgs/depthai_ros_msgs/srv/trigger_named.h
[2.248s] -- Up-to-date symlink: /home/dev_computer/dai_ws/install/depthai_ros_msgs/share/depthai_ros_msgs/environment/library_path.sh
[2.248s] -- Up-to-date symlink: /home/dev_computer/dai_ws/install/depthai_ros_msgs/share/depthai_ros_msgs/environment/library_path.dsv
[2.249s] -- Up-to-date symlink: /home/dev_computer/dai_ws/install/depthai_ros_msgs/include/depthai_ros_msgs/depthai_ros_msgs/msg/detail/auto_focus_ctrl__rosidl_typesupport_fastrtps_c.h
[2.249s] -- Up-to-date symlink: /home/dev_computer/dai_ws/install/depthai_ros_msgs/include/depthai_ros_msgs/depthai_ros_msgs/msg/detail/hand_landmark__rosidl_typesupport_fastrtps_c.h
[2.249s] -- Up-to-date symlink: /home/dev_computer/dai_ws/install/depthai_ros_msgs/include/depthai_ros_msgs/depthai_ros_msgs/msg/detail/hand_landmark_array__rosidl_typesupport_fastrtps_c.h
[2.249s] -- Up-to-date symlink: /home/dev_computer/dai_ws/install/depthai_ros_msgs/include/depthai_ros_msgs/depthai_ros_msgs/msg/detail/imu_with_magnetic_field__rosidl_typesupport_fastrtps_c.h
[2.250s] -- Up-to-date symlink: /home/dev_computer/dai_ws/install/depthai_ros_msgs/include/depthai_ros_msgs/depthai_ros_msgs/msg/detail/spatial_detection__rosidl_typesupport_fastrtps_c.h
[2.250s] -- Up-to-date symlink: /home/dev_computer/dai_ws/install/depthai_ros_msgs/include/depthai_ros_msgs/depthai_ros_msgs/msg/detail/spatial_detection_array__rosidl_typesupport_fastrtps_c.h
[2.250s] -- Up-to-date symlink: /home/dev_computer/dai_ws/install/depthai_ros_msgs/include/depthai_ros_msgs/depthai_ros_msgs/msg/detail/track_detection2_d__rosidl_typesupport_fastrtps_c.h
[2.250s] -- Up-to-date symlink: /home/dev_computer/dai_ws/install/depthai_ros_msgs/include/depthai_ros_msgs/depthai_ros_msgs/msg/detail/track_detection2_d_array__rosidl_typesupport_fastrtps_c.h
[2.250s] -- Up-to-date symlink: /home/dev_computer/dai_ws/install/depthai_ros_msgs/include/depthai_ros_msgs/depthai_ros_msgs/msg/detail/tracked_feature__rosidl_typesupport_fastrtps_c.h
[2.250s] -- Up-to-date symlink: /home/dev_computer/dai_ws/install/depthai_ros_msgs/include/depthai_ros_msgs/depthai_ros_msgs/msg/detail/tracked_features__rosidl_typesupport_fastrtps_c.h
[2.250s] -- Up-to-date symlink: /home/dev_computer/dai_ws/install/depthai_ros_msgs/include/depthai_ros_msgs/depthai_ros_msgs/msg/rosidl_typesupport_fastrtps_c__visibility_control.h
[2.250s] -- Up-to-date symlink: /home/dev_computer/dai_ws/install/depthai_ros_msgs/include/depthai_ros_msgs/depthai_ros_msgs/srv/detail/normalized_image_crop__rosidl_typesupport_fastrtps_c.h
[2.251s] -- Up-to-date symlink: /home/dev_computer/dai_ws/install/depthai_ros_msgs/include/depthai_ros_msgs/depthai_ros_msgs/srv/detail/trigger_named__rosidl_typesupport_fastrtps_c.h
[2.251s] -- Up-to-date symlink: /home/dev_computer/dai_ws/install/depthai_ros_msgs/include/depthai_ros_msgs/depthai_ros_msgs/msg/auto_focus_ctrl.hpp
[2.251s] -- Up-to-date symlink: /home/dev_computer/dai_ws/install/depthai_ros_msgs/include/depthai_ros_msgs/depthai_ros_msgs/msg/detail/auto_focus_ctrl__builder.hpp
[2.252s] -- Up-to-date symlink: /home/dev_computer/dai_ws/install/depthai_ros_msgs/include/depthai_ros_msgs/depthai_ros_msgs/msg/detail/auto_focus_ctrl__struct.hpp
[2.252s] -- Up-to-date symlink: /home/dev_computer/dai_ws/install/depthai_ros_msgs/include/depthai_ros_msgs/depthai_ros_msgs/msg/detail/auto_focus_ctrl__traits.hpp
[2.252s] -- Up-to-date symlink: /home/dev_computer/dai_ws/install/depthai_ros_msgs/include/depthai_ros_msgs/depthai_ros_msgs/msg/detail/auto_focus_ctrl__type_support.hpp
[2.252s] -- Up-to-date symlink: /home/dev_computer/dai_ws/install/depthai_ros_msgs/include/depthai_ros_msgs/depthai_ros_msgs/msg/detail/hand_landmark__builder.hpp
[2.252s] -- Up-to-date symlink: /home/dev_computer/dai_ws/install/depthai_ros_msgs/include/depthai_ros_msgs/depthai_ros_msgs/msg/detail/hand_landmark__struct.hpp
[2.252s] -- Up-to-date symlink: /home/dev_computer/dai_ws/install/depthai_ros_msgs/include/depthai_ros_msgs/depthai_ros_msgs/msg/detail/hand_landmark__traits.hpp
[2.252s] -- Up-to-date symlink: /home/dev_computer/dai_ws/install/depthai_ros_msgs/include/depthai_ros_msgs/depthai_ros_msgs/msg/detail/hand_landmark__type_support.hpp
[2.252s] -- Up-to-date symlink: /home/dev_computer/dai_ws/install/depthai_ros_msgs/include/depthai_ros_msgs/depthai_ros_msgs/msg/detail/hand_landmark_array__builder.hpp
[2.253s] -- Up-to-date symlink: /home/dev_computer/dai_ws/install/depthai_ros_msgs/include/depthai_ros_msgs/depthai_ros_msgs/msg/detail/hand_landmark_array__struct.hpp
[2.253s] -- Up-to-date symlink: /home/dev_computer/dai_ws/install/depthai_ros_msgs/include/depthai_ros_msgs/depthai_ros_msgs/msg/detail/hand_landmark_array__traits.hpp
[2.253s] -- Up-to-date symlink: /home/dev_computer/dai_ws/install/depthai_ros_msgs/include/depthai_ros_msgs/depthai_ros_msgs/msg/detail/hand_landmark_array__type_support.hpp
[2.253s] -- Up-to-date symlink: /home/dev_computer/dai_ws/install/depthai_ros_msgs/include/depthai_ros_msgs/depthai_ros_msgs/msg/detail/imu_with_magnetic_field__builder.hpp
[2.253s] -- Up-to-date symlink: /home/dev_computer/dai_ws/install/depthai_ros_msgs/include/depthai_ros_msgs/depthai_ros_msgs/msg/detail/imu_with_magnetic_field__struct.hpp
[2.253s] -- Up-to-date symlink: /home/dev_computer/dai_ws/install/depthai_ros_msgs/include/depthai_ros_msgs/depthai_ros_msgs/msg/detail/imu_with_magnetic_field__traits.hpp
[2.253s] -- Up-to-date symlink: /home/dev_computer/dai_ws/install/depthai_ros_msgs/include/depthai_ros_msgs/depthai_ros_msgs/msg/detail/imu_with_magnetic_field__type_support.hpp
[2.253s] -- Up-to-date symlink: /home/dev_computer/dai_ws/install/depthai_ros_msgs/include/depthai_ros_msgs/depthai_ros_msgs/msg/detail/spatial_detection__builder.hpp
[2.253s] -- Up-to-date symlink: /home/dev_computer/dai_ws/install/depthai_ros_msgs/include/depthai_ros_msgs/depthai_ros_msgs/msg/detail/spatial_detection__struct.hpp
[2.253s] -- Up-to-date symlink: /home/dev_computer/dai_ws/install/depthai_ros_msgs/include/depthai_ros_msgs/depthai_ros_msgs/msg/detail/spatial_detection__traits.hpp
[2.254s] -- Up-to-date symlink: /home/dev_computer/dai_ws/install/depthai_ros_msgs/include/depthai_ros_msgs/depthai_ros_msgs/msg/detail/spatial_detection__type_support.hpp
[2.254s] -- Up-to-date symlink: /home/dev_computer/dai_ws/install/depthai_ros_msgs/include/depthai_ros_msgs/depthai_ros_msgs/msg/detail/spatial_detection_array__builder.hpp
[2.254s] -- Up-to-date symlink: /home/dev_computer/dai_ws/install/depthai_ros_msgs/include/depthai_ros_msgs/depthai_ros_msgs/msg/detail/spatial_detection_array__struct.hpp
[2.254s] -- Up-to-date symlink: /home/dev_computer/dai_ws/install/depthai_ros_msgs/include/depthai_ros_msgs/depthai_ros_msgs/msg/detail/spatial_detection_array__traits.hpp
[2.254s] -- Up-to-date symlink: /home/dev_computer/dai_ws/install/depthai_ros_msgs/include/depthai_ros_msgs/depthai_ros_msgs/msg/detail/spatial_detection_array__type_support.hpp
[2.254s] -- Up-to-date symlink: /home/dev_computer/dai_ws/install/depthai_ros_msgs/include/depthai_ros_msgs/depthai_ros_msgs/msg/detail/track_detection2_d__builder.hpp
[2.254s] -- Up-to-date symlink: /home/dev_computer/dai_ws/install/depthai_ros_msgs/include/depthai_ros_msgs/depthai_ros_msgs/msg/detail/track_detection2_d__struct.hpp
[2.254s] -- Up-to-date symlink: /home/dev_computer/dai_ws/install/depthai_ros_msgs/include/depthai_ros_msgs/depthai_ros_msgs/msg/detail/track_detection2_d__traits.hpp
[2.254s] -- Up-to-date symlink: /home/dev_computer/dai_ws/install/depthai_ros_msgs/include/depthai_ros_msgs/depthai_ros_msgs/msg/detail/track_detection2_d__type_support.hpp
[2.255s] -- Up-to-date symlink: /home/dev_computer/dai_ws/install/depthai_ros_msgs/include/depthai_ros_msgs/depthai_ros_msgs/msg/detail/track_detection2_d_array__builder.hpp
[2.255s] -- Up-to-date symlink: /home/dev_computer/dai_ws/install/depthai_ros_msgs/include/depthai_ros_msgs/depthai_ros_msgs/msg/detail/track_detection2_d_array__struct.hpp
[2.255s] -- Up-to-date symlink: /home/dev_computer/dai_ws/install/depthai_ros_msgs/include/depthai_ros_msgs/depthai_ros_msgs/msg/detail/track_detection2_d_array__traits.hpp
[2.255s] -- Up-to-date symlink: /home/dev_computer/dai_ws/install/depthai_ros_msgs/include/depthai_ros_msgs/depthai_ros_msgs/msg/detail/track_detection2_d_array__type_support.hpp
[2.255s] -- Up-to-date symlink: /home/dev_computer/dai_ws/install/depthai_ros_msgs/include/depthai_ros_msgs/depthai_ros_msgs/msg/detail/tracked_feature__builder.hpp
[2.255s] -- Up-to-date symlink: /home/dev_computer/dai_ws/install/depthai_ros_msgs/include/depthai_ros_msgs/depthai_ros_msgs/msg/detail/tracked_feature__struct.hpp
[2.256s] -- Up-to-date symlink: /home/dev_computer/dai_ws/install/depthai_ros_msgs/include/depthai_ros_msgs/depthai_ros_msgs/msg/detail/tracked_feature__traits.hpp
[2.256s] -- Up-to-date symlink: /home/dev_computer/dai_ws/install/depthai_ros_msgs/include/depthai_ros_msgs/depthai_ros_msgs/msg/detail/tracked_feature__type_support.hpp
[2.256s] -- Up-to-date symlink: /home/dev_computer/dai_ws/install/depthai_ros_msgs/include/depthai_ros_msgs/depthai_ros_msgs/msg/detail/tracked_features__builder.hpp
[2.256s] -- Up-to-date symlink: /home/dev_computer/dai_ws/install/depthai_ros_msgs/include/depthai_ros_msgs/depthai_ros_msgs/msg/detail/tracked_features__struct.hpp
[2.256s] -- Up-to-date symlink: /home/dev_computer/dai_ws/install/depthai_ros_msgs/include/depthai_ros_msgs/depthai_ros_msgs/msg/detail/tracked_features__traits.hpp
[2.256s] -- Up-to-date symlink: /home/dev_computer/dai_ws/install/depthai_ros_msgs/include/depthai_ros_msgs/depthai_ros_msgs/msg/detail/tracked_features__type_support.hpp
[2.256s] -- Up-to-date symlink: /home/dev_computer/dai_ws/install/depthai_ros_msgs/include/depthai_ros_msgs/depthai_ros_msgs/msg/hand_landmark.hpp
[2.256s] -- Up-to-date symlink: /home/dev_computer/dai_ws/install/depthai_ros_msgs/include/depthai_ros_msgs/depthai_ros_msgs/msg/hand_landmark_array.hpp
[2.256s] -- Up-to-date symlink: /home/dev_computer/dai_ws/install/depthai_ros_msgs/include/depthai_ros_msgs/depthai_ros_msgs/msg/imu_with_magnetic_field.hpp
[2.257s] -- Up-to-date symlink: /home/dev_computer/dai_ws/install/depthai_ros_msgs/include/depthai_ros_msgs/depthai_ros_msgs/msg/rosidl_generator_cpp__visibility_control.hpp
[2.257s] -- Up-to-date symlink: /home/dev_computer/dai_ws/install/depthai_ros_msgs/include/depthai_ros_msgs/depthai_ros_msgs/msg/spatial_detection.hpp
[2.257s] -- Up-to-date symlink: /home/dev_computer/dai_ws/install/depthai_ros_msgs/include/depthai_ros_msgs/depthai_ros_msgs/msg/spatial_detection_array.hpp
[2.257s] -- Up-to-date symlink: /home/dev_computer/dai_ws/install/depthai_ros_msgs/include/depthai_ros_msgs/depthai_ros_msgs/msg/track_detection2_d.hpp
[2.257s] -- Up-to-date symlink: /home/dev_computer/dai_ws/install/depthai_ros_msgs/include/depthai_ros_msgs/depthai_ros_msgs/msg/track_detection2_d_array.hpp
[2.257s] -- Up-to-date symlink: /home/dev_computer/dai_ws/install/depthai_ros_msgs/include/depthai_ros_msgs/depthai_ros_msgs/msg/tracked_feature.hpp
[2.257s] -- Up-to-date symlink: /home/dev_computer/dai_ws/install/depthai_ros_msgs/include/depthai_ros_msgs/depthai_ros_msgs/msg/tracked_features.hpp
[2.257s] -- Up-to-date symlink: /home/dev_computer/dai_ws/install/depthai_ros_msgs/include/depthai_ros_msgs/depthai_ros_msgs/srv/detail/normalized_image_crop__builder.hpp
[2.257s] -- Up-to-date symlink: /home/dev_computer/dai_ws/install/depthai_ros_msgs/include/depthai_ros_msgs/depthai_ros_msgs/srv/detail/normalized_image_crop__struct.hpp
[2.258s] -- Up-to-date symlink: /home/dev_computer/dai_ws/install/depthai_ros_msgs/include/depthai_ros_msgs/depthai_ros_msgs/srv/detail/normalized_image_crop__traits.hpp
[2.258s] -- Up-to-date symlink: /home/dev_computer/dai_ws/install/depthai_ros_msgs/include/depthai_ros_msgs/depthai_ros_msgs/srv/detail/normalized_image_crop__type_support.hpp
[2.258s] -- Up-to-date symlink: /home/dev_computer/dai_ws/install/depthai_ros_msgs/include/depthai_ros_msgs/depthai_ros_msgs/srv/detail/trigger_named__builder.hpp
[2.258s] -- Up-to-date symlink: /home/dev_computer/dai_ws/install/depthai_ros_msgs/include/depthai_ros_msgs/depthai_ros_msgs/srv/detail/trigger_named__struct.hpp
[2.258s] -- Up-to-date symlink: /home/dev_computer/dai_ws/install/depthai_ros_msgs/include/depthai_ros_msgs/depthai_ros_msgs/srv/detail/trigger_named__traits.hpp
[2.258s] -- Up-to-date symlink: /home/dev_computer/dai_ws/install/depthai_ros_msgs/include/depthai_ros_msgs/depthai_ros_msgs/srv/detail/trigger_named__type_support.hpp
[2.258s] -- Up-to-date symlink: /home/dev_computer/dai_ws/install/depthai_ros_msgs/include/depthai_ros_msgs/depthai_ros_msgs/srv/normalized_image_crop.hpp
[2.258s] -- Up-to-date symlink: /home/dev_computer/dai_ws/install/depthai_ros_msgs/include/depthai_ros_msgs/depthai_ros_msgs/srv/trigger_named.hpp
[2.259s] -- Up-to-date symlink: /home/dev_computer/dai_ws/install/depthai_ros_msgs/include/depthai_ros_msgs/depthai_ros_msgs/msg/detail/auto_focus_ctrl__rosidl_typesupport_fastrtps_cpp.hpp
[2.259s] -- Up-to-date symlink: /home/dev_computer/dai_ws/install/depthai_ros_msgs/include/depthai_ros_msgs/depthai_ros_msgs/msg/detail/hand_landmark__rosidl_typesupport_fastrtps_cpp.hpp
[2.259s] -- Up-to-date symlink: /home/dev_computer/dai_ws/install/depthai_ros_msgs/include/depthai_ros_msgs/depthai_ros_msgs/msg/detail/hand_landmark_array__rosidl_typesupport_fastrtps_cpp.hpp
[2.259s] -- Up-to-date symlink: /home/dev_computer/dai_ws/install/depthai_ros_msgs/include/depthai_ros_msgs/depthai_ros_msgs/msg/detail/imu_with_magnetic_field__rosidl_typesupport_fastrtps_cpp.hpp
[2.260s] -- Up-to-date symlink: /home/dev_computer/dai_ws/install/depthai_ros_msgs/include/depthai_ros_msgs/depthai_ros_msgs/msg/detail/spatial_detection__rosidl_typesupport_fastrtps_cpp.hpp
[2.260s] -- Up-to-date symlink: /home/dev_computer/dai_ws/install/depthai_ros_msgs/include/depthai_ros_msgs/depthai_ros_msgs/msg/detail/spatial_detection_array__rosidl_typesupport_fastrtps_cpp.hpp
[2.260s] -- Up-to-date symlink: /home/dev_computer/dai_ws/install/depthai_ros_msgs/include/depthai_ros_msgs/depthai_ros_msgs/msg/detail/track_detection2_d__rosidl_typesupport_fastrtps_cpp.hpp
[2.260s] -- Up-to-date symlink: /home/dev_computer/dai_ws/install/depthai_ros_msgs/include/depthai_ros_msgs/depthai_ros_msgs/msg/detail/track_detection2_d_array__rosidl_typesupport_fastrtps_cpp.hpp
[2.260s] -- Up-to-date symlink: /home/dev_computer/dai_ws/install/depthai_ros_msgs/include/depthai_ros_msgs/depthai_ros_msgs/msg/detail/tracked_feature__rosidl_typesupport_fastrtps_cpp.hpp
[2.260s] -- Up-to-date symlink: /home/dev_computer/dai_ws/install/depthai_ros_msgs/include/depthai_ros_msgs/depthai_ros_msgs/msg/detail/tracked_features__rosidl_typesupport_fastrtps_cpp.hpp
[2.260s] -- Up-to-date symlink: /home/dev_computer/dai_ws/install/depthai_ros_msgs/include/depthai_ros_msgs/depthai_ros_msgs/msg/rosidl_typesupport_fastrtps_cpp__visibility_control.h
[2.260s] -- Up-to-date symlink: /home/dev_computer/dai_ws/install/depthai_ros_msgs/include/depthai_ros_msgs/depthai_ros_msgs/srv/detail/normalized_image_crop__rosidl_typesupport_fastrtps_cpp.hpp
[2.260s] -- Up-to-date symlink: /home/dev_computer/dai_ws/install/depthai_ros_msgs/include/depthai_ros_msgs/depthai_ros_msgs/srv/detail/trigger_named__rosidl_typesupport_fastrtps_cpp.hpp
[2.261s] -- Up-to-date symlink: /home/dev_computer/dai_ws/install/depthai_ros_msgs/include/depthai_ros_msgs/depthai_ros_msgs/msg/detail/auto_focus_ctrl__rosidl_typesupport_introspection_c.h
[2.261s] -- Up-to-date symlink: /home/dev_computer/dai_ws/install/depthai_ros_msgs/include/depthai_ros_msgs/depthai_ros_msgs/msg/detail/hand_landmark__rosidl_typesupport_introspection_c.h
[2.261s] -- Up-to-date symlink: /home/dev_computer/dai_ws/install/depthai_ros_msgs/include/depthai_ros_msgs/depthai_ros_msgs/msg/detail/hand_landmark_array__rosidl_typesupport_introspection_c.h
[2.261s] -- Up-to-date symlink: /home/dev_computer/dai_ws/install/depthai_ros_msgs/include/depthai_ros_msgs/depthai_ros_msgs/msg/detail/imu_with_magnetic_field__rosidl_typesupport_introspection_c.h
[2.261s] -- Up-to-date symlink: /home/dev_computer/dai_ws/install/depthai_ros_msgs/include/depthai_ros_msgs/depthai_ros_msgs/msg/detail/spatial_detection__rosidl_typesupport_introspection_c.h
[2.262s] -- Up-to-date symlink: /home/dev_computer/dai_ws/install/depthai_ros_msgs/include/depthai_ros_msgs/depthai_ros_msgs/msg/detail/spatial_detection_array__rosidl_typesupport_introspection_c.h
[2.262s] -- Up-to-date symlink: /home/dev_computer/dai_ws/install/depthai_ros_msgs/include/depthai_ros_msgs/depthai_ros_msgs/msg/detail/track_detection2_d__rosidl_typesupport_introspection_c.h
[2.262s] -- Up-to-date symlink: /home/dev_computer/dai_ws/install/depthai_ros_msgs/include/depthai_ros_msgs/depthai_ros_msgs/msg/detail/track_detection2_d_array__rosidl_typesupport_introspection_c.h
[2.262s] -- Up-to-date symlink: /home/dev_computer/dai_ws/install/depthai_ros_msgs/include/depthai_ros_msgs/depthai_ros_msgs/msg/detail/tracked_feature__rosidl_typesupport_introspection_c.h
[2.262s] -- Up-to-date symlink: /home/dev_computer/dai_ws/install/depthai_ros_msgs/include/depthai_ros_msgs/depthai_ros_msgs/msg/detail/tracked_features__rosidl_typesupport_introspection_c.h
[2.262s] -- Up-to-date symlink: /home/dev_computer/dai_ws/install/depthai_ros_msgs/include/depthai_ros_msgs/depthai_ros_msgs/msg/rosidl_typesupport_introspection_c__visibility_control.h
[2.262s] -- Up-to-date symlink: /home/dev_computer/dai_ws/install/depthai_ros_msgs/include/depthai_ros_msgs/depthai_ros_msgs/srv/detail/normalized_image_crop__rosidl_typesupport_introspection_c.h
[2.262s] -- Up-to-date symlink: /home/dev_computer/dai_ws/install/depthai_ros_msgs/include/depthai_ros_msgs/depthai_ros_msgs/srv/detail/trigger_named__rosidl_typesupport_introspection_c.h
[2.263s] -- Up-to-date symlink: /home/dev_computer/dai_ws/install/depthai_ros_msgs/include/depthai_ros_msgs/depthai_ros_msgs/msg/detail/auto_focus_ctrl__rosidl_typesupport_introspection_cpp.hpp
[2.263s] -- Up-to-date symlink: /home/dev_computer/dai_ws/install/depthai_ros_msgs/include/depthai_ros_msgs/depthai_ros_msgs/msg/detail/hand_landmark__rosidl_typesupport_introspection_cpp.hpp
[2.263s] -- Up-to-date symlink: /home/dev_computer/dai_ws/install/depthai_ros_msgs/include/depthai_ros_msgs/depthai_ros_msgs/msg/detail/hand_landmark_array__rosidl_typesupport_introspection_cpp.hpp
[2.263s] -- Up-to-date symlink: /home/dev_computer/dai_ws/install/depthai_ros_msgs/include/depthai_ros_msgs/depthai_ros_msgs/msg/detail/imu_with_magnetic_field__rosidl_typesupport_introspection_cpp.hpp
[2.263s] -- Up-to-date symlink: /home/dev_computer/dai_ws/install/depthai_ros_msgs/include/depthai_ros_msgs/depthai_ros_msgs/msg/detail/spatial_detection__rosidl_typesupport_introspection_cpp.hpp
[2.263s] -- Up-to-date symlink: /home/dev_computer/dai_ws/install/depthai_ros_msgs/include/depthai_ros_msgs/depthai_ros_msgs/msg/detail/spatial_detection_array__rosidl_typesupport_introspection_cpp.hpp
[2.263s] -- Up-to-date symlink: /home/dev_computer/dai_ws/install/depthai_ros_msgs/include/depthai_ros_msgs/depthai_ros_msgs/msg/detail/track_detection2_d__rosidl_typesupport_introspection_cpp.hpp
[2.264s] -- Up-to-date symlink: /home/dev_computer/dai_ws/install/depthai_ros_msgs/include/depthai_ros_msgs/depthai_ros_msgs/msg/detail/track_detection2_d_array__rosidl_typesupport_introspection_cpp.hpp
[2.264s] -- Up-to-date symlink: /home/dev_computer/dai_ws/install/depthai_ros_msgs/include/depthai_ros_msgs/depthai_ros_msgs/msg/detail/tracked_feature__rosidl_typesupport_introspection_cpp.hpp
[2.264s] -- Up-to-date symlink: /home/dev_computer/dai_ws/install/depthai_ros_msgs/include/depthai_ros_msgs/depthai_ros_msgs/msg/detail/tracked_features__rosidl_typesupport_introspection_cpp.hpp
[2.264s] -- Up-to-date symlink: /home/dev_computer/dai_ws/install/depthai_ros_msgs/include/depthai_ros_msgs/depthai_ros_msgs/srv/detail/normalized_image_crop__rosidl_typesupport_introspection_cpp.hpp
[2.264s] -- Up-to-date symlink: /home/dev_computer/dai_ws/install/depthai_ros_msgs/include/depthai_ros_msgs/depthai_ros_msgs/srv/detail/trigger_named__rosidl_typesupport_introspection_cpp.hpp
[2.264s] -- Up-to-date symlink: /home/dev_computer/dai_ws/install/depthai_ros_msgs/share/depthai_ros_msgs/environment/pythonpath.sh
[2.264s] -- Up-to-date symlink: /home/dev_computer/dai_ws/install/depthai_ros_msgs/share/depthai_ros_msgs/environment/pythonpath.dsv
[2.265s] -- Up-to-date symlink: /home/dev_computer/dai_ws/install/depthai_ros_msgs/lib/python3.12/site-packages/depthai_ros_msgs-2.11.2-py3.12.egg-info/PKG-INFO
[2.265s] -- Up-to-date symlink: /home/dev_computer/dai_ws/install/depthai_ros_msgs/lib/python3.12/site-packages/depthai_ros_msgs-2.11.2-py3.12.egg-info/SOURCES.txt
[2.265s] -- Up-to-date symlink: /home/dev_computer/dai_ws/install/depthai_ros_msgs/lib/python3.12/site-packages/depthai_ros_msgs-2.11.2-py3.12.egg-info/dependency_links.txt
[2.265s] -- Up-to-date symlink: /home/dev_computer/dai_ws/install/depthai_ros_msgs/lib/python3.12/site-packages/depthai_ros_msgs-2.11.2-py3.12.egg-info/top_level.txt
[2.266s] -- Up-to-date symlink: /home/dev_computer/dai_ws/install/depthai_ros_msgs/lib/python3.12/site-packages/depthai_ros_msgs/__init__.py
[2.266s] -- Up-to-date symlink: /home/dev_computer/dai_ws/install/depthai_ros_msgs/lib/python3.12/site-packages/depthai_ros_msgs/_depthai_ros_msgs_s.ep.rosidl_typesupport_c.c
[2.266s] -- Up-to-date symlink: /home/dev_computer/dai_ws/install/depthai_ros_msgs/lib/python3.12/site-packages/depthai_ros_msgs/_depthai_ros_msgs_s.ep.rosidl_typesupport_fastrtps_c.c
[2.266s] -- Up-to-date symlink: /home/dev_computer/dai_ws/install/depthai_ros_msgs/lib/python3.12/site-packages/depthai_ros_msgs/_depthai_ros_msgs_s.ep.rosidl_typesupport_introspection_c.c
[2.266s] -- Up-to-date symlink: /home/dev_computer/dai_ws/install/depthai_ros_msgs/lib/python3.12/site-packages/depthai_ros_msgs/depthai_ros_msgs_s__rosidl_typesupport_c.so
[2.266s] -- Up-to-date symlink: /home/dev_computer/dai_ws/install/depthai_ros_msgs/lib/python3.12/site-packages/depthai_ros_msgs/depthai_ros_msgs_s__rosidl_typesupport_fastrtps_c.so
[2.267s] -- Up-to-date symlink: /home/dev_computer/dai_ws/install/depthai_ros_msgs/lib/python3.12/site-packages/depthai_ros_msgs/depthai_ros_msgs_s__rosidl_typesupport_introspection_c.so
[2.267s] -- Up-to-date symlink: /home/dev_computer/dai_ws/install/depthai_ros_msgs/lib/python3.12/site-packages/depthai_ros_msgs/msg/__init__.py
[2.267s] -- Up-to-date symlink: /home/dev_computer/dai_ws/install/depthai_ros_msgs/lib/python3.12/site-packages/depthai_ros_msgs/msg/_auto_focus_ctrl.py
[2.267s] -- Up-to-date symlink: /home/dev_computer/dai_ws/install/depthai_ros_msgs/lib/python3.12/site-packages/depthai_ros_msgs/msg/_auto_focus_ctrl_s.c
[2.267s] -- Up-to-date symlink: /home/dev_computer/dai_ws/install/depthai_ros_msgs/lib/python3.12/site-packages/depthai_ros_msgs/msg/_hand_landmark.py
[2.267s] -- Up-to-date symlink: /home/dev_computer/dai_ws/install/depthai_ros_msgs/lib/python3.12/site-packages/depthai_ros_msgs/msg/_hand_landmark_array.py
[2.267s] -- Up-to-date symlink: /home/dev_computer/dai_ws/install/depthai_ros_msgs/lib/python3.12/site-packages/depthai_ros_msgs/msg/_hand_landmark_array_s.c
[2.267s] -- Up-to-date symlink: /home/dev_computer/dai_ws/install/depthai_ros_msgs/lib/python3.12/site-packages/depthai_ros_msgs/msg/_hand_landmark_s.c
[2.267s] -- Up-to-date symlink: /home/dev_computer/dai_ws/install/depthai_ros_msgs/lib/python3.12/site-packages/depthai_ros_msgs/msg/_imu_with_magnetic_field.py
[2.268s] -- Up-to-date symlink: /home/dev_computer/dai_ws/install/depthai_ros_msgs/lib/python3.12/site-packages/depthai_ros_msgs/msg/_imu_with_magnetic_field_s.c
[2.268s] -- Up-to-date symlink: /home/dev_computer/dai_ws/install/depthai_ros_msgs/lib/python3.12/site-packages/depthai_ros_msgs/msg/_spatial_detection.py
[2.268s] -- Up-to-date symlink: /home/dev_computer/dai_ws/install/depthai_ros_msgs/lib/python3.12/site-packages/depthai_ros_msgs/msg/_spatial_detection_array.py
[2.268s] -- Up-to-date symlink: /home/dev_computer/dai_ws/install/depthai_ros_msgs/lib/python3.12/site-packages/depthai_ros_msgs/msg/_spatial_detection_array_s.c
[2.268s] -- Up-to-date symlink: /home/dev_computer/dai_ws/install/depthai_ros_msgs/lib/python3.12/site-packages/depthai_ros_msgs/msg/_spatial_detection_s.c
[2.268s] -- Up-to-date symlink: /home/dev_computer/dai_ws/install/depthai_ros_msgs/lib/python3.12/site-packages/depthai_ros_msgs/msg/_track_detection2_d.py
[2.268s] -- Up-to-date symlink: /home/dev_computer/dai_ws/install/depthai_ros_msgs/lib/python3.12/site-packages/depthai_ros_msgs/msg/_track_detection2_d_array.py
[2.268s] -- Up-to-date symlink: /home/dev_computer/dai_ws/install/depthai_ros_msgs/lib/python3.12/site-packages/depthai_ros_msgs/msg/_track_detection2_d_array_s.c
[2.268s] -- Up-to-date symlink: /home/dev_computer/dai_ws/install/depthai_ros_msgs/lib/python3.12/site-packages/depthai_ros_msgs/msg/_track_detection2_d_s.c
[2.268s] -- Up-to-date symlink: /home/dev_computer/dai_ws/install/depthai_ros_msgs/lib/python3.12/site-packages/depthai_ros_msgs/msg/_tracked_feature.py
[2.269s] -- Up-to-date symlink: /home/dev_computer/dai_ws/install/depthai_ros_msgs/lib/python3.12/site-packages/depthai_ros_msgs/msg/_tracked_feature_s.c
[2.269s] -- Up-to-date symlink: /home/dev_computer/dai_ws/install/depthai_ros_msgs/lib/python3.12/site-packages/depthai_ros_msgs/msg/_tracked_features.py
[2.269s] -- Up-to-date symlink: /home/dev_computer/dai_ws/install/depthai_ros_msgs/lib/python3.12/site-packages/depthai_ros_msgs/msg/_tracked_features_s.c
[2.269s] -- Up-to-date symlink: /home/dev_computer/dai_ws/install/depthai_ros_msgs/lib/python3.12/site-packages/depthai_ros_msgs/srv/__init__.py
[2.269s] -- Up-to-date symlink: /home/dev_computer/dai_ws/install/depthai_ros_msgs/lib/python3.12/site-packages/depthai_ros_msgs/srv/_normalized_image_crop.py
[2.269s] -- Up-to-date symlink: /home/dev_computer/dai_ws/install/depthai_ros_msgs/lib/python3.12/site-packages/depthai_ros_msgs/srv/_normalized_image_crop_s.c
[2.269s] -- Up-to-date symlink: /home/dev_computer/dai_ws/install/depthai_ros_msgs/lib/python3.12/site-packages/depthai_ros_msgs/srv/_trigger_named.py
[2.269s] -- Up-to-date symlink: /home/dev_computer/dai_ws/install/depthai_ros_msgs/lib/python3.12/site-packages/depthai_ros_msgs/srv/_trigger_named_s.c
[2.270s] -- Up-to-date symlink: /home/dev_computer/dai_ws/install/depthai_ros_msgs/lib/python3.12/site-packages/depthai_ros_msgs/depthai_ros_msgs_s__rosidl_typesupport_fastrtps_c.so
[2.270s] -- Up-to-date symlink: /home/dev_computer/dai_ws/install/depthai_ros_msgs/lib/python3.12/site-packages/depthai_ros_msgs/depthai_ros_msgs_s__rosidl_typesupport_introspection_c.so
[2.270s] -- Up-to-date symlink: /home/dev_computer/dai_ws/install/depthai_ros_msgs/lib/python3.12/site-packages/depthai_ros_msgs/depthai_ros_msgs_s__rosidl_typesupport_c.so
[2.270s] -- Up-to-date symlink: /home/dev_computer/dai_ws/install/depthai_ros_msgs/share/depthai_ros_msgs/msg/AutoFocusCtrl.idl
[2.270s] -- Up-to-date symlink: /home/dev_computer/dai_ws/install/depthai_ros_msgs/share/depthai_ros_msgs/msg/HandLandmark.idl
[2.271s] -- Up-to-date symlink: /home/dev_computer/dai_ws/install/depthai_ros_msgs/share/depthai_ros_msgs/msg/HandLandmarkArray.idl
[2.271s] -- Up-to-date symlink: /home/dev_computer/dai_ws/install/depthai_ros_msgs/share/depthai_ros_msgs/msg/ImuWithMagneticField.idl
[2.271s] -- Up-to-date symlink: /home/dev_computer/dai_ws/install/depthai_ros_msgs/share/depthai_ros_msgs/msg/TrackedFeature.idl
[2.271s] -- Up-to-date symlink: /home/dev_computer/dai_ws/install/depthai_ros_msgs/share/depthai_ros_msgs/msg/TrackedFeatures.idl
[2.271s] -- Up-to-date symlink: /home/dev_computer/dai_ws/install/depthai_ros_msgs/share/depthai_ros_msgs/msg/SpatialDetection.idl
[2.271s] -- Up-to-date symlink: /home/dev_computer/dai_ws/install/depthai_ros_msgs/share/depthai_ros_msgs/msg/SpatialDetectionArray.idl
[2.272s] -- Up-to-date symlink: /home/dev_computer/dai_ws/install/depthai_ros_msgs/share/depthai_ros_msgs/msg/TrackDetection2D.idl
[2.272s] -- Up-to-date symlink: /home/dev_computer/dai_ws/install/depthai_ros_msgs/share/depthai_ros_msgs/msg/TrackDetection2DArray.idl
[2.272s] -- Up-to-date symlink: /home/dev_computer/dai_ws/install/depthai_ros_msgs/share/depthai_ros_msgs/srv/TriggerNamed.idl
[2.272s] -- Up-to-date symlink: /home/dev_computer/dai_ws/install/depthai_ros_msgs/share/depthai_ros_msgs/srv/NormalizedImageCrop.idl
[2.272s] -- Up-to-date symlink: /home/dev_computer/dai_ws/install/depthai_ros_msgs/share/depthai_ros_msgs/msg/AutoFocusCtrl.msg
[2.272s] -- Up-to-date symlink: /home/dev_computer/dai_ws/install/depthai_ros_msgs/share/depthai_ros_msgs/msg/HandLandmark.msg
[2.273s] -- Up-to-date symlink: /home/dev_computer/dai_ws/install/depthai_ros_msgs/share/depthai_ros_msgs/msg/HandLandmarkArray.msg
[2.273s] -- Up-to-date symlink: /home/dev_computer/dai_ws/install/depthai_ros_msgs/share/depthai_ros_msgs/msg/ImuWithMagneticField.msg
[2.273s] -- Up-to-date symlink: /home/dev_computer/dai_ws/install/depthai_ros_msgs/share/depthai_ros_msgs/msg/TrackedFeature.msg
[2.273s] -- Up-to-date symlink: /home/dev_computer/dai_ws/install/depthai_ros_msgs/share/depthai_ros_msgs/msg/TrackedFeatures.msg
[2.273s] -- Up-to-date symlink: /home/dev_computer/dai_ws/install/depthai_ros_msgs/share/depthai_ros_msgs/msg/SpatialDetection.msg
[2.273s] -- Up-to-date symlink: /home/dev_computer/dai_ws/install/depthai_ros_msgs/share/depthai_ros_msgs/msg/SpatialDetectionArray.msg
[2.273s] -- Up-to-date symlink: /home/dev_computer/dai_ws/install/depthai_ros_msgs/share/depthai_ros_msgs/msg/TrackDetection2D.msg
[2.274s] -- Up-to-date symlink: /home/dev_computer/dai_ws/install/depthai_ros_msgs/share/depthai_ros_msgs/msg/TrackDetection2DArray.msg
[2.274s] -- Up-to-date symlink: /home/dev_computer/dai_ws/install/depthai_ros_msgs/share/depthai_ros_msgs/srv/TriggerNamed.srv
[2.274s] -- Up-to-date symlink: /home/dev_computer/dai_ws/install/depthai_ros_msgs/share/depthai_ros_msgs/srv/NormalizedImageCrop.srv
[2.274s] -- Up-to-date symlink: /home/dev_computer/dai_ws/install/depthai_ros_msgs/share/ament_index/resource_index/package_run_dependencies/depthai_ros_msgs
[2.274s] -- Up-to-date symlink: /home/dev_computer/dai_ws/install/depthai_ros_msgs/share/ament_index/resource_index/parent_prefix_path/depthai_ros_msgs
[2.274s] -- Up-to-date symlink: /home/dev_computer/dai_ws/install/depthai_ros_msgs/share/depthai_ros_msgs/environment/ament_prefix_path.sh
[2.275s] -- Up-to-date symlink: /home/dev_computer/dai_ws/install/depthai_ros_msgs/share/depthai_ros_msgs/environment/ament_prefix_path.dsv
[2.275s] -- Up-to-date symlink: /home/dev_computer/dai_ws/install/depthai_ros_msgs/share/depthai_ros_msgs/environment/path.sh
[2.275s] -- Up-to-date symlink: /home/dev_computer/dai_ws/install/depthai_ros_msgs/share/depthai_ros_msgs/environment/path.dsv
[2.275s] -- Up-to-date symlink: /home/dev_computer/dai_ws/install/depthai_ros_msgs/share/depthai_ros_msgs/local_setup.bash
[2.275s] -- Up-to-date symlink: /home/dev_computer/dai_ws/install/depthai_ros_msgs/share/depthai_ros_msgs/local_setup.sh
[2.275s] -- Up-to-date symlink: /home/dev_computer/dai_ws/install/depthai_ros_msgs/share/depthai_ros_msgs/local_setup.zsh
[2.275s] -- Up-to-date symlink: /home/dev_computer/dai_ws/install/depthai_ros_msgs/share/depthai_ros_msgs/local_setup.dsv
[2.276s] -- Symlinking: /home/dev_computer/dai_ws/install/depthai_ros_msgs/share/depthai_ros_msgs/package.dsv
[2.286s] -- Up-to-date symlink: /home/dev_computer/dai_ws/install/depthai_ros_msgs/share/ament_index/resource_index/packages/depthai_ros_msgs
[2.286s] -- Up-to-date symlink: /home/dev_computer/dai_ws/install/depthai_ros_msgs/share/depthai_ros_msgs/cmake/rosidl_cmake-extras.cmake
[2.286s] -- Up-to-date symlink: /home/dev_computer/dai_ws/install/depthai_ros_msgs/share/depthai_ros_msgs/cmake/ament_cmake_export_dependencies-extras.cmake
[2.286s] -- Up-to-date symlink: /home/dev_computer/dai_ws/install/depthai_ros_msgs/share/depthai_ros_msgs/cmake/ament_cmake_export_include_directories-extras.cmake
[2.286s] -- Up-to-date symlink: /home/dev_computer/dai_ws/install/depthai_ros_msgs/share/depthai_ros_msgs/cmake/ament_cmake_export_libraries-extras.cmake
[2.286s] -- Up-to-date symlink: /home/dev_computer/dai_ws/install/depthai_ros_msgs/share/depthai_ros_msgs/cmake/ament_cmake_export_targets-extras.cmake
[2.287s] -- Up-to-date symlink: /home/dev_computer/dai_ws/install/depthai_ros_msgs/share/depthai_ros_msgs/cmake/rosidl_cmake_export_typesupport_targets-extras.cmake
[2.287s] -- Up-to-date symlink: /home/dev_computer/dai_ws/install/depthai_ros_msgs/share/depthai_ros_msgs/cmake/rosidl_cmake_export_typesupport_libraries-extras.cmake
[2.287s] -- Up-to-date symlink: /home/dev_computer/dai_ws/install/depthai_ros_msgs/share/depthai_ros_msgs/cmake/depthai_ros_msgsConfig.cmake
[2.287s] -- Up-to-date symlink: /home/dev_computer/dai_ws/install/depthai_ros_msgs/share/depthai_ros_msgs/cmake/depthai_ros_msgsConfig-version.cmake
[2.287s] -- Up-to-date symlink: /home/dev_computer/dai_ws/install/depthai_ros_msgs/share/depthai_ros_msgs/package.xml
[2.287s] -- Up-to-date: /home/dev_computer/dai_ws/install/depthai_ros_msgs/lib/libdepthai_ros_msgs__rosidl_generator_c.so
[2.288s] -- Up-to-date: /home/dev_computer/dai_ws/install/depthai_ros_msgs/lib/libdepthai_ros_msgs__rosidl_typesupport_fastrtps_c.so
[2.288s] -- Up-to-date: /home/dev_computer/dai_ws/install/depthai_ros_msgs/lib/libdepthai_ros_msgs__rosidl_typesupport_fastrtps_cpp.so
[2.288s] -- Up-to-date: /home/dev_computer/dai_ws/install/depthai_ros_msgs/lib/libdepthai_ros_msgs__rosidl_typesupport_introspection_c.so
[2.288s] -- Up-to-date: /home/dev_computer/dai_ws/install/depthai_ros_msgs/lib/libdepthai_ros_msgs__rosidl_typesupport_c.so
[2.288s] -- Up-to-date: /home/dev_computer/dai_ws/install/depthai_ros_msgs/lib/libdepthai_ros_msgs__rosidl_typesupport_introspection_cpp.so
[2.289s] -- Up-to-date: /home/dev_computer/dai_ws/install/depthai_ros_msgs/lib/libdepthai_ros_msgs__rosidl_typesupport_cpp.so
[2.329s] Listing '/home/dev_computer/dai_ws/install/depthai_ros_msgs/lib/python3.12/site-packages/depthai_ros_msgs'...
[2.329s] Compiling '/home/dev_computer/dai_ws/install/depthai_ros_msgs/lib/python3.12/site-packages/depthai_ros_msgs/__init__.py'...
[2.329s] Listing '/home/dev_computer/dai_ws/install/depthai_ros_msgs/lib/python3.12/site-packages/depthai_ros_msgs/msg'...
[2.330s] Listing '/home/dev_computer/dai_ws/install/depthai_ros_msgs/lib/python3.12/site-packages/depthai_ros_msgs/srv'...
[2.336s] -- Up-to-date: /home/dev_computer/dai_ws/install/depthai_ros_msgs/lib/libdepthai_ros_msgs__rosidl_generator_py.so
[2.336s] -- Up-to-date: /home/dev_computer/dai_ws/install/depthai_ros_msgs/share/depthai_ros_msgs/cmake/export_depthai_ros_msgs__rosidl_generator_cExport.cmake
[2.336s] -- Up-to-date: /home/dev_computer/dai_ws/install/depthai_ros_msgs/share/depthai_ros_msgs/cmake/export_depthai_ros_msgs__rosidl_generator_cExport-noconfig.cmake
[2.336s] -- Up-to-date: /home/dev_computer/dai_ws/install/depthai_ros_msgs/share/depthai_ros_msgs/cmake/export_depthai_ros_msgs__rosidl_typesupport_fastrtps_cExport.cmake
[2.336s] -- Up-to-date: /home/dev_computer/dai_ws/install/depthai_ros_msgs/share/depthai_ros_msgs/cmake/export_depthai_ros_msgs__rosidl_typesupport_fastrtps_cExport-noconfig.cmake
[2.337s] -- Up-to-date: /home/dev_computer/dai_ws/install/depthai_ros_msgs/share/depthai_ros_msgs/cmake/export_depthai_ros_msgs__rosidl_generator_cppExport.cmake
[2.337s] -- Up-to-date: /home/dev_computer/dai_ws/install/depthai_ros_msgs/share/depthai_ros_msgs/cmake/export_depthai_ros_msgs__rosidl_typesupport_fastrtps_cppExport.cmake
[2.337s] -- Up-to-date: /home/dev_computer/dai_ws/install/depthai_ros_msgs/share/depthai_ros_msgs/cmake/export_depthai_ros_msgs__rosidl_typesupport_fastrtps_cppExport-noconfig.cmake
[2.337s] -- Up-to-date: /home/dev_computer/dai_ws/install/depthai_ros_msgs/share/depthai_ros_msgs/cmake/depthai_ros_msgs__rosidl_typesupport_introspection_cExport.cmake
[2.337s] -- Up-to-date: /home/dev_computer/dai_ws/install/depthai_ros_msgs/share/depthai_ros_msgs/cmake/depthai_ros_msgs__rosidl_typesupport_introspection_cExport-noconfig.cmake
[2.337s] -- Up-to-date: /home/dev_computer/dai_ws/install/depthai_ros_msgs/share/depthai_ros_msgs/cmake/depthai_ros_msgs__rosidl_typesupport_cExport.cmake
[2.337s] -- Up-to-date: /home/dev_computer/dai_ws/install/depthai_ros_msgs/share/depthai_ros_msgs/cmake/depthai_ros_msgs__rosidl_typesupport_cExport-noconfig.cmake
[2.337s] -- Up-to-date: /home/dev_computer/dai_ws/install/depthai_ros_msgs/share/depthai_ros_msgs/cmake/depthai_ros_msgs__rosidl_typesupport_introspection_cppExport.cmake
[2.337s] -- Up-to-date: /home/dev_computer/dai_ws/install/depthai_ros_msgs/share/depthai_ros_msgs/cmake/depthai_ros_msgs__rosidl_typesupport_introspection_cppExport-noconfig.cmake
[2.337s] -- Up-to-date: /home/dev_computer/dai_ws/install/depthai_ros_msgs/share/depthai_ros_msgs/cmake/depthai_ros_msgs__rosidl_typesupport_cppExport.cmake
[2.337s] -- Up-to-date: /home/dev_computer/dai_ws/install/depthai_ros_msgs/share/depthai_ros_msgs/cmake/depthai_ros_msgs__rosidl_typesupport_cppExport-noconfig.cmake
[2.337s] -- Up-to-date: /home/dev_computer/dai_ws/install/depthai_ros_msgs/share/depthai_ros_msgs/cmake/export_depthai_ros_msgs__rosidl_generator_pyExport.cmake
[2.338s] -- Up-to-date: /home/dev_computer/dai_ws/install/depthai_ros_msgs/share/depthai_ros_msgs/cmake/export_depthai_ros_msgs__rosidl_generator_pyExport-noconfig.cmake
[2.340s] Invoked command in '/home/dev_computer/dai_ws/build/depthai_ros_msgs' returned '0': CMAKE_PREFIX_PATH=${CMAKE_PREFIX_PATH}:/home/dev_computer/dai_ws/install/spatial_detector:/home/dev_computer/dai_ws/install/detector_subscriber:/home/dev_computer/dai_ws/install/detector:/opt/ros/jazzy DEBUGINFOD_URLS=https://debuginfod.ubuntu.com /usr/bin/cmake --install /home/dev_computer/dai_ws/build/depthai_ros_msgs
