[0.921s] Invoking command in '/home/dev_computer/dai_ws/build/detector': DEBUGINFOD_URLS=https://debuginfod.ubuntu.com PYTHONPATH=/home/dev_computer/dai_ws/build/detector/prefix_override:/usr/lib/python3/dist-packages/colcon_core/task/python/colcon_distutils_commands:/home/dev_computer/dai_ws/install/detector/lib/python3.12/site-packages:${PYTHONPATH} /usr/bin/python3 -W ignore:setup.py install is deprecated -W ignore:easy_install command is deprecated setup.py develop --uninstall --editable --build-directory /home/dev_computer/dai_ws/build/detector/build
[1.267s] running develop
[1.522s] Removing /home/dev_computer/dai_ws/install/detector/lib/python3.12/site-packages/detector.egg-link (link to .)
[1.564s] Invoked command in '/home/dev_computer/dai_ws/build/detector' returned '0': DEBUGINFOD_URLS=https://debuginfod.ubuntu.com PYTHONPATH=/home/dev_computer/dai_ws/build/detector/prefix_override:/usr/lib/python3/dist-packages/colcon_core/task/python/colcon_distutils_commands:/home/dev_computer/dai_ws/install/detector/lib/python3.12/site-packages:${PYTHONPATH} /usr/bin/python3 -W ignore:setup.py install is deprecated -W ignore:easy_install command is deprecated setup.py develop --uninstall --editable --build-directory /home/dev_computer/dai_ws/build/detector/build
[1.566s] Invoking command in '/home/dev_computer/dai_ws/src/detector': DEBUGINFOD_URLS=https://debuginfod.ubuntu.com PYTHONPATH=/home/dev_computer/dai_ws/build/detector/prefix_override:/usr/lib/python3/dist-packages/colcon_core/task/python/colcon_distutils_commands:/home/dev_computer/dai_ws/install/detector/lib/python3.12/site-packages:${PYTHONPATH} /usr/bin/python3 -W ignore:setup.py install is deprecated -W ignore:easy_install command is deprecated setup.py egg_info --egg-base ../../build/detector build --build-base /home/dev_computer/dai_ws/build/detector/build install --record /home/dev_computer/dai_ws/build/detector/install.log --single-version-externally-managed install_data --force
[1.907s] running egg_info
[1.930s] writing ../../build/detector/detector.egg-info/PKG-INFO
[1.930s] writing dependency_links to ../../build/detector/detector.egg-info/dependency_links.txt
[1.930s] writing entry points to ../../build/detector/detector.egg-info/entry_points.txt
[1.930s] writing requirements to ../../build/detector/detector.egg-info/requires.txt
[1.930s] writing top-level names to ../../build/detector/detector.egg-info/top_level.txt
[1.975s] reading manifest file '../../build/detector/detector.egg-info/SOURCES.txt'
[1.976s] writing manifest file '../../build/detector/detector.egg-info/SOURCES.txt'
[1.976s] running build
[1.976s] running build_py
[1.977s] running install
[1.983s] running install_lib
[2.006s] creating /home/dev_computer/dai_ws/install/detector/lib/python3.12/site-packages/detector
[2.006s] copying /home/dev_computer/dai_ws/build/detector/build/lib/detector/__init__.py -> /home/dev_computer/dai_ws/install/detector/lib/python3.12/site-packages/detector
[2.006s] copying /home/dev_computer/dai_ws/build/detector/build/lib/detector/aruco_detector_node.py -> /home/dev_computer/dai_ws/install/detector/lib/python3.12/site-packages/detector
[2.006s] copying /home/dev_computer/dai_ws/build/detector/build/lib/detector/camera.launch.py -> /home/dev_computer/dai_ws/install/detector/lib/python3.12/site-packages/detector
[2.006s] copying /home/dev_computer/dai_ws/build/detector/build/lib/detector/spatial_tracker_publisher.py -> /home/dev_computer/dai_ws/install/detector/lib/python3.12/site-packages/detector
[2.007s] byte-compiling /home/dev_computer/dai_ws/install/detector/lib/python3.12/site-packages/detector/__init__.py to __init__.cpython-312.pyc
[2.007s] byte-compiling /home/dev_computer/dai_ws/install/detector/lib/python3.12/site-packages/detector/aruco_detector_node.py to aruco_detector_node.cpython-312.pyc
[2.009s] byte-compiling /home/dev_computer/dai_ws/install/detector/lib/python3.12/site-packages/detector/camera.launch.py to camera.launch.cpython-312.pyc
[2.011s] byte-compiling /home/dev_computer/dai_ws/install/detector/lib/python3.12/site-packages/detector/spatial_tracker_publisher.py to spatial_tracker_publisher.cpython-312.pyc
[2.013s] running install_data
[2.013s] copying resource/detector -> /home/dev_computer/dai_ws/install/detector/share/ament_index/resource_index/packages
[2.013s] copying package.xml -> /home/dev_computer/dai_ws/install/detector/share/detector
[2.014s] running install_egg_info
[2.037s] Copying ../../build/detector/detector.egg-info to /home/dev_computer/dai_ws/install/detector/lib/python3.12/site-packages/detector-0.0.0-py3.12.egg-info
[2.038s] running install_scripts
[2.186s] Installing aruco_detector_node script to /home/dev_computer/dai_ws/install/detector/lib/detector
[2.186s] Installing spatial_tracker_node script to /home/dev_computer/dai_ws/install/detector/lib/detector
[2.186s] writing list of installed files to '/home/dev_computer/dai_ws/build/detector/install.log'
[2.216s] Invoked command in '/home/dev_computer/dai_ws/src/detector' returned '0': DEBUGINFOD_URLS=https://debuginfod.ubuntu.com PYTHONPATH=/home/dev_computer/dai_ws/build/detector/prefix_override:/usr/lib/python3/dist-packages/colcon_core/task/python/colcon_distutils_commands:/home/dev_computer/dai_ws/install/detector/lib/python3.12/site-packages:${PYTHONPATH} /usr/bin/python3 -W ignore:setup.py install is deprecated -W ignore:easy_install command is deprecated setup.py egg_info --egg-base ../../build/detector build --build-base /home/dev_computer/dai_ws/build/detector/build install --record /home/dev_computer/dai_ws/build/detector/install.log --single-version-externally-managed install_data --force
