[0.043s] Invoking command in '/home/dev_computer/dai_ws/build/depthai_descriptions': CMAKE_PREFIX_PATH=${CMAKE_PREFIX_PATH}:/home/dev_computer/dai_ws/install/spatial_detector:/home/dev_computer/dai_ws/install/detector_subscriber:/home/dev_computer/dai_ws/install/detector:/opt/ros/jazzy DEBUGINFOD_URLS=https://debuginfod.ubuntu.com /usr/bin/cmake --build /home/dev_computer/dai_ws/build/depthai_descriptions -- -j8 -l8
[1.094s] Invoked command in '/home/dev_computer/dai_ws/build/depthai_descriptions' returned '0': CMAKE_PREFIX_PATH=${CMAKE_PREFIX_PATH}:/home/dev_computer/dai_ws/install/spatial_detector:/home/dev_computer/dai_ws/install/detector_subscriber:/home/dev_computer/dai_ws/install/detector:/opt/ros/jazzy DEBUGINFOD_URLS=https://debuginfod.ubuntu.com /usr/bin/cmake --build /home/dev_computer/dai_ws/build/depthai_descriptions -- -j8 -l8
[1.108s] Invoking command in '/home/dev_computer/dai_ws/build/depthai_descriptions': CMAKE_PREFIX_PATH=${CMAKE_PREFIX_PATH}:/home/dev_computer/dai_ws/install/spatial_detector:/home/dev_computer/dai_ws/install/detector_subscriber:/home/dev_computer/dai_ws/install/detector:/opt/ros/jazzy DEBUGINFOD_URLS=https://debuginfod.ubuntu.com /usr/bin/cmake --install /home/dev_computer/dai_ws/build/depthai_descriptions
[1.126s] -- Install configuration: ""
[1.127s] -- Execute custom install script
[1.128s] -- Up-to-date symlink: /home/dev_computer/dai_ws/install/depthai_descriptions/share/depthai_descriptions/urdf/base_descr.urdf.xacro
[1.129s] -- Up-to-date symlink: /home/dev_computer/dai_ws/install/depthai_descriptions/share/depthai_descriptions/urdf/depthai_descr.urdf.xacro
[1.129s] -- Up-to-date symlink: /home/dev_computer/dai_ws/install/depthai_descriptions/share/depthai_descriptions/urdf/include/base_macro.urdf.xacro
[1.129s] -- Up-to-date symlink: /home/dev_computer/dai_ws/install/depthai_descriptions/share/depthai_descriptions/urdf/include/depthai_macro.urdf.xacro
[1.130s] -- Up-to-date symlink: /home/dev_computer/dai_ws/install/depthai_descriptions/share/depthai_descriptions/urdf/models/OAK-D-CM4-POE.stl
[1.130s] -- Up-to-date symlink: /home/dev_computer/dai_ws/install/depthai_descriptions/share/depthai_descriptions/urdf/models/OAK-D-IOT-75.stl
[1.131s] -- Up-to-date symlink: /home/dev_computer/dai_ws/install/depthai_descriptions/share/depthai_descriptions/urdf/models/OAK-D-LITE.stl
[1.131s] -- Up-to-date symlink: /home/dev_computer/dai_ws/install/depthai_descriptions/share/depthai_descriptions/urdf/models/OAK-D-LR.stl
[1.131s] -- Up-to-date symlink: /home/dev_computer/dai_ws/install/depthai_descriptions/share/depthai_descriptions/urdf/models/OAK-D-POE.stl
[1.132s] -- Up-to-date symlink: /home/dev_computer/dai_ws/install/depthai_descriptions/share/depthai_descriptions/urdf/models/OAK-D-PRO-W.stl
[1.132s] -- Up-to-date symlink: /home/dev_computer/dai_ws/install/depthai_descriptions/share/depthai_descriptions/urdf/models/OAK-D-PRO.stl
[1.132s] -- Up-to-date symlink: /home/dev_computer/dai_ws/install/depthai_descriptions/share/depthai_descriptions/urdf/models/OAK-D-S2-POE.stl
[1.134s] -- Up-to-date symlink: /home/dev_computer/dai_ws/install/depthai_descriptions/share/depthai_descriptions/urdf/models/OAK-D-S2.stl
[1.134s] -- Up-to-date symlink: /home/dev_computer/dai_ws/install/depthai_descriptions/share/depthai_descriptions/urdf/models/OAK-D-SR-POE.stl
[1.134s] -- Up-to-date symlink: /home/dev_computer/dai_ws/install/depthai_descriptions/share/depthai_descriptions/urdf/models/OAK-D-SR.stl
[1.135s] -- Up-to-date symlink: /home/dev_computer/dai_ws/install/depthai_descriptions/share/depthai_descriptions/urdf/models/OAK-D.stl
[1.135s] -- Up-to-date symlink: /home/dev_computer/dai_ws/install/depthai_descriptions/share/depthai_descriptions/urdf/models/OAK-T.stl
[1.135s] -- Up-to-date symlink: /home/dev_computer/dai_ws/install/depthai_descriptions/share/depthai_descriptions/environment/depthai_descriptions.sh
[1.135s] -- Up-to-date symlink: /home/dev_computer/dai_ws/install/depthai_descriptions/share/depthai_descriptions/environment/depthai_descriptions.dsv
[1.136s] -- Up-to-date symlink: /home/dev_computer/dai_ws/install/depthai_descriptions/share/ament_index/resource_index/package_run_dependencies/depthai_descriptions
[1.136s] -- Up-to-date symlink: /home/dev_computer/dai_ws/install/depthai_descriptions/share/ament_index/resource_index/parent_prefix_path/depthai_descriptions
[1.136s] -- Up-to-date symlink: /home/dev_computer/dai_ws/install/depthai_descriptions/share/depthai_descriptions/environment/ament_prefix_path.sh
[1.136s] -- Up-to-date symlink: /home/dev_computer/dai_ws/install/depthai_descriptions/share/depthai_descriptions/environment/ament_prefix_path.dsv
[1.136s] -- Up-to-date symlink: /home/dev_computer/dai_ws/install/depthai_descriptions/share/depthai_descriptions/environment/path.sh
[1.137s] -- Up-to-date symlink: /home/dev_computer/dai_ws/install/depthai_descriptions/share/depthai_descriptions/environment/path.dsv
[1.137s] -- Up-to-date symlink: /home/dev_computer/dai_ws/install/depthai_descriptions/share/depthai_descriptions/local_setup.bash
[1.137s] -- Up-to-date symlink: /home/dev_computer/dai_ws/install/depthai_descriptions/share/depthai_descriptions/local_setup.sh
[1.137s] -- Up-to-date symlink: /home/dev_computer/dai_ws/install/depthai_descriptions/share/depthai_descriptions/local_setup.zsh
[1.138s] -- Up-to-date symlink: /home/dev_computer/dai_ws/install/depthai_descriptions/share/depthai_descriptions/local_setup.dsv
[1.140s] -- Symlinking: /home/dev_computer/dai_ws/install/depthai_descriptions/share/depthai_descriptions/package.dsv
[1.157s] -- Up-to-date symlink: /home/dev_computer/dai_ws/install/depthai_descriptions/share/ament_index/resource_index/packages/depthai_descriptions
[1.158s] -- Up-to-date symlink: /home/dev_computer/dai_ws/install/depthai_descriptions/share/depthai_descriptions/cmake/depthai_descriptionsConfig.cmake
[1.158s] -- Up-to-date symlink: /home/dev_computer/dai_ws/install/depthai_descriptions/share/depthai_descriptions/cmake/depthai_descriptionsConfig-version.cmake
[1.159s] -- Up-to-date symlink: /home/dev_computer/dai_ws/install/depthai_descriptions/share/depthai_descriptions/package.xml
[1.159s] -- Up-to-date: /home/dev_computer/dai_ws/install/depthai_descriptions/share/depthai_descriptions/launch
[1.160s] -- Up-to-date: /home/dev_computer/dai_ws/install/depthai_descriptions/share/depthai_descriptions/launch/urdf_launch.py
[1.165s] Invoked command in '/home/dev_computer/dai_ws/build/depthai_descriptions' returned '0': CMAKE_PREFIX_PATH=${CMAKE_PREFIX_PATH}:/home/dev_computer/dai_ws/install/spatial_detector:/home/dev_computer/dai_ws/install/detector_subscriber:/home/dev_computer/dai_ws/install/detector:/opt/ros/jazzy DEBUGINFOD_URLS=https://debuginfod.ubuntu.com /usr/bin/cmake --install /home/dev_computer/dai_ws/build/depthai_descriptions
