[2.567s] Invoking command in '/home/dev_computer/dai_ws/src/detector': DEBUGINFOD_URLS=https://debuginfod.ubuntu.com PYTHONPATH=/home/dev_computer/dai_ws/build/detector/prefix_override:/usr/lib/python3/dist-packages/colcon_core/task/python/colcon_distutils_commands:/home/dev_computer/dai_ws/install/detector/lib/python3.12/site-packages:${PYTHONPATH} /usr/bin/python3 -W ignore:setup.py install is deprecated -W ignore:easy_install command is deprecated setup.py egg_info --egg-base ../../build/detector build --build-base /home/dev_computer/dai_ws/build/detector/build install --record /home/dev_computer/dai_ws/build/detector/install.log --single-version-externally-managed install_data
[3.328s] running egg_info
[3.394s] writing ../../build/detector/detector.egg-info/PKG-INFO
[3.394s] writing dependency_links to ../../build/detector/detector.egg-info/dependency_links.txt
[3.395s] writing entry points to ../../build/detector/detector.egg-info/entry_points.txt
[3.395s] writing requirements to ../../build/detector/detector.egg-info/requires.txt
[3.395s] writing top-level names to ../../build/detector/detector.egg-info/top_level.txt
[3.526s] reading manifest file '../../build/detector/detector.egg-info/SOURCES.txt'
[3.527s] writing manifest file '../../build/detector/detector.egg-info/SOURCES.txt'
[3.527s] running build
[3.527s] running build_py
[3.528s] running install
[3.543s] running install_lib
[3.611s] running install_data
[3.611s] running install_egg_info
[3.681s] removing '/home/dev_computer/dai_ws/install/detector/lib/python3.12/site-packages/detector-0.0.0-py3.12.egg-info' (and everything under it)
[3.681s] Copying ../../build/detector/detector.egg-info to /home/dev_computer/dai_ws/install/detector/lib/python3.12/site-packages/detector-0.0.0-py3.12.egg-info
[3.683s] running install_scripts
[3.983s] Installing aruco_detector_node script to /home/dev_computer/dai_ws/install/detector/lib/detector
[3.983s] Installing spatial_tracker_node script to /home/dev_computer/dai_ws/install/detector/lib/detector
[3.984s] writing list of installed files to '/home/dev_computer/dai_ws/build/detector/install.log'
[4.082s] Invoked command in '/home/dev_computer/dai_ws/src/detector' returned '0': DEBUGINFOD_URLS=https://debuginfod.ubuntu.com PYTHONPATH=/home/dev_computer/dai_ws/build/detector/prefix_override:/usr/lib/python3/dist-packages/colcon_core/task/python/colcon_distutils_commands:/home/dev_computer/dai_ws/install/detector/lib/python3.12/site-packages:${PYTHONPATH} /usr/bin/python3 -W ignore:setup.py install is deprecated -W ignore:easy_install command is deprecated setup.py egg_info --egg-base ../../build/detector build --build-base /home/dev_computer/dai_ws/build/detector/build install --record /home/dev_computer/dai_ws/build/detector/install.log --single-version-externally-managed install_data
