[2.220s] Invoking command in '/home/dev_computer/dai_ws/src/detector': DEBUGINFOD_URLS=https://debuginfod.ubuntu.com PYTHONPATH=/home/dev_computer/dai_ws/build/detector/prefix_override:/usr/lib/python3/dist-packages/colcon_core/task/python/colcon_distutils_commands:/home/dev_computer/dai_ws/install/detector/lib/python3.12/site-packages:${PYTHONPATH} /usr/bin/python3 -W ignore:setup.py install is deprecated -W ignore:easy_install command is deprecated setup.py egg_info --egg-base ../../build/detector build --build-base /home/dev_computer/dai_ws/build/detector/build install --record /home/dev_computer/dai_ws/build/detector/install.log --single-version-externally-managed install_data
[2.755s] running egg_info
[2.795s] writing ../../build/detector/detector.egg-info/PKG-INFO
[2.796s] writing dependency_links to ../../build/detector/detector.egg-info/dependency_links.txt
[2.796s] writing entry points to ../../build/detector/detector.egg-info/entry_points.txt
[2.796s] writing requirements to ../../build/detector/detector.egg-info/requires.txt
[2.796s] writing top-level names to ../../build/detector/detector.egg-info/top_level.txt
[2.887s] reading manifest file '../../build/detector/detector.egg-info/SOURCES.txt'
[2.889s] writing manifest file '../../build/detector/detector.egg-info/SOURCES.txt'
[2.889s] running build
[2.889s] running build_py
[2.890s] running install
[2.903s] running install_lib
[2.958s] running install_data
[2.958s] running install_egg_info
[3.001s] removing '/home/dev_computer/dai_ws/install/detector/lib/python3.12/site-packages/detector-0.0.0-py3.12.egg-info' (and everything under it)
[3.002s] Copying ../../build/detector/detector.egg-info to /home/dev_computer/dai_ws/install/detector/lib/python3.12/site-packages/detector-0.0.0-py3.12.egg-info
[3.003s] running install_scripts
[3.272s] Installing aruco_detector_node script to /home/dev_computer/dai_ws/install/detector/lib/detector
[3.272s] Installing spatial_tracker_node script to /home/dev_computer/dai_ws/install/detector/lib/detector
[3.272s] writing list of installed files to '/home/dev_computer/dai_ws/build/detector/install.log'
[3.333s] Invoked command in '/home/dev_computer/dai_ws/src/detector' returned '0': DEBUGINFOD_URLS=https://debuginfod.ubuntu.com PYTHONPATH=/home/dev_computer/dai_ws/build/detector/prefix_override:/usr/lib/python3/dist-packages/colcon_core/task/python/colcon_distutils_commands:/home/dev_computer/dai_ws/install/detector/lib/python3.12/site-packages:${PYTHONPATH} /usr/bin/python3 -W ignore:setup.py install is deprecated -W ignore:easy_install command is deprecated setup.py egg_info --egg-base ../../build/detector build --build-base /home/dev_computer/dai_ws/build/detector/build install --record /home/dev_computer/dai_ws/build/detector/install.log --single-version-externally-managed install_data
