[1.323s] Invoking command in '/home/dev_computer/dai_ws/build/spatial_detector': AMENT_PREFIX_PATH=/home/dev_computer/dai_ws/install/depthai_ros_msgs:${AMENT_PREFIX_PATH} CMAKE_PREFIX_PATH=/home/dev_computer/dai_ws/install/depthai_ros_msgs:${CMAKE_PREFIX_PATH} DEBUGINFOD_URLS=https://debuginfod.ubuntu.com LD_LIBRARY_PATH=/home/dev_computer/dai_ws/install/depthai_ros_msgs/lib:${LD_LIBRARY_PATH} PYTHONPATH=/home/dev_computer/dai_ws/build/spatial_detector/prefix_override:/usr/lib/python3/dist-packages/colcon_core/task/python/colcon_distutils_commands:/home/dev_computer/dai_ws/install/spatial_detector/lib/python3.12/site-packages:/home/dev_computer/dai_ws/install/depthai_ros_msgs/lib/python3.12/site-packages:${PYTHONPATH} /usr/bin/python3 -W ignore:setup.py install is deprecated -W ignore:easy_install command is deprecated setup.py develop --editable --build-directory /home/dev_computer/dai_ws/build/spatial_detector/build --no-deps symlink_data
[2.062s] running develop
[2.644s] running egg_info
[2.644s] creating spatial_detector.egg-info
[2.725s] writing spatial_detector.egg-info/PKG-INFO
[2.726s] writing dependency_links to spatial_detector.egg-info/dependency_links.txt
[2.727s] writing entry points to spatial_detector.egg-info/entry_points.txt
[2.728s] writing requirements to spatial_detector.egg-info/requires.txt
[2.729s] writing top-level names to spatial_detector.egg-info/top_level.txt
[2.730s] writing manifest file 'spatial_detector.egg-info/SOURCES.txt'
[2.908s] reading manifest file 'spatial_detector.egg-info/SOURCES.txt'
[2.910s] writing manifest file 'spatial_detector.egg-info/SOURCES.txt'
[2.992s] running build_ext
[2.992s] Creating /home/dev_computer/dai_ws/install/spatial_detector/lib/python3.12/site-packages/spatial-detector.egg-link (link to .)
[2.994s] Installing spatial_publisher_node script to /home/dev_computer/dai_ws/install/spatial_detector/lib/spatial_detector
[2.996s] Installing spatial_visualizer_node script to /home/dev_computer/dai_ws/install/spatial_detector/lib/spatial_detector
[2.996s] 
[2.997s] Installed /home/dev_computer/dai_ws/build/spatial_detector
[2.997s] running symlink_data
[2.998s] creating /home/dev_computer/dai_ws/install/spatial_detector/share/ament_index
[2.999s] creating /home/dev_computer/dai_ws/install/spatial_detector/share/ament_index/resource_index
[2.999s] creating /home/dev_computer/dai_ws/install/spatial_detector/share/ament_index/resource_index/packages
[3.000s] symbolically linking /home/dev_computer/dai_ws/build/spatial_detector/resource/spatial_detector -> /home/dev_computer/dai_ws/install/spatial_detector/share/ament_index/resource_index/packages
[3.001s] symbolically linking /home/dev_computer/dai_ws/build/spatial_detector/package.xml -> /home/dev_computer/dai_ws/install/spatial_detector/share/spatial_detector
[3.096s] Invoked command in '/home/dev_computer/dai_ws/build/spatial_detector' returned '0': AMENT_PREFIX_PATH=/home/dev_computer/dai_ws/install/depthai_ros_msgs:${AMENT_PREFIX_PATH} CMAKE_PREFIX_PATH=/home/dev_computer/dai_ws/install/depthai_ros_msgs:${CMAKE_PREFIX_PATH} DEBUGINFOD_URLS=https://debuginfod.ubuntu.com LD_LIBRARY_PATH=/home/dev_computer/dai_ws/install/depthai_ros_msgs/lib:${LD_LIBRARY_PATH} PYTHONPATH=/home/dev_computer/dai_ws/build/spatial_detector/prefix_override:/usr/lib/python3/dist-packages/colcon_core/task/python/colcon_distutils_commands:/home/dev_computer/dai_ws/install/spatial_detector/lib/python3.12/site-packages:/home/dev_computer/dai_ws/install/depthai_ros_msgs/lib/python3.12/site-packages:${PYTHONPATH} /usr/bin/python3 -W ignore:setup.py install is deprecated -W ignore:easy_install command is deprecated setup.py develop --editable --build-directory /home/dev_computer/dai_ws/build/spatial_detector/build --no-deps symlink_data
