[2.038s] Invoking command in '/home/dev_computer/dai_ws/src/detector': DEBUGINFOD_URLS=https://debuginfod.ubuntu.com PYTHONPATH=/home/dev_computer/dai_ws/build/detector/prefix_override:/usr/lib/python3/dist-packages/colcon_core/task/python/colcon_distutils_commands:/home/dev_computer/dai_ws/install/detector/lib/python3.12/site-packages:${PYTHONPATH} /usr/bin/python3 -W ignore:setup.py install is deprecated -W ignore:easy_install command is deprecated setup.py egg_info --egg-base ../../build/detector build --build-base /home/dev_computer/dai_ws/build/detector/build install --record /home/dev_computer/dai_ws/build/detector/install.log --single-version-externally-managed install_data
[2.548s] running egg_info
[2.586s] writing ../../build/detector/detector.egg-info/PKG-INFO
[2.587s] writing dependency_links to ../../build/detector/detector.egg-info/dependency_links.txt
[2.587s] writing entry points to ../../build/detector/detector.egg-info/entry_points.txt
[2.587s] writing requirements to ../../build/detector/detector.egg-info/requires.txt
[2.588s] writing top-level names to ../../build/detector/detector.egg-info/top_level.txt
[2.677s] reading manifest file '../../build/detector/detector.egg-info/SOURCES.txt'
[2.679s] writing manifest file '../../build/detector/detector.egg-info/SOURCES.txt'
[2.679s] running build
[2.680s] running build_py
[2.680s] running install
[2.690s] running install_lib
[2.732s] running install_data
[2.733s] running install_egg_info
[2.778s] removing '/home/dev_computer/dai_ws/install/detector/lib/python3.12/site-packages/detector-0.0.0-py3.12.egg-info' (and everything under it)
[2.778s] Copying ../../build/detector/detector.egg-info to /home/dev_computer/dai_ws/install/detector/lib/python3.12/site-packages/detector-0.0.0-py3.12.egg-info
[2.779s] running install_scripts
[3.034s] Installing aruco_detector_node script to /home/dev_computer/dai_ws/install/detector/lib/detector
[3.034s] Installing spatial_tracker_node script to /home/dev_computer/dai_ws/install/detector/lib/detector
[3.035s] writing list of installed files to '/home/dev_computer/dai_ws/build/detector/install.log'
[3.106s] Invoked command in '/home/dev_computer/dai_ws/src/detector' returned '0': DEBUGINFOD_URLS=https://debuginfod.ubuntu.com PYTHONPATH=/home/dev_computer/dai_ws/build/detector/prefix_override:/usr/lib/python3/dist-packages/colcon_core/task/python/colcon_distutils_commands:/home/dev_computer/dai_ws/install/detector/lib/python3.12/site-packages:${PYTHONPATH} /usr/bin/python3 -W ignore:setup.py install is deprecated -W ignore:easy_install command is deprecated setup.py egg_info --egg-base ../../build/detector build --build-base /home/dev_computer/dai_ws/build/detector/build install --record /home/dev_computer/dai_ws/build/detector/install.log --single-version-externally-managed install_data
