[1.869s] Invoking command in '/home/dev_computer/dai_ws/src/spatial_detector': CMAKE_PREFIX_PATH=/home/dev_computer/dai_ws/install/depthai_ros_msgs:/home/dev_computer/dai_ws/install/depthai-ros:/home/dev_computer/dai_ws/install/depthai_ros_driver:/home/dev_computer/dai_ws/install/depthai_filters:/home/dev_computer/dai_ws/install/depthai_bridge:/home/dev_computer/dai_ws/install/depthai_descriptions:/opt/ros/jazzy/opt/gz_sim_vendor:/opt/ros/jazzy/opt/gz_sensors_vendor:/opt/ros/jazzy/opt/gz_physics_vendor:/opt/ros/jazzy/opt/sdformat_vendor:/opt/ros/jazzy/opt/gz_gui_vendor:/opt/ros/jazzy/opt/gz_transport_vendor:/opt/ros/jazzy/opt/gz_rendering_vendor:/opt/ros/jazzy/opt/gz_plugin_vendor:/opt/ros/jazzy/opt/gz_fuel_tools_vendor:/opt/ros/jazzy/opt/gz_msgs_vendor:/opt/ros/jazzy/opt/gz_common_vendor:/opt/ros/jazzy/opt/gz_math_vendor:/opt/ros/jazzy/opt/gz_utils_vendor:/opt/ros/jazzy/opt/gz_tools_vendor:/opt/ros/jazzy/opt/gz_ogre_next_vendor:/opt/ros/jazzy/opt/gz_dartsim_vendor:/opt/ros/jazzy/opt/gz_cmake_vendor DEBUGINFOD_URLS=https://debuginfod.ubuntu.com LD_LIBRARY_PATH=/home/dev_computer/dai_ws/install/depthai_ros_msgs/lib:/home/dev_computer/dai_ws/install/depthai_ros_driver/lib:/home/dev_computer/dai_ws/install/depthai_filters/lib:/home/dev_computer/dai_ws/install/depthai_bridge/lib:/opt/ros/jazzy/opt/gz_sim_vendor/lib:/opt/ros/jazzy/opt/gz_sensors_vendor/lib:/opt/ros/jazzy/opt/gz_physics_vendor/lib:/opt/ros/jazzy/opt/sdformat_vendor/lib:/opt/ros/jazzy/opt/rviz_ogre_vendor/lib:/opt/ros/jazzy/lib/x86_64-linux-gnu:/opt/ros/jazzy/opt/gz_gui_vendor/lib:/opt/ros/jazzy/opt/gz_transport_vendor/lib:/opt/ros/jazzy/opt/gz_rendering_vendor/lib:/opt/ros/jazzy/opt/gz_plugin_vendor/lib:/opt/ros/jazzy/opt/gz_fuel_tools_vendor/lib:/opt/ros/jazzy/opt/gz_msgs_vendor/lib:/opt/ros/jazzy/opt/gz_common_vendor/lib:/opt/ros/jazzy/opt/gz_math_vendor/lib:/opt/ros/jazzy/opt/gz_utils_vendor/lib:/opt/ros/jazzy/opt/gz_tools_vendor/lib:/opt/ros/jazzy/opt/gz_ogre_next_vendor/lib:/opt/ros/jazzy/opt/gz_dartsim_vendor/lib:/opt/ros/jazzy/opt/gz_cmake_vendor/lib:/opt/ros/jazzy/lib PYTHONPATH=/home/dev_computer/dai_ws/build/spatial_detector/prefix_override:/usr/lib/python3/dist-packages/colcon_core/task/python/colcon_distutils_commands:/home/dev_computer/dai_ws/install/spatial_detector/lib/python3.12/site-packages:/home/dev_computer/dai_ws/install/depthai_ros_msgs/lib/python3.12/site-packages:/home/dev_computer/dai_ws/install/spatial_detector/lib/python3.12/site-packages:/home/dev_computer/dai_ws/install/detector_subscriber/lib/python3.12/site-packages:/home/dev_computer/dai_ws/install/detector/lib/python3.12/site-packages:/home/dev_computer/dai_ws/install/depthai_ros_driver/lib/python3.12/site-packages:/opt/ros/jazzy/lib/python3.12/site-packages /usr/bin/python3 -W ignore:setup.py install is deprecated -W ignore:easy_install command is deprecated setup.py egg_info --egg-base ../../build/spatial_detector build --build-base /home/dev_computer/dai_ws/build/spatial_detector/build install --record /home/dev_computer/dai_ws/build/spatial_detector/install.log --single-version-externally-managed install_data
[2.344s] running egg_info
[2.374s] writing ../../build/spatial_detector/spatial_detector.egg-info/PKG-INFO
[2.374s] writing dependency_links to ../../build/spatial_detector/spatial_detector.egg-info/dependency_links.txt
[2.375s] writing entry points to ../../build/spatial_detector/spatial_detector.egg-info/entry_points.txt
[2.375s] writing requirements to ../../build/spatial_detector/spatial_detector.egg-info/requires.txt
[2.375s] writing top-level names to ../../build/spatial_detector/spatial_detector.egg-info/top_level.txt
[2.430s] reading manifest file '../../build/spatial_detector/spatial_detector.egg-info/SOURCES.txt'
[2.432s] writing manifest file '../../build/spatial_detector/spatial_detector.egg-info/SOURCES.txt'
[2.432s] running build
[2.432s] running build_py
[2.433s] copying spatial_detector/spatial_overlay.py -> /home/dev_computer/dai_ws/build/spatial_detector/build/lib/spatial_detector
[2.433s] running install
[2.440s] running install_lib
[2.469s] copying /home/dev_computer/dai_ws/build/spatial_detector/build/lib/spatial_detector/spatial_overlay.py -> /home/dev_computer/dai_ws/install/spatial_detector/lib/python3.12/site-packages/spatial_detector
[2.470s] byte-compiling /home/dev_computer/dai_ws/install/spatial_detector/lib/python3.12/site-packages/spatial_detector/spatial_overlay.py to spatial_overlay.cpython-312.pyc
[2.472s] byte-compiling /home/dev_computer/dai_ws/install/spatial_detector/lib/python3.12/site-packages/spatial_detector/spatial_publisher_node_backup.py to spatial_publisher_node_backup.cpython-312.pyc
[2.472s]   File "/home/dev_computer/dai_ws/install/spatial_detector/lib/python3.12/site-packages/spatial_detector/spatial_publisher_node_backup.py", line 35
[2.473s]     ddef detections_cb(self, msg: Detection3DArray):
[2.473s]          ^^^^^^^^^^^^^
[2.473s] SyntaxError: invalid syntax
[2.473s] 
[2.473s] running install_data
[2.473s] running install_egg_info
[2.522s] removing '/home/dev_computer/dai_ws/install/spatial_detector/lib/python3.12/site-packages/spatial_detector-0.0.0-py3.12.egg-info' (and everything under it)
[2.522s] Copying ../../build/spatial_detector/spatial_detector.egg-info to /home/dev_computer/dai_ws/install/spatial_detector/lib/python3.12/site-packages/spatial_detector-0.0.0-py3.12.egg-info
[2.522s] running install_scripts
[2.737s] Installing spatial_overlay script to /home/dev_computer/dai_ws/install/spatial_detector/lib/spatial_detector
[2.737s] writing list of installed files to '/home/dev_computer/dai_ws/build/spatial_detector/install.log'
[2.786s] Invoked command in '/home/dev_computer/dai_ws/src/spatial_detector' returned '0': CMAKE_PREFIX_PATH=/home/dev_computer/dai_ws/install/depthai_ros_msgs:/home/dev_computer/dai_ws/install/depthai-ros:/home/dev_computer/dai_ws/install/depthai_ros_driver:/home/dev_computer/dai_ws/install/depthai_filters:/home/dev_computer/dai_ws/install/depthai_bridge:/home/dev_computer/dai_ws/install/depthai_descriptions:/opt/ros/jazzy/opt/gz_sim_vendor:/opt/ros/jazzy/opt/gz_sensors_vendor:/opt/ros/jazzy/opt/gz_physics_vendor:/opt/ros/jazzy/opt/sdformat_vendor:/opt/ros/jazzy/opt/gz_gui_vendor:/opt/ros/jazzy/opt/gz_transport_vendor:/opt/ros/jazzy/opt/gz_rendering_vendor:/opt/ros/jazzy/opt/gz_plugin_vendor:/opt/ros/jazzy/opt/gz_fuel_tools_vendor:/opt/ros/jazzy/opt/gz_msgs_vendor:/opt/ros/jazzy/opt/gz_common_vendor:/opt/ros/jazzy/opt/gz_math_vendor:/opt/ros/jazzy/opt/gz_utils_vendor:/opt/ros/jazzy/opt/gz_tools_vendor:/opt/ros/jazzy/opt/gz_ogre_next_vendor:/opt/ros/jazzy/opt/gz_dartsim_vendor:/opt/ros/jazzy/opt/gz_cmake_vendor DEBUGINFOD_URLS=https://debuginfod.ubuntu.com LD_LIBRARY_PATH=/home/dev_computer/dai_ws/install/depthai_ros_msgs/lib:/home/dev_computer/dai_ws/install/depthai_ros_driver/lib:/home/dev_computer/dai_ws/install/depthai_filters/lib:/home/dev_computer/dai_ws/install/depthai_bridge/lib:/opt/ros/jazzy/opt/gz_sim_vendor/lib:/opt/ros/jazzy/opt/gz_sensors_vendor/lib:/opt/ros/jazzy/opt/gz_physics_vendor/lib:/opt/ros/jazzy/opt/sdformat_vendor/lib:/opt/ros/jazzy/opt/rviz_ogre_vendor/lib:/opt/ros/jazzy/lib/x86_64-linux-gnu:/opt/ros/jazzy/opt/gz_gui_vendor/lib:/opt/ros/jazzy/opt/gz_transport_vendor/lib:/opt/ros/jazzy/opt/gz_rendering_vendor/lib:/opt/ros/jazzy/opt/gz_plugin_vendor/lib:/opt/ros/jazzy/opt/gz_fuel_tools_vendor/lib:/opt/ros/jazzy/opt/gz_msgs_vendor/lib:/opt/ros/jazzy/opt/gz_common_vendor/lib:/opt/ros/jazzy/opt/gz_math_vendor/lib:/opt/ros/jazzy/opt/gz_utils_vendor/lib:/opt/ros/jazzy/opt/gz_tools_vendor/lib:/opt/ros/jazzy/opt/gz_ogre_next_vendor/lib:/opt/ros/jazzy/opt/gz_dartsim_vendor/lib:/opt/ros/jazzy/opt/gz_cmake_vendor/lib:/opt/ros/jazzy/lib PYTHONPATH=/home/dev_computer/dai_ws/build/spatial_detector/prefix_override:/usr/lib/python3/dist-packages/colcon_core/task/python/colcon_distutils_commands:/home/dev_computer/dai_ws/install/spatial_detector/lib/python3.12/site-packages:/home/dev_computer/dai_ws/install/depthai_ros_msgs/lib/python3.12/site-packages:/home/dev_computer/dai_ws/install/spatial_detector/lib/python3.12/site-packages:/home/dev_computer/dai_ws/install/detector_subscriber/lib/python3.12/site-packages:/home/dev_computer/dai_ws/install/detector/lib/python3.12/site-packages:/home/dev_computer/dai_ws/install/depthai_ros_driver/lib/python3.12/site-packages:/opt/ros/jazzy/lib/python3.12/site-packages /usr/bin/python3 -W ignore:setup.py install is deprecated -W ignore:easy_install command is deprecated setup.py egg_info --egg-base ../../build/spatial_detector build --build-base /home/dev_computer/dai_ws/build/spatial_detector/build install --record /home/dev_computer/dai_ws/build/spatial_detector/install.log --single-version-externally-managed install_data
