[4.766s] Invoking command in '/home/dev_computer/dai_ws/src/detector': DEBUGINFOD_URLS=https://debuginfod.ubuntu.com PYTHONPATH=/home/dev_computer/dai_ws/build/detector/prefix_override:/usr/lib/python3/dist-packages/colcon_core/task/python/colcon_distutils_commands:/home/dev_computer/dai_ws/install/detector/lib/python3.12/site-packages:${PYTHONPATH} /usr/bin/python3 -W ignore:setup.py install is deprecated -W ignore:easy_install command is deprecated setup.py egg_info --egg-base ../../build/detector build --build-base /home/dev_computer/dai_ws/build/detector/build install --record /home/dev_computer/dai_ws/build/detector/install.log --single-version-externally-managed install_data
[6.206s] running egg_info
[6.321s] writing ../../build/detector/detector.egg-info/PKG-INFO
[6.321s] writing dependency_links to ../../build/detector/detector.egg-info/dependency_links.txt
[6.321s] writing entry points to ../../build/detector/detector.egg-info/entry_points.txt
[6.322s] writing requirements to ../../build/detector/detector.egg-info/requires.txt
[6.322s] writing top-level names to ../../build/detector/detector.egg-info/top_level.txt
[6.510s] reading manifest file '../../build/detector/detector.egg-info/SOURCES.txt'
[6.512s] writing manifest file '../../build/detector/detector.egg-info/SOURCES.txt'
[6.512s] running build
[6.513s] running build_py
[6.514s] running install
[6.537s] running install_lib
[6.600s] running install_data
[6.600s] running install_egg_info
[6.682s] removing '/home/dev_computer/dai_ws/install/detector/lib/python3.12/site-packages/detector-0.0.0-py3.12.egg-info' (and everything under it)
[6.683s] Copying ../../build/detector/detector.egg-info to /home/dev_computer/dai_ws/install/detector/lib/python3.12/site-packages/detector-0.0.0-py3.12.egg-info
[6.687s] running install_scripts
[7.282s] Installing aruco_detector_node script to /home/dev_computer/dai_ws/install/detector/lib/detector
[7.283s] Installing spatial_tracker_node script to /home/dev_computer/dai_ws/install/detector/lib/detector
[7.291s] writing list of installed files to '/home/dev_computer/dai_ws/build/detector/install.log'
[7.501s] Invoked command in '/home/dev_computer/dai_ws/src/detector' returned '0': DEBUGINFOD_URLS=https://debuginfod.ubuntu.com PYTHONPATH=/home/dev_computer/dai_ws/build/detector/prefix_override:/usr/lib/python3/dist-packages/colcon_core/task/python/colcon_distutils_commands:/home/dev_computer/dai_ws/install/detector/lib/python3.12/site-packages:${PYTHONPATH} /usr/bin/python3 -W ignore:setup.py install is deprecated -W ignore:easy_install command is deprecated setup.py egg_info --egg-base ../../build/detector build --build-base /home/dev_computer/dai_ws/build/detector/build install --record /home/dev_computer/dai_ws/build/detector/install.log --single-version-externally-managed install_data
