[2.167s] Invoking command in '/home/dev_computer/dai_ws/build/detector': DEBUGINFOD_URLS=https://debuginfod.ubuntu.com PYTHONPATH=/home/dev_computer/dai_ws/build/detector/prefix_override:/usr/lib/python3/dist-packages/colcon_core/task/python/colcon_distutils_commands:/home/dev_computer/dai_ws/install/detector/lib/python3.12/site-packages:${PYTHONPATH} /usr/bin/python3 -W ignore:setup.py install is deprecated -W ignore:easy_install command is deprecated setup.py develop --uninstall --editable --build-directory /home/dev_computer/dai_ws/build/detector/build
[2.710s] running develop
[3.101s] Removing /home/dev_computer/dai_ws/install/detector/lib/python3.12/site-packages/detector.egg-link (link to .)
[3.185s] Invoked command in '/home/dev_computer/dai_ws/build/detector' returned '0': DEBUGINFOD_URLS=https://debuginfod.ubuntu.com PYTHONPATH=/home/dev_computer/dai_ws/build/detector/prefix_override:/usr/lib/python3/dist-packages/colcon_core/task/python/colcon_distutils_commands:/home/dev_computer/dai_ws/install/detector/lib/python3.12/site-packages:${PYTHONPATH} /usr/bin/python3 -W ignore:setup.py install is deprecated -W ignore:easy_install command is deprecated setup.py develop --uninstall --editable --build-directory /home/dev_computer/dai_ws/build/detector/build
[3.188s] Invoking command in '/home/dev_computer/dai_ws/src/detector': DEBUGINFOD_URLS=https://debuginfod.ubuntu.com PYTHONPATH=/home/dev_computer/dai_ws/build/detector/prefix_override:/usr/lib/python3/dist-packages/colcon_core/task/python/colcon_distutils_commands:/home/dev_computer/dai_ws/install/detector/lib/python3.12/site-packages:${PYTHONPATH} /usr/bin/python3 -W ignore:setup.py install is deprecated -W ignore:easy_install command is deprecated setup.py egg_info --egg-base ../../build/detector build --build-base /home/dev_computer/dai_ws/build/detector/build install --record /home/dev_computer/dai_ws/build/detector/install.log --single-version-externally-managed install_data --force
[3.709s] running egg_info
[3.747s] writing ../../build/detector/detector.egg-info/PKG-INFO
[3.747s] writing dependency_links to ../../build/detector/detector.egg-info/dependency_links.txt
[3.747s] writing entry points to ../../build/detector/detector.egg-info/entry_points.txt
[3.748s] writing requirements to ../../build/detector/detector.egg-info/requires.txt
[3.748s] writing top-level names to ../../build/detector/detector.egg-info/top_level.txt
[3.828s] reading manifest file '../../build/detector/detector.egg-info/SOURCES.txt'
[3.829s] writing manifest file '../../build/detector/detector.egg-info/SOURCES.txt'
[3.830s] running build
[3.830s] running build_py
[3.830s] creating /home/dev_computer/dai_ws/build/detector/build
[3.831s] creating /home/dev_computer/dai_ws/build/detector/build/lib
[3.831s] creating /home/dev_computer/dai_ws/build/detector/build/lib/detector
[3.831s] copying detector/__init__.py -> /home/dev_computer/dai_ws/build/detector/build/lib/detector
[3.831s] copying detector/aruco_detector_node.py -> /home/dev_computer/dai_ws/build/detector/build/lib/detector
[3.832s] copying detector/camera.launch.py -> /home/dev_computer/dai_ws/build/detector/build/lib/detector
[3.832s] copying detector/spatial_tracker_publisher.py -> /home/dev_computer/dai_ws/build/detector/build/lib/detector
[3.833s] running install
[3.843s] running install_lib
[3.882s] creating /home/dev_computer/dai_ws/install/detector/lib/python3.12/site-packages/detector
[3.883s] copying /home/dev_computer/dai_ws/build/detector/build/lib/detector/__init__.py -> /home/dev_computer/dai_ws/install/detector/lib/python3.12/site-packages/detector
[3.883s] copying /home/dev_computer/dai_ws/build/detector/build/lib/detector/aruco_detector_node.py -> /home/dev_computer/dai_ws/install/detector/lib/python3.12/site-packages/detector
[3.883s] copying /home/dev_computer/dai_ws/build/detector/build/lib/detector/camera.launch.py -> /home/dev_computer/dai_ws/install/detector/lib/python3.12/site-packages/detector
[3.883s] copying /home/dev_computer/dai_ws/build/detector/build/lib/detector/spatial_tracker_publisher.py -> /home/dev_computer/dai_ws/install/detector/lib/python3.12/site-packages/detector
[3.884s] byte-compiling /home/dev_computer/dai_ws/install/detector/lib/python3.12/site-packages/detector/__init__.py to __init__.cpython-312.pyc
[3.884s] byte-compiling /home/dev_computer/dai_ws/install/detector/lib/python3.12/site-packages/detector/aruco_detector_node.py to aruco_detector_node.cpython-312.pyc
[3.887s] byte-compiling /home/dev_computer/dai_ws/install/detector/lib/python3.12/site-packages/detector/camera.launch.py to camera.launch.cpython-312.pyc
[3.891s] byte-compiling /home/dev_computer/dai_ws/install/detector/lib/python3.12/site-packages/detector/spatial_tracker_publisher.py to spatial_tracker_publisher.cpython-312.pyc
[3.896s] running install_data
[3.896s] copying resource/detector -> /home/dev_computer/dai_ws/install/detector/share/ament_index/resource_index/packages
[3.896s] copying package.xml -> /home/dev_computer/dai_ws/install/detector/share/detector
[3.897s] running install_egg_info
[3.937s] Copying ../../build/detector/detector.egg-info to /home/dev_computer/dai_ws/install/detector/lib/python3.12/site-packages/detector-0.0.0-py3.12.egg-info
[3.938s] running install_scripts
[4.302s] Installing aruco_detector_node script to /home/dev_computer/dai_ws/install/detector/lib/detector
[4.302s] Installing spatial_tracker_node script to /home/dev_computer/dai_ws/install/detector/lib/detector
[4.303s] writing list of installed files to '/home/dev_computer/dai_ws/build/detector/install.log'
[4.538s] Invoked command in '/home/dev_computer/dai_ws/src/detector' returned '0': DEBUGINFOD_URLS=https://debuginfod.ubuntu.com PYTHONPATH=/home/dev_computer/dai_ws/build/detector/prefix_override:/usr/lib/python3/dist-packages/colcon_core/task/python/colcon_distutils_commands:/home/dev_computer/dai_ws/install/detector/lib/python3.12/site-packages:${PYTHONPATH} /usr/bin/python3 -W ignore:setup.py install is deprecated -W ignore:easy_install command is deprecated setup.py egg_info --egg-base ../../build/detector build --build-base /home/dev_computer/dai_ws/build/detector/build install --record /home/dev_computer/dai_ws/build/detector/install.log --single-version-externally-managed install_data --force
