[3.190s] Invoking command in '/home/dev_computer/dai_ws/src/detector': DEBUGINFOD_URLS=https://debuginfod.ubuntu.com PYTHONPATH=/home/dev_computer/dai_ws/build/detector/prefix_override:/usr/lib/python3/dist-packages/colcon_core/task/python/colcon_distutils_commands:/home/dev_computer/dai_ws/install/detector/lib/python3.12/site-packages:${PYTHONPATH} /usr/bin/python3 -W ignore:setup.py install is deprecated -W ignore:easy_install command is deprecated setup.py egg_info --egg-base ../../build/detector build --build-base /home/dev_computer/dai_ws/build/detector/build install --record /home/dev_computer/dai_ws/build/detector/install.log --single-version-externally-managed install_data
[3.956s] running egg_info
[4.012s] writing ../../build/detector/detector.egg-info/PKG-INFO
[4.013s] writing dependency_links to ../../build/detector/detector.egg-info/dependency_links.txt
[4.013s] writing entry points to ../../build/detector/detector.egg-info/entry_points.txt
[4.014s] writing requirements to ../../build/detector/detector.egg-info/requires.txt
[4.014s] writing top-level names to ../../build/detector/detector.egg-info/top_level.txt
[4.101s] reading manifest file '../../build/detector/detector.egg-info/SOURCES.txt'
[4.102s] writing manifest file '../../build/detector/detector.egg-info/SOURCES.txt'
[4.103s] running build
[4.103s] running build_py
[4.103s] running install
[4.121s] running install_lib
[4.181s] running install_data
[4.182s] running install_egg_info
[4.245s] removing '/home/dev_computer/dai_ws/install/detector/lib/python3.12/site-packages/detector-0.0.0-py3.12.egg-info' (and everything under it)
[4.245s] Copying ../../build/detector/detector.egg-info to /home/dev_computer/dai_ws/install/detector/lib/python3.12/site-packages/detector-0.0.0-py3.12.egg-info
[4.250s] running install_scripts
[4.537s] Installing aruco_detector_node script to /home/dev_computer/dai_ws/install/detector/lib/detector
[4.537s] Installing spatial_tracker_node script to /home/dev_computer/dai_ws/install/detector/lib/detector
[4.537s] writing list of installed files to '/home/dev_computer/dai_ws/build/detector/install.log'
[4.650s] Invoked command in '/home/dev_computer/dai_ws/src/detector' returned '0': DEBUGINFOD_URLS=https://debuginfod.ubuntu.com PYTHONPATH=/home/dev_computer/dai_ws/build/detector/prefix_override:/usr/lib/python3/dist-packages/colcon_core/task/python/colcon_distutils_commands:/home/dev_computer/dai_ws/install/detector/lib/python3.12/site-packages:${PYTHONPATH} /usr/bin/python3 -W ignore:setup.py install is deprecated -W ignore:easy_install command is deprecated setup.py egg_info --egg-base ../../build/detector build --build-base /home/dev_computer/dai_ws/build/detector/build install --record /home/dev_computer/dai_ws/build/detector/install.log --single-version-externally-managed install_data
