[0.071s] Invoking command in '/home/dev_computer/dai_ws/build/depthai_bridge': AMENT_PREFIX_PATH=/home/dev_computer/dai_ws/install/depthai_ros_msgs:${AMENT_PREFIX_PATH} CMAKE_PREFIX_PATH=/home/dev_computer/dai_ws/install/depthai_ros_msgs:/opt/ros/jazzy/opt/gz_sim_vendor:/opt/ros/jazzy/opt/gz_sensors_vendor:/opt/ros/jazzy/opt/gz_physics_vendor:/opt/ros/jazzy/opt/sdformat_vendor:/opt/ros/jazzy/opt/gz_gui_vendor:/opt/ros/jazzy/opt/gz_transport_vendor:/opt/ros/jazzy/opt/gz_rendering_vendor:/opt/ros/jazzy/opt/gz_plugin_vendor:/opt/ros/jazzy/opt/gz_fuel_tools_vendor:/opt/ros/jazzy/opt/gz_msgs_vendor:/opt/ros/jazzy/opt/gz_common_vendor:/opt/ros/jazzy/opt/gz_math_vendor:/opt/ros/jazzy/opt/gz_utils_vendor:/opt/ros/jazzy/opt/gz_tools_vendor:/opt/ros/jazzy/opt/gz_ogre_next_vendor:/opt/ros/jazzy/opt/gz_dartsim_vendor:/opt/ros/jazzy/opt/gz_cmake_vendor:/opt/ros/jazzy DEBUGINFOD_URLS=https://debuginfod.ubuntu.com LD_LIBRARY_PATH=/home/dev_computer/dai_ws/install/depthai_ros_msgs/lib:${LD_LIBRARY_PATH} PYTHONPATH=/home/dev_computer/dai_ws/install/depthai_ros_msgs/lib/python3.12/site-packages:${PYTHONPATH} /usr/bin/cmake --build /home/dev_computer/dai_ws/build/depthai_bridge -- -j8 -l8
[0.489s] [ 10%] [32m[1mLinking CXX shared library libdepthai_bridge.so[0m
[4.344s] [100%] Built target depthai_bridge
[4.412s] Invoked command in '/home/dev_computer/dai_ws/build/depthai_bridge' returned '0': AMENT_PREFIX_PATH=/home/dev_computer/dai_ws/install/depthai_ros_msgs:${AMENT_PREFIX_PATH} CMAKE_PREFIX_PATH=/home/dev_computer/dai_ws/install/depthai_ros_msgs:/opt/ros/jazzy/opt/gz_sim_vendor:/opt/ros/jazzy/opt/gz_sensors_vendor:/opt/ros/jazzy/opt/gz_physics_vendor:/opt/ros/jazzy/opt/sdformat_vendor:/opt/ros/jazzy/opt/gz_gui_vendor:/opt/ros/jazzy/opt/gz_transport_vendor:/opt/ros/jazzy/opt/gz_rendering_vendor:/opt/ros/jazzy/opt/gz_plugin_vendor:/opt/ros/jazzy/opt/gz_fuel_tools_vendor:/opt/ros/jazzy/opt/gz_msgs_vendor:/opt/ros/jazzy/opt/gz_common_vendor:/opt/ros/jazzy/opt/gz_math_vendor:/opt/ros/jazzy/opt/gz_utils_vendor:/opt/ros/jazzy/opt/gz_tools_vendor:/opt/ros/jazzy/opt/gz_ogre_next_vendor:/opt/ros/jazzy/opt/gz_dartsim_vendor:/opt/ros/jazzy/opt/gz_cmake_vendor:/opt/ros/jazzy DEBUGINFOD_URLS=https://debuginfod.ubuntu.com LD_LIBRARY_PATH=/home/dev_computer/dai_ws/install/depthai_ros_msgs/lib:${LD_LIBRARY_PATH} PYTHONPATH=/home/dev_computer/dai_ws/install/depthai_ros_msgs/lib/python3.12/site-packages:${PYTHONPATH} /usr/bin/cmake --build /home/dev_computer/dai_ws/build/depthai_bridge -- -j8 -l8
[4.422s] Invoking command in '/home/dev_computer/dai_ws/build/depthai_bridge': AMENT_PREFIX_PATH=/home/dev_computer/dai_ws/install/depthai_ros_msgs:${AMENT_PREFIX_PATH} CMAKE_PREFIX_PATH=/home/dev_computer/dai_ws/install/depthai_ros_msgs:/opt/ros/jazzy/opt/gz_sim_vendor:/opt/ros/jazzy/opt/gz_sensors_vendor:/opt/ros/jazzy/opt/gz_physics_vendor:/opt/ros/jazzy/opt/sdformat_vendor:/opt/ros/jazzy/opt/gz_gui_vendor:/opt/ros/jazzy/opt/gz_transport_vendor:/opt/ros/jazzy/opt/gz_rendering_vendor:/opt/ros/jazzy/opt/gz_plugin_vendor:/opt/ros/jazzy/opt/gz_fuel_tools_vendor:/opt/ros/jazzy/opt/gz_msgs_vendor:/opt/ros/jazzy/opt/gz_common_vendor:/opt/ros/jazzy/opt/gz_math_vendor:/opt/ros/jazzy/opt/gz_utils_vendor:/opt/ros/jazzy/opt/gz_tools_vendor:/opt/ros/jazzy/opt/gz_ogre_next_vendor:/opt/ros/jazzy/opt/gz_dartsim_vendor:/opt/ros/jazzy/opt/gz_cmake_vendor:/opt/ros/jazzy DEBUGINFOD_URLS=https://debuginfod.ubuntu.com LD_LIBRARY_PATH=/home/dev_computer/dai_ws/install/depthai_ros_msgs/lib:${LD_LIBRARY_PATH} PYTHONPATH=/home/dev_computer/dai_ws/install/depthai_ros_msgs/lib/python3.12/site-packages:${PYTHONPATH} /usr/bin/cmake --install /home/dev_computer/dai_ws/build/depthai_bridge
[4.519s] -- Install configuration: ""
[4.522s] -- Execute custom install script
[4.522s] -- Up-to-date symlink: /home/dev_computer/dai_ws/install/depthai_bridge/share/depthai_bridge/environment/library_path.sh
[4.523s] -- Up-to-date symlink: /home/dev_computer/dai_ws/install/depthai_bridge/share/depthai_bridge/environment/library_path.dsv
[4.535s] -- Up-to-date symlink: /home/dev_computer/dai_ws/install/depthai_bridge/include//depthai_bridge/BridgePublisher.hpp
[4.541s] -- Up-to-date symlink: /home/dev_computer/dai_ws/install/depthai_bridge/include//depthai_bridge/DisparityConverter.hpp
[4.541s] -- Up-to-date symlink: /home/dev_computer/dai_ws/install/depthai_bridge/include//depthai_bridge/ImageConverter.hpp
[4.542s] -- Up-to-date symlink: /home/dev_computer/dai_ws/install/depthai_bridge/include//depthai_bridge/ImgDetectionConverter.hpp
[4.543s] -- Up-to-date symlink: /home/dev_computer/dai_ws/install/depthai_bridge/include//depthai_bridge/ImuConverter.hpp
[4.543s] -- Up-to-date symlink: /home/dev_computer/dai_ws/install/depthai_bridge/include//depthai_bridge/SpatialDetectionConverter.hpp
[4.554s] -- Up-to-date symlink: /home/dev_computer/dai_ws/install/depthai_bridge/include//depthai_bridge/TFPublisher.hpp
[4.556s] -- Up-to-date symlink: /home/dev_computer/dai_ws/install/depthai_bridge/include//depthai_bridge/TrackDetectionConverter.hpp
[4.557s] -- Up-to-date symlink: /home/dev_computer/dai_ws/install/depthai_bridge/include//depthai_bridge/TrackSpatialDetectionConverter.hpp
[4.557s] -- Up-to-date symlink: /home/dev_computer/dai_ws/install/depthai_bridge/include//depthai_bridge/TrackedFeaturesConverter.hpp
[4.557s] -- Up-to-date symlink: /home/dev_computer/dai_ws/install/depthai_bridge/include//depthai_bridge/depthaiUtility.hpp
[4.566s] -- Up-to-date symlink: /home/dev_computer/dai_ws/install/depthai_bridge/share/depthai_bridge/rviz/pointCloud.rviz
[4.567s] -- Up-to-date symlink: /home/dev_computer/dai_ws/install/depthai_bridge/share/ament_index/resource_index/package_run_dependencies/depthai_bridge
[4.567s] -- Up-to-date symlink: /home/dev_computer/dai_ws/install/depthai_bridge/share/ament_index/resource_index/parent_prefix_path/depthai_bridge
[4.574s] -- Up-to-date symlink: /home/dev_computer/dai_ws/install/depthai_bridge/share/depthai_bridge/environment/ament_prefix_path.sh
[4.574s] -- Up-to-date symlink: /home/dev_computer/dai_ws/install/depthai_bridge/share/depthai_bridge/environment/ament_prefix_path.dsv
[4.575s] -- Up-to-date symlink: /home/dev_computer/dai_ws/install/depthai_bridge/share/depthai_bridge/environment/path.sh
[4.583s] -- Up-to-date symlink: /home/dev_computer/dai_ws/install/depthai_bridge/share/depthai_bridge/environment/path.dsv
[4.583s] -- Up-to-date symlink: /home/dev_computer/dai_ws/install/depthai_bridge/share/depthai_bridge/local_setup.bash
[4.594s] -- Up-to-date symlink: /home/dev_computer/dai_ws/install/depthai_bridge/share/depthai_bridge/local_setup.sh
[4.595s] -- Up-to-date symlink: /home/dev_computer/dai_ws/install/depthai_bridge/share/depthai_bridge/local_setup.zsh
[4.602s] -- Up-to-date symlink: /home/dev_computer/dai_ws/install/depthai_bridge/share/depthai_bridge/local_setup.dsv
[4.602s] -- Symlinking: /home/dev_computer/dai_ws/install/depthai_bridge/share/depthai_bridge/package.dsv
[4.657s] -- Up-to-date symlink: /home/dev_computer/dai_ws/install/depthai_bridge/share/ament_index/resource_index/packages/depthai_bridge
[4.657s] -- Up-to-date symlink: /home/dev_computer/dai_ws/install/depthai_bridge/share/depthai_bridge/cmake/ament_cmake_export_targets-extras.cmake
[4.662s] -- Up-to-date symlink: /home/dev_computer/dai_ws/install/depthai_bridge/share/depthai_bridge/cmake/ament_cmake_export_include_directories-extras.cmake
[4.662s] -- Up-to-date symlink: /home/dev_computer/dai_ws/install/depthai_bridge/share/depthai_bridge/cmake/ament_cmake_export_libraries-extras.cmake
[4.667s] -- Up-to-date symlink: /home/dev_computer/dai_ws/install/depthai_bridge/share/depthai_bridge/cmake/ament_cmake_export_dependencies-extras.cmake
[4.671s] -- Up-to-date symlink: /home/dev_computer/dai_ws/install/depthai_bridge/share/depthai_bridge/cmake/depthai_bridgeConfig.cmake
[4.672s] -- Up-to-date symlink: /home/dev_computer/dai_ws/install/depthai_bridge/share/depthai_bridge/cmake/depthai_bridgeConfig-version.cmake
[4.672s] -- Up-to-date symlink: /home/dev_computer/dai_ws/install/depthai_bridge/share/depthai_bridge/package.xml
[4.681s] -- Installing: /home/dev_computer/dai_ws/install/depthai_bridge/lib/libdepthai_bridge.so
[4.725s] -- Set non-toolchain portion of runtime path of "/home/dev_computer/dai_ws/install/depthai_bridge/lib/libdepthai_bridge.so" to ""
[4.726s] -- Up-to-date: /home/dev_computer/dai_ws/install/depthai_bridge/share/depthai_bridge/cmake/depthai_bridgeTargets.cmake
[4.727s] -- Up-to-date: /home/dev_computer/dai_ws/install/depthai_bridge/share/depthai_bridge/cmake/depthai_bridgeTargets-noconfig.cmake
[4.728s] -- Up-to-date: /home/dev_computer/dai_ws/install/depthai_bridge/share/depthai_bridge/cmake/depthai_bridgeTargetsExport.cmake
[4.733s] -- Up-to-date: /home/dev_computer/dai_ws/install/depthai_bridge/share/depthai_bridge/cmake/depthai_bridgeTargetsExport-noconfig.cmake
[4.752s] Invoked command in '/home/dev_computer/dai_ws/build/depthai_bridge' returned '0': AMENT_PREFIX_PATH=/home/dev_computer/dai_ws/install/depthai_ros_msgs:${AMENT_PREFIX_PATH} CMAKE_PREFIX_PATH=/home/dev_computer/dai_ws/install/depthai_ros_msgs:/opt/ros/jazzy/opt/gz_sim_vendor:/opt/ros/jazzy/opt/gz_sensors_vendor:/opt/ros/jazzy/opt/gz_physics_vendor:/opt/ros/jazzy/opt/sdformat_vendor:/opt/ros/jazzy/opt/gz_gui_vendor:/opt/ros/jazzy/opt/gz_transport_vendor:/opt/ros/jazzy/opt/gz_rendering_vendor:/opt/ros/jazzy/opt/gz_plugin_vendor:/opt/ros/jazzy/opt/gz_fuel_tools_vendor:/opt/ros/jazzy/opt/gz_msgs_vendor:/opt/ros/jazzy/opt/gz_common_vendor:/opt/ros/jazzy/opt/gz_math_vendor:/opt/ros/jazzy/opt/gz_utils_vendor:/opt/ros/jazzy/opt/gz_tools_vendor:/opt/ros/jazzy/opt/gz_ogre_next_vendor:/opt/ros/jazzy/opt/gz_dartsim_vendor:/opt/ros/jazzy/opt/gz_cmake_vendor:/opt/ros/jazzy DEBUGINFOD_URLS=https://debuginfod.ubuntu.com LD_LIBRARY_PATH=/home/dev_computer/dai_ws/install/depthai_ros_msgs/lib:${LD_LIBRARY_PATH} PYTHONPATH=/home/dev_computer/dai_ws/install/depthai_ros_msgs/lib/python3.12/site-packages:${PYTHONPATH} /usr/bin/cmake --install /home/dev_computer/dai_ws/build/depthai_bridge
