[0.038s] Invoking command in '/home/dev_computer/dai_ws/build/depthai_ros_msgs': CMAKE_PREFIX_PATH=${CMAKE_PREFIX_PATH}:/home/dev_computer/dai_ws/install/spatial_detector:/home/dev_computer/dai_ws/install/detector_subscriber:/home/dev_computer/dai_ws/install/detector:/opt/ros/jazzy DEBUGINFOD_URLS=https://debuginfod.ubuntu.com /usr/bin/cmake --build /home/dev_computer/dai_ws/build/depthai_ros_msgs -- -j8 -l8
[0.369s] [  1%] Built target depthai_ros_msgs__rosidl_generator_type_description
[0.370s] [  1%] Built target ament_cmake_python_symlink_depthai_ros_msgs
[0.370s] [  1%] Built target depthai_ros_msgs__cpp
[0.371s] [ 27%] Built target depthai_ros_msgs__rosidl_generator_c
[0.371s] [ 37%] Built target depthai_ros_msgs__rosidl_typesupport_c
[0.371s] [ 47%] Built target depthai_ros_msgs__rosidl_typesupport_introspection_c
[0.371s] [ 56%] Built target depthai_ros_msgs__rosidl_typesupport_cpp
[0.372s] [ 66%] Built target depthai_ros_msgs__rosidl_typesupport_fastrtps_c
[0.372s] [ 76%] Built target depthai_ros_msgs__rosidl_typesupport_fastrtps_cpp
[0.372s] [ 85%] Built target depthai_ros_msgs__rosidl_typesupport_introspection_cpp
[0.372s] [ 85%] Built target depthai_ros_msgs
[0.372s] [ 86%] Built target depthai_ros_msgs__py
[0.372s] [ 95%] Built target depthai_ros_msgs__rosidl_generator_py
[0.372s] [ 97%] Built target depthai_ros_msgs_s__rosidl_typesupport_c
[0.373s] [ 99%] Built target depthai_ros_msgs_s__rosidl_typesupport_introspection_c
[0.373s] [100%] Built target depthai_ros_msgs_s__rosidl_typesupport_fastrtps_c
[0.423s] running egg_info
[0.451s] writing depthai_ros_msgs.egg-info/PKG-INFO
[0.451s] writing dependency_links to depthai_ros_msgs.egg-info/dependency_links.txt
[0.451s] writing top-level names to depthai_ros_msgs.egg-info/top_level.txt
[0.531s] reading manifest file 'depthai_ros_msgs.egg-info/SOURCES.txt'
[0.532s] writing manifest file 'depthai_ros_msgs.egg-info/SOURCES.txt'
[0.562s] [100%] Built target ament_cmake_python_build_depthai_ros_msgs_egg
[0.663s] Invoked command in '/home/dev_computer/dai_ws/build/depthai_ros_msgs' returned '0': CMAKE_PREFIX_PATH=${CMAKE_PREFIX_PATH}:/home/dev_computer/dai_ws/install/spatial_detector:/home/dev_computer/dai_ws/install/detector_subscriber:/home/dev_computer/dai_ws/install/detector:/opt/ros/jazzy DEBUGINFOD_URLS=https://debuginfod.ubuntu.com /usr/bin/cmake --build /home/dev_computer/dai_ws/build/depthai_ros_msgs -- -j8 -l8
[0.665s] Invoking command in '/home/dev_computer/dai_ws/build/depthai_ros_msgs': CMAKE_PREFIX_PATH=${CMAKE_PREFIX_PATH}:/home/dev_computer/dai_ws/install/spatial_detector:/home/dev_computer/dai_ws/install/detector_subscriber:/home/dev_computer/dai_ws/install/detector:/opt/ros/jazzy DEBUGINFOD_URLS=https://debuginfod.ubuntu.com /usr/bin/cmake --install /home/dev_computer/dai_ws/build/depthai_ros_msgs
[0.678s] -- Install configuration: ""
[0.678s] -- Execute custom install script
[0.679s] -- Up-to-date symlink: /home/dev_computer/dai_ws/install/depthai_ros_msgs/share/ament_index/resource_index/rosidl_interfaces/depthai_ros_msgs
[0.679s] -- Up-to-date symlink: /home/dev_computer/dai_ws/install/depthai_ros_msgs/share/depthai_ros_msgs/msg/AutoFocusCtrl.json
[0.679s] -- Up-to-date symlink: /home/dev_computer/dai_ws/install/depthai_ros_msgs/share/depthai_ros_msgs/msg/HandLandmark.json
[0.679s] -- Up-to-date symlink: /home/dev_computer/dai_ws/install/depthai_ros_msgs/share/depthai_ros_msgs/msg/HandLandmarkArray.json
[0.679s] -- Up-to-date symlink: /home/dev_computer/dai_ws/install/depthai_ros_msgs/share/depthai_ros_msgs/msg/ImuWithMagneticField.json
[0.680s] -- Up-to-date symlink: /home/dev_computer/dai_ws/install/depthai_ros_msgs/share/depthai_ros_msgs/msg/TrackedFeature.json
[0.680s] -- Up-to-date symlink: /home/dev_computer/dai_ws/install/depthai_ros_msgs/share/depthai_ros_msgs/msg/TrackedFeatures.json
[0.680s] -- Up-to-date symlink: /home/dev_computer/dai_ws/install/depthai_ros_msgs/share/depthai_ros_msgs/msg/SpatialDetection.json
[0.680s] -- Up-to-date symlink: /home/dev_computer/dai_ws/install/depthai_ros_msgs/share/depthai_ros_msgs/msg/SpatialDetectionArray.json
[0.680s] -- Up-to-date symlink: /home/dev_computer/dai_ws/install/depthai_ros_msgs/share/depthai_ros_msgs/msg/TrackDetection2D.json
[0.680s] -- Up-to-date symlink: /home/dev_computer/dai_ws/install/depthai_ros_msgs/share/depthai_ros_msgs/msg/TrackDetection2DArray.json
[0.681s] -- Up-to-date symlink: /home/dev_computer/dai_ws/install/depthai_ros_msgs/share/depthai_ros_msgs/srv/TriggerNamed.json
[0.681s] -- Up-to-date symlink: /home/dev_computer/dai_ws/install/depthai_ros_msgs/share/depthai_ros_msgs/srv/NormalizedImageCrop.json
[0.681s] -- Up-to-date symlink: /home/dev_computer/dai_ws/install/depthai_ros_msgs/include/depthai_ros_msgs/depthai_ros_msgs/msg/auto_focus_ctrl.h
[0.681s] -- Up-to-date symlink: /home/dev_computer/dai_ws/install/depthai_ros_msgs/include/depthai_ros_msgs/depthai_ros_msgs/msg/detail/auto_focus_ctrl__functions.h
[0.681s] -- Up-to-date symlink: /home/dev_computer/dai_ws/install/depthai_ros_msgs/include/depthai_ros_msgs/depthai_ros_msgs/msg/detail/auto_focus_ctrl__struct.h
[0.682s] -- Up-to-date symlink: /home/dev_computer/dai_ws/install/depthai_ros_msgs/include/depthai_ros_msgs/depthai_ros_msgs/msg/detail/auto_focus_ctrl__type_support.h
[0.682s] -- Up-to-date symlink: /home/dev_computer/dai_ws/install/depthai_ros_msgs/include/depthai_ros_msgs/depthai_ros_msgs/msg/detail/hand_landmark__functions.h
[0.682s] -- Up-to-date symlink: /home/dev_computer/dai_ws/install/depthai_ros_msgs/include/depthai_ros_msgs/depthai_ros_msgs/msg/detail/hand_landmark__struct.h
[0.682s] -- Up-to-date symlink: /home/dev_computer/dai_ws/install/depthai_ros_msgs/include/depthai_ros_msgs/depthai_ros_msgs/msg/detail/hand_landmark__type_support.h
[0.682s] -- Up-to-date symlink: /home/dev_computer/dai_ws/install/depthai_ros_msgs/include/depthai_ros_msgs/depthai_ros_msgs/msg/detail/hand_landmark_array__functions.h
[0.682s] -- Up-to-date symlink: /home/dev_computer/dai_ws/install/depthai_ros_msgs/include/depthai_ros_msgs/depthai_ros_msgs/msg/detail/hand_landmark_array__struct.h
[0.682s] -- Up-to-date symlink: /home/dev_computer/dai_ws/install/depthai_ros_msgs/include/depthai_ros_msgs/depthai_ros_msgs/msg/detail/hand_landmark_array__type_support.h
[0.683s] -- Up-to-date symlink: /home/dev_computer/dai_ws/install/depthai_ros_msgs/include/depthai_ros_msgs/depthai_ros_msgs/msg/detail/imu_with_magnetic_field__functions.h
[0.683s] -- Up-to-date symlink: /home/dev_computer/dai_ws/install/depthai_ros_msgs/include/depthai_ros_msgs/depthai_ros_msgs/msg/detail/imu_with_magnetic_field__struct.h
[0.683s] -- Up-to-date symlink: /home/dev_computer/dai_ws/install/depthai_ros_msgs/include/depthai_ros_msgs/depthai_ros_msgs/msg/detail/imu_with_magnetic_field__type_support.h
[0.683s] -- Up-to-date symlink: /home/dev_computer/dai_ws/install/depthai_ros_msgs/include/depthai_ros_msgs/depthai_ros_msgs/msg/detail/spatial_detection__functions.h
[0.683s] -- Up-to-date symlink: /home/dev_computer/dai_ws/install/depthai_ros_msgs/include/depthai_ros_msgs/depthai_ros_msgs/msg/detail/spatial_detection__struct.h
[0.683s] -- Up-to-date symlink: /home/dev_computer/dai_ws/install/depthai_ros_msgs/include/depthai_ros_msgs/depthai_ros_msgs/msg/detail/spatial_detection__type_support.h
[0.684s] -- Up-to-date symlink: /home/dev_computer/dai_ws/install/depthai_ros_msgs/include/depthai_ros_msgs/depthai_ros_msgs/msg/detail/spatial_detection_array__functions.h
[0.684s] -- Up-to-date symlink: /home/dev_computer/dai_ws/install/depthai_ros_msgs/include/depthai_ros_msgs/depthai_ros_msgs/msg/detail/spatial_detection_array__struct.h
[0.684s] -- Up-to-date symlink: /home/dev_computer/dai_ws/install/depthai_ros_msgs/include/depthai_ros_msgs/depthai_ros_msgs/msg/detail/spatial_detection_array__type_support.h
[0.684s] -- Up-to-date symlink: /home/dev_computer/dai_ws/install/depthai_ros_msgs/include/depthai_ros_msgs/depthai_ros_msgs/msg/detail/track_detection2_d__functions.h
[0.684s] -- Up-to-date symlink: /home/dev_computer/dai_ws/install/depthai_ros_msgs/include/depthai_ros_msgs/depthai_ros_msgs/msg/detail/track_detection2_d__struct.h
[0.684s] -- Up-to-date symlink: /home/dev_computer/dai_ws/install/depthai_ros_msgs/include/depthai_ros_msgs/depthai_ros_msgs/msg/detail/track_detection2_d__type_support.h
[0.685s] -- Up-to-date symlink: /home/dev_computer/dai_ws/install/depthai_ros_msgs/include/depthai_ros_msgs/depthai_ros_msgs/msg/detail/track_detection2_d_array__functions.h
[0.685s] -- Up-to-date symlink: /home/dev_computer/dai_ws/install/depthai_ros_msgs/include/depthai_ros_msgs/depthai_ros_msgs/msg/detail/track_detection2_d_array__struct.h
[0.685s] -- Up-to-date symlink: /home/dev_computer/dai_ws/install/depthai_ros_msgs/include/depthai_ros_msgs/depthai_ros_msgs/msg/detail/track_detection2_d_array__type_support.h
[0.685s] -- Up-to-date symlink: /home/dev_computer/dai_ws/install/depthai_ros_msgs/include/depthai_ros_msgs/depthai_ros_msgs/msg/detail/tracked_feature__functions.h
[0.685s] -- Up-to-date symlink: /home/dev_computer/dai_ws/install/depthai_ros_msgs/include/depthai_ros_msgs/depthai_ros_msgs/msg/detail/tracked_feature__struct.h
[0.685s] -- Up-to-date symlink: /home/dev_computer/dai_ws/install/depthai_ros_msgs/include/depthai_ros_msgs/depthai_ros_msgs/msg/detail/tracked_feature__type_support.h
[0.686s] -- Up-to-date symlink: /home/dev_computer/dai_ws/install/depthai_ros_msgs/include/depthai_ros_msgs/depthai_ros_msgs/msg/detail/tracked_features__functions.h
[0.686s] -- Up-to-date symlink: /home/dev_computer/dai_ws/install/depthai_ros_msgs/include/depthai_ros_msgs/depthai_ros_msgs/msg/detail/tracked_features__struct.h
[0.686s] -- Up-to-date symlink: /home/dev_computer/dai_ws/install/depthai_ros_msgs/include/depthai_ros_msgs/depthai_ros_msgs/msg/detail/tracked_features__type_support.h
[0.686s] -- Up-to-date symlink: /home/dev_computer/dai_ws/install/depthai_ros_msgs/include/depthai_ros_msgs/depthai_ros_msgs/msg/hand_landmark.h
[0.686s] -- Up-to-date symlink: /home/dev_computer/dai_ws/install/depthai_ros_msgs/include/depthai_ros_msgs/depthai_ros_msgs/msg/hand_landmark_array.h
[0.687s] -- Up-to-date symlink: /home/dev_computer/dai_ws/install/depthai_ros_msgs/include/depthai_ros_msgs/depthai_ros_msgs/msg/imu_with_magnetic_field.h
[0.687s] -- Up-to-date symlink: /home/dev_computer/dai_ws/install/depthai_ros_msgs/include/depthai_ros_msgs/depthai_ros_msgs/msg/rosidl_generator_c__visibility_control.h
[0.687s] -- Up-to-date symlink: /home/dev_computer/dai_ws/install/depthai_ros_msgs/include/depthai_ros_msgs/depthai_ros_msgs/msg/spatial_detection.h
[0.687s] -- Up-to-date symlink: /home/dev_computer/dai_ws/install/depthai_ros_msgs/include/depthai_ros_msgs/depthai_ros_msgs/msg/spatial_detection_array.h
[0.687s] -- Up-to-date symlink: /home/dev_computer/dai_ws/install/depthai_ros_msgs/include/depthai_ros_msgs/depthai_ros_msgs/msg/track_detection2_d.h
[0.687s] -- Up-to-date symlink: /home/dev_computer/dai_ws/install/depthai_ros_msgs/include/depthai_ros_msgs/depthai_ros_msgs/msg/track_detection2_d_array.h
[0.688s] -- Up-to-date symlink: /home/dev_computer/dai_ws/install/depthai_ros_msgs/include/depthai_ros_msgs/depthai_ros_msgs/msg/tracked_feature.h
[0.688s] -- Up-to-date symlink: /home/dev_computer/dai_ws/install/depthai_ros_msgs/include/depthai_ros_msgs/depthai_ros_msgs/msg/tracked_features.h
[0.688s] -- Up-to-date symlink: /home/dev_computer/dai_ws/install/depthai_ros_msgs/include/depthai_ros_msgs/depthai_ros_msgs/srv/detail/normalized_image_crop__functions.h
[0.688s] -- Up-to-date symlink: /home/dev_computer/dai_ws/install/depthai_ros_msgs/include/depthai_ros_msgs/depthai_ros_msgs/srv/detail/normalized_image_crop__struct.h
[0.688s] -- Up-to-date symlink: /home/dev_computer/dai_ws/install/depthai_ros_msgs/include/depthai_ros_msgs/depthai_ros_msgs/srv/detail/normalized_image_crop__type_support.h
[0.688s] -- Up-to-date symlink: /home/dev_computer/dai_ws/install/depthai_ros_msgs/include/depthai_ros_msgs/depthai_ros_msgs/srv/detail/trigger_named__functions.h
[0.689s] -- Up-to-date symlink: /home/dev_computer/dai_ws/install/depthai_ros_msgs/include/depthai_ros_msgs/depthai_ros_msgs/srv/detail/trigger_named__struct.h
[0.689s] -- Up-to-date symlink: /home/dev_computer/dai_ws/install/depthai_ros_msgs/include/depthai_ros_msgs/depthai_ros_msgs/srv/detail/trigger_named__type_support.h
[0.689s] -- Up-to-date symlink: /home/dev_computer/dai_ws/install/depthai_ros_msgs/include/depthai_ros_msgs/depthai_ros_msgs/srv/normalized_image_crop.h
[0.689s] -- Up-to-date symlink: /home/dev_computer/dai_ws/install/depthai_ros_msgs/include/depthai_ros_msgs/depthai_ros_msgs/srv/trigger_named.h
[0.690s] -- Up-to-date symlink: /home/dev_computer/dai_ws/install/depthai_ros_msgs/share/depthai_ros_msgs/environment/library_path.sh
[0.690s] -- Up-to-date symlink: /home/dev_computer/dai_ws/install/depthai_ros_msgs/share/depthai_ros_msgs/environment/library_path.dsv
[0.691s] -- Up-to-date symlink: /home/dev_computer/dai_ws/install/depthai_ros_msgs/include/depthai_ros_msgs/depthai_ros_msgs/msg/detail/auto_focus_ctrl__rosidl_typesupport_fastrtps_c.h
[0.694s] -- Up-to-date symlink: /home/dev_computer/dai_ws/install/depthai_ros_msgs/include/depthai_ros_msgs/depthai_ros_msgs/msg/detail/hand_landmark__rosidl_typesupport_fastrtps_c.h
[0.694s] -- Up-to-date symlink: /home/dev_computer/dai_ws/install/depthai_ros_msgs/include/depthai_ros_msgs/depthai_ros_msgs/msg/detail/hand_landmark_array__rosidl_typesupport_fastrtps_c.h
[0.694s] -- Up-to-date symlink: /home/dev_computer/dai_ws/install/depthai_ros_msgs/include/depthai_ros_msgs/depthai_ros_msgs/msg/detail/imu_with_magnetic_field__rosidl_typesupport_fastrtps_c.h
[0.694s] -- Up-to-date symlink: /home/dev_computer/dai_ws/install/depthai_ros_msgs/include/depthai_ros_msgs/depthai_ros_msgs/msg/detail/spatial_detection__rosidl_typesupport_fastrtps_c.h
[0.694s] -- Up-to-date symlink: /home/dev_computer/dai_ws/install/depthai_ros_msgs/include/depthai_ros_msgs/depthai_ros_msgs/msg/detail/spatial_detection_array__rosidl_typesupport_fastrtps_c.h
[0.695s] -- Up-to-date symlink: /home/dev_computer/dai_ws/install/depthai_ros_msgs/include/depthai_ros_msgs/depthai_ros_msgs/msg/detail/track_detection2_d__rosidl_typesupport_fastrtps_c.h
[0.695s] -- Up-to-date symlink: /home/dev_computer/dai_ws/install/depthai_ros_msgs/include/depthai_ros_msgs/depthai_ros_msgs/msg/detail/track_detection2_d_array__rosidl_typesupport_fastrtps_c.h
[0.695s] -- Up-to-date symlink: /home/dev_computer/dai_ws/install/depthai_ros_msgs/include/depthai_ros_msgs/depthai_ros_msgs/msg/detail/tracked_feature__rosidl_typesupport_fastrtps_c.h
[0.695s] -- Up-to-date symlink: /home/dev_computer/dai_ws/install/depthai_ros_msgs/include/depthai_ros_msgs/depthai_ros_msgs/msg/detail/tracked_features__rosidl_typesupport_fastrtps_c.h
[0.695s] -- Up-to-date symlink: /home/dev_computer/dai_ws/install/depthai_ros_msgs/include/depthai_ros_msgs/depthai_ros_msgs/msg/rosidl_typesupport_fastrtps_c__visibility_control.h
[0.696s] -- Up-to-date symlink: /home/dev_computer/dai_ws/install/depthai_ros_msgs/include/depthai_ros_msgs/depthai_ros_msgs/srv/detail/normalized_image_crop__rosidl_typesupport_fastrtps_c.h
[0.696s] -- Up-to-date symlink: /home/dev_computer/dai_ws/install/depthai_ros_msgs/include/depthai_ros_msgs/depthai_ros_msgs/srv/detail/trigger_named__rosidl_typesupport_fastrtps_c.h
[0.696s] -- Up-to-date symlink: /home/dev_computer/dai_ws/install/depthai_ros_msgs/include/depthai_ros_msgs/depthai_ros_msgs/msg/auto_focus_ctrl.hpp
[0.696s] -- Up-to-date symlink: /home/dev_computer/dai_ws/install/depthai_ros_msgs/include/depthai_ros_msgs/depthai_ros_msgs/msg/detail/auto_focus_ctrl__builder.hpp
[0.696s] -- Up-to-date symlink: /home/dev_computer/dai_ws/install/depthai_ros_msgs/include/depthai_ros_msgs/depthai_ros_msgs/msg/detail/auto_focus_ctrl__struct.hpp
[0.696s] -- Up-to-date symlink: /home/dev_computer/dai_ws/install/depthai_ros_msgs/include/depthai_ros_msgs/depthai_ros_msgs/msg/detail/auto_focus_ctrl__traits.hpp
[0.697s] -- Up-to-date symlink: /home/dev_computer/dai_ws/install/depthai_ros_msgs/include/depthai_ros_msgs/depthai_ros_msgs/msg/detail/auto_focus_ctrl__type_support.hpp
[0.697s] -- Up-to-date symlink: /home/dev_computer/dai_ws/install/depthai_ros_msgs/include/depthai_ros_msgs/depthai_ros_msgs/msg/detail/hand_landmark__builder.hpp
[0.697s] -- Up-to-date symlink: /home/dev_computer/dai_ws/install/depthai_ros_msgs/include/depthai_ros_msgs/depthai_ros_msgs/msg/detail/hand_landmark__struct.hpp
[0.698s] -- Up-to-date symlink: /home/dev_computer/dai_ws/install/depthai_ros_msgs/include/depthai_ros_msgs/depthai_ros_msgs/msg/detail/hand_landmark__traits.hpp
[0.698s] -- Up-to-date symlink: /home/dev_computer/dai_ws/install/depthai_ros_msgs/include/depthai_ros_msgs/depthai_ros_msgs/msg/detail/hand_landmark__type_support.hpp
[0.699s] -- Up-to-date symlink: /home/dev_computer/dai_ws/install/depthai_ros_msgs/include/depthai_ros_msgs/depthai_ros_msgs/msg/detail/hand_landmark_array__builder.hpp
[0.699s] -- Up-to-date symlink: /home/dev_computer/dai_ws/install/depthai_ros_msgs/include/depthai_ros_msgs/depthai_ros_msgs/msg/detail/hand_landmark_array__struct.hpp
[0.699s] -- Up-to-date symlink: /home/dev_computer/dai_ws/install/depthai_ros_msgs/include/depthai_ros_msgs/depthai_ros_msgs/msg/detail/hand_landmark_array__traits.hpp
[0.699s] -- Up-to-date symlink: /home/dev_computer/dai_ws/install/depthai_ros_msgs/include/depthai_ros_msgs/depthai_ros_msgs/msg/detail/hand_landmark_array__type_support.hpp
[0.699s] -- Up-to-date symlink: /home/dev_computer/dai_ws/install/depthai_ros_msgs/include/depthai_ros_msgs/depthai_ros_msgs/msg/detail/imu_with_magnetic_field__builder.hpp
[0.700s] -- Up-to-date symlink: /home/dev_computer/dai_ws/install/depthai_ros_msgs/include/depthai_ros_msgs/depthai_ros_msgs/msg/detail/imu_with_magnetic_field__struct.hpp
[0.700s] -- Up-to-date symlink: /home/dev_computer/dai_ws/install/depthai_ros_msgs/include/depthai_ros_msgs/depthai_ros_msgs/msg/detail/imu_with_magnetic_field__traits.hpp
[0.700s] -- Up-to-date symlink: /home/dev_computer/dai_ws/install/depthai_ros_msgs/include/depthai_ros_msgs/depthai_ros_msgs/msg/detail/imu_with_magnetic_field__type_support.hpp
[0.700s] -- Up-to-date symlink: /home/dev_computer/dai_ws/install/depthai_ros_msgs/include/depthai_ros_msgs/depthai_ros_msgs/msg/detail/spatial_detection__builder.hpp
[0.701s] -- Up-to-date symlink: /home/dev_computer/dai_ws/install/depthai_ros_msgs/include/depthai_ros_msgs/depthai_ros_msgs/msg/detail/spatial_detection__struct.hpp
[0.701s] -- Up-to-date symlink: /home/dev_computer/dai_ws/install/depthai_ros_msgs/include/depthai_ros_msgs/depthai_ros_msgs/msg/detail/spatial_detection__traits.hpp
[0.701s] -- Up-to-date symlink: /home/dev_computer/dai_ws/install/depthai_ros_msgs/include/depthai_ros_msgs/depthai_ros_msgs/msg/detail/spatial_detection__type_support.hpp
[0.701s] -- Up-to-date symlink: /home/dev_computer/dai_ws/install/depthai_ros_msgs/include/depthai_ros_msgs/depthai_ros_msgs/msg/detail/spatial_detection_array__builder.hpp
[0.701s] -- Up-to-date symlink: /home/dev_computer/dai_ws/install/depthai_ros_msgs/include/depthai_ros_msgs/depthai_ros_msgs/msg/detail/spatial_detection_array__struct.hpp
[0.702s] -- Up-to-date symlink: /home/dev_computer/dai_ws/install/depthai_ros_msgs/include/depthai_ros_msgs/depthai_ros_msgs/msg/detail/spatial_detection_array__traits.hpp
[0.702s] -- Up-to-date symlink: /home/dev_computer/dai_ws/install/depthai_ros_msgs/include/depthai_ros_msgs/depthai_ros_msgs/msg/detail/spatial_detection_array__type_support.hpp
[0.702s] -- Up-to-date symlink: /home/dev_computer/dai_ws/install/depthai_ros_msgs/include/depthai_ros_msgs/depthai_ros_msgs/msg/detail/track_detection2_d__builder.hpp
[0.702s] -- Up-to-date symlink: /home/dev_computer/dai_ws/install/depthai_ros_msgs/include/depthai_ros_msgs/depthai_ros_msgs/msg/detail/track_detection2_d__struct.hpp
[0.703s] -- Up-to-date symlink: /home/dev_computer/dai_ws/install/depthai_ros_msgs/include/depthai_ros_msgs/depthai_ros_msgs/msg/detail/track_detection2_d__traits.hpp
[0.704s] -- Up-to-date symlink: /home/dev_computer/dai_ws/install/depthai_ros_msgs/include/depthai_ros_msgs/depthai_ros_msgs/msg/detail/track_detection2_d__type_support.hpp
[0.704s] -- Up-to-date symlink: /home/dev_computer/dai_ws/install/depthai_ros_msgs/include/depthai_ros_msgs/depthai_ros_msgs/msg/detail/track_detection2_d_array__builder.hpp
[0.705s] -- Up-to-date symlink: /home/dev_computer/dai_ws/install/depthai_ros_msgs/include/depthai_ros_msgs/depthai_ros_msgs/msg/detail/track_detection2_d_array__struct.hpp
[0.705s] -- Up-to-date symlink: /home/dev_computer/dai_ws/install/depthai_ros_msgs/include/depthai_ros_msgs/depthai_ros_msgs/msg/detail/track_detection2_d_array__traits.hpp
[0.706s] -- Up-to-date symlink: /home/dev_computer/dai_ws/install/depthai_ros_msgs/include/depthai_ros_msgs/depthai_ros_msgs/msg/detail/track_detection2_d_array__type_support.hpp
[0.706s] -- Up-to-date symlink: /home/dev_computer/dai_ws/install/depthai_ros_msgs/include/depthai_ros_msgs/depthai_ros_msgs/msg/detail/tracked_feature__builder.hpp
[0.706s] -- Up-to-date symlink: /home/dev_computer/dai_ws/install/depthai_ros_msgs/include/depthai_ros_msgs/depthai_ros_msgs/msg/detail/tracked_feature__struct.hpp
[0.707s] -- Up-to-date symlink: /home/dev_computer/dai_ws/install/depthai_ros_msgs/include/depthai_ros_msgs/depthai_ros_msgs/msg/detail/tracked_feature__traits.hpp
[0.707s] -- Up-to-date symlink: /home/dev_computer/dai_ws/install/depthai_ros_msgs/include/depthai_ros_msgs/depthai_ros_msgs/msg/detail/tracked_feature__type_support.hpp
[0.707s] -- Up-to-date symlink: /home/dev_computer/dai_ws/install/depthai_ros_msgs/include/depthai_ros_msgs/depthai_ros_msgs/msg/detail/tracked_features__builder.hpp
[0.707s] -- Up-to-date symlink: /home/dev_computer/dai_ws/install/depthai_ros_msgs/include/depthai_ros_msgs/depthai_ros_msgs/msg/detail/tracked_features__struct.hpp
[0.707s] -- Up-to-date symlink: /home/dev_computer/dai_ws/install/depthai_ros_msgs/include/depthai_ros_msgs/depthai_ros_msgs/msg/detail/tracked_features__traits.hpp
[0.708s] -- Up-to-date symlink: /home/dev_computer/dai_ws/install/depthai_ros_msgs/include/depthai_ros_msgs/depthai_ros_msgs/msg/detail/tracked_features__type_support.hpp
[0.708s] -- Up-to-date symlink: /home/dev_computer/dai_ws/install/depthai_ros_msgs/include/depthai_ros_msgs/depthai_ros_msgs/msg/hand_landmark.hpp
[0.708s] -- Up-to-date symlink: /home/dev_computer/dai_ws/install/depthai_ros_msgs/include/depthai_ros_msgs/depthai_ros_msgs/msg/hand_landmark_array.hpp
[0.708s] -- Up-to-date symlink: /home/dev_computer/dai_ws/install/depthai_ros_msgs/include/depthai_ros_msgs/depthai_ros_msgs/msg/imu_with_magnetic_field.hpp
[0.708s] -- Up-to-date symlink: /home/dev_computer/dai_ws/install/depthai_ros_msgs/include/depthai_ros_msgs/depthai_ros_msgs/msg/rosidl_generator_cpp__visibility_control.hpp
[0.711s] -- Up-to-date symlink: /home/dev_computer/dai_ws/install/depthai_ros_msgs/include/depthai_ros_msgs/depthai_ros_msgs/msg/spatial_detection.hpp
[0.712s] -- Up-to-date symlink: /home/dev_computer/dai_ws/install/depthai_ros_msgs/include/depthai_ros_msgs/depthai_ros_msgs/msg/spatial_detection_array.hpp
[0.712s] -- Up-to-date symlink: /home/dev_computer/dai_ws/install/depthai_ros_msgs/include/depthai_ros_msgs/depthai_ros_msgs/msg/track_detection2_d.hpp
[0.712s] -- Up-to-date symlink: /home/dev_computer/dai_ws/install/depthai_ros_msgs/include/depthai_ros_msgs/depthai_ros_msgs/msg/track_detection2_d_array.hpp
[0.712s] -- Up-to-date symlink: /home/dev_computer/dai_ws/install/depthai_ros_msgs/include/depthai_ros_msgs/depthai_ros_msgs/msg/tracked_feature.hpp
[0.712s] -- Up-to-date symlink: /home/dev_computer/dai_ws/install/depthai_ros_msgs/include/depthai_ros_msgs/depthai_ros_msgs/msg/tracked_features.hpp
[0.713s] -- Up-to-date symlink: /home/dev_computer/dai_ws/install/depthai_ros_msgs/include/depthai_ros_msgs/depthai_ros_msgs/srv/detail/normalized_image_crop__builder.hpp
[0.713s] -- Up-to-date symlink: /home/dev_computer/dai_ws/install/depthai_ros_msgs/include/depthai_ros_msgs/depthai_ros_msgs/srv/detail/normalized_image_crop__struct.hpp
[0.713s] -- Up-to-date symlink: /home/dev_computer/dai_ws/install/depthai_ros_msgs/include/depthai_ros_msgs/depthai_ros_msgs/srv/detail/normalized_image_crop__traits.hpp
[0.713s] -- Up-to-date symlink: /home/dev_computer/dai_ws/install/depthai_ros_msgs/include/depthai_ros_msgs/depthai_ros_msgs/srv/detail/normalized_image_crop__type_support.hpp
[0.713s] -- Up-to-date symlink: /home/dev_computer/dai_ws/install/depthai_ros_msgs/include/depthai_ros_msgs/depthai_ros_msgs/srv/detail/trigger_named__builder.hpp
[0.715s] -- Up-to-date symlink: /home/dev_computer/dai_ws/install/depthai_ros_msgs/include/depthai_ros_msgs/depthai_ros_msgs/srv/detail/trigger_named__struct.hpp
[0.715s] -- Up-to-date symlink: /home/dev_computer/dai_ws/install/depthai_ros_msgs/include/depthai_ros_msgs/depthai_ros_msgs/srv/detail/trigger_named__traits.hpp
[0.715s] -- Up-to-date symlink: /home/dev_computer/dai_ws/install/depthai_ros_msgs/include/depthai_ros_msgs/depthai_ros_msgs/srv/detail/trigger_named__type_support.hpp
[0.715s] -- Up-to-date symlink: /home/dev_computer/dai_ws/install/depthai_ros_msgs/include/depthai_ros_msgs/depthai_ros_msgs/srv/normalized_image_crop.hpp
[0.715s] -- Up-to-date symlink: /home/dev_computer/dai_ws/install/depthai_ros_msgs/include/depthai_ros_msgs/depthai_ros_msgs/srv/trigger_named.hpp
[0.715s] -- Up-to-date symlink: /home/dev_computer/dai_ws/install/depthai_ros_msgs/include/depthai_ros_msgs/depthai_ros_msgs/msg/detail/auto_focus_ctrl__rosidl_typesupport_fastrtps_cpp.hpp
[0.716s] -- Up-to-date symlink: /home/dev_computer/dai_ws/install/depthai_ros_msgs/include/depthai_ros_msgs/depthai_ros_msgs/msg/detail/hand_landmark__rosidl_typesupport_fastrtps_cpp.hpp
[0.716s] -- Up-to-date symlink: /home/dev_computer/dai_ws/install/depthai_ros_msgs/include/depthai_ros_msgs/depthai_ros_msgs/msg/detail/hand_landmark_array__rosidl_typesupport_fastrtps_cpp.hpp
[0.716s] -- Up-to-date symlink: /home/dev_computer/dai_ws/install/depthai_ros_msgs/include/depthai_ros_msgs/depthai_ros_msgs/msg/detail/imu_with_magnetic_field__rosidl_typesupport_fastrtps_cpp.hpp
[0.716s] -- Up-to-date symlink: /home/dev_computer/dai_ws/install/depthai_ros_msgs/include/depthai_ros_msgs/depthai_ros_msgs/msg/detail/spatial_detection__rosidl_typesupport_fastrtps_cpp.hpp
[0.716s] -- Up-to-date symlink: /home/dev_computer/dai_ws/install/depthai_ros_msgs/include/depthai_ros_msgs/depthai_ros_msgs/msg/detail/spatial_detection_array__rosidl_typesupport_fastrtps_cpp.hpp
[0.716s] -- Up-to-date symlink: /home/dev_computer/dai_ws/install/depthai_ros_msgs/include/depthai_ros_msgs/depthai_ros_msgs/msg/detail/track_detection2_d__rosidl_typesupport_fastrtps_cpp.hpp
[0.716s] -- Up-to-date symlink: /home/dev_computer/dai_ws/install/depthai_ros_msgs/include/depthai_ros_msgs/depthai_ros_msgs/msg/detail/track_detection2_d_array__rosidl_typesupport_fastrtps_cpp.hpp
[0.717s] -- Up-to-date symlink: /home/dev_computer/dai_ws/install/depthai_ros_msgs/include/depthai_ros_msgs/depthai_ros_msgs/msg/detail/tracked_feature__rosidl_typesupport_fastrtps_cpp.hpp
[0.717s] -- Up-to-date symlink: /home/dev_computer/dai_ws/install/depthai_ros_msgs/include/depthai_ros_msgs/depthai_ros_msgs/msg/detail/tracked_features__rosidl_typesupport_fastrtps_cpp.hpp
[0.717s] -- Up-to-date symlink: /home/dev_computer/dai_ws/install/depthai_ros_msgs/include/depthai_ros_msgs/depthai_ros_msgs/msg/rosidl_typesupport_fastrtps_cpp__visibility_control.h
[0.717s] -- Up-to-date symlink: /home/dev_computer/dai_ws/install/depthai_ros_msgs/include/depthai_ros_msgs/depthai_ros_msgs/srv/detail/normalized_image_crop__rosidl_typesupport_fastrtps_cpp.hpp
[0.717s] -- Up-to-date symlink: /home/dev_computer/dai_ws/install/depthai_ros_msgs/include/depthai_ros_msgs/depthai_ros_msgs/srv/detail/trigger_named__rosidl_typesupport_fastrtps_cpp.hpp
[0.718s] -- Up-to-date symlink: /home/dev_computer/dai_ws/install/depthai_ros_msgs/include/depthai_ros_msgs/depthai_ros_msgs/msg/detail/auto_focus_ctrl__rosidl_typesupport_introspection_c.h
[0.718s] -- Up-to-date symlink: /home/dev_computer/dai_ws/install/depthai_ros_msgs/include/depthai_ros_msgs/depthai_ros_msgs/msg/detail/hand_landmark__rosidl_typesupport_introspection_c.h
[0.718s] -- Up-to-date symlink: /home/dev_computer/dai_ws/install/depthai_ros_msgs/include/depthai_ros_msgs/depthai_ros_msgs/msg/detail/hand_landmark_array__rosidl_typesupport_introspection_c.h
[0.719s] -- Up-to-date symlink: /home/dev_computer/dai_ws/install/depthai_ros_msgs/include/depthai_ros_msgs/depthai_ros_msgs/msg/detail/imu_with_magnetic_field__rosidl_typesupport_introspection_c.h
[0.720s] -- Up-to-date symlink: /home/dev_computer/dai_ws/install/depthai_ros_msgs/include/depthai_ros_msgs/depthai_ros_msgs/msg/detail/spatial_detection__rosidl_typesupport_introspection_c.h
[0.721s] -- Up-to-date symlink: /home/dev_computer/dai_ws/install/depthai_ros_msgs/include/depthai_ros_msgs/depthai_ros_msgs/msg/detail/spatial_detection_array__rosidl_typesupport_introspection_c.h
[0.721s] -- Up-to-date symlink: /home/dev_computer/dai_ws/install/depthai_ros_msgs/include/depthai_ros_msgs/depthai_ros_msgs/msg/detail/track_detection2_d__rosidl_typesupport_introspection_c.h
[0.721s] -- Up-to-date symlink: /home/dev_computer/dai_ws/install/depthai_ros_msgs/include/depthai_ros_msgs/depthai_ros_msgs/msg/detail/track_detection2_d_array__rosidl_typesupport_introspection_c.h
[0.721s] -- Up-to-date symlink: /home/dev_computer/dai_ws/install/depthai_ros_msgs/include/depthai_ros_msgs/depthai_ros_msgs/msg/detail/tracked_feature__rosidl_typesupport_introspection_c.h
[0.721s] -- Up-to-date symlink: /home/dev_computer/dai_ws/install/depthai_ros_msgs/include/depthai_ros_msgs/depthai_ros_msgs/msg/detail/tracked_features__rosidl_typesupport_introspection_c.h
[0.721s] -- Up-to-date symlink: /home/dev_computer/dai_ws/install/depthai_ros_msgs/include/depthai_ros_msgs/depthai_ros_msgs/msg/rosidl_typesupport_introspection_c__visibility_control.h
[0.722s] -- Up-to-date symlink: /home/dev_computer/dai_ws/install/depthai_ros_msgs/include/depthai_ros_msgs/depthai_ros_msgs/srv/detail/normalized_image_crop__rosidl_typesupport_introspection_c.h
[0.722s] -- Up-to-date symlink: /home/dev_computer/dai_ws/install/depthai_ros_msgs/include/depthai_ros_msgs/depthai_ros_msgs/srv/detail/trigger_named__rosidl_typesupport_introspection_c.h
[0.722s] -- Up-to-date symlink: /home/dev_computer/dai_ws/install/depthai_ros_msgs/include/depthai_ros_msgs/depthai_ros_msgs/msg/detail/auto_focus_ctrl__rosidl_typesupport_introspection_cpp.hpp
[0.722s] -- Up-to-date symlink: /home/dev_computer/dai_ws/install/depthai_ros_msgs/include/depthai_ros_msgs/depthai_ros_msgs/msg/detail/hand_landmark__rosidl_typesupport_introspection_cpp.hpp
[0.723s] -- Up-to-date symlink: /home/dev_computer/dai_ws/install/depthai_ros_msgs/include/depthai_ros_msgs/depthai_ros_msgs/msg/detail/hand_landmark_array__rosidl_typesupport_introspection_cpp.hpp
[0.723s] -- Up-to-date symlink: /home/dev_computer/dai_ws/install/depthai_ros_msgs/include/depthai_ros_msgs/depthai_ros_msgs/msg/detail/imu_with_magnetic_field__rosidl_typesupport_introspection_cpp.hpp
[0.723s] -- Up-to-date symlink: /home/dev_computer/dai_ws/install/depthai_ros_msgs/include/depthai_ros_msgs/depthai_ros_msgs/msg/detail/spatial_detection__rosidl_typesupport_introspection_cpp.hpp
[0.723s] -- Up-to-date symlink: /home/dev_computer/dai_ws/install/depthai_ros_msgs/include/depthai_ros_msgs/depthai_ros_msgs/msg/detail/spatial_detection_array__rosidl_typesupport_introspection_cpp.hpp
[0.724s] -- Up-to-date symlink: /home/dev_computer/dai_ws/install/depthai_ros_msgs/include/depthai_ros_msgs/depthai_ros_msgs/msg/detail/track_detection2_d__rosidl_typesupport_introspection_cpp.hpp
[0.724s] -- Up-to-date symlink: /home/dev_computer/dai_ws/install/depthai_ros_msgs/include/depthai_ros_msgs/depthai_ros_msgs/msg/detail/track_detection2_d_array__rosidl_typesupport_introspection_cpp.hpp
[0.725s] -- Up-to-date symlink: /home/dev_computer/dai_ws/install/depthai_ros_msgs/include/depthai_ros_msgs/depthai_ros_msgs/msg/detail/tracked_feature__rosidl_typesupport_introspection_cpp.hpp
[0.725s] -- Up-to-date symlink: /home/dev_computer/dai_ws/install/depthai_ros_msgs/include/depthai_ros_msgs/depthai_ros_msgs/msg/detail/tracked_features__rosidl_typesupport_introspection_cpp.hpp
[0.725s] -- Up-to-date symlink: /home/dev_computer/dai_ws/install/depthai_ros_msgs/include/depthai_ros_msgs/depthai_ros_msgs/srv/detail/normalized_image_crop__rosidl_typesupport_introspection_cpp.hpp
[0.725s] -- Up-to-date symlink: /home/dev_computer/dai_ws/install/depthai_ros_msgs/include/depthai_ros_msgs/depthai_ros_msgs/srv/detail/trigger_named__rosidl_typesupport_introspection_cpp.hpp
[0.725s] -- Up-to-date symlink: /home/dev_computer/dai_ws/install/depthai_ros_msgs/share/depthai_ros_msgs/environment/pythonpath.sh
[0.725s] -- Up-to-date symlink: /home/dev_computer/dai_ws/install/depthai_ros_msgs/share/depthai_ros_msgs/environment/pythonpath.dsv
[0.726s] -- Up-to-date symlink: /home/dev_computer/dai_ws/install/depthai_ros_msgs/lib/python3.12/site-packages/depthai_ros_msgs-2.11.2-py3.12.egg-info/PKG-INFO
[0.726s] -- Up-to-date symlink: /home/dev_computer/dai_ws/install/depthai_ros_msgs/lib/python3.12/site-packages/depthai_ros_msgs-2.11.2-py3.12.egg-info/SOURCES.txt
[0.726s] -- Up-to-date symlink: /home/dev_computer/dai_ws/install/depthai_ros_msgs/lib/python3.12/site-packages/depthai_ros_msgs-2.11.2-py3.12.egg-info/dependency_links.txt
[0.727s] -- Up-to-date symlink: /home/dev_computer/dai_ws/install/depthai_ros_msgs/lib/python3.12/site-packages/depthai_ros_msgs-2.11.2-py3.12.egg-info/top_level.txt
[0.727s] -- Up-to-date symlink: /home/dev_computer/dai_ws/install/depthai_ros_msgs/lib/python3.12/site-packages/depthai_ros_msgs/__init__.py
[0.727s] -- Up-to-date symlink: /home/dev_computer/dai_ws/install/depthai_ros_msgs/lib/python3.12/site-packages/depthai_ros_msgs/_depthai_ros_msgs_s.ep.rosidl_typesupport_c.c
[0.727s] -- Up-to-date symlink: /home/dev_computer/dai_ws/install/depthai_ros_msgs/lib/python3.12/site-packages/depthai_ros_msgs/_depthai_ros_msgs_s.ep.rosidl_typesupport_fastrtps_c.c
[0.727s] -- Up-to-date symlink: /home/dev_computer/dai_ws/install/depthai_ros_msgs/lib/python3.12/site-packages/depthai_ros_msgs/_depthai_ros_msgs_s.ep.rosidl_typesupport_introspection_c.c
[0.728s] -- Up-to-date symlink: /home/dev_computer/dai_ws/install/depthai_ros_msgs/lib/python3.12/site-packages/depthai_ros_msgs/depthai_ros_msgs_s__rosidl_typesupport_c.so
[0.728s] -- Up-to-date symlink: /home/dev_computer/dai_ws/install/depthai_ros_msgs/lib/python3.12/site-packages/depthai_ros_msgs/depthai_ros_msgs_s__rosidl_typesupport_fastrtps_c.so
[0.728s] -- Up-to-date symlink: /home/dev_computer/dai_ws/install/depthai_ros_msgs/lib/python3.12/site-packages/depthai_ros_msgs/depthai_ros_msgs_s__rosidl_typesupport_introspection_c.so
[0.729s] -- Up-to-date symlink: /home/dev_computer/dai_ws/install/depthai_ros_msgs/lib/python3.12/site-packages/depthai_ros_msgs/msg/__init__.py
[0.729s] -- Up-to-date symlink: /home/dev_computer/dai_ws/install/depthai_ros_msgs/lib/python3.12/site-packages/depthai_ros_msgs/msg/_auto_focus_ctrl.py
[0.729s] -- Up-to-date symlink: /home/dev_computer/dai_ws/install/depthai_ros_msgs/lib/python3.12/site-packages/depthai_ros_msgs/msg/_auto_focus_ctrl_s.c
[0.729s] -- Up-to-date symlink: /home/dev_computer/dai_ws/install/depthai_ros_msgs/lib/python3.12/site-packages/depthai_ros_msgs/msg/_hand_landmark.py
[0.729s] -- Up-to-date symlink: /home/dev_computer/dai_ws/install/depthai_ros_msgs/lib/python3.12/site-packages/depthai_ros_msgs/msg/_hand_landmark_array.py
[0.730s] -- Up-to-date symlink: /home/dev_computer/dai_ws/install/depthai_ros_msgs/lib/python3.12/site-packages/depthai_ros_msgs/msg/_hand_landmark_array_s.c
[0.730s] -- Up-to-date symlink: /home/dev_computer/dai_ws/install/depthai_ros_msgs/lib/python3.12/site-packages/depthai_ros_msgs/msg/_hand_landmark_s.c
[0.731s] -- Up-to-date symlink: /home/dev_computer/dai_ws/install/depthai_ros_msgs/lib/python3.12/site-packages/depthai_ros_msgs/msg/_imu_with_magnetic_field.py
[0.731s] -- Up-to-date symlink: /home/dev_computer/dai_ws/install/depthai_ros_msgs/lib/python3.12/site-packages/depthai_ros_msgs/msg/_imu_with_magnetic_field_s.c
[0.731s] -- Up-to-date symlink: /home/dev_computer/dai_ws/install/depthai_ros_msgs/lib/python3.12/site-packages/depthai_ros_msgs/msg/_spatial_detection.py
[0.731s] -- Up-to-date symlink: /home/dev_computer/dai_ws/install/depthai_ros_msgs/lib/python3.12/site-packages/depthai_ros_msgs/msg/_spatial_detection_array.py
[0.731s] -- Up-to-date symlink: /home/dev_computer/dai_ws/install/depthai_ros_msgs/lib/python3.12/site-packages/depthai_ros_msgs/msg/_spatial_detection_array_s.c
[0.731s] -- Up-to-date symlink: /home/dev_computer/dai_ws/install/depthai_ros_msgs/lib/python3.12/site-packages/depthai_ros_msgs/msg/_spatial_detection_s.c
[0.732s] -- Up-to-date symlink: /home/dev_computer/dai_ws/install/depthai_ros_msgs/lib/python3.12/site-packages/depthai_ros_msgs/msg/_track_detection2_d.py
[0.732s] -- Up-to-date symlink: /home/dev_computer/dai_ws/install/depthai_ros_msgs/lib/python3.12/site-packages/depthai_ros_msgs/msg/_track_detection2_d_array.py
[0.732s] -- Up-to-date symlink: /home/dev_computer/dai_ws/install/depthai_ros_msgs/lib/python3.12/site-packages/depthai_ros_msgs/msg/_track_detection2_d_array_s.c
[0.732s] -- Up-to-date symlink: /home/dev_computer/dai_ws/install/depthai_ros_msgs/lib/python3.12/site-packages/depthai_ros_msgs/msg/_track_detection2_d_s.c
[0.732s] -- Up-to-date symlink: /home/dev_computer/dai_ws/install/depthai_ros_msgs/lib/python3.12/site-packages/depthai_ros_msgs/msg/_tracked_feature.py
[0.732s] -- Up-to-date symlink: /home/dev_computer/dai_ws/install/depthai_ros_msgs/lib/python3.12/site-packages/depthai_ros_msgs/msg/_tracked_feature_s.c
[0.733s] -- Up-to-date symlink: /home/dev_computer/dai_ws/install/depthai_ros_msgs/lib/python3.12/site-packages/depthai_ros_msgs/msg/_tracked_features.py
[0.733s] -- Up-to-date symlink: /home/dev_computer/dai_ws/install/depthai_ros_msgs/lib/python3.12/site-packages/depthai_ros_msgs/msg/_tracked_features_s.c
[0.733s] -- Up-to-date symlink: /home/dev_computer/dai_ws/install/depthai_ros_msgs/lib/python3.12/site-packages/depthai_ros_msgs/srv/__init__.py
[0.733s] -- Up-to-date symlink: /home/dev_computer/dai_ws/install/depthai_ros_msgs/lib/python3.12/site-packages/depthai_ros_msgs/srv/_normalized_image_crop.py
[0.733s] -- Up-to-date symlink: /home/dev_computer/dai_ws/install/depthai_ros_msgs/lib/python3.12/site-packages/depthai_ros_msgs/srv/_normalized_image_crop_s.c
[0.733s] -- Up-to-date symlink: /home/dev_computer/dai_ws/install/depthai_ros_msgs/lib/python3.12/site-packages/depthai_ros_msgs/srv/_trigger_named.py
[0.733s] -- Up-to-date symlink: /home/dev_computer/dai_ws/install/depthai_ros_msgs/lib/python3.12/site-packages/depthai_ros_msgs/srv/_trigger_named_s.c
[0.734s] -- Up-to-date symlink: /home/dev_computer/dai_ws/install/depthai_ros_msgs/lib/python3.12/site-packages/depthai_ros_msgs/depthai_ros_msgs_s__rosidl_typesupport_fastrtps_c.so
[0.734s] -- Up-to-date symlink: /home/dev_computer/dai_ws/install/depthai_ros_msgs/lib/python3.12/site-packages/depthai_ros_msgs/depthai_ros_msgs_s__rosidl_typesupport_introspection_c.so
[0.734s] -- Up-to-date symlink: /home/dev_computer/dai_ws/install/depthai_ros_msgs/lib/python3.12/site-packages/depthai_ros_msgs/depthai_ros_msgs_s__rosidl_typesupport_c.so
[0.734s] -- Up-to-date symlink: /home/dev_computer/dai_ws/install/depthai_ros_msgs/share/depthai_ros_msgs/msg/AutoFocusCtrl.idl
[0.735s] -- Up-to-date symlink: /home/dev_computer/dai_ws/install/depthai_ros_msgs/share/depthai_ros_msgs/msg/HandLandmark.idl
[0.735s] -- Up-to-date symlink: /home/dev_computer/dai_ws/install/depthai_ros_msgs/share/depthai_ros_msgs/msg/HandLandmarkArray.idl
[0.735s] -- Up-to-date symlink: /home/dev_computer/dai_ws/install/depthai_ros_msgs/share/depthai_ros_msgs/msg/ImuWithMagneticField.idl
[0.735s] -- Up-to-date symlink: /home/dev_computer/dai_ws/install/depthai_ros_msgs/share/depthai_ros_msgs/msg/TrackedFeature.idl
[0.735s] -- Up-to-date symlink: /home/dev_computer/dai_ws/install/depthai_ros_msgs/share/depthai_ros_msgs/msg/TrackedFeatures.idl
[0.736s] -- Up-to-date symlink: /home/dev_computer/dai_ws/install/depthai_ros_msgs/share/depthai_ros_msgs/msg/SpatialDetection.idl
[0.736s] -- Up-to-date symlink: /home/dev_computer/dai_ws/install/depthai_ros_msgs/share/depthai_ros_msgs/msg/SpatialDetectionArray.idl
[0.736s] -- Up-to-date symlink: /home/dev_computer/dai_ws/install/depthai_ros_msgs/share/depthai_ros_msgs/msg/TrackDetection2D.idl
[0.736s] -- Up-to-date symlink: /home/dev_computer/dai_ws/install/depthai_ros_msgs/share/depthai_ros_msgs/msg/TrackDetection2DArray.idl
[0.736s] -- Up-to-date symlink: /home/dev_computer/dai_ws/install/depthai_ros_msgs/share/depthai_ros_msgs/srv/TriggerNamed.idl
[0.737s] -- Up-to-date symlink: /home/dev_computer/dai_ws/install/depthai_ros_msgs/share/depthai_ros_msgs/srv/NormalizedImageCrop.idl
[0.737s] -- Up-to-date symlink: /home/dev_computer/dai_ws/install/depthai_ros_msgs/share/depthai_ros_msgs/msg/AutoFocusCtrl.msg
[0.738s] -- Up-to-date symlink: /home/dev_computer/dai_ws/install/depthai_ros_msgs/share/depthai_ros_msgs/msg/HandLandmark.msg
[0.738s] -- Up-to-date symlink: /home/dev_computer/dai_ws/install/depthai_ros_msgs/share/depthai_ros_msgs/msg/HandLandmarkArray.msg
[0.738s] -- Up-to-date symlink: /home/dev_computer/dai_ws/install/depthai_ros_msgs/share/depthai_ros_msgs/msg/ImuWithMagneticField.msg
[0.738s] -- Up-to-date symlink: /home/dev_computer/dai_ws/install/depthai_ros_msgs/share/depthai_ros_msgs/msg/TrackedFeature.msg
[0.738s] -- Up-to-date symlink: /home/dev_computer/dai_ws/install/depthai_ros_msgs/share/depthai_ros_msgs/msg/TrackedFeatures.msg
[0.739s] -- Up-to-date symlink: /home/dev_computer/dai_ws/install/depthai_ros_msgs/share/depthai_ros_msgs/msg/SpatialDetection.msg
[0.740s] -- Up-to-date symlink: /home/dev_computer/dai_ws/install/depthai_ros_msgs/share/depthai_ros_msgs/msg/SpatialDetectionArray.msg
[0.740s] -- Up-to-date symlink: /home/dev_computer/dai_ws/install/depthai_ros_msgs/share/depthai_ros_msgs/msg/TrackDetection2D.msg
[0.740s] -- Up-to-date symlink: /home/dev_computer/dai_ws/install/depthai_ros_msgs/share/depthai_ros_msgs/msg/TrackDetection2DArray.msg
[0.741s] -- Up-to-date symlink: /home/dev_computer/dai_ws/install/depthai_ros_msgs/share/depthai_ros_msgs/srv/TriggerNamed.srv
[0.741s] -- Up-to-date symlink: /home/dev_computer/dai_ws/install/depthai_ros_msgs/share/depthai_ros_msgs/srv/NormalizedImageCrop.srv
[0.742s] -- Up-to-date symlink: /home/dev_computer/dai_ws/install/depthai_ros_msgs/share/ament_index/resource_index/package_run_dependencies/depthai_ros_msgs
[0.742s] -- Up-to-date symlink: /home/dev_computer/dai_ws/install/depthai_ros_msgs/share/ament_index/resource_index/parent_prefix_path/depthai_ros_msgs
[0.742s] -- Up-to-date symlink: /home/dev_computer/dai_ws/install/depthai_ros_msgs/share/depthai_ros_msgs/environment/ament_prefix_path.sh
[0.742s] -- Up-to-date symlink: /home/dev_computer/dai_ws/install/depthai_ros_msgs/share/depthai_ros_msgs/environment/ament_prefix_path.dsv
[0.742s] -- Up-to-date symlink: /home/dev_computer/dai_ws/install/depthai_ros_msgs/share/depthai_ros_msgs/environment/path.sh
[0.743s] -- Up-to-date symlink: /home/dev_computer/dai_ws/install/depthai_ros_msgs/share/depthai_ros_msgs/environment/path.dsv
[0.743s] -- Up-to-date symlink: /home/dev_computer/dai_ws/install/depthai_ros_msgs/share/depthai_ros_msgs/local_setup.bash
[0.743s] -- Up-to-date symlink: /home/dev_computer/dai_ws/install/depthai_ros_msgs/share/depthai_ros_msgs/local_setup.sh
[0.743s] -- Up-to-date symlink: /home/dev_computer/dai_ws/install/depthai_ros_msgs/share/depthai_ros_msgs/local_setup.zsh
[0.744s] -- Up-to-date symlink: /home/dev_computer/dai_ws/install/depthai_ros_msgs/share/depthai_ros_msgs/local_setup.dsv
[0.744s] -- Symlinking: /home/dev_computer/dai_ws/install/depthai_ros_msgs/share/depthai_ros_msgs/package.dsv
[0.744s] -- Up-to-date symlink: /home/dev_computer/dai_ws/install/depthai_ros_msgs/share/ament_index/resource_index/packages/depthai_ros_msgs
[0.744s] -- Up-to-date symlink: /home/dev_computer/dai_ws/install/depthai_ros_msgs/share/depthai_ros_msgs/cmake/rosidl_cmake-extras.cmake
[0.744s] -- Up-to-date symlink: /home/dev_computer/dai_ws/install/depthai_ros_msgs/share/depthai_ros_msgs/cmake/ament_cmake_export_dependencies-extras.cmake
[0.745s] -- Up-to-date symlink: /home/dev_computer/dai_ws/install/depthai_ros_msgs/share/depthai_ros_msgs/cmake/ament_cmake_export_include_directories-extras.cmake
[0.745s] -- Up-to-date symlink: /home/dev_computer/dai_ws/install/depthai_ros_msgs/share/depthai_ros_msgs/cmake/ament_cmake_export_libraries-extras.cmake
[0.745s] -- Up-to-date symlink: /home/dev_computer/dai_ws/install/depthai_ros_msgs/share/depthai_ros_msgs/cmake/ament_cmake_export_targets-extras.cmake
[0.745s] -- Up-to-date symlink: /home/dev_computer/dai_ws/install/depthai_ros_msgs/share/depthai_ros_msgs/cmake/rosidl_cmake_export_typesupport_targets-extras.cmake
[0.745s] -- Up-to-date symlink: /home/dev_computer/dai_ws/install/depthai_ros_msgs/share/depthai_ros_msgs/cmake/rosidl_cmake_export_typesupport_libraries-extras.cmake
[0.745s] -- Up-to-date symlink: /home/dev_computer/dai_ws/install/depthai_ros_msgs/share/depthai_ros_msgs/cmake/depthai_ros_msgsConfig.cmake
[0.747s] -- Up-to-date symlink: /home/dev_computer/dai_ws/install/depthai_ros_msgs/share/depthai_ros_msgs/cmake/depthai_ros_msgsConfig-version.cmake
[0.747s] -- Up-to-date symlink: /home/dev_computer/dai_ws/install/depthai_ros_msgs/share/depthai_ros_msgs/package.xml
[0.747s] -- Up-to-date: /home/dev_computer/dai_ws/install/depthai_ros_msgs/lib/libdepthai_ros_msgs__rosidl_generator_c.so
[0.747s] -- Up-to-date: /home/dev_computer/dai_ws/install/depthai_ros_msgs/lib/libdepthai_ros_msgs__rosidl_typesupport_fastrtps_c.so
[0.748s] -- Up-to-date: /home/dev_computer/dai_ws/install/depthai_ros_msgs/lib/libdepthai_ros_msgs__rosidl_typesupport_fastrtps_cpp.so
[0.748s] -- Up-to-date: /home/dev_computer/dai_ws/install/depthai_ros_msgs/lib/libdepthai_ros_msgs__rosidl_typesupport_introspection_c.so
[0.748s] -- Up-to-date: /home/dev_computer/dai_ws/install/depthai_ros_msgs/lib/libdepthai_ros_msgs__rosidl_typesupport_c.so
[0.749s] -- Up-to-date: /home/dev_computer/dai_ws/install/depthai_ros_msgs/lib/libdepthai_ros_msgs__rosidl_typesupport_introspection_cpp.so
[0.749s] -- Up-to-date: /home/dev_computer/dai_ws/install/depthai_ros_msgs/lib/libdepthai_ros_msgs__rosidl_typesupport_cpp.so
[0.794s] Listing '/home/dev_computer/dai_ws/install/depthai_ros_msgs/lib/python3.12/site-packages/depthai_ros_msgs'...
[0.794s] Listing '/home/dev_computer/dai_ws/install/depthai_ros_msgs/lib/python3.12/site-packages/depthai_ros_msgs/msg'...
[0.794s] Listing '/home/dev_computer/dai_ws/install/depthai_ros_msgs/lib/python3.12/site-packages/depthai_ros_msgs/srv'...
[0.805s] -- Up-to-date: /home/dev_computer/dai_ws/install/depthai_ros_msgs/lib/libdepthai_ros_msgs__rosidl_generator_py.so
[0.805s] -- Up-to-date: /home/dev_computer/dai_ws/install/depthai_ros_msgs/share/depthai_ros_msgs/cmake/export_depthai_ros_msgs__rosidl_generator_cExport.cmake
[0.805s] -- Up-to-date: /home/dev_computer/dai_ws/install/depthai_ros_msgs/share/depthai_ros_msgs/cmake/export_depthai_ros_msgs__rosidl_generator_cExport-noconfig.cmake
[0.805s] -- Up-to-date: /home/dev_computer/dai_ws/install/depthai_ros_msgs/share/depthai_ros_msgs/cmake/export_depthai_ros_msgs__rosidl_typesupport_fastrtps_cExport.cmake
[0.805s] -- Up-to-date: /home/dev_computer/dai_ws/install/depthai_ros_msgs/share/depthai_ros_msgs/cmake/export_depthai_ros_msgs__rosidl_typesupport_fastrtps_cExport-noconfig.cmake
[0.805s] -- Up-to-date: /home/dev_computer/dai_ws/install/depthai_ros_msgs/share/depthai_ros_msgs/cmake/export_depthai_ros_msgs__rosidl_generator_cppExport.cmake
[0.806s] -- Up-to-date: /home/dev_computer/dai_ws/install/depthai_ros_msgs/share/depthai_ros_msgs/cmake/export_depthai_ros_msgs__rosidl_typesupport_fastrtps_cppExport.cmake
[0.806s] -- Up-to-date: /home/dev_computer/dai_ws/install/depthai_ros_msgs/share/depthai_ros_msgs/cmake/export_depthai_ros_msgs__rosidl_typesupport_fastrtps_cppExport-noconfig.cmake
[0.806s] -- Up-to-date: /home/dev_computer/dai_ws/install/depthai_ros_msgs/share/depthai_ros_msgs/cmake/depthai_ros_msgs__rosidl_typesupport_introspection_cExport.cmake
[0.806s] -- Up-to-date: /home/dev_computer/dai_ws/install/depthai_ros_msgs/share/depthai_ros_msgs/cmake/depthai_ros_msgs__rosidl_typesupport_introspection_cExport-noconfig.cmake
[0.806s] -- Up-to-date: /home/dev_computer/dai_ws/install/depthai_ros_msgs/share/depthai_ros_msgs/cmake/depthai_ros_msgs__rosidl_typesupport_cExport.cmake
[0.806s] -- Up-to-date: /home/dev_computer/dai_ws/install/depthai_ros_msgs/share/depthai_ros_msgs/cmake/depthai_ros_msgs__rosidl_typesupport_cExport-noconfig.cmake
[0.808s] -- Up-to-date: /home/dev_computer/dai_ws/install/depthai_ros_msgs/share/depthai_ros_msgs/cmake/depthai_ros_msgs__rosidl_typesupport_introspection_cppExport.cmake
[0.809s] -- Up-to-date: /home/dev_computer/dai_ws/install/depthai_ros_msgs/share/depthai_ros_msgs/cmake/depthai_ros_msgs__rosidl_typesupport_introspection_cppExport-noconfig.cmake
[0.809s] -- Up-to-date: /home/dev_computer/dai_ws/install/depthai_ros_msgs/share/depthai_ros_msgs/cmake/depthai_ros_msgs__rosidl_typesupport_cppExport.cmake
[0.809s] -- Up-to-date: /home/dev_computer/dai_ws/install/depthai_ros_msgs/share/depthai_ros_msgs/cmake/depthai_ros_msgs__rosidl_typesupport_cppExport-noconfig.cmake
[0.810s] -- Up-to-date: /home/dev_computer/dai_ws/install/depthai_ros_msgs/share/depthai_ros_msgs/cmake/export_depthai_ros_msgs__rosidl_generator_pyExport.cmake
[0.810s] -- Up-to-date: /home/dev_computer/dai_ws/install/depthai_ros_msgs/share/depthai_ros_msgs/cmake/export_depthai_ros_msgs__rosidl_generator_pyExport-noconfig.cmake
[0.810s] Invoked command in '/home/dev_computer/dai_ws/build/depthai_ros_msgs' returned '0': CMAKE_PREFIX_PATH=${CMAKE_PREFIX_PATH}:/home/dev_computer/dai_ws/install/spatial_detector:/home/dev_computer/dai_ws/install/detector_subscriber:/home/dev_computer/dai_ws/install/detector:/opt/ros/jazzy DEBUGINFOD_URLS=https://debuginfod.ubuntu.com /usr/bin/cmake --install /home/dev_computer/dai_ws/build/depthai_ros_msgs
