[3.657s] Invoking command in '/home/dev_computer/dai_ws/src/detector': DEBUGINFOD_URLS=https://debuginfod.ubuntu.com PYTHONPATH=/home/dev_computer/dai_ws/build/detector/prefix_override:/usr/lib/python3/dist-packages/colcon_core/task/python/colcon_distutils_commands:/home/dev_computer/dai_ws/install/detector/lib/python3.12/site-packages:${PYTHONPATH} /usr/bin/python3 -W ignore:setup.py install is deprecated -W ignore:easy_install command is deprecated setup.py egg_info --egg-base ../../build/detector build --build-base /home/dev_computer/dai_ws/build/detector/build install --record /home/dev_computer/dai_ws/build/detector/install.log --single-version-externally-managed install_data
[4.594s] running egg_info
[4.658s] writing ../../build/detector/detector.egg-info/PKG-INFO
[4.658s] writing dependency_links to ../../build/detector/detector.egg-info/dependency_links.txt
[4.658s] writing entry points to ../../build/detector/detector.egg-info/entry_points.txt
[4.660s] writing requirements to ../../build/detector/detector.egg-info/requires.txt
[4.661s] writing top-level names to ../../build/detector/detector.egg-info/top_level.txt
[4.795s] reading manifest file '../../build/detector/detector.egg-info/SOURCES.txt'
[4.798s] writing manifest file '../../build/detector/detector.egg-info/SOURCES.txt'
[4.800s] running build
[4.802s] running build_py
[4.805s] running install
[4.825s] running install_lib
[4.902s] running install_data
[4.902s] running install_egg_info
[4.978s] removing '/home/dev_computer/dai_ws/install/detector/lib/python3.12/site-packages/detector-0.0.0-py3.12.egg-info' (and everything under it)
[4.979s] Copying ../../build/detector/detector.egg-info to /home/dev_computer/dai_ws/install/detector/lib/python3.12/site-packages/detector-0.0.0-py3.12.egg-info
[4.982s] running install_scripts
[5.561s] Installing aruco_detector_node script to /home/dev_computer/dai_ws/install/detector/lib/detector
[5.562s] Installing spatial_tracker_node script to /home/dev_computer/dai_ws/install/detector/lib/detector
[5.563s] writing list of installed files to '/home/dev_computer/dai_ws/build/detector/install.log'
[5.687s] Invoked command in '/home/dev_computer/dai_ws/src/detector' returned '0': DEBUGINFOD_URLS=https://debuginfod.ubuntu.com PYTHONPATH=/home/dev_computer/dai_ws/build/detector/prefix_override:/usr/lib/python3/dist-packages/colcon_core/task/python/colcon_distutils_commands:/home/dev_computer/dai_ws/install/detector/lib/python3.12/site-packages:${PYTHONPATH} /usr/bin/python3 -W ignore:setup.py install is deprecated -W ignore:easy_install command is deprecated setup.py egg_info --egg-base ../../build/detector build --build-base /home/dev_computer/dai_ws/build/detector/build install --record /home/dev_computer/dai_ws/build/detector/install.log --single-version-externally-managed install_data
