[0.071s] Invoking command in '/home/dev_computer/dai_ws/build/depthai_ros_driver': CMAKE_PREFIX_PATH=/home/dev_computer/dai_ws/install/depthai_bridge:/home/dev_computer/dai_ws/install/depthai_ros_msgs:/home/dev_computer/dai_ws/install/depthai_descriptions:/home/dev_computer/dai_ws/install/depthai-ros:/home/dev_computer/dai_ws/install/depthai_ros_driver:/home/dev_computer/dai_ws/install/depthai_filters:/opt/ros/jazzy/opt/gz_sim_vendor:/opt/ros/jazzy/opt/gz_sensors_vendor:/opt/ros/jazzy/opt/gz_physics_vendor:/opt/ros/jazzy/opt/sdformat_vendor:/opt/ros/jazzy/opt/gz_gui_vendor:/opt/ros/jazzy/opt/gz_transport_vendor:/opt/ros/jazzy/opt/gz_rendering_vendor:/opt/ros/jazzy/opt/gz_plugin_vendor:/opt/ros/jazzy/opt/gz_fuel_tools_vendor:/opt/ros/jazzy/opt/gz_msgs_vendor:/opt/ros/jazzy/opt/gz_common_vendor:/opt/ros/jazzy/opt/gz_math_vendor:/opt/ros/jazzy/opt/gz_utils_vendor:/opt/ros/jazzy/opt/gz_tools_vendor:/opt/ros/jazzy/opt/gz_ogre_next_vendor:/opt/ros/jazzy/opt/gz_dartsim_vendor:/opt/ros/jazzy/opt/gz_cmake_vendor:/home/dev_computer/dai_ws/install/spatial_detector:/home/dev_computer/dai_ws/install/detector_subscriber:/home/dev_computer/dai_ws/install/detector:/opt/ros/jazzy DEBUGINFOD_URLS=https://debuginfod.ubuntu.com GAZEBO_MODEL_PATH=/home/dev_computer/dai_ws/install/depthai_descriptions:${GAZEBO_MODEL_PATH} GAZEBO_RESOURCE_PATH=/home/dev_computer/dai_ws/install/depthai_descriptions:${GAZEBO_RESOURCE_PATH} IGN_GAZEBO_MODEL_PATH=/home/dev_computer/dai_ws/install/depthai_descriptions:${IGN_GAZEBO_MODEL_PATH} IGN_GAZEBO_RESOURCE_PATH=/home/dev_computer/dai_ws/install/depthai_descriptions:${IGN_GAZEBO_RESOURCE_PATH} LD_LIBRARY_PATH=/home/dev_computer/dai_ws/install/depthai_bridge/lib:/home/dev_computer/dai_ws/install/depthai_ros_msgs/lib:/home/dev_computer/dai_ws/install/depthai_ros_driver/lib:/home/dev_computer/dai_ws/install/depthai_filters/lib:/opt/ros/jazzy/opt/gz_sim_vendor/lib:/opt/ros/jazzy/opt/gz_sensors_vendor/lib:/opt/ros/jazzy/opt/gz_physics_vendor/lib:/opt/ros/jazzy/opt/sdformat_vendor/lib:/opt/ros/jazzy/opt/rviz_ogre_vendor/lib:/opt/ros/jazzy/lib/x86_64-linux-gnu:/opt/ros/jazzy/opt/gz_gui_vendor/lib:/opt/ros/jazzy/opt/gz_transport_vendor/lib:/opt/ros/jazzy/opt/gz_rendering_vendor/lib:/opt/ros/jazzy/opt/gz_plugin_vendor/lib:/opt/ros/jazzy/opt/gz_fuel_tools_vendor/lib:/opt/ros/jazzy/opt/gz_msgs_vendor/lib:/opt/ros/jazzy/opt/gz_common_vendor/lib:/opt/ros/jazzy/opt/gz_math_vendor/lib:/opt/ros/jazzy/opt/gz_utils_vendor/lib:/opt/ros/jazzy/opt/gz_tools_vendor/lib:/opt/ros/jazzy/opt/gz_ogre_next_vendor/lib:/opt/ros/jazzy/opt/gz_dartsim_vendor/lib:/opt/ros/jazzy/opt/gz_cmake_vendor/lib:/opt/ros/jazzy/lib PYTHONPATH=/home/dev_computer/dai_ws/install/depthai_ros_msgs/lib/python3.12/site-packages:/home/dev_computer/dai_ws/build/spatial_detector:/home/dev_computer/dai_ws/install/spatial_detector/lib/python3.12/site-packages:/home/dev_computer/dai_ws/build/detector_subscriber:/home/dev_computer/dai_ws/install/detector_subscriber/lib/python3.12/site-packages:/home/dev_computer/dai_ws/build/detector:/home/dev_computer/dai_ws/install/detector/lib/python3.12/site-packages:/home/dev_computer/dai_ws/install/depthai_ros_driver/lib/python3.12/site-packages:/opt/ros/jazzy/lib/python3.12/site-packages /usr/bin/cmake --build /home/dev_computer/dai_ws/build/depthai_ros_driver -- -j8 -l8
[0.335s] [  0%] Built target ament_cmake_python_symlink_depthai_ros_driver
[0.421s] [ 42%] Built target depthai_ros_driver_common
[0.574s] [ 54%] Built target depthai_ros_driver_nn_nodes
[0.612s] [ 82%] Built target depthai_ros_driver_sensor_nodes
[0.763s] [ 94%] Built target depthai_ros_driver
[0.886s] [100%] Built target camera_node
[1.605s] running egg_info
[1.732s] writing depthai_ros_driver.egg-info/PKG-INFO
[1.733s] writing dependency_links to depthai_ros_driver.egg-info/dependency_links.txt
[1.735s] writing top-level names to depthai_ros_driver.egg-info/top_level.txt
[2.107s] reading manifest file 'depthai_ros_driver.egg-info/SOURCES.txt'
[2.110s] writing manifest file 'depthai_ros_driver.egg-info/SOURCES.txt'
[2.241s] [100%] Built target ament_cmake_python_build_depthai_ros_driver_egg
[2.291s] Invoked command in '/home/dev_computer/dai_ws/build/depthai_ros_driver' returned '0': CMAKE_PREFIX_PATH=/home/dev_computer/dai_ws/install/depthai_bridge:/home/dev_computer/dai_ws/install/depthai_ros_msgs:/home/dev_computer/dai_ws/install/depthai_descriptions:/home/dev_computer/dai_ws/install/depthai-ros:/home/dev_computer/dai_ws/install/depthai_ros_driver:/home/dev_computer/dai_ws/install/depthai_filters:/opt/ros/jazzy/opt/gz_sim_vendor:/opt/ros/jazzy/opt/gz_sensors_vendor:/opt/ros/jazzy/opt/gz_physics_vendor:/opt/ros/jazzy/opt/sdformat_vendor:/opt/ros/jazzy/opt/gz_gui_vendor:/opt/ros/jazzy/opt/gz_transport_vendor:/opt/ros/jazzy/opt/gz_rendering_vendor:/opt/ros/jazzy/opt/gz_plugin_vendor:/opt/ros/jazzy/opt/gz_fuel_tools_vendor:/opt/ros/jazzy/opt/gz_msgs_vendor:/opt/ros/jazzy/opt/gz_common_vendor:/opt/ros/jazzy/opt/gz_math_vendor:/opt/ros/jazzy/opt/gz_utils_vendor:/opt/ros/jazzy/opt/gz_tools_vendor:/opt/ros/jazzy/opt/gz_ogre_next_vendor:/opt/ros/jazzy/opt/gz_dartsim_vendor:/opt/ros/jazzy/opt/gz_cmake_vendor:/home/dev_computer/dai_ws/install/spatial_detector:/home/dev_computer/dai_ws/install/detector_subscriber:/home/dev_computer/dai_ws/install/detector:/opt/ros/jazzy DEBUGINFOD_URLS=https://debuginfod.ubuntu.com GAZEBO_MODEL_PATH=/home/dev_computer/dai_ws/install/depthai_descriptions:${GAZEBO_MODEL_PATH} GAZEBO_RESOURCE_PATH=/home/dev_computer/dai_ws/install/depthai_descriptions:${GAZEBO_RESOURCE_PATH} IGN_GAZEBO_MODEL_PATH=/home/dev_computer/dai_ws/install/depthai_descriptions:${IGN_GAZEBO_MODEL_PATH} IGN_GAZEBO_RESOURCE_PATH=/home/dev_computer/dai_ws/install/depthai_descriptions:${IGN_GAZEBO_RESOURCE_PATH} LD_LIBRARY_PATH=/home/dev_computer/dai_ws/install/depthai_bridge/lib:/home/dev_computer/dai_ws/install/depthai_ros_msgs/lib:/home/dev_computer/dai_ws/install/depthai_ros_driver/lib:/home/dev_computer/dai_ws/install/depthai_filters/lib:/opt/ros/jazzy/opt/gz_sim_vendor/lib:/opt/ros/jazzy/opt/gz_sensors_vendor/lib:/opt/ros/jazzy/opt/gz_physics_vendor/lib:/opt/ros/jazzy/opt/sdformat_vendor/lib:/opt/ros/jazzy/opt/rviz_ogre_vendor/lib:/opt/ros/jazzy/lib/x86_64-linux-gnu:/opt/ros/jazzy/opt/gz_gui_vendor/lib:/opt/ros/jazzy/opt/gz_transport_vendor/lib:/opt/ros/jazzy/opt/gz_rendering_vendor/lib:/opt/ros/jazzy/opt/gz_plugin_vendor/lib:/opt/ros/jazzy/opt/gz_fuel_tools_vendor/lib:/opt/ros/jazzy/opt/gz_msgs_vendor/lib:/opt/ros/jazzy/opt/gz_common_vendor/lib:/opt/ros/jazzy/opt/gz_math_vendor/lib:/opt/ros/jazzy/opt/gz_utils_vendor/lib:/opt/ros/jazzy/opt/gz_tools_vendor/lib:/opt/ros/jazzy/opt/gz_ogre_next_vendor/lib:/opt/ros/jazzy/opt/gz_dartsim_vendor/lib:/opt/ros/jazzy/opt/gz_cmake_vendor/lib:/opt/ros/jazzy/lib PYTHONPATH=/home/dev_computer/dai_ws/install/depthai_ros_msgs/lib/python3.12/site-packages:/home/dev_computer/dai_ws/build/spatial_detector:/home/dev_computer/dai_ws/install/spatial_detector/lib/python3.12/site-packages:/home/dev_computer/dai_ws/build/detector_subscriber:/home/dev_computer/dai_ws/install/detector_subscriber/lib/python3.12/site-packages:/home/dev_computer/dai_ws/build/detector:/home/dev_computer/dai_ws/install/detector/lib/python3.12/site-packages:/home/dev_computer/dai_ws/install/depthai_ros_driver/lib/python3.12/site-packages:/opt/ros/jazzy/lib/python3.12/site-packages /usr/bin/cmake --build /home/dev_computer/dai_ws/build/depthai_ros_driver -- -j8 -l8
[2.296s] Invoking command in '/home/dev_computer/dai_ws/build/depthai_ros_driver': CMAKE_PREFIX_PATH=/home/dev_computer/dai_ws/install/depthai_bridge:/home/dev_computer/dai_ws/install/depthai_ros_msgs:/home/dev_computer/dai_ws/install/depthai_descriptions:/home/dev_computer/dai_ws/install/depthai-ros:/home/dev_computer/dai_ws/install/depthai_ros_driver:/home/dev_computer/dai_ws/install/depthai_filters:/opt/ros/jazzy/opt/gz_sim_vendor:/opt/ros/jazzy/opt/gz_sensors_vendor:/opt/ros/jazzy/opt/gz_physics_vendor:/opt/ros/jazzy/opt/sdformat_vendor:/opt/ros/jazzy/opt/gz_gui_vendor:/opt/ros/jazzy/opt/gz_transport_vendor:/opt/ros/jazzy/opt/gz_rendering_vendor:/opt/ros/jazzy/opt/gz_plugin_vendor:/opt/ros/jazzy/opt/gz_fuel_tools_vendor:/opt/ros/jazzy/opt/gz_msgs_vendor:/opt/ros/jazzy/opt/gz_common_vendor:/opt/ros/jazzy/opt/gz_math_vendor:/opt/ros/jazzy/opt/gz_utils_vendor:/opt/ros/jazzy/opt/gz_tools_vendor:/opt/ros/jazzy/opt/gz_ogre_next_vendor:/opt/ros/jazzy/opt/gz_dartsim_vendor:/opt/ros/jazzy/opt/gz_cmake_vendor:/home/dev_computer/dai_ws/install/spatial_detector:/home/dev_computer/dai_ws/install/detector_subscriber:/home/dev_computer/dai_ws/install/detector:/opt/ros/jazzy DEBUGINFOD_URLS=https://debuginfod.ubuntu.com GAZEBO_MODEL_PATH=/home/dev_computer/dai_ws/install/depthai_descriptions:${GAZEBO_MODEL_PATH} GAZEBO_RESOURCE_PATH=/home/dev_computer/dai_ws/install/depthai_descriptions:${GAZEBO_RESOURCE_PATH} IGN_GAZEBO_MODEL_PATH=/home/dev_computer/dai_ws/install/depthai_descriptions:${IGN_GAZEBO_MODEL_PATH} IGN_GAZEBO_RESOURCE_PATH=/home/dev_computer/dai_ws/install/depthai_descriptions:${IGN_GAZEBO_RESOURCE_PATH} LD_LIBRARY_PATH=/home/dev_computer/dai_ws/install/depthai_bridge/lib:/home/dev_computer/dai_ws/install/depthai_ros_msgs/lib:/home/dev_computer/dai_ws/install/depthai_ros_driver/lib:/home/dev_computer/dai_ws/install/depthai_filters/lib:/opt/ros/jazzy/opt/gz_sim_vendor/lib:/opt/ros/jazzy/opt/gz_sensors_vendor/lib:/opt/ros/jazzy/opt/gz_physics_vendor/lib:/opt/ros/jazzy/opt/sdformat_vendor/lib:/opt/ros/jazzy/opt/rviz_ogre_vendor/lib:/opt/ros/jazzy/lib/x86_64-linux-gnu:/opt/ros/jazzy/opt/gz_gui_vendor/lib:/opt/ros/jazzy/opt/gz_transport_vendor/lib:/opt/ros/jazzy/opt/gz_rendering_vendor/lib:/opt/ros/jazzy/opt/gz_plugin_vendor/lib:/opt/ros/jazzy/opt/gz_fuel_tools_vendor/lib:/opt/ros/jazzy/opt/gz_msgs_vendor/lib:/opt/ros/jazzy/opt/gz_common_vendor/lib:/opt/ros/jazzy/opt/gz_math_vendor/lib:/opt/ros/jazzy/opt/gz_utils_vendor/lib:/opt/ros/jazzy/opt/gz_tools_vendor/lib:/opt/ros/jazzy/opt/gz_ogre_next_vendor/lib:/opt/ros/jazzy/opt/gz_dartsim_vendor/lib:/opt/ros/jazzy/opt/gz_cmake_vendor/lib:/opt/ros/jazzy/lib PYTHONPATH=/home/dev_computer/dai_ws/install/depthai_ros_msgs/lib/python3.12/site-packages:/home/dev_computer/dai_ws/build/spatial_detector:/home/dev_computer/dai_ws/install/spatial_detector/lib/python3.12/site-packages:/home/dev_computer/dai_ws/build/detector_subscriber:/home/dev_computer/dai_ws/install/detector_subscriber/lib/python3.12/site-packages:/home/dev_computer/dai_ws/build/detector:/home/dev_computer/dai_ws/install/detector/lib/python3.12/site-packages:/home/dev_computer/dai_ws/install/depthai_ros_driver/lib/python3.12/site-packages:/opt/ros/jazzy/lib/python3.12/site-packages /usr/bin/cmake --install /home/dev_computer/dai_ws/build/depthai_ros_driver
[2.329s] -- Install configuration: ""
[2.331s] -- Execute custom install script
[2.332s] -- Up-to-date symlink: /home/dev_computer/dai_ws/install/depthai_ros_driver/share/depthai_ros_driver//plugins.xml
[2.333s] -- Up-to-date symlink: /home/dev_computer/dai_ws/install/depthai_ros_driver/share/depthai_ros_driver/environment/library_path.sh
[2.334s] -- Up-to-date symlink: /home/dev_computer/dai_ws/install/depthai_ros_driver/share/depthai_ros_driver/environment/library_path.dsv
[2.336s] -- Up-to-date symlink: /home/dev_computer/dai_ws/install/depthai_ros_driver/share/depthai_ros_driver/launch/calibration.launch.py
[2.337s] -- Up-to-date symlink: /home/dev_computer/dai_ws/install/depthai_ros_driver/share/depthai_ros_driver/launch/camera.launch.py
[2.338s] -- Up-to-date symlink: /home/dev_computer/dai_ws/install/depthai_ros_driver/share/depthai_ros_driver/launch/camera_as_part_of_a_robot.launch.py
[2.339s] -- Up-to-date symlink: /home/dev_computer/dai_ws/install/depthai_ros_driver/share/depthai_ros_driver/launch/example_marker_publish.launch.py
[2.340s] -- Up-to-date symlink: /home/dev_computer/dai_ws/install/depthai_ros_driver/share/depthai_ros_driver/launch/example_multicam.launch.py
[2.340s] -- Up-to-date symlink: /home/dev_computer/dai_ws/install/depthai_ros_driver/share/depthai_ros_driver/launch/example_segmentation.launch.py
[2.341s] -- Up-to-date symlink: /home/dev_computer/dai_ws/install/depthai_ros_driver/share/depthai_ros_driver/launch/oak_t.launch.py
[2.341s] -- Up-to-date symlink: /home/dev_computer/dai_ws/install/depthai_ros_driver/share/depthai_ros_driver/launch/pointcloud.launch.py
[2.342s] -- Up-to-date symlink: /home/dev_computer/dai_ws/install/depthai_ros_driver/share/depthai_ros_driver/launch/rgbd_pcl.launch.py
[2.342s] -- Up-to-date symlink: /home/dev_computer/dai_ws/install/depthai_ros_driver/share/depthai_ros_driver/launch/rtabmap.launch.py
[2.342s] -- Up-to-date symlink: /home/dev_computer/dai_ws/install/depthai_ros_driver/share/depthai_ros_driver/launch/sr_poe_rgbd_pcl.launch.py
[2.343s] -- Up-to-date symlink: /home/dev_computer/dai_ws/install/depthai_ros_driver/share/depthai_ros_driver/launch/sr_rgbd_pcl.launch.py
[2.343s] -- Up-to-date symlink: /home/dev_computer/dai_ws/install/depthai_ros_driver/share/depthai_ros_driver/launch/stereo_from_rosbag.launch.py
[2.344s] -- Up-to-date symlink: /home/dev_computer/dai_ws/install/depthai_ros_driver/share/depthai_ros_driver/config/calibration.yaml
[2.344s] -- Up-to-date symlink: /home/dev_computer/dai_ws/install/depthai_ros_driver/share/depthai_ros_driver/config/calibration/left.yaml
[2.345s] -- Up-to-date symlink: /home/dev_computer/dai_ws/install/depthai_ros_driver/share/depthai_ros_driver/config/calibration/rgb.yaml
[2.345s] -- Up-to-date symlink: /home/dev_computer/dai_ws/install/depthai_ros_driver/share/depthai_ros_driver/config/calibration/right.yaml
[2.346s] -- Up-to-date symlink: /home/dev_computer/dai_ws/install/depthai_ros_driver/share/depthai_ros_driver/config/camera.yaml
[2.346s] -- Up-to-date symlink: /home/dev_computer/dai_ws/install/depthai_ros_driver/share/depthai_ros_driver/config/isaac_vslam.yaml
[2.347s] -- Up-to-date symlink: /home/dev_computer/dai_ws/install/depthai_ros_driver/share/depthai_ros_driver/config/low_bandwidth.yaml
[2.347s] -- Up-to-date symlink: /home/dev_computer/dai_ws/install/depthai_ros_driver/share/depthai_ros_driver/config/multicam_example.yaml
[2.348s] -- Up-to-date symlink: /home/dev_computer/dai_ws/install/depthai_ros_driver/share/depthai_ros_driver/config/nn/backup/mobilenet.json
[2.348s] -- Up-to-date symlink: /home/dev_computer/dai_ws/install/depthai_ros_driver/share/depthai_ros_driver/config/nn/backup/segmentation.json
[2.349s] -- Up-to-date symlink: /home/dev_computer/dai_ws/install/depthai_ros_driver/share/depthai_ros_driver/config/nn/backup/yolo.json
[2.350s] -- Up-to-date symlink: /home/dev_computer/dai_ws/install/depthai_ros_driver/share/depthai_ros_driver/config/nn/my_yolo8s/camera_yolo8s.yaml
[2.351s] -- Up-to-date symlink: /home/dev_computer/dai_ws/install/depthai_ros_driver/share/depthai_ros_driver/config/nn/my_yolo8s/yolo8s.json
[2.352s] -- Up-to-date symlink: /home/dev_computer/dai_ws/install/depthai_ros_driver/share/depthai_ros_driver/config/nn/my_yolo8s/yolo8s_openvino_2022.1_5shave.blob
[2.353s] -- Up-to-date symlink: /home/dev_computer/dai_ws/install/depthai_ros_driver/share/depthai_ros_driver/config/oak_d_pro_w.yaml
[2.353s] -- Up-to-date symlink: /home/dev_computer/dai_ws/install/depthai_ros_driver/share/depthai_ros_driver/config/oak_d_sr.yaml
[2.354s] -- Up-to-date symlink: /home/dev_computer/dai_ws/install/depthai_ros_driver/share/depthai_ros_driver/config/oak_t.yaml
[2.355s] -- Up-to-date symlink: /home/dev_computer/dai_ws/install/depthai_ros_driver/share/depthai_ros_driver/config/pcl.yaml
[2.355s] -- Up-to-date symlink: /home/dev_computer/dai_ws/install/depthai_ros_driver/share/depthai_ros_driver/config/rgbd.yaml
[2.356s] -- Up-to-date symlink: /home/dev_computer/dai_ws/install/depthai_ros_driver/share/depthai_ros_driver/config/rviz/multicam.rviz
[2.356s] -- Up-to-date symlink: /home/dev_computer/dai_ws/install/depthai_ros_driver/share/depthai_ros_driver/config/rviz/rgbd.rviz
[2.356s] -- Up-to-date symlink: /home/dev_computer/dai_ws/install/depthai_ros_driver/share/depthai_ros_driver/config/rviz/segmentation.rviz
[2.357s] -- Up-to-date symlink: /home/dev_computer/dai_ws/install/depthai_ros_driver/share/depthai_ros_driver/config/segmentation.yaml
[2.357s] -- Up-to-date symlink: /home/dev_computer/dai_ws/install/depthai_ros_driver/share/depthai_ros_driver/config/spatial_yolo.yaml
[2.358s] -- Up-to-date symlink: /home/dev_computer/dai_ws/install/depthai_ros_driver/share/depthai_ros_driver/config/sr_poe_rgbd.yaml
[2.358s] -- Up-to-date symlink: /home/dev_computer/dai_ws/install/depthai_ros_driver/share/depthai_ros_driver/config/sr_rgbd.yaml
[2.358s] -- Up-to-date symlink: /home/dev_computer/dai_ws/install/depthai_ros_driver/share/depthai_ros_driver/config/stereo_from_rosbag.yaml
[2.359s] -- Up-to-date symlink: /home/dev_computer/dai_ws/install/depthai_ros_driver/lib/depthai_ros_driver/camera_node
[2.359s] -- Up-to-date symlink: /home/dev_computer/dai_ws/install/depthai_ros_driver/share/depthai_ros_driver/environment/pythonpath.sh
[2.359s] -- Up-to-date symlink: /home/dev_computer/dai_ws/install/depthai_ros_driver/share/depthai_ros_driver/environment/pythonpath.dsv
[2.360s] -- Up-to-date symlink: /home/dev_computer/dai_ws/install/depthai_ros_driver/lib/python3.12/site-packages/depthai_ros_driver-2.11.2-py3.12.egg-info/PKG-INFO
[2.361s] -- Up-to-date symlink: /home/dev_computer/dai_ws/install/depthai_ros_driver/lib/python3.12/site-packages/depthai_ros_driver-2.11.2-py3.12.egg-info/SOURCES.txt
[2.361s] -- Up-to-date symlink: /home/dev_computer/dai_ws/install/depthai_ros_driver/lib/python3.12/site-packages/depthai_ros_driver-2.11.2-py3.12.egg-info/dependency_links.txt
[2.362s] -- Up-to-date symlink: /home/dev_computer/dai_ws/install/depthai_ros_driver/lib/python3.12/site-packages/depthai_ros_driver-2.11.2-py3.12.egg-info/top_level.txt
[2.364s] -- Up-to-date symlink: /home/dev_computer/dai_ws/install/depthai_ros_driver/lib/python3.12/site-packages/depthai_ros_driver/__init__.py
[2.364s] -- Up-to-date symlink: /home/dev_computer/dai_ws/install/depthai_ros_driver/lib/depthai_ros_driver/obj_pub.py
[2.367s] -- Up-to-date symlink: /home/dev_computer/dai_ws/install/depthai_ros_driver/include/depthai_ros_driver/camera.hpp
[2.368s] -- Up-to-date symlink: /home/dev_computer/dai_ws/install/depthai_ros_driver/include/depthai_ros_driver/dai_nodes/base_node.hpp
[2.369s] -- Up-to-date symlink: /home/dev_computer/dai_ws/install/depthai_ros_driver/include/depthai_ros_driver/dai_nodes/nn/detection.hpp
[2.370s] -- Up-to-date symlink: /home/dev_computer/dai_ws/install/depthai_ros_driver/include/depthai_ros_driver/dai_nodes/nn/nn_helpers.hpp
[2.371s] -- Up-to-date symlink: /home/dev_computer/dai_ws/install/depthai_ros_driver/include/depthai_ros_driver/dai_nodes/nn/nn_wrapper.hpp
[2.371s] -- Up-to-date symlink: /home/dev_computer/dai_ws/install/depthai_ros_driver/include/depthai_ros_driver/dai_nodes/nn/segmentation.hpp
[2.372s] -- Up-to-date symlink: /home/dev_computer/dai_ws/install/depthai_ros_driver/include/depthai_ros_driver/dai_nodes/nn/spatial_detection.hpp
[2.373s] -- Up-to-date symlink: /home/dev_computer/dai_ws/install/depthai_ros_driver/include/depthai_ros_driver/dai_nodes/nn/spatial_nn_wrapper.hpp
[2.374s] -- Up-to-date symlink: /home/dev_computer/dai_ws/install/depthai_ros_driver/include/depthai_ros_driver/dai_nodes/sensors/feature_tracker.hpp
[2.374s] -- Up-to-date symlink: /home/dev_computer/dai_ws/install/depthai_ros_driver/include/depthai_ros_driver/dai_nodes/sensors/img_pub.hpp
[2.375s] -- Up-to-date symlink: /home/dev_computer/dai_ws/install/depthai_ros_driver/include/depthai_ros_driver/dai_nodes/sensors/imu.hpp
[2.375s] -- Up-to-date symlink: /home/dev_computer/dai_ws/install/depthai_ros_driver/include/depthai_ros_driver/dai_nodes/sensors/mono.hpp
[2.375s] -- Up-to-date symlink: /home/dev_computer/dai_ws/install/depthai_ros_driver/include/depthai_ros_driver/dai_nodes/sensors/rgb.hpp
[2.376s] -- Up-to-date symlink: /home/dev_computer/dai_ws/install/depthai_ros_driver/include/depthai_ros_driver/dai_nodes/sensors/sensor_helpers.hpp
[2.376s] -- Up-to-date symlink: /home/dev_computer/dai_ws/install/depthai_ros_driver/include/depthai_ros_driver/dai_nodes/sensors/sensor_wrapper.hpp
[2.376s] -- Up-to-date symlink: /home/dev_computer/dai_ws/install/depthai_ros_driver/include/depthai_ros_driver/dai_nodes/sensors/stereo.hpp
[2.377s] -- Up-to-date symlink: /home/dev_computer/dai_ws/install/depthai_ros_driver/include/depthai_ros_driver/dai_nodes/sensors/sync.hpp
[2.377s] -- Up-to-date symlink: /home/dev_computer/dai_ws/install/depthai_ros_driver/include/depthai_ros_driver/dai_nodes/sensors/thermal.hpp
[2.378s] -- Up-to-date symlink: /home/dev_computer/dai_ws/install/depthai_ros_driver/include/depthai_ros_driver/dai_nodes/sensors/tof.hpp
[2.378s] -- Up-to-date symlink: /home/dev_computer/dai_ws/install/depthai_ros_driver/include/depthai_ros_driver/dai_nodes/stereo.hpp
[2.378s] -- Up-to-date symlink: /home/dev_computer/dai_ws/install/depthai_ros_driver/include/depthai_ros_driver/dai_nodes/sys_logger.hpp
[2.379s] -- Up-to-date symlink: /home/dev_computer/dai_ws/install/depthai_ros_driver/include/depthai_ros_driver/param_handlers/base_param_handler.hpp
[2.379s] -- Up-to-date symlink: /home/dev_computer/dai_ws/install/depthai_ros_driver/include/depthai_ros_driver/param_handlers/camera_param_handler.hpp
[2.380s] -- Up-to-date symlink: /home/dev_computer/dai_ws/install/depthai_ros_driver/include/depthai_ros_driver/param_handlers/feature_tracker_param_handler.hpp
[2.380s] -- Up-to-date symlink: /home/dev_computer/dai_ws/install/depthai_ros_driver/include/depthai_ros_driver/param_handlers/imu_param_handler.hpp
[2.381s] -- Up-to-date symlink: /home/dev_computer/dai_ws/install/depthai_ros_driver/include/depthai_ros_driver/param_handlers/nn_param_handler.hpp
[2.381s] -- Up-to-date symlink: /home/dev_computer/dai_ws/install/depthai_ros_driver/include/depthai_ros_driver/param_handlers/pipeline_gen_param_handler.hpp
[2.381s] -- Up-to-date symlink: /home/dev_computer/dai_ws/install/depthai_ros_driver/include/depthai_ros_driver/param_handlers/sensor_param_handler.hpp
[2.382s] -- Up-to-date symlink: /home/dev_computer/dai_ws/install/depthai_ros_driver/include/depthai_ros_driver/param_handlers/stereo_param_handler.hpp
[2.382s] -- Up-to-date symlink: /home/dev_computer/dai_ws/install/depthai_ros_driver/include/depthai_ros_driver/param_handlers/sync_param_handler.hpp
[2.383s] -- Up-to-date symlink: /home/dev_computer/dai_ws/install/depthai_ros_driver/include/depthai_ros_driver/param_handlers/tof_param_handler.hpp
[2.384s] -- Up-to-date symlink: /home/dev_computer/dai_ws/install/depthai_ros_driver/include/depthai_ros_driver/pipeline/base_pipeline.hpp
[2.385s] -- Up-to-date symlink: /home/dev_computer/dai_ws/install/depthai_ros_driver/include/depthai_ros_driver/pipeline/base_types.hpp
[2.386s] -- Up-to-date symlink: /home/dev_computer/dai_ws/install/depthai_ros_driver/include/depthai_ros_driver/pipeline/pipeline_generator.hpp
[2.388s] -- Up-to-date symlink: /home/dev_computer/dai_ws/install/depthai_ros_driver/include/depthai_ros_driver/utils.hpp
[2.388s] -- Up-to-date symlink: /home/dev_computer/dai_ws/install/depthai_ros_driver/share/ament_index/resource_index/package_run_dependencies/depthai_ros_driver
[2.389s] -- Up-to-date symlink: /home/dev_computer/dai_ws/install/depthai_ros_driver/share/ament_index/resource_index/parent_prefix_path/depthai_ros_driver
[2.390s] -- Up-to-date symlink: /home/dev_computer/dai_ws/install/depthai_ros_driver/share/depthai_ros_driver/environment/ament_prefix_path.sh
[2.390s] -- Up-to-date symlink: /home/dev_computer/dai_ws/install/depthai_ros_driver/share/depthai_ros_driver/environment/ament_prefix_path.dsv
[2.390s] -- Up-to-date symlink: /home/dev_computer/dai_ws/install/depthai_ros_driver/share/depthai_ros_driver/environment/path.sh
[2.391s] -- Up-to-date symlink: /home/dev_computer/dai_ws/install/depthai_ros_driver/share/depthai_ros_driver/environment/path.dsv
[2.391s] -- Up-to-date symlink: /home/dev_computer/dai_ws/install/depthai_ros_driver/share/depthai_ros_driver/local_setup.bash
[2.392s] -- Up-to-date symlink: /home/dev_computer/dai_ws/install/depthai_ros_driver/share/depthai_ros_driver/local_setup.sh
[2.392s] -- Up-to-date symlink: /home/dev_computer/dai_ws/install/depthai_ros_driver/share/depthai_ros_driver/local_setup.zsh
[2.392s] -- Up-to-date symlink: /home/dev_computer/dai_ws/install/depthai_ros_driver/share/depthai_ros_driver/local_setup.dsv
[2.393s] -- Symlinking: /home/dev_computer/dai_ws/install/depthai_ros_driver/share/depthai_ros_driver/package.dsv
[2.430s] -- Up-to-date symlink: /home/dev_computer/dai_ws/install/depthai_ros_driver/share/ament_index/resource_index/packages/depthai_ros_driver
[2.432s] -- Up-to-date symlink: /home/dev_computer/dai_ws/install/depthai_ros_driver/share/ament_index/resource_index/depthai_ros_driver__pluginlib__plugin/depthai_ros_driver
[2.432s] -- Up-to-date symlink: /home/dev_computer/dai_ws/install/depthai_ros_driver/share/ament_index/resource_index/rclcpp_components/depthai_ros_driver
[2.434s] -- Up-to-date symlink: /home/dev_computer/dai_ws/install/depthai_ros_driver/share/depthai_ros_driver/cmake/ament_cmake_export_include_directories-extras.cmake
[2.434s] -- Up-to-date symlink: /home/dev_computer/dai_ws/install/depthai_ros_driver/share/depthai_ros_driver/cmake/ament_cmake_export_targets-extras.cmake
[2.435s] -- Up-to-date symlink: /home/dev_computer/dai_ws/install/depthai_ros_driver/share/depthai_ros_driver/cmake/ament_cmake_export_libraries-extras.cmake
[2.435s] -- Up-to-date symlink: /home/dev_computer/dai_ws/install/depthai_ros_driver/share/depthai_ros_driver/cmake/ament_cmake_export_dependencies-extras.cmake
[2.436s] -- Up-to-date symlink: /home/dev_computer/dai_ws/install/depthai_ros_driver/share/depthai_ros_driver/cmake/depthai_ros_driverConfig.cmake
[2.437s] -- Up-to-date symlink: /home/dev_computer/dai_ws/install/depthai_ros_driver/share/depthai_ros_driver/cmake/depthai_ros_driverConfig-version.cmake
[2.437s] -- Up-to-date symlink: /home/dev_computer/dai_ws/install/depthai_ros_driver/share/depthai_ros_driver/package.xml
[2.438s] -- Up-to-date: /home/dev_computer/dai_ws/install/depthai_ros_driver/lib/libdepthai_ros_driver.so
[2.439s] -- Up-to-date: /home/dev_computer/dai_ws/install/depthai_ros_driver/lib/libdepthai_ros_driver_sensor_nodes.so
[2.440s] -- Up-to-date: /home/dev_computer/dai_ws/install/depthai_ros_driver/lib/libdepthai_ros_driver_nn_nodes.so
[2.441s] -- Up-to-date: /home/dev_computer/dai_ws/install/depthai_ros_driver/lib/libdepthai_ros_driver_common.so
[2.442s] -- Up-to-date: /home/dev_computer/dai_ws/install/depthai_ros_driver/share/depthai_ros_driver/cmake/depthai_ros_driverTargets.cmake
[2.443s] -- Up-to-date: /home/dev_computer/dai_ws/install/depthai_ros_driver/share/depthai_ros_driver/cmake/depthai_ros_driverTargets-noconfig.cmake
[2.613s] Listing '/home/dev_computer/dai_ws/install/depthai_ros_driver/lib/python3.12/site-packages/depthai_ros_driver'...
[2.639s] -- Up-to-date: /home/dev_computer/dai_ws/install/depthai_ros_driver/share/depthai_ros_driver/cmake/depthai_ros_driverTargetsExport.cmake
[2.639s] -- Up-to-date: /home/dev_computer/dai_ws/install/depthai_ros_driver/share/depthai_ros_driver/cmake/depthai_ros_driverTargetsExport-noconfig.cmake
[2.647s] Invoked command in '/home/dev_computer/dai_ws/build/depthai_ros_driver' returned '0': CMAKE_PREFIX_PATH=/home/dev_computer/dai_ws/install/depthai_bridge:/home/dev_computer/dai_ws/install/depthai_ros_msgs:/home/dev_computer/dai_ws/install/depthai_descriptions:/home/dev_computer/dai_ws/install/depthai-ros:/home/dev_computer/dai_ws/install/depthai_ros_driver:/home/dev_computer/dai_ws/install/depthai_filters:/opt/ros/jazzy/opt/gz_sim_vendor:/opt/ros/jazzy/opt/gz_sensors_vendor:/opt/ros/jazzy/opt/gz_physics_vendor:/opt/ros/jazzy/opt/sdformat_vendor:/opt/ros/jazzy/opt/gz_gui_vendor:/opt/ros/jazzy/opt/gz_transport_vendor:/opt/ros/jazzy/opt/gz_rendering_vendor:/opt/ros/jazzy/opt/gz_plugin_vendor:/opt/ros/jazzy/opt/gz_fuel_tools_vendor:/opt/ros/jazzy/opt/gz_msgs_vendor:/opt/ros/jazzy/opt/gz_common_vendor:/opt/ros/jazzy/opt/gz_math_vendor:/opt/ros/jazzy/opt/gz_utils_vendor:/opt/ros/jazzy/opt/gz_tools_vendor:/opt/ros/jazzy/opt/gz_ogre_next_vendor:/opt/ros/jazzy/opt/gz_dartsim_vendor:/opt/ros/jazzy/opt/gz_cmake_vendor:/home/dev_computer/dai_ws/install/spatial_detector:/home/dev_computer/dai_ws/install/detector_subscriber:/home/dev_computer/dai_ws/install/detector:/opt/ros/jazzy DEBUGINFOD_URLS=https://debuginfod.ubuntu.com GAZEBO_MODEL_PATH=/home/dev_computer/dai_ws/install/depthai_descriptions:${GAZEBO_MODEL_PATH} GAZEBO_RESOURCE_PATH=/home/dev_computer/dai_ws/install/depthai_descriptions:${GAZEBO_RESOURCE_PATH} IGN_GAZEBO_MODEL_PATH=/home/dev_computer/dai_ws/install/depthai_descriptions:${IGN_GAZEBO_MODEL_PATH} IGN_GAZEBO_RESOURCE_PATH=/home/dev_computer/dai_ws/install/depthai_descriptions:${IGN_GAZEBO_RESOURCE_PATH} LD_LIBRARY_PATH=/home/dev_computer/dai_ws/install/depthai_bridge/lib:/home/dev_computer/dai_ws/install/depthai_ros_msgs/lib:/home/dev_computer/dai_ws/install/depthai_ros_driver/lib:/home/dev_computer/dai_ws/install/depthai_filters/lib:/opt/ros/jazzy/opt/gz_sim_vendor/lib:/opt/ros/jazzy/opt/gz_sensors_vendor/lib:/opt/ros/jazzy/opt/gz_physics_vendor/lib:/opt/ros/jazzy/opt/sdformat_vendor/lib:/opt/ros/jazzy/opt/rviz_ogre_vendor/lib:/opt/ros/jazzy/lib/x86_64-linux-gnu:/opt/ros/jazzy/opt/gz_gui_vendor/lib:/opt/ros/jazzy/opt/gz_transport_vendor/lib:/opt/ros/jazzy/opt/gz_rendering_vendor/lib:/opt/ros/jazzy/opt/gz_plugin_vendor/lib:/opt/ros/jazzy/opt/gz_fuel_tools_vendor/lib:/opt/ros/jazzy/opt/gz_msgs_vendor/lib:/opt/ros/jazzy/opt/gz_common_vendor/lib:/opt/ros/jazzy/opt/gz_math_vendor/lib:/opt/ros/jazzy/opt/gz_utils_vendor/lib:/opt/ros/jazzy/opt/gz_tools_vendor/lib:/opt/ros/jazzy/opt/gz_ogre_next_vendor/lib:/opt/ros/jazzy/opt/gz_dartsim_vendor/lib:/opt/ros/jazzy/opt/gz_cmake_vendor/lib:/opt/ros/jazzy/lib PYTHONPATH=/home/dev_computer/dai_ws/install/depthai_ros_msgs/lib/python3.12/site-packages:/home/dev_computer/dai_ws/build/spatial_detector:/home/dev_computer/dai_ws/install/spatial_detector/lib/python3.12/site-packages:/home/dev_computer/dai_ws/build/detector_subscriber:/home/dev_computer/dai_ws/install/detector_subscriber/lib/python3.12/site-packages:/home/dev_computer/dai_ws/build/detector:/home/dev_computer/dai_ws/install/detector/lib/python3.12/site-packages:/home/dev_computer/dai_ws/install/depthai_ros_driver/lib/python3.12/site-packages:/opt/ros/jazzy/lib/python3.12/site-packages /usr/bin/cmake --install /home/dev_computer/dai_ws/build/depthai_ros_driver
