[0.076s] Invoking command in '/home/dev_computer/dai_ws/build/depthai_bridge': AMENT_PREFIX_PATH=/home/dev_computer/dai_ws/install/depthai_ros_msgs:${AMENT_PREFIX_PATH} CMAKE_PREFIX_PATH=/home/dev_computer/dai_ws/install/depthai_ros_msgs:/opt/ros/jazzy/opt/gz_sim_vendor:/opt/ros/jazzy/opt/gz_sensors_vendor:/opt/ros/jazzy/opt/gz_physics_vendor:/opt/ros/jazzy/opt/sdformat_vendor:/opt/ros/jazzy/opt/gz_gui_vendor:/opt/ros/jazzy/opt/gz_transport_vendor:/opt/ros/jazzy/opt/gz_rendering_vendor:/opt/ros/jazzy/opt/gz_plugin_vendor:/opt/ros/jazzy/opt/gz_fuel_tools_vendor:/opt/ros/jazzy/opt/gz_msgs_vendor:/opt/ros/jazzy/opt/gz_common_vendor:/opt/ros/jazzy/opt/gz_math_vendor:/opt/ros/jazzy/opt/gz_utils_vendor:/opt/ros/jazzy/opt/gz_tools_vendor:/opt/ros/jazzy/opt/gz_ogre_next_vendor:/opt/ros/jazzy/opt/gz_dartsim_vendor:/opt/ros/jazzy/opt/gz_cmake_vendor:/opt/ros/jazzy DEBUGINFOD_URLS=https://debuginfod.ubuntu.com LD_LIBRARY_PATH=/home/dev_computer/dai_ws/install/depthai_ros_msgs/lib:${LD_LIBRARY_PATH} PYTHONPATH=/home/dev_computer/dai_ws/install/depthai_ros_msgs/lib/python3.12/site-packages:${PYTHONPATH} /usr/bin/cmake --build /home/dev_computer/dai_ws/build/depthai_bridge -- -j8 -l8
[0.423s] [100%] Built target depthai_bridge
[1.009s] Invoked command in '/home/dev_computer/dai_ws/build/depthai_bridge' returned '0': AMENT_PREFIX_PATH=/home/dev_computer/dai_ws/install/depthai_ros_msgs:${AMENT_PREFIX_PATH} CMAKE_PREFIX_PATH=/home/dev_computer/dai_ws/install/depthai_ros_msgs:/opt/ros/jazzy/opt/gz_sim_vendor:/opt/ros/jazzy/opt/gz_sensors_vendor:/opt/ros/jazzy/opt/gz_physics_vendor:/opt/ros/jazzy/opt/sdformat_vendor:/opt/ros/jazzy/opt/gz_gui_vendor:/opt/ros/jazzy/opt/gz_transport_vendor:/opt/ros/jazzy/opt/gz_rendering_vendor:/opt/ros/jazzy/opt/gz_plugin_vendor:/opt/ros/jazzy/opt/gz_fuel_tools_vendor:/opt/ros/jazzy/opt/gz_msgs_vendor:/opt/ros/jazzy/opt/gz_common_vendor:/opt/ros/jazzy/opt/gz_math_vendor:/opt/ros/jazzy/opt/gz_utils_vendor:/opt/ros/jazzy/opt/gz_tools_vendor:/opt/ros/jazzy/opt/gz_ogre_next_vendor:/opt/ros/jazzy/opt/gz_dartsim_vendor:/opt/ros/jazzy/opt/gz_cmake_vendor:/opt/ros/jazzy DEBUGINFOD_URLS=https://debuginfod.ubuntu.com LD_LIBRARY_PATH=/home/dev_computer/dai_ws/install/depthai_ros_msgs/lib:${LD_LIBRARY_PATH} PYTHONPATH=/home/dev_computer/dai_ws/install/depthai_ros_msgs/lib/python3.12/site-packages:${PYTHONPATH} /usr/bin/cmake --build /home/dev_computer/dai_ws/build/depthai_bridge -- -j8 -l8
[1.010s] Invoking command in '/home/dev_computer/dai_ws/build/depthai_bridge': AMENT_PREFIX_PATH=/home/dev_computer/dai_ws/install/depthai_ros_msgs:${AMENT_PREFIX_PATH} CMAKE_PREFIX_PATH=/home/dev_computer/dai_ws/install/depthai_ros_msgs:/opt/ros/jazzy/opt/gz_sim_vendor:/opt/ros/jazzy/opt/gz_sensors_vendor:/opt/ros/jazzy/opt/gz_physics_vendor:/opt/ros/jazzy/opt/sdformat_vendor:/opt/ros/jazzy/opt/gz_gui_vendor:/opt/ros/jazzy/opt/gz_transport_vendor:/opt/ros/jazzy/opt/gz_rendering_vendor:/opt/ros/jazzy/opt/gz_plugin_vendor:/opt/ros/jazzy/opt/gz_fuel_tools_vendor:/opt/ros/jazzy/opt/gz_msgs_vendor:/opt/ros/jazzy/opt/gz_common_vendor:/opt/ros/jazzy/opt/gz_math_vendor:/opt/ros/jazzy/opt/gz_utils_vendor:/opt/ros/jazzy/opt/gz_tools_vendor:/opt/ros/jazzy/opt/gz_ogre_next_vendor:/opt/ros/jazzy/opt/gz_dartsim_vendor:/opt/ros/jazzy/opt/gz_cmake_vendor:/opt/ros/jazzy DEBUGINFOD_URLS=https://debuginfod.ubuntu.com LD_LIBRARY_PATH=/home/dev_computer/dai_ws/install/depthai_ros_msgs/lib:${LD_LIBRARY_PATH} PYTHONPATH=/home/dev_computer/dai_ws/install/depthai_ros_msgs/lib/python3.12/site-packages:${PYTHONPATH} /usr/bin/cmake --install /home/dev_computer/dai_ws/build/depthai_bridge
[1.050s] -- Install configuration: ""
[1.050s] -- Execute custom install script
[1.051s] -- Up-to-date symlink: /home/dev_computer/dai_ws/install/depthai_bridge/share/depthai_bridge/environment/library_path.sh
[1.051s] -- Up-to-date symlink: /home/dev_computer/dai_ws/install/depthai_bridge/share/depthai_bridge/environment/library_path.dsv
[1.051s] -- Up-to-date symlink: /home/dev_computer/dai_ws/install/depthai_bridge/include//depthai_bridge/BridgePublisher.hpp
[1.052s] -- Up-to-date symlink: /home/dev_computer/dai_ws/install/depthai_bridge/include//depthai_bridge/DisparityConverter.hpp
[1.052s] -- Up-to-date symlink: /home/dev_computer/dai_ws/install/depthai_bridge/include//depthai_bridge/ImageConverter.hpp
[1.052s] -- Up-to-date symlink: /home/dev_computer/dai_ws/install/depthai_bridge/include//depthai_bridge/ImgDetectionConverter.hpp
[1.053s] -- Up-to-date symlink: /home/dev_computer/dai_ws/install/depthai_bridge/include//depthai_bridge/ImuConverter.hpp
[1.053s] -- Up-to-date symlink: /home/dev_computer/dai_ws/install/depthai_bridge/include//depthai_bridge/SpatialDetectionConverter.hpp
[1.053s] -- Up-to-date symlink: /home/dev_computer/dai_ws/install/depthai_bridge/include//depthai_bridge/TFPublisher.hpp
[1.053s] -- Up-to-date symlink: /home/dev_computer/dai_ws/install/depthai_bridge/include//depthai_bridge/TrackDetectionConverter.hpp
[1.053s] -- Up-to-date symlink: /home/dev_computer/dai_ws/install/depthai_bridge/include//depthai_bridge/TrackSpatialDetectionConverter.hpp
[1.054s] -- Up-to-date symlink: /home/dev_computer/dai_ws/install/depthai_bridge/include//depthai_bridge/TrackedFeaturesConverter.hpp
[1.054s] -- Up-to-date symlink: /home/dev_computer/dai_ws/install/depthai_bridge/include//depthai_bridge/depthaiUtility.hpp
[1.054s] -- Up-to-date symlink: /home/dev_computer/dai_ws/install/depthai_bridge/share/depthai_bridge/rviz/pointCloud.rviz
[1.054s] -- Up-to-date symlink: /home/dev_computer/dai_ws/install/depthai_bridge/share/ament_index/resource_index/package_run_dependencies/depthai_bridge
[1.055s] -- Up-to-date symlink: /home/dev_computer/dai_ws/install/depthai_bridge/share/ament_index/resource_index/parent_prefix_path/depthai_bridge
[1.055s] -- Up-to-date symlink: /home/dev_computer/dai_ws/install/depthai_bridge/share/depthai_bridge/environment/ament_prefix_path.sh
[1.055s] -- Up-to-date symlink: /home/dev_computer/dai_ws/install/depthai_bridge/share/depthai_bridge/environment/ament_prefix_path.dsv
[1.056s] -- Up-to-date symlink: /home/dev_computer/dai_ws/install/depthai_bridge/share/depthai_bridge/environment/path.sh
[1.056s] -- Up-to-date symlink: /home/dev_computer/dai_ws/install/depthai_bridge/share/depthai_bridge/environment/path.dsv
[1.061s] -- Up-to-date symlink: /home/dev_computer/dai_ws/install/depthai_bridge/share/depthai_bridge/local_setup.bash
[1.061s] -- Up-to-date symlink: /home/dev_computer/dai_ws/install/depthai_bridge/share/depthai_bridge/local_setup.sh
[1.062s] -- Up-to-date symlink: /home/dev_computer/dai_ws/install/depthai_bridge/share/depthai_bridge/local_setup.zsh
[1.062s] -- Up-to-date symlink: /home/dev_computer/dai_ws/install/depthai_bridge/share/depthai_bridge/local_setup.dsv
[1.062s] -- Symlinking: /home/dev_computer/dai_ws/install/depthai_bridge/share/depthai_bridge/package.dsv
[1.088s] -- Up-to-date symlink: /home/dev_computer/dai_ws/install/depthai_bridge/share/ament_index/resource_index/packages/depthai_bridge
[1.088s] -- Up-to-date symlink: /home/dev_computer/dai_ws/install/depthai_bridge/share/depthai_bridge/cmake/ament_cmake_export_targets-extras.cmake
[1.095s] -- Up-to-date symlink: /home/dev_computer/dai_ws/install/depthai_bridge/share/depthai_bridge/cmake/ament_cmake_export_include_directories-extras.cmake
[1.101s] -- Up-to-date symlink: /home/dev_computer/dai_ws/install/depthai_bridge/share/depthai_bridge/cmake/ament_cmake_export_libraries-extras.cmake
[1.102s] -- Up-to-date symlink: /home/dev_computer/dai_ws/install/depthai_bridge/share/depthai_bridge/cmake/ament_cmake_export_dependencies-extras.cmake
[1.116s] -- Up-to-date symlink: /home/dev_computer/dai_ws/install/depthai_bridge/share/depthai_bridge/cmake/depthai_bridgeConfig.cmake
[1.117s] -- Up-to-date symlink: /home/dev_computer/dai_ws/install/depthai_bridge/share/depthai_bridge/cmake/depthai_bridgeConfig-version.cmake
[1.117s] -- Up-to-date symlink: /home/dev_computer/dai_ws/install/depthai_bridge/share/depthai_bridge/package.xml
[1.118s] -- Up-to-date: /home/dev_computer/dai_ws/install/depthai_bridge/lib/libdepthai_bridge.so
[1.118s] -- Up-to-date: /home/dev_computer/dai_ws/install/depthai_bridge/share/depthai_bridge/cmake/depthai_bridgeTargets.cmake
[1.118s] -- Up-to-date: /home/dev_computer/dai_ws/install/depthai_bridge/share/depthai_bridge/cmake/depthai_bridgeTargets-noconfig.cmake
[1.119s] -- Up-to-date: /home/dev_computer/dai_ws/install/depthai_bridge/share/depthai_bridge/cmake/depthai_bridgeTargetsExport.cmake
[1.119s] -- Up-to-date: /home/dev_computer/dai_ws/install/depthai_bridge/share/depthai_bridge/cmake/depthai_bridgeTargetsExport-noconfig.cmake
[1.187s] Invoked command in '/home/dev_computer/dai_ws/build/depthai_bridge' returned '0': AMENT_PREFIX_PATH=/home/dev_computer/dai_ws/install/depthai_ros_msgs:${AMENT_PREFIX_PATH} CMAKE_PREFIX_PATH=/home/dev_computer/dai_ws/install/depthai_ros_msgs:/opt/ros/jazzy/opt/gz_sim_vendor:/opt/ros/jazzy/opt/gz_sensors_vendor:/opt/ros/jazzy/opt/gz_physics_vendor:/opt/ros/jazzy/opt/sdformat_vendor:/opt/ros/jazzy/opt/gz_gui_vendor:/opt/ros/jazzy/opt/gz_transport_vendor:/opt/ros/jazzy/opt/gz_rendering_vendor:/opt/ros/jazzy/opt/gz_plugin_vendor:/opt/ros/jazzy/opt/gz_fuel_tools_vendor:/opt/ros/jazzy/opt/gz_msgs_vendor:/opt/ros/jazzy/opt/gz_common_vendor:/opt/ros/jazzy/opt/gz_math_vendor:/opt/ros/jazzy/opt/gz_utils_vendor:/opt/ros/jazzy/opt/gz_tools_vendor:/opt/ros/jazzy/opt/gz_ogre_next_vendor:/opt/ros/jazzy/opt/gz_dartsim_vendor:/opt/ros/jazzy/opt/gz_cmake_vendor:/opt/ros/jazzy DEBUGINFOD_URLS=https://debuginfod.ubuntu.com LD_LIBRARY_PATH=/home/dev_computer/dai_ws/install/depthai_ros_msgs/lib:${LD_LIBRARY_PATH} PYTHONPATH=/home/dev_computer/dai_ws/install/depthai_ros_msgs/lib/python3.12/site-packages:${PYTHONPATH} /usr/bin/cmake --install /home/dev_computer/dai_ws/build/depthai_bridge
