[0.065s] Invoking command in '/home/dev_computer/dai_ws/build/depthai_ros_msgs': CMAKE_PREFIX_PATH=${CMAKE_PREFIX_PATH}:/home/dev_computer/dai_ws/install/spatial_detector:/home/dev_computer/dai_ws/install/detector_subscriber:/home/dev_computer/dai_ws/install/detector:/opt/ros/jazzy DEBUGINFOD_URLS=https://debuginfod.ubuntu.com /usr/bin/cmake --build /home/dev_computer/dai_ws/build/depthai_ros_msgs -- -j8 -l8
[0.624s] [  1%] Built target depthai_ros_msgs__rosidl_generator_type_description
[0.624s] [  1%] Built target ament_cmake_python_symlink_depthai_ros_msgs
[0.626s] [  1%] Built target depthai_ros_msgs__cpp
[0.628s] [ 27%] Built target depthai_ros_msgs__rosidl_generator_c
[0.630s] [ 37%] Built target depthai_ros_msgs__rosidl_typesupport_fastrtps_c
[0.631s] [ 47%] Built target depthai_ros_msgs__rosidl_typesupport_fastrtps_cpp
[0.632s] [ 57%] Built target depthai_ros_msgs__rosidl_typesupport_c
[0.634s] [ 66%] Built target depthai_ros_msgs__rosidl_typesupport_cpp
[0.635s] [ 76%] Built target depthai_ros_msgs__rosidl_typesupport_introspection_c
[0.636s] [ 85%] Built target depthai_ros_msgs__rosidl_typesupport_introspection_cpp
[0.638s] [ 85%] Built target depthai_ros_msgs
[0.639s] [ 86%] Built target depthai_ros_msgs__py
[0.639s] [ 95%] Built target depthai_ros_msgs__rosidl_generator_py
[0.640s] [ 96%] Built target depthai_ros_msgs_s__rosidl_typesupport_fastrtps_c
[0.640s] [ 98%] Built target depthai_ros_msgs_s__rosidl_typesupport_c
[0.640s] [100%] Built target depthai_ros_msgs_s__rosidl_typesupport_introspection_c
[0.790s] running egg_info
[0.827s] writing depthai_ros_msgs.egg-info/PKG-INFO
[0.827s] writing dependency_links to depthai_ros_msgs.egg-info/dependency_links.txt
[0.828s] writing top-level names to depthai_ros_msgs.egg-info/top_level.txt
[0.934s] reading manifest file 'depthai_ros_msgs.egg-info/SOURCES.txt'
[0.935s] writing manifest file 'depthai_ros_msgs.egg-info/SOURCES.txt'
[0.985s] [100%] Built target ament_cmake_python_build_depthai_ros_msgs_egg
[1.109s] Invoked command in '/home/dev_computer/dai_ws/build/depthai_ros_msgs' returned '0': CMAKE_PREFIX_PATH=${CMAKE_PREFIX_PATH}:/home/dev_computer/dai_ws/install/spatial_detector:/home/dev_computer/dai_ws/install/detector_subscriber:/home/dev_computer/dai_ws/install/detector:/opt/ros/jazzy DEBUGINFOD_URLS=https://debuginfod.ubuntu.com /usr/bin/cmake --build /home/dev_computer/dai_ws/build/depthai_ros_msgs -- -j8 -l8
[1.117s] Invoking command in '/home/dev_computer/dai_ws/build/depthai_ros_msgs': CMAKE_PREFIX_PATH=${CMAKE_PREFIX_PATH}:/home/dev_computer/dai_ws/install/spatial_detector:/home/dev_computer/dai_ws/install/detector_subscriber:/home/dev_computer/dai_ws/install/detector:/opt/ros/jazzy DEBUGINFOD_URLS=https://debuginfod.ubuntu.com /usr/bin/cmake --install /home/dev_computer/dai_ws/build/depthai_ros_msgs
[1.137s] -- Install configuration: ""
[1.137s] -- Execute custom install script
[1.138s] -- Up-to-date symlink: /home/dev_computer/dai_ws/install/depthai_ros_msgs/share/ament_index/resource_index/rosidl_interfaces/depthai_ros_msgs
[1.138s] -- Up-to-date symlink: /home/dev_computer/dai_ws/install/depthai_ros_msgs/share/depthai_ros_msgs/msg/AutoFocusCtrl.json
[1.142s] -- Up-to-date symlink: /home/dev_computer/dai_ws/install/depthai_ros_msgs/share/depthai_ros_msgs/msg/HandLandmark.json
[1.142s] -- Up-to-date symlink: /home/dev_computer/dai_ws/install/depthai_ros_msgs/share/depthai_ros_msgs/msg/HandLandmarkArray.json
[1.143s] -- Up-to-date symlink: /home/dev_computer/dai_ws/install/depthai_ros_msgs/share/depthai_ros_msgs/msg/ImuWithMagneticField.json
[1.145s] -- Up-to-date symlink: /home/dev_computer/dai_ws/install/depthai_ros_msgs/share/depthai_ros_msgs/msg/TrackedFeature.json
[1.147s] -- Up-to-date symlink: /home/dev_computer/dai_ws/install/depthai_ros_msgs/share/depthai_ros_msgs/msg/TrackedFeatures.json
[1.154s] -- Up-to-date symlink: /home/dev_computer/dai_ws/install/depthai_ros_msgs/share/depthai_ros_msgs/msg/SpatialDetection.json
[1.155s] -- Up-to-date symlink: /home/dev_computer/dai_ws/install/depthai_ros_msgs/share/depthai_ros_msgs/msg/SpatialDetectionArray.json
[1.155s] -- Up-to-date symlink: /home/dev_computer/dai_ws/install/depthai_ros_msgs/share/depthai_ros_msgs/msg/TrackDetection2D.json
[1.155s] -- Up-to-date symlink: /home/dev_computer/dai_ws/install/depthai_ros_msgs/share/depthai_ros_msgs/msg/TrackDetection2DArray.json
[1.155s] -- Up-to-date symlink: /home/dev_computer/dai_ws/install/depthai_ros_msgs/share/depthai_ros_msgs/srv/TriggerNamed.json
[1.155s] -- Up-to-date symlink: /home/dev_computer/dai_ws/install/depthai_ros_msgs/share/depthai_ros_msgs/srv/NormalizedImageCrop.json
[1.163s] -- Up-to-date symlink: /home/dev_computer/dai_ws/install/depthai_ros_msgs/include/depthai_ros_msgs/depthai_ros_msgs/msg/auto_focus_ctrl.h
[1.163s] -- Up-to-date symlink: /home/dev_computer/dai_ws/install/depthai_ros_msgs/include/depthai_ros_msgs/depthai_ros_msgs/msg/detail/auto_focus_ctrl__functions.h
[1.164s] -- Up-to-date symlink: /home/dev_computer/dai_ws/install/depthai_ros_msgs/include/depthai_ros_msgs/depthai_ros_msgs/msg/detail/auto_focus_ctrl__struct.h
[1.164s] -- Up-to-date symlink: /home/dev_computer/dai_ws/install/depthai_ros_msgs/include/depthai_ros_msgs/depthai_ros_msgs/msg/detail/auto_focus_ctrl__type_support.h
[1.164s] -- Up-to-date symlink: /home/dev_computer/dai_ws/install/depthai_ros_msgs/include/depthai_ros_msgs/depthai_ros_msgs/msg/detail/hand_landmark__functions.h
[1.166s] -- Up-to-date symlink: /home/dev_computer/dai_ws/install/depthai_ros_msgs/include/depthai_ros_msgs/depthai_ros_msgs/msg/detail/hand_landmark__struct.h
[1.167s] -- Up-to-date symlink: /home/dev_computer/dai_ws/install/depthai_ros_msgs/include/depthai_ros_msgs/depthai_ros_msgs/msg/detail/hand_landmark__type_support.h
[1.168s] -- Up-to-date symlink: /home/dev_computer/dai_ws/install/depthai_ros_msgs/include/depthai_ros_msgs/depthai_ros_msgs/msg/detail/hand_landmark_array__functions.h
[1.168s] -- Up-to-date symlink: /home/dev_computer/dai_ws/install/depthai_ros_msgs/include/depthai_ros_msgs/depthai_ros_msgs/msg/detail/hand_landmark_array__struct.h
[1.173s] -- Up-to-date symlink: /home/dev_computer/dai_ws/install/depthai_ros_msgs/include/depthai_ros_msgs/depthai_ros_msgs/msg/detail/hand_landmark_array__type_support.h
[1.174s] -- Up-to-date symlink: /home/dev_computer/dai_ws/install/depthai_ros_msgs/include/depthai_ros_msgs/depthai_ros_msgs/msg/detail/imu_with_magnetic_field__functions.h
[1.175s] -- Up-to-date symlink: /home/dev_computer/dai_ws/install/depthai_ros_msgs/include/depthai_ros_msgs/depthai_ros_msgs/msg/detail/imu_with_magnetic_field__struct.h
[1.179s] -- Up-to-date symlink: /home/dev_computer/dai_ws/install/depthai_ros_msgs/include/depthai_ros_msgs/depthai_ros_msgs/msg/detail/imu_with_magnetic_field__type_support.h
[1.179s] -- Up-to-date symlink: /home/dev_computer/dai_ws/install/depthai_ros_msgs/include/depthai_ros_msgs/depthai_ros_msgs/msg/detail/spatial_detection__functions.h
[1.180s] -- Up-to-date symlink: /home/dev_computer/dai_ws/install/depthai_ros_msgs/include/depthai_ros_msgs/depthai_ros_msgs/msg/detail/spatial_detection__struct.h
[1.180s] -- Up-to-date symlink: /home/dev_computer/dai_ws/install/depthai_ros_msgs/include/depthai_ros_msgs/depthai_ros_msgs/msg/detail/spatial_detection__type_support.h
[1.180s] -- Up-to-date symlink: /home/dev_computer/dai_ws/install/depthai_ros_msgs/include/depthai_ros_msgs/depthai_ros_msgs/msg/detail/spatial_detection_array__functions.h
[1.180s] -- Up-to-date symlink: /home/dev_computer/dai_ws/install/depthai_ros_msgs/include/depthai_ros_msgs/depthai_ros_msgs/msg/detail/spatial_detection_array__struct.h
[1.180s] -- Up-to-date symlink: /home/dev_computer/dai_ws/install/depthai_ros_msgs/include/depthai_ros_msgs/depthai_ros_msgs/msg/detail/spatial_detection_array__type_support.h
[1.184s] -- Up-to-date symlink: /home/dev_computer/dai_ws/install/depthai_ros_msgs/include/depthai_ros_msgs/depthai_ros_msgs/msg/detail/track_detection2_d__functions.h
[1.189s] -- Up-to-date symlink: /home/dev_computer/dai_ws/install/depthai_ros_msgs/include/depthai_ros_msgs/depthai_ros_msgs/msg/detail/track_detection2_d__struct.h
[1.189s] -- Up-to-date symlink: /home/dev_computer/dai_ws/install/depthai_ros_msgs/include/depthai_ros_msgs/depthai_ros_msgs/msg/detail/track_detection2_d__type_support.h
[1.189s] -- Up-to-date symlink: /home/dev_computer/dai_ws/install/depthai_ros_msgs/include/depthai_ros_msgs/depthai_ros_msgs/msg/detail/track_detection2_d_array__functions.h
[1.192s] -- Up-to-date symlink: /home/dev_computer/dai_ws/install/depthai_ros_msgs/include/depthai_ros_msgs/depthai_ros_msgs/msg/detail/track_detection2_d_array__struct.h
[1.192s] -- Up-to-date symlink: /home/dev_computer/dai_ws/install/depthai_ros_msgs/include/depthai_ros_msgs/depthai_ros_msgs/msg/detail/track_detection2_d_array__type_support.h
[1.192s] -- Up-to-date symlink: /home/dev_computer/dai_ws/install/depthai_ros_msgs/include/depthai_ros_msgs/depthai_ros_msgs/msg/detail/tracked_feature__functions.h
[1.193s] -- Up-to-date symlink: /home/dev_computer/dai_ws/install/depthai_ros_msgs/include/depthai_ros_msgs/depthai_ros_msgs/msg/detail/tracked_feature__struct.h
[1.193s] -- Up-to-date symlink: /home/dev_computer/dai_ws/install/depthai_ros_msgs/include/depthai_ros_msgs/depthai_ros_msgs/msg/detail/tracked_feature__type_support.h
[1.193s] -- Up-to-date symlink: /home/dev_computer/dai_ws/install/depthai_ros_msgs/include/depthai_ros_msgs/depthai_ros_msgs/msg/detail/tracked_features__functions.h
[1.193s] -- Up-to-date symlink: /home/dev_computer/dai_ws/install/depthai_ros_msgs/include/depthai_ros_msgs/depthai_ros_msgs/msg/detail/tracked_features__struct.h
[1.193s] -- Up-to-date symlink: /home/dev_computer/dai_ws/install/depthai_ros_msgs/include/depthai_ros_msgs/depthai_ros_msgs/msg/detail/tracked_features__type_support.h
[1.194s] -- Up-to-date symlink: /home/dev_computer/dai_ws/install/depthai_ros_msgs/include/depthai_ros_msgs/depthai_ros_msgs/msg/hand_landmark.h
[1.194s] -- Up-to-date symlink: /home/dev_computer/dai_ws/install/depthai_ros_msgs/include/depthai_ros_msgs/depthai_ros_msgs/msg/hand_landmark_array.h
[1.194s] -- Up-to-date symlink: /home/dev_computer/dai_ws/install/depthai_ros_msgs/include/depthai_ros_msgs/depthai_ros_msgs/msg/imu_with_magnetic_field.h
[1.199s] -- Up-to-date symlink: /home/dev_computer/dai_ws/install/depthai_ros_msgs/include/depthai_ros_msgs/depthai_ros_msgs/msg/rosidl_generator_c__visibility_control.h
[1.199s] -- Up-to-date symlink: /home/dev_computer/dai_ws/install/depthai_ros_msgs/include/depthai_ros_msgs/depthai_ros_msgs/msg/spatial_detection.h
[1.200s] -- Up-to-date symlink: /home/dev_computer/dai_ws/install/depthai_ros_msgs/include/depthai_ros_msgs/depthai_ros_msgs/msg/spatial_detection_array.h
[1.200s] -- Up-to-date symlink: /home/dev_computer/dai_ws/install/depthai_ros_msgs/include/depthai_ros_msgs/depthai_ros_msgs/msg/track_detection2_d.h
[1.200s] -- Up-to-date symlink: /home/dev_computer/dai_ws/install/depthai_ros_msgs/include/depthai_ros_msgs/depthai_ros_msgs/msg/track_detection2_d_array.h
[1.200s] -- Up-to-date symlink: /home/dev_computer/dai_ws/install/depthai_ros_msgs/include/depthai_ros_msgs/depthai_ros_msgs/msg/tracked_feature.h
[1.200s] -- Up-to-date symlink: /home/dev_computer/dai_ws/install/depthai_ros_msgs/include/depthai_ros_msgs/depthai_ros_msgs/msg/tracked_features.h
[1.208s] -- Up-to-date symlink: /home/dev_computer/dai_ws/install/depthai_ros_msgs/include/depthai_ros_msgs/depthai_ros_msgs/srv/detail/normalized_image_crop__functions.h
[1.211s] -- Up-to-date symlink: /home/dev_computer/dai_ws/install/depthai_ros_msgs/include/depthai_ros_msgs/depthai_ros_msgs/srv/detail/normalized_image_crop__struct.h
[1.212s] -- Up-to-date symlink: /home/dev_computer/dai_ws/install/depthai_ros_msgs/include/depthai_ros_msgs/depthai_ros_msgs/srv/detail/normalized_image_crop__type_support.h
[1.212s] -- Up-to-date symlink: /home/dev_computer/dai_ws/install/depthai_ros_msgs/include/depthai_ros_msgs/depthai_ros_msgs/srv/detail/trigger_named__functions.h
[1.212s] -- Up-to-date symlink: /home/dev_computer/dai_ws/install/depthai_ros_msgs/include/depthai_ros_msgs/depthai_ros_msgs/srv/detail/trigger_named__struct.h
[1.212s] -- Up-to-date symlink: /home/dev_computer/dai_ws/install/depthai_ros_msgs/include/depthai_ros_msgs/depthai_ros_msgs/srv/detail/trigger_named__type_support.h
[1.212s] -- Up-to-date symlink: /home/dev_computer/dai_ws/install/depthai_ros_msgs/include/depthai_ros_msgs/depthai_ros_msgs/srv/normalized_image_crop.h
[1.213s] -- Up-to-date symlink: /home/dev_computer/dai_ws/install/depthai_ros_msgs/include/depthai_ros_msgs/depthai_ros_msgs/srv/trigger_named.h
[1.213s] -- Up-to-date symlink: /home/dev_computer/dai_ws/install/depthai_ros_msgs/share/depthai_ros_msgs/environment/library_path.sh
[1.213s] -- Up-to-date symlink: /home/dev_computer/dai_ws/install/depthai_ros_msgs/share/depthai_ros_msgs/environment/library_path.dsv
[1.213s] -- Up-to-date symlink: /home/dev_computer/dai_ws/install/depthai_ros_msgs/include/depthai_ros_msgs/depthai_ros_msgs/msg/detail/auto_focus_ctrl__rosidl_typesupport_fastrtps_c.h
[1.213s] -- Up-to-date symlink: /home/dev_computer/dai_ws/install/depthai_ros_msgs/include/depthai_ros_msgs/depthai_ros_msgs/msg/detail/hand_landmark__rosidl_typesupport_fastrtps_c.h
[1.213s] -- Up-to-date symlink: /home/dev_computer/dai_ws/install/depthai_ros_msgs/include/depthai_ros_msgs/depthai_ros_msgs/msg/detail/hand_landmark_array__rosidl_typesupport_fastrtps_c.h
[1.214s] -- Up-to-date symlink: /home/dev_computer/dai_ws/install/depthai_ros_msgs/include/depthai_ros_msgs/depthai_ros_msgs/msg/detail/imu_with_magnetic_field__rosidl_typesupport_fastrtps_c.h
[1.214s] -- Up-to-date symlink: /home/dev_computer/dai_ws/install/depthai_ros_msgs/include/depthai_ros_msgs/depthai_ros_msgs/msg/detail/spatial_detection__rosidl_typesupport_fastrtps_c.h
[1.214s] -- Up-to-date symlink: /home/dev_computer/dai_ws/install/depthai_ros_msgs/include/depthai_ros_msgs/depthai_ros_msgs/msg/detail/spatial_detection_array__rosidl_typesupport_fastrtps_c.h
[1.214s] -- Up-to-date symlink: /home/dev_computer/dai_ws/install/depthai_ros_msgs/include/depthai_ros_msgs/depthai_ros_msgs/msg/detail/track_detection2_d__rosidl_typesupport_fastrtps_c.h
[1.214s] -- Up-to-date symlink: /home/dev_computer/dai_ws/install/depthai_ros_msgs/include/depthai_ros_msgs/depthai_ros_msgs/msg/detail/track_detection2_d_array__rosidl_typesupport_fastrtps_c.h
[1.220s] -- Up-to-date symlink: /home/dev_computer/dai_ws/install/depthai_ros_msgs/include/depthai_ros_msgs/depthai_ros_msgs/msg/detail/tracked_feature__rosidl_typesupport_fastrtps_c.h
[1.223s] -- Up-to-date symlink: /home/dev_computer/dai_ws/install/depthai_ros_msgs/include/depthai_ros_msgs/depthai_ros_msgs/msg/detail/tracked_features__rosidl_typesupport_fastrtps_c.h
[1.223s] -- Up-to-date symlink: /home/dev_computer/dai_ws/install/depthai_ros_msgs/include/depthai_ros_msgs/depthai_ros_msgs/msg/rosidl_typesupport_fastrtps_c__visibility_control.h
[1.229s] -- Up-to-date symlink: /home/dev_computer/dai_ws/install/depthai_ros_msgs/include/depthai_ros_msgs/depthai_ros_msgs/srv/detail/normalized_image_crop__rosidl_typesupport_fastrtps_c.h
[1.229s] -- Up-to-date symlink: /home/dev_computer/dai_ws/install/depthai_ros_msgs/include/depthai_ros_msgs/depthai_ros_msgs/srv/detail/trigger_named__rosidl_typesupport_fastrtps_c.h
[1.229s] -- Up-to-date symlink: /home/dev_computer/dai_ws/install/depthai_ros_msgs/include/depthai_ros_msgs/depthai_ros_msgs/msg/auto_focus_ctrl.hpp
[1.230s] -- Up-to-date symlink: /home/dev_computer/dai_ws/install/depthai_ros_msgs/include/depthai_ros_msgs/depthai_ros_msgs/msg/detail/auto_focus_ctrl__builder.hpp
[1.231s] -- Up-to-date symlink: /home/dev_computer/dai_ws/install/depthai_ros_msgs/include/depthai_ros_msgs/depthai_ros_msgs/msg/detail/auto_focus_ctrl__struct.hpp
[1.231s] -- Up-to-date symlink: /home/dev_computer/dai_ws/install/depthai_ros_msgs/include/depthai_ros_msgs/depthai_ros_msgs/msg/detail/auto_focus_ctrl__traits.hpp
[1.231s] -- Up-to-date symlink: /home/dev_computer/dai_ws/install/depthai_ros_msgs/include/depthai_ros_msgs/depthai_ros_msgs/msg/detail/auto_focus_ctrl__type_support.hpp
[1.233s] -- Up-to-date symlink: /home/dev_computer/dai_ws/install/depthai_ros_msgs/include/depthai_ros_msgs/depthai_ros_msgs/msg/detail/hand_landmark__builder.hpp
[1.233s] -- Up-to-date symlink: /home/dev_computer/dai_ws/install/depthai_ros_msgs/include/depthai_ros_msgs/depthai_ros_msgs/msg/detail/hand_landmark__struct.hpp
[1.234s] -- Up-to-date symlink: /home/dev_computer/dai_ws/install/depthai_ros_msgs/include/depthai_ros_msgs/depthai_ros_msgs/msg/detail/hand_landmark__traits.hpp
[1.234s] -- Up-to-date symlink: /home/dev_computer/dai_ws/install/depthai_ros_msgs/include/depthai_ros_msgs/depthai_ros_msgs/msg/detail/hand_landmark__type_support.hpp
[1.235s] -- Up-to-date symlink: /home/dev_computer/dai_ws/install/depthai_ros_msgs/include/depthai_ros_msgs/depthai_ros_msgs/msg/detail/hand_landmark_array__builder.hpp
[1.235s] -- Up-to-date symlink: /home/dev_computer/dai_ws/install/depthai_ros_msgs/include/depthai_ros_msgs/depthai_ros_msgs/msg/detail/hand_landmark_array__struct.hpp
[1.235s] -- Up-to-date symlink: /home/dev_computer/dai_ws/install/depthai_ros_msgs/include/depthai_ros_msgs/depthai_ros_msgs/msg/detail/hand_landmark_array__traits.hpp
[1.236s] -- Up-to-date symlink: /home/dev_computer/dai_ws/install/depthai_ros_msgs/include/depthai_ros_msgs/depthai_ros_msgs/msg/detail/hand_landmark_array__type_support.hpp
[1.236s] -- Up-to-date symlink: /home/dev_computer/dai_ws/install/depthai_ros_msgs/include/depthai_ros_msgs/depthai_ros_msgs/msg/detail/imu_with_magnetic_field__builder.hpp
[1.242s] -- Up-to-date symlink: /home/dev_computer/dai_ws/install/depthai_ros_msgs/include/depthai_ros_msgs/depthai_ros_msgs/msg/detail/imu_with_magnetic_field__struct.hpp
[1.243s] -- Up-to-date symlink: /home/dev_computer/dai_ws/install/depthai_ros_msgs/include/depthai_ros_msgs/depthai_ros_msgs/msg/detail/imu_with_magnetic_field__traits.hpp
[1.244s] -- Up-to-date symlink: /home/dev_computer/dai_ws/install/depthai_ros_msgs/include/depthai_ros_msgs/depthai_ros_msgs/msg/detail/imu_with_magnetic_field__type_support.hpp
[1.246s] -- Up-to-date symlink: /home/dev_computer/dai_ws/install/depthai_ros_msgs/include/depthai_ros_msgs/depthai_ros_msgs/msg/detail/spatial_detection__builder.hpp
[1.248s] -- Up-to-date symlink: /home/dev_computer/dai_ws/install/depthai_ros_msgs/include/depthai_ros_msgs/depthai_ros_msgs/msg/detail/spatial_detection__struct.hpp
[1.248s] -- Up-to-date symlink: /home/dev_computer/dai_ws/install/depthai_ros_msgs/include/depthai_ros_msgs/depthai_ros_msgs/msg/detail/spatial_detection__traits.hpp
[1.249s] -- Up-to-date symlink: /home/dev_computer/dai_ws/install/depthai_ros_msgs/include/depthai_ros_msgs/depthai_ros_msgs/msg/detail/spatial_detection__type_support.hpp
[1.249s] -- Up-to-date symlink: /home/dev_computer/dai_ws/install/depthai_ros_msgs/include/depthai_ros_msgs/depthai_ros_msgs/msg/detail/spatial_detection_array__builder.hpp
[1.249s] -- Up-to-date symlink: /home/dev_computer/dai_ws/install/depthai_ros_msgs/include/depthai_ros_msgs/depthai_ros_msgs/msg/detail/spatial_detection_array__struct.hpp
[1.250s] -- Up-to-date symlink: /home/dev_computer/dai_ws/install/depthai_ros_msgs/include/depthai_ros_msgs/depthai_ros_msgs/msg/detail/spatial_detection_array__traits.hpp
[1.250s] -- Up-to-date symlink: /home/dev_computer/dai_ws/install/depthai_ros_msgs/include/depthai_ros_msgs/depthai_ros_msgs/msg/detail/spatial_detection_array__type_support.hpp
[1.250s] -- Up-to-date symlink: /home/dev_computer/dai_ws/install/depthai_ros_msgs/include/depthai_ros_msgs/depthai_ros_msgs/msg/detail/track_detection2_d__builder.hpp
[1.250s] -- Up-to-date symlink: /home/dev_computer/dai_ws/install/depthai_ros_msgs/include/depthai_ros_msgs/depthai_ros_msgs/msg/detail/track_detection2_d__struct.hpp
[1.251s] -- Up-to-date symlink: /home/dev_computer/dai_ws/install/depthai_ros_msgs/include/depthai_ros_msgs/depthai_ros_msgs/msg/detail/track_detection2_d__traits.hpp
[1.251s] -- Up-to-date symlink: /home/dev_computer/dai_ws/install/depthai_ros_msgs/include/depthai_ros_msgs/depthai_ros_msgs/msg/detail/track_detection2_d__type_support.hpp
[1.252s] -- Up-to-date symlink: /home/dev_computer/dai_ws/install/depthai_ros_msgs/include/depthai_ros_msgs/depthai_ros_msgs/msg/detail/track_detection2_d_array__builder.hpp
[1.252s] -- Up-to-date symlink: /home/dev_computer/dai_ws/install/depthai_ros_msgs/include/depthai_ros_msgs/depthai_ros_msgs/msg/detail/track_detection2_d_array__struct.hpp
[1.252s] -- Up-to-date symlink: /home/dev_computer/dai_ws/install/depthai_ros_msgs/include/depthai_ros_msgs/depthai_ros_msgs/msg/detail/track_detection2_d_array__traits.hpp
[1.253s] -- Up-to-date symlink: /home/dev_computer/dai_ws/install/depthai_ros_msgs/include/depthai_ros_msgs/depthai_ros_msgs/msg/detail/track_detection2_d_array__type_support.hpp
[1.253s] -- Up-to-date symlink: /home/dev_computer/dai_ws/install/depthai_ros_msgs/include/depthai_ros_msgs/depthai_ros_msgs/msg/detail/tracked_feature__builder.hpp
[1.253s] -- Up-to-date symlink: /home/dev_computer/dai_ws/install/depthai_ros_msgs/include/depthai_ros_msgs/depthai_ros_msgs/msg/detail/tracked_feature__struct.hpp
[1.254s] -- Up-to-date symlink: /home/dev_computer/dai_ws/install/depthai_ros_msgs/include/depthai_ros_msgs/depthai_ros_msgs/msg/detail/tracked_feature__traits.hpp
[1.254s] -- Up-to-date symlink: /home/dev_computer/dai_ws/install/depthai_ros_msgs/include/depthai_ros_msgs/depthai_ros_msgs/msg/detail/tracked_feature__type_support.hpp
[1.254s] -- Up-to-date symlink: /home/dev_computer/dai_ws/install/depthai_ros_msgs/include/depthai_ros_msgs/depthai_ros_msgs/msg/detail/tracked_features__builder.hpp
[1.256s] -- Up-to-date symlink: /home/dev_computer/dai_ws/install/depthai_ros_msgs/include/depthai_ros_msgs/depthai_ros_msgs/msg/detail/tracked_features__struct.hpp
[1.258s] -- Up-to-date symlink: /home/dev_computer/dai_ws/install/depthai_ros_msgs/include/depthai_ros_msgs/depthai_ros_msgs/msg/detail/tracked_features__traits.hpp
[1.258s] -- Up-to-date symlink: /home/dev_computer/dai_ws/install/depthai_ros_msgs/include/depthai_ros_msgs/depthai_ros_msgs/msg/detail/tracked_features__type_support.hpp
[1.258s] -- Up-to-date symlink: /home/dev_computer/dai_ws/install/depthai_ros_msgs/include/depthai_ros_msgs/depthai_ros_msgs/msg/hand_landmark.hpp
[1.258s] -- Up-to-date symlink: /home/dev_computer/dai_ws/install/depthai_ros_msgs/include/depthai_ros_msgs/depthai_ros_msgs/msg/hand_landmark_array.hpp
[1.258s] -- Up-to-date symlink: /home/dev_computer/dai_ws/install/depthai_ros_msgs/include/depthai_ros_msgs/depthai_ros_msgs/msg/imu_with_magnetic_field.hpp
[1.259s] -- Up-to-date symlink: /home/dev_computer/dai_ws/install/depthai_ros_msgs/include/depthai_ros_msgs/depthai_ros_msgs/msg/rosidl_generator_cpp__visibility_control.hpp
[1.259s] -- Up-to-date symlink: /home/dev_computer/dai_ws/install/depthai_ros_msgs/include/depthai_ros_msgs/depthai_ros_msgs/msg/spatial_detection.hpp
[1.261s] -- Up-to-date symlink: /home/dev_computer/dai_ws/install/depthai_ros_msgs/include/depthai_ros_msgs/depthai_ros_msgs/msg/spatial_detection_array.hpp
[1.264s] -- Up-to-date symlink: /home/dev_computer/dai_ws/install/depthai_ros_msgs/include/depthai_ros_msgs/depthai_ros_msgs/msg/track_detection2_d.hpp
[1.265s] -- Up-to-date symlink: /home/dev_computer/dai_ws/install/depthai_ros_msgs/include/depthai_ros_msgs/depthai_ros_msgs/msg/track_detection2_d_array.hpp
[1.265s] -- Up-to-date symlink: /home/dev_computer/dai_ws/install/depthai_ros_msgs/include/depthai_ros_msgs/depthai_ros_msgs/msg/tracked_feature.hpp
[1.265s] -- Up-to-date symlink: /home/dev_computer/dai_ws/install/depthai_ros_msgs/include/depthai_ros_msgs/depthai_ros_msgs/msg/tracked_features.hpp
[1.265s] -- Up-to-date symlink: /home/dev_computer/dai_ws/install/depthai_ros_msgs/include/depthai_ros_msgs/depthai_ros_msgs/srv/detail/normalized_image_crop__builder.hpp
[1.265s] -- Up-to-date symlink: /home/dev_computer/dai_ws/install/depthai_ros_msgs/include/depthai_ros_msgs/depthai_ros_msgs/srv/detail/normalized_image_crop__struct.hpp
[1.266s] -- Up-to-date symlink: /home/dev_computer/dai_ws/install/depthai_ros_msgs/include/depthai_ros_msgs/depthai_ros_msgs/srv/detail/normalized_image_crop__traits.hpp
[1.270s] -- Up-to-date symlink: /home/dev_computer/dai_ws/install/depthai_ros_msgs/include/depthai_ros_msgs/depthai_ros_msgs/srv/detail/normalized_image_crop__type_support.hpp
[1.270s] -- Up-to-date symlink: /home/dev_computer/dai_ws/install/depthai_ros_msgs/include/depthai_ros_msgs/depthai_ros_msgs/srv/detail/trigger_named__builder.hpp
[1.270s] -- Up-to-date symlink: /home/dev_computer/dai_ws/install/depthai_ros_msgs/include/depthai_ros_msgs/depthai_ros_msgs/srv/detail/trigger_named__struct.hpp
[1.271s] -- Up-to-date symlink: /home/dev_computer/dai_ws/install/depthai_ros_msgs/include/depthai_ros_msgs/depthai_ros_msgs/srv/detail/trigger_named__traits.hpp
[1.271s] -- Up-to-date symlink: /home/dev_computer/dai_ws/install/depthai_ros_msgs/include/depthai_ros_msgs/depthai_ros_msgs/srv/detail/trigger_named__type_support.hpp
[1.271s] -- Up-to-date symlink: /home/dev_computer/dai_ws/install/depthai_ros_msgs/include/depthai_ros_msgs/depthai_ros_msgs/srv/normalized_image_crop.hpp
[1.271s] -- Up-to-date symlink: /home/dev_computer/dai_ws/install/depthai_ros_msgs/include/depthai_ros_msgs/depthai_ros_msgs/srv/trigger_named.hpp
[1.271s] -- Up-to-date symlink: /home/dev_computer/dai_ws/install/depthai_ros_msgs/include/depthai_ros_msgs/depthai_ros_msgs/msg/detail/auto_focus_ctrl__rosidl_typesupport_fastrtps_cpp.hpp
[1.272s] -- Up-to-date symlink: /home/dev_computer/dai_ws/install/depthai_ros_msgs/include/depthai_ros_msgs/depthai_ros_msgs/msg/detail/hand_landmark__rosidl_typesupport_fastrtps_cpp.hpp
[1.272s] -- Up-to-date symlink: /home/dev_computer/dai_ws/install/depthai_ros_msgs/include/depthai_ros_msgs/depthai_ros_msgs/msg/detail/hand_landmark_array__rosidl_typesupport_fastrtps_cpp.hpp
[1.272s] -- Up-to-date symlink: /home/dev_computer/dai_ws/install/depthai_ros_msgs/include/depthai_ros_msgs/depthai_ros_msgs/msg/detail/imu_with_magnetic_field__rosidl_typesupport_fastrtps_cpp.hpp
[1.277s] -- Up-to-date symlink: /home/dev_computer/dai_ws/install/depthai_ros_msgs/include/depthai_ros_msgs/depthai_ros_msgs/msg/detail/spatial_detection__rosidl_typesupport_fastrtps_cpp.hpp
[1.277s] -- Up-to-date symlink: /home/dev_computer/dai_ws/install/depthai_ros_msgs/include/depthai_ros_msgs/depthai_ros_msgs/msg/detail/spatial_detection_array__rosidl_typesupport_fastrtps_cpp.hpp
[1.278s] -- Up-to-date symlink: /home/dev_computer/dai_ws/install/depthai_ros_msgs/include/depthai_ros_msgs/depthai_ros_msgs/msg/detail/track_detection2_d__rosidl_typesupport_fastrtps_cpp.hpp
[1.279s] -- Up-to-date symlink: /home/dev_computer/dai_ws/install/depthai_ros_msgs/include/depthai_ros_msgs/depthai_ros_msgs/msg/detail/track_detection2_d_array__rosidl_typesupport_fastrtps_cpp.hpp
[1.280s] -- Up-to-date symlink: /home/dev_computer/dai_ws/install/depthai_ros_msgs/include/depthai_ros_msgs/depthai_ros_msgs/msg/detail/tracked_feature__rosidl_typesupport_fastrtps_cpp.hpp
[1.281s] -- Up-to-date symlink: /home/dev_computer/dai_ws/install/depthai_ros_msgs/include/depthai_ros_msgs/depthai_ros_msgs/msg/detail/tracked_features__rosidl_typesupport_fastrtps_cpp.hpp
[1.281s] -- Up-to-date symlink: /home/dev_computer/dai_ws/install/depthai_ros_msgs/include/depthai_ros_msgs/depthai_ros_msgs/msg/rosidl_typesupport_fastrtps_cpp__visibility_control.h
[1.282s] -- Up-to-date symlink: /home/dev_computer/dai_ws/install/depthai_ros_msgs/include/depthai_ros_msgs/depthai_ros_msgs/srv/detail/normalized_image_crop__rosidl_typesupport_fastrtps_cpp.hpp
[1.282s] -- Up-to-date symlink: /home/dev_computer/dai_ws/install/depthai_ros_msgs/include/depthai_ros_msgs/depthai_ros_msgs/srv/detail/trigger_named__rosidl_typesupport_fastrtps_cpp.hpp
[1.283s] -- Up-to-date symlink: /home/dev_computer/dai_ws/install/depthai_ros_msgs/include/depthai_ros_msgs/depthai_ros_msgs/msg/detail/auto_focus_ctrl__rosidl_typesupport_introspection_c.h
[1.284s] -- Up-to-date symlink: /home/dev_computer/dai_ws/install/depthai_ros_msgs/include/depthai_ros_msgs/depthai_ros_msgs/msg/detail/hand_landmark__rosidl_typesupport_introspection_c.h
[1.284s] -- Up-to-date symlink: /home/dev_computer/dai_ws/install/depthai_ros_msgs/include/depthai_ros_msgs/depthai_ros_msgs/msg/detail/hand_landmark_array__rosidl_typesupport_introspection_c.h
[1.285s] -- Up-to-date symlink: /home/dev_computer/dai_ws/install/depthai_ros_msgs/include/depthai_ros_msgs/depthai_ros_msgs/msg/detail/imu_with_magnetic_field__rosidl_typesupport_introspection_c.h
[1.286s] -- Up-to-date symlink: /home/dev_computer/dai_ws/install/depthai_ros_msgs/include/depthai_ros_msgs/depthai_ros_msgs/msg/detail/spatial_detection__rosidl_typesupport_introspection_c.h
[1.286s] -- Up-to-date symlink: /home/dev_computer/dai_ws/install/depthai_ros_msgs/include/depthai_ros_msgs/depthai_ros_msgs/msg/detail/spatial_detection_array__rosidl_typesupport_introspection_c.h
[1.286s] -- Up-to-date symlink: /home/dev_computer/dai_ws/install/depthai_ros_msgs/include/depthai_ros_msgs/depthai_ros_msgs/msg/detail/track_detection2_d__rosidl_typesupport_introspection_c.h
[1.286s] -- Up-to-date symlink: /home/dev_computer/dai_ws/install/depthai_ros_msgs/include/depthai_ros_msgs/depthai_ros_msgs/msg/detail/track_detection2_d_array__rosidl_typesupport_introspection_c.h
[1.287s] -- Up-to-date symlink: /home/dev_computer/dai_ws/install/depthai_ros_msgs/include/depthai_ros_msgs/depthai_ros_msgs/msg/detail/tracked_feature__rosidl_typesupport_introspection_c.h
[1.287s] -- Up-to-date symlink: /home/dev_computer/dai_ws/install/depthai_ros_msgs/include/depthai_ros_msgs/depthai_ros_msgs/msg/detail/tracked_features__rosidl_typesupport_introspection_c.h
[1.287s] -- Up-to-date symlink: /home/dev_computer/dai_ws/install/depthai_ros_msgs/include/depthai_ros_msgs/depthai_ros_msgs/msg/rosidl_typesupport_introspection_c__visibility_control.h
[1.288s] -- Up-to-date symlink: /home/dev_computer/dai_ws/install/depthai_ros_msgs/include/depthai_ros_msgs/depthai_ros_msgs/srv/detail/normalized_image_crop__rosidl_typesupport_introspection_c.h
[1.290s] -- Up-to-date symlink: /home/dev_computer/dai_ws/install/depthai_ros_msgs/include/depthai_ros_msgs/depthai_ros_msgs/srv/detail/trigger_named__rosidl_typesupport_introspection_c.h
[1.290s] -- Up-to-date symlink: /home/dev_computer/dai_ws/install/depthai_ros_msgs/include/depthai_ros_msgs/depthai_ros_msgs/msg/detail/auto_focus_ctrl__rosidl_typesupport_introspection_cpp.hpp
[1.291s] -- Up-to-date symlink: /home/dev_computer/dai_ws/install/depthai_ros_msgs/include/depthai_ros_msgs/depthai_ros_msgs/msg/detail/hand_landmark__rosidl_typesupport_introspection_cpp.hpp
[1.291s] -- Up-to-date symlink: /home/dev_computer/dai_ws/install/depthai_ros_msgs/include/depthai_ros_msgs/depthai_ros_msgs/msg/detail/hand_landmark_array__rosidl_typesupport_introspection_cpp.hpp
[1.292s] -- Up-to-date symlink: /home/dev_computer/dai_ws/install/depthai_ros_msgs/include/depthai_ros_msgs/depthai_ros_msgs/msg/detail/imu_with_magnetic_field__rosidl_typesupport_introspection_cpp.hpp
[1.293s] -- Up-to-date symlink: /home/dev_computer/dai_ws/install/depthai_ros_msgs/include/depthai_ros_msgs/depthai_ros_msgs/msg/detail/spatial_detection__rosidl_typesupport_introspection_cpp.hpp
[1.293s] -- Up-to-date symlink: /home/dev_computer/dai_ws/install/depthai_ros_msgs/include/depthai_ros_msgs/depthai_ros_msgs/msg/detail/spatial_detection_array__rosidl_typesupport_introspection_cpp.hpp
[1.293s] -- Up-to-date symlink: /home/dev_computer/dai_ws/install/depthai_ros_msgs/include/depthai_ros_msgs/depthai_ros_msgs/msg/detail/track_detection2_d__rosidl_typesupport_introspection_cpp.hpp
[1.294s] -- Up-to-date symlink: /home/dev_computer/dai_ws/install/depthai_ros_msgs/include/depthai_ros_msgs/depthai_ros_msgs/msg/detail/track_detection2_d_array__rosidl_typesupport_introspection_cpp.hpp
[1.294s] -- Up-to-date symlink: /home/dev_computer/dai_ws/install/depthai_ros_msgs/include/depthai_ros_msgs/depthai_ros_msgs/msg/detail/tracked_feature__rosidl_typesupport_introspection_cpp.hpp
[1.294s] -- Up-to-date symlink: /home/dev_computer/dai_ws/install/depthai_ros_msgs/include/depthai_ros_msgs/depthai_ros_msgs/msg/detail/tracked_features__rosidl_typesupport_introspection_cpp.hpp
[1.295s] -- Up-to-date symlink: /home/dev_computer/dai_ws/install/depthai_ros_msgs/include/depthai_ros_msgs/depthai_ros_msgs/srv/detail/normalized_image_crop__rosidl_typesupport_introspection_cpp.hpp
[1.295s] -- Up-to-date symlink: /home/dev_computer/dai_ws/install/depthai_ros_msgs/include/depthai_ros_msgs/depthai_ros_msgs/srv/detail/trigger_named__rosidl_typesupport_introspection_cpp.hpp
[1.295s] -- Up-to-date symlink: /home/dev_computer/dai_ws/install/depthai_ros_msgs/share/depthai_ros_msgs/environment/pythonpath.sh
[1.296s] -- Up-to-date symlink: /home/dev_computer/dai_ws/install/depthai_ros_msgs/share/depthai_ros_msgs/environment/pythonpath.dsv
[1.296s] -- Up-to-date symlink: /home/dev_computer/dai_ws/install/depthai_ros_msgs/lib/python3.12/site-packages/depthai_ros_msgs-2.11.2-py3.12.egg-info/PKG-INFO
[1.296s] -- Up-to-date symlink: /home/dev_computer/dai_ws/install/depthai_ros_msgs/lib/python3.12/site-packages/depthai_ros_msgs-2.11.2-py3.12.egg-info/SOURCES.txt
[1.297s] -- Up-to-date symlink: /home/dev_computer/dai_ws/install/depthai_ros_msgs/lib/python3.12/site-packages/depthai_ros_msgs-2.11.2-py3.12.egg-info/dependency_links.txt
[1.297s] -- Up-to-date symlink: /home/dev_computer/dai_ws/install/depthai_ros_msgs/lib/python3.12/site-packages/depthai_ros_msgs-2.11.2-py3.12.egg-info/top_level.txt
[1.297s] -- Up-to-date symlink: /home/dev_computer/dai_ws/install/depthai_ros_msgs/lib/python3.12/site-packages/depthai_ros_msgs/__init__.py
[1.297s] -- Up-to-date symlink: /home/dev_computer/dai_ws/install/depthai_ros_msgs/lib/python3.12/site-packages/depthai_ros_msgs/_depthai_ros_msgs_s.ep.rosidl_typesupport_c.c
[1.298s] -- Up-to-date symlink: /home/dev_computer/dai_ws/install/depthai_ros_msgs/lib/python3.12/site-packages/depthai_ros_msgs/_depthai_ros_msgs_s.ep.rosidl_typesupport_fastrtps_c.c
[1.298s] -- Up-to-date symlink: /home/dev_computer/dai_ws/install/depthai_ros_msgs/lib/python3.12/site-packages/depthai_ros_msgs/_depthai_ros_msgs_s.ep.rosidl_typesupport_introspection_c.c
[1.298s] -- Up-to-date symlink: /home/dev_computer/dai_ws/install/depthai_ros_msgs/lib/python3.12/site-packages/depthai_ros_msgs/depthai_ros_msgs_s__rosidl_typesupport_c.so
[1.298s] -- Up-to-date symlink: /home/dev_computer/dai_ws/install/depthai_ros_msgs/lib/python3.12/site-packages/depthai_ros_msgs/depthai_ros_msgs_s__rosidl_typesupport_fastrtps_c.so
[1.302s] -- Up-to-date symlink: /home/dev_computer/dai_ws/install/depthai_ros_msgs/lib/python3.12/site-packages/depthai_ros_msgs/depthai_ros_msgs_s__rosidl_typesupport_introspection_c.so
[1.304s] -- Up-to-date symlink: /home/dev_computer/dai_ws/install/depthai_ros_msgs/lib/python3.12/site-packages/depthai_ros_msgs/msg/__init__.py
[1.306s] -- Up-to-date symlink: /home/dev_computer/dai_ws/install/depthai_ros_msgs/lib/python3.12/site-packages/depthai_ros_msgs/msg/_auto_focus_ctrl.py
[1.307s] -- Up-to-date symlink: /home/dev_computer/dai_ws/install/depthai_ros_msgs/lib/python3.12/site-packages/depthai_ros_msgs/msg/_auto_focus_ctrl_s.c
[1.307s] -- Up-to-date symlink: /home/dev_computer/dai_ws/install/depthai_ros_msgs/lib/python3.12/site-packages/depthai_ros_msgs/msg/_hand_landmark.py
[1.307s] -- Up-to-date symlink: /home/dev_computer/dai_ws/install/depthai_ros_msgs/lib/python3.12/site-packages/depthai_ros_msgs/msg/_hand_landmark_array.py
[1.307s] -- Up-to-date symlink: /home/dev_computer/dai_ws/install/depthai_ros_msgs/lib/python3.12/site-packages/depthai_ros_msgs/msg/_hand_landmark_array_s.c
[1.308s] -- Up-to-date symlink: /home/dev_computer/dai_ws/install/depthai_ros_msgs/lib/python3.12/site-packages/depthai_ros_msgs/msg/_hand_landmark_s.c
[1.308s] -- Up-to-date symlink: /home/dev_computer/dai_ws/install/depthai_ros_msgs/lib/python3.12/site-packages/depthai_ros_msgs/msg/_imu_with_magnetic_field.py
[1.308s] -- Up-to-date symlink: /home/dev_computer/dai_ws/install/depthai_ros_msgs/lib/python3.12/site-packages/depthai_ros_msgs/msg/_imu_with_magnetic_field_s.c
[1.308s] -- Up-to-date symlink: /home/dev_computer/dai_ws/install/depthai_ros_msgs/lib/python3.12/site-packages/depthai_ros_msgs/msg/_spatial_detection.py
[1.308s] -- Up-to-date symlink: /home/dev_computer/dai_ws/install/depthai_ros_msgs/lib/python3.12/site-packages/depthai_ros_msgs/msg/_spatial_detection_array.py
[1.309s] -- Up-to-date symlink: /home/dev_computer/dai_ws/install/depthai_ros_msgs/lib/python3.12/site-packages/depthai_ros_msgs/msg/_spatial_detection_array_s.c
[1.309s] -- Up-to-date symlink: /home/dev_computer/dai_ws/install/depthai_ros_msgs/lib/python3.12/site-packages/depthai_ros_msgs/msg/_spatial_detection_s.c
[1.309s] -- Up-to-date symlink: /home/dev_computer/dai_ws/install/depthai_ros_msgs/lib/python3.12/site-packages/depthai_ros_msgs/msg/_track_detection2_d.py
[1.309s] -- Up-to-date symlink: /home/dev_computer/dai_ws/install/depthai_ros_msgs/lib/python3.12/site-packages/depthai_ros_msgs/msg/_track_detection2_d_array.py
[1.310s] -- Up-to-date symlink: /home/dev_computer/dai_ws/install/depthai_ros_msgs/lib/python3.12/site-packages/depthai_ros_msgs/msg/_track_detection2_d_array_s.c
[1.310s] -- Up-to-date symlink: /home/dev_computer/dai_ws/install/depthai_ros_msgs/lib/python3.12/site-packages/depthai_ros_msgs/msg/_track_detection2_d_s.c
[1.310s] -- Up-to-date symlink: /home/dev_computer/dai_ws/install/depthai_ros_msgs/lib/python3.12/site-packages/depthai_ros_msgs/msg/_tracked_feature.py
[1.310s] -- Up-to-date symlink: /home/dev_computer/dai_ws/install/depthai_ros_msgs/lib/python3.12/site-packages/depthai_ros_msgs/msg/_tracked_feature_s.c
[1.310s] -- Up-to-date symlink: /home/dev_computer/dai_ws/install/depthai_ros_msgs/lib/python3.12/site-packages/depthai_ros_msgs/msg/_tracked_features.py
[1.311s] -- Up-to-date symlink: /home/dev_computer/dai_ws/install/depthai_ros_msgs/lib/python3.12/site-packages/depthai_ros_msgs/msg/_tracked_features_s.c
[1.311s] -- Up-to-date symlink: /home/dev_computer/dai_ws/install/depthai_ros_msgs/lib/python3.12/site-packages/depthai_ros_msgs/srv/__init__.py
[1.311s] -- Up-to-date symlink: /home/dev_computer/dai_ws/install/depthai_ros_msgs/lib/python3.12/site-packages/depthai_ros_msgs/srv/_normalized_image_crop.py
[1.311s] -- Up-to-date symlink: /home/dev_computer/dai_ws/install/depthai_ros_msgs/lib/python3.12/site-packages/depthai_ros_msgs/srv/_normalized_image_crop_s.c
[1.311s] -- Up-to-date symlink: /home/dev_computer/dai_ws/install/depthai_ros_msgs/lib/python3.12/site-packages/depthai_ros_msgs/srv/_trigger_named.py
[1.312s] -- Up-to-date symlink: /home/dev_computer/dai_ws/install/depthai_ros_msgs/lib/python3.12/site-packages/depthai_ros_msgs/srv/_trigger_named_s.c
[1.312s] -- Up-to-date symlink: /home/dev_computer/dai_ws/install/depthai_ros_msgs/lib/python3.12/site-packages/depthai_ros_msgs/depthai_ros_msgs_s__rosidl_typesupport_fastrtps_c.so
[1.312s] -- Up-to-date symlink: /home/dev_computer/dai_ws/install/depthai_ros_msgs/lib/python3.12/site-packages/depthai_ros_msgs/depthai_ros_msgs_s__rosidl_typesupport_introspection_c.so
[1.312s] -- Up-to-date symlink: /home/dev_computer/dai_ws/install/depthai_ros_msgs/lib/python3.12/site-packages/depthai_ros_msgs/depthai_ros_msgs_s__rosidl_typesupport_c.so
[1.312s] -- Up-to-date symlink: /home/dev_computer/dai_ws/install/depthai_ros_msgs/share/depthai_ros_msgs/msg/AutoFocusCtrl.idl
[1.313s] -- Up-to-date symlink: /home/dev_computer/dai_ws/install/depthai_ros_msgs/share/depthai_ros_msgs/msg/HandLandmark.idl
[1.313s] -- Up-to-date symlink: /home/dev_computer/dai_ws/install/depthai_ros_msgs/share/depthai_ros_msgs/msg/HandLandmarkArray.idl
[1.313s] -- Up-to-date symlink: /home/dev_computer/dai_ws/install/depthai_ros_msgs/share/depthai_ros_msgs/msg/ImuWithMagneticField.idl
[1.313s] -- Up-to-date symlink: /home/dev_computer/dai_ws/install/depthai_ros_msgs/share/depthai_ros_msgs/msg/TrackedFeature.idl
[1.313s] -- Up-to-date symlink: /home/dev_computer/dai_ws/install/depthai_ros_msgs/share/depthai_ros_msgs/msg/TrackedFeatures.idl
[1.314s] -- Up-to-date symlink: /home/dev_computer/dai_ws/install/depthai_ros_msgs/share/depthai_ros_msgs/msg/SpatialDetection.idl
[1.314s] -- Up-to-date symlink: /home/dev_computer/dai_ws/install/depthai_ros_msgs/share/depthai_ros_msgs/msg/SpatialDetectionArray.idl
[1.314s] -- Up-to-date symlink: /home/dev_computer/dai_ws/install/depthai_ros_msgs/share/depthai_ros_msgs/msg/TrackDetection2D.idl
[1.314s] -- Up-to-date symlink: /home/dev_computer/dai_ws/install/depthai_ros_msgs/share/depthai_ros_msgs/msg/TrackDetection2DArray.idl
[1.314s] -- Up-to-date symlink: /home/dev_computer/dai_ws/install/depthai_ros_msgs/share/depthai_ros_msgs/srv/TriggerNamed.idl
[1.315s] -- Up-to-date symlink: /home/dev_computer/dai_ws/install/depthai_ros_msgs/share/depthai_ros_msgs/srv/NormalizedImageCrop.idl
[1.315s] -- Up-to-date symlink: /home/dev_computer/dai_ws/install/depthai_ros_msgs/share/depthai_ros_msgs/msg/AutoFocusCtrl.msg
[1.315s] -- Up-to-date symlink: /home/dev_computer/dai_ws/install/depthai_ros_msgs/share/depthai_ros_msgs/msg/HandLandmark.msg
[1.315s] -- Up-to-date symlink: /home/dev_computer/dai_ws/install/depthai_ros_msgs/share/depthai_ros_msgs/msg/HandLandmarkArray.msg
[1.315s] -- Up-to-date symlink: /home/dev_computer/dai_ws/install/depthai_ros_msgs/share/depthai_ros_msgs/msg/ImuWithMagneticField.msg
[1.316s] -- Up-to-date symlink: /home/dev_computer/dai_ws/install/depthai_ros_msgs/share/depthai_ros_msgs/msg/TrackedFeature.msg
[1.316s] -- Up-to-date symlink: /home/dev_computer/dai_ws/install/depthai_ros_msgs/share/depthai_ros_msgs/msg/TrackedFeatures.msg
[1.316s] -- Up-to-date symlink: /home/dev_computer/dai_ws/install/depthai_ros_msgs/share/depthai_ros_msgs/msg/SpatialDetection.msg
[1.316s] -- Up-to-date symlink: /home/dev_computer/dai_ws/install/depthai_ros_msgs/share/depthai_ros_msgs/msg/SpatialDetectionArray.msg
[1.321s] -- Up-to-date symlink: /home/dev_computer/dai_ws/install/depthai_ros_msgs/share/depthai_ros_msgs/msg/TrackDetection2D.msg
[1.321s] -- Up-to-date symlink: /home/dev_computer/dai_ws/install/depthai_ros_msgs/share/depthai_ros_msgs/msg/TrackDetection2DArray.msg
[1.321s] -- Up-to-date symlink: /home/dev_computer/dai_ws/install/depthai_ros_msgs/share/depthai_ros_msgs/srv/TriggerNamed.srv
[1.322s] -- Up-to-date symlink: /home/dev_computer/dai_ws/install/depthai_ros_msgs/share/depthai_ros_msgs/srv/NormalizedImageCrop.srv
[1.322s] -- Up-to-date symlink: /home/dev_computer/dai_ws/install/depthai_ros_msgs/share/ament_index/resource_index/package_run_dependencies/depthai_ros_msgs
[1.322s] -- Up-to-date symlink: /home/dev_computer/dai_ws/install/depthai_ros_msgs/share/ament_index/resource_index/parent_prefix_path/depthai_ros_msgs
[1.322s] -- Up-to-date symlink: /home/dev_computer/dai_ws/install/depthai_ros_msgs/share/depthai_ros_msgs/environment/ament_prefix_path.sh
[1.322s] -- Up-to-date symlink: /home/dev_computer/dai_ws/install/depthai_ros_msgs/share/depthai_ros_msgs/environment/ament_prefix_path.dsv
[1.322s] -- Up-to-date symlink: /home/dev_computer/dai_ws/install/depthai_ros_msgs/share/depthai_ros_msgs/environment/path.sh
[1.322s] -- Up-to-date symlink: /home/dev_computer/dai_ws/install/depthai_ros_msgs/share/depthai_ros_msgs/environment/path.dsv
[1.323s] -- Up-to-date symlink: /home/dev_computer/dai_ws/install/depthai_ros_msgs/share/depthai_ros_msgs/local_setup.bash
[1.323s] -- Up-to-date symlink: /home/dev_computer/dai_ws/install/depthai_ros_msgs/share/depthai_ros_msgs/local_setup.sh
[1.323s] -- Up-to-date symlink: /home/dev_computer/dai_ws/install/depthai_ros_msgs/share/depthai_ros_msgs/local_setup.zsh
[1.323s] -- Up-to-date symlink: /home/dev_computer/dai_ws/install/depthai_ros_msgs/share/depthai_ros_msgs/local_setup.dsv
[1.323s] -- Symlinking: /home/dev_computer/dai_ws/install/depthai_ros_msgs/share/depthai_ros_msgs/package.dsv
[1.359s] -- Up-to-date symlink: /home/dev_computer/dai_ws/install/depthai_ros_msgs/share/ament_index/resource_index/packages/depthai_ros_msgs
[1.360s] -- Up-to-date symlink: /home/dev_computer/dai_ws/install/depthai_ros_msgs/share/depthai_ros_msgs/cmake/rosidl_cmake-extras.cmake
[1.362s] -- Up-to-date symlink: /home/dev_computer/dai_ws/install/depthai_ros_msgs/share/depthai_ros_msgs/cmake/ament_cmake_export_dependencies-extras.cmake
[1.363s] -- Up-to-date symlink: /home/dev_computer/dai_ws/install/depthai_ros_msgs/share/depthai_ros_msgs/cmake/ament_cmake_export_include_directories-extras.cmake
[1.364s] -- Up-to-date symlink: /home/dev_computer/dai_ws/install/depthai_ros_msgs/share/depthai_ros_msgs/cmake/ament_cmake_export_libraries-extras.cmake
[1.365s] -- Up-to-date symlink: /home/dev_computer/dai_ws/install/depthai_ros_msgs/share/depthai_ros_msgs/cmake/ament_cmake_export_targets-extras.cmake
[1.365s] -- Up-to-date symlink: /home/dev_computer/dai_ws/install/depthai_ros_msgs/share/depthai_ros_msgs/cmake/rosidl_cmake_export_typesupport_targets-extras.cmake
[1.365s] -- Up-to-date symlink: /home/dev_computer/dai_ws/install/depthai_ros_msgs/share/depthai_ros_msgs/cmake/rosidl_cmake_export_typesupport_libraries-extras.cmake
[1.365s] -- Up-to-date symlink: /home/dev_computer/dai_ws/install/depthai_ros_msgs/share/depthai_ros_msgs/cmake/depthai_ros_msgsConfig.cmake
[1.365s] -- Up-to-date symlink: /home/dev_computer/dai_ws/install/depthai_ros_msgs/share/depthai_ros_msgs/cmake/depthai_ros_msgsConfig-version.cmake
[1.365s] -- Up-to-date symlink: /home/dev_computer/dai_ws/install/depthai_ros_msgs/share/depthai_ros_msgs/package.xml
[1.366s] -- Up-to-date: /home/dev_computer/dai_ws/install/depthai_ros_msgs/lib/libdepthai_ros_msgs__rosidl_generator_c.so
[1.368s] -- Up-to-date: /home/dev_computer/dai_ws/install/depthai_ros_msgs/lib/libdepthai_ros_msgs__rosidl_typesupport_fastrtps_c.so
[1.368s] -- Up-to-date: /home/dev_computer/dai_ws/install/depthai_ros_msgs/lib/libdepthai_ros_msgs__rosidl_typesupport_fastrtps_cpp.so
[1.368s] -- Up-to-date: /home/dev_computer/dai_ws/install/depthai_ros_msgs/lib/libdepthai_ros_msgs__rosidl_typesupport_introspection_c.so
[1.368s] -- Up-to-date: /home/dev_computer/dai_ws/install/depthai_ros_msgs/lib/libdepthai_ros_msgs__rosidl_typesupport_c.so
[1.368s] -- Up-to-date: /home/dev_computer/dai_ws/install/depthai_ros_msgs/lib/libdepthai_ros_msgs__rosidl_typesupport_introspection_cpp.so
[1.369s] -- Up-to-date: /home/dev_computer/dai_ws/install/depthai_ros_msgs/lib/libdepthai_ros_msgs__rosidl_typesupport_cpp.so
[1.504s] Listing '/home/dev_computer/dai_ws/install/depthai_ros_msgs/lib/python3.12/site-packages/depthai_ros_msgs'...
[1.505s] Listing '/home/dev_computer/dai_ws/install/depthai_ros_msgs/lib/python3.12/site-packages/depthai_ros_msgs/msg'...
[1.505s] Listing '/home/dev_computer/dai_ws/install/depthai_ros_msgs/lib/python3.12/site-packages/depthai_ros_msgs/srv'...
[1.518s] -- Up-to-date: /home/dev_computer/dai_ws/install/depthai_ros_msgs/lib/libdepthai_ros_msgs__rosidl_generator_py.so
[1.520s] -- Up-to-date: /home/dev_computer/dai_ws/install/depthai_ros_msgs/share/depthai_ros_msgs/cmake/export_depthai_ros_msgs__rosidl_generator_cExport.cmake
[1.522s] -- Up-to-date: /home/dev_computer/dai_ws/install/depthai_ros_msgs/share/depthai_ros_msgs/cmake/export_depthai_ros_msgs__rosidl_generator_cExport-noconfig.cmake
[1.523s] -- Up-to-date: /home/dev_computer/dai_ws/install/depthai_ros_msgs/share/depthai_ros_msgs/cmake/export_depthai_ros_msgs__rosidl_typesupport_fastrtps_cExport.cmake
[1.524s] -- Up-to-date: /home/dev_computer/dai_ws/install/depthai_ros_msgs/share/depthai_ros_msgs/cmake/export_depthai_ros_msgs__rosidl_typesupport_fastrtps_cExport-noconfig.cmake
[1.524s] -- Up-to-date: /home/dev_computer/dai_ws/install/depthai_ros_msgs/share/depthai_ros_msgs/cmake/export_depthai_ros_msgs__rosidl_generator_cppExport.cmake
[1.530s] -- Up-to-date: /home/dev_computer/dai_ws/install/depthai_ros_msgs/share/depthai_ros_msgs/cmake/export_depthai_ros_msgs__rosidl_typesupport_fastrtps_cppExport.cmake
[1.530s] -- Up-to-date: /home/dev_computer/dai_ws/install/depthai_ros_msgs/share/depthai_ros_msgs/cmake/export_depthai_ros_msgs__rosidl_typesupport_fastrtps_cppExport-noconfig.cmake
[1.531s] -- Up-to-date: /home/dev_computer/dai_ws/install/depthai_ros_msgs/share/depthai_ros_msgs/cmake/depthai_ros_msgs__rosidl_typesupport_introspection_cExport.cmake
[1.531s] -- Up-to-date: /home/dev_computer/dai_ws/install/depthai_ros_msgs/share/depthai_ros_msgs/cmake/depthai_ros_msgs__rosidl_typesupport_introspection_cExport-noconfig.cmake
[1.531s] -- Up-to-date: /home/dev_computer/dai_ws/install/depthai_ros_msgs/share/depthai_ros_msgs/cmake/depthai_ros_msgs__rosidl_typesupport_cExport.cmake
[1.540s] -- Up-to-date: /home/dev_computer/dai_ws/install/depthai_ros_msgs/share/depthai_ros_msgs/cmake/depthai_ros_msgs__rosidl_typesupport_cExport-noconfig.cmake
[1.540s] -- Up-to-date: /home/dev_computer/dai_ws/install/depthai_ros_msgs/share/depthai_ros_msgs/cmake/depthai_ros_msgs__rosidl_typesupport_introspection_cppExport.cmake
[1.540s] -- Up-to-date: /home/dev_computer/dai_ws/install/depthai_ros_msgs/share/depthai_ros_msgs/cmake/depthai_ros_msgs__rosidl_typesupport_introspection_cppExport-noconfig.cmake
[1.540s] -- Up-to-date: /home/dev_computer/dai_ws/install/depthai_ros_msgs/share/depthai_ros_msgs/cmake/depthai_ros_msgs__rosidl_typesupport_cppExport.cmake
[1.541s] -- Up-to-date: /home/dev_computer/dai_ws/install/depthai_ros_msgs/share/depthai_ros_msgs/cmake/depthai_ros_msgs__rosidl_typesupport_cppExport-noconfig.cmake
[1.541s] -- Up-to-date: /home/dev_computer/dai_ws/install/depthai_ros_msgs/share/depthai_ros_msgs/cmake/export_depthai_ros_msgs__rosidl_generator_pyExport.cmake
[1.541s] -- Up-to-date: /home/dev_computer/dai_ws/install/depthai_ros_msgs/share/depthai_ros_msgs/cmake/export_depthai_ros_msgs__rosidl_generator_pyExport-noconfig.cmake
[1.553s] Invoked command in '/home/dev_computer/dai_ws/build/depthai_ros_msgs' returned '0': CMAKE_PREFIX_PATH=${CMAKE_PREFIX_PATH}:/home/dev_computer/dai_ws/install/spatial_detector:/home/dev_computer/dai_ws/install/detector_subscriber:/home/dev_computer/dai_ws/install/detector:/opt/ros/jazzy DEBUGINFOD_URLS=https://debuginfod.ubuntu.com /usr/bin/cmake --install /home/dev_computer/dai_ws/build/depthai_ros_msgs
