[3.397s] Invoking command in '/home/dev_computer/dai_ws/src/detector': DEBUGINFOD_URLS=https://debuginfod.ubuntu.com PYTHONPATH=/home/dev_computer/dai_ws/build/detector/prefix_override:/usr/lib/python3/dist-packages/colcon_core/task/python/colcon_distutils_commands:/home/dev_computer/dai_ws/install/detector/lib/python3.12/site-packages:${PYTHONPATH} /usr/bin/python3 -W ignore:setup.py install is deprecated -W ignore:easy_install command is deprecated setup.py egg_info --egg-base ../../build/detector build --build-base /home/dev_computer/dai_ws/build/detector/build install --record /home/dev_computer/dai_ws/build/detector/install.log --single-version-externally-managed install_data
[4.248s] running egg_info
[4.325s] writing ../../build/detector/detector.egg-info/PKG-INFO
[4.328s] writing dependency_links to ../../build/detector/detector.egg-info/dependency_links.txt
[4.329s] writing entry points to ../../build/detector/detector.egg-info/entry_points.txt
[4.330s] writing requirements to ../../build/detector/detector.egg-info/requires.txt
[4.331s] writing top-level names to ../../build/detector/detector.egg-info/top_level.txt
[4.474s] reading manifest file '../../build/detector/detector.egg-info/SOURCES.txt'
[4.475s] writing manifest file '../../build/detector/detector.egg-info/SOURCES.txt'
[4.476s] running build
[4.476s] running build_py
[4.476s] running install
[4.495s] running install_lib
[4.562s] running install_data
[4.563s] running install_egg_info
[4.610s] removing '/home/dev_computer/dai_ws/install/detector/lib/python3.12/site-packages/detector-0.0.0-py3.12.egg-info' (and everything under it)
[4.611s] Copying ../../build/detector/detector.egg-info to /home/dev_computer/dai_ws/install/detector/lib/python3.12/site-packages/detector-0.0.0-py3.12.egg-info
[4.613s] running install_scripts
[4.850s] Installing aruco_detector_node script to /home/dev_computer/dai_ws/install/detector/lib/detector
[4.851s] Installing spatial_tracker_node script to /home/dev_computer/dai_ws/install/detector/lib/detector
[4.851s] writing list of installed files to '/home/dev_computer/dai_ws/build/detector/install.log'
[4.950s] Invoked command in '/home/dev_computer/dai_ws/src/detector' returned '0': DEBUGINFOD_URLS=https://debuginfod.ubuntu.com PYTHONPATH=/home/dev_computer/dai_ws/build/detector/prefix_override:/usr/lib/python3/dist-packages/colcon_core/task/python/colcon_distutils_commands:/home/dev_computer/dai_ws/install/detector/lib/python3.12/site-packages:${PYTHONPATH} /usr/bin/python3 -W ignore:setup.py install is deprecated -W ignore:easy_install command is deprecated setup.py egg_info --egg-base ../../build/detector build --build-base /home/dev_computer/dai_ws/build/detector/build install --record /home/dev_computer/dai_ws/build/detector/install.log --single-version-externally-managed install_data
