[3.862s] Invoking command in '/home/dev_computer/dai_ws/src/detector': DEBUGINFOD_URLS=https://debuginfod.ubuntu.com PYTHONPATH=/home/dev_computer/dai_ws/build/detector/prefix_override:/usr/lib/python3/dist-packages/colcon_core/task/python/colcon_distutils_commands:/home/dev_computer/dai_ws/install/detector/lib/python3.12/site-packages:${PYTHONPATH} /usr/bin/python3 -W ignore:setup.py install is deprecated -W ignore:easy_install command is deprecated setup.py egg_info --egg-base ../../build/detector build --build-base /home/dev_computer/dai_ws/build/detector/build install --record /home/dev_computer/dai_ws/build/detector/install.log --single-version-externally-managed install_data
[4.939s] running egg_info
[5.074s] writing ../../build/detector/detector.egg-info/PKG-INFO
[5.074s] writing dependency_links to ../../build/detector/detector.egg-info/dependency_links.txt
[5.075s] writing entry points to ../../build/detector/detector.egg-info/entry_points.txt
[5.081s] writing requirements to ../../build/detector/detector.egg-info/requires.txt
[5.082s] writing top-level names to ../../build/detector/detector.egg-info/top_level.txt
[5.316s] reading manifest file '../../build/detector/detector.egg-info/SOURCES.txt'
[5.317s] writing manifest file '../../build/detector/detector.egg-info/SOURCES.txt'
[5.319s] running build
[5.320s] running build_py
[5.320s] running install
[5.335s] running install_lib
[5.431s] running install_data
[5.432s] running install_egg_info
[5.513s] removing '/home/dev_computer/dai_ws/install/detector/lib/python3.12/site-packages/detector-0.0.0-py3.12.egg-info' (and everything under it)
[5.513s] Copying ../../build/detector/detector.egg-info to /home/dev_computer/dai_ws/install/detector/lib/python3.12/site-packages/detector-0.0.0-py3.12.egg-info
[5.514s] running install_scripts
[5.968s] Installing aruco_detector_node script to /home/dev_computer/dai_ws/install/detector/lib/detector
[5.969s] Installing spatial_tracker_node script to /home/dev_computer/dai_ws/install/detector/lib/detector
[5.969s] writing list of installed files to '/home/dev_computer/dai_ws/build/detector/install.log'
[6.090s] Invoked command in '/home/dev_computer/dai_ws/src/detector' returned '0': DEBUGINFOD_URLS=https://debuginfod.ubuntu.com PYTHONPATH=/home/dev_computer/dai_ws/build/detector/prefix_override:/usr/lib/python3/dist-packages/colcon_core/task/python/colcon_distutils_commands:/home/dev_computer/dai_ws/install/detector/lib/python3.12/site-packages:${PYTHONPATH} /usr/bin/python3 -W ignore:setup.py install is deprecated -W ignore:easy_install command is deprecated setup.py egg_info --egg-base ../../build/detector build --build-base /home/dev_computer/dai_ws/build/detector/build install --record /home/dev_computer/dai_ws/build/detector/install.log --single-version-externally-managed install_data
